

Microchip Technology PIC18 LITE Macro Assembler V1.36 build -262312587 
                                                                                               Fri Feb 26 11:46:02 2016

Microchip Technology Omniscient Code Generator v1.36 (Free mode) build 201601150325
     1                           	processor	18F46K22
     2                           	fnconf	rparam,??,?,0
     3                           	opt	pw 120
     4                           	opt	lm
     5                           	psect	smallconst,global,reloc=2,class=SMALLCONST,delta=1
     6                           	psect	cinit,global,reloc=2,class=CODE,delta=1
     7                           	psect	bssCOMRAM,global,class=COMRAM,space=1,delta=1
     8                           	psect	cstackCOMRAM,global,class=COMRAM,space=1,delta=1
     9                           	psect	text0,global,reloc=2,class=CODE,delta=1
    10                           	psect	text1,global,reloc=2,class=CODE,delta=1
    11                           	psect	text2,global,reloc=2,class=CODE,delta=1
    12                           	psect	text3,global,reloc=2,class=CODE,delta=1
    13                           	psect	text4,global,reloc=2,class=CODE,delta=1
    14                           	psect	text5,global,reloc=2,class=CODE,delta=1
    15                           	psect	text6,global,reloc=2,class=CODE,delta=1
    16                           	psect	intsave_regs,global,class=BIGRAM,space=1,delta=1
    17                           	psect	rparam,global,class=COMRAM,space=1,delta=1
    18  0000                     
    19                           	psect	smallconst
    20  001000                     __psmallconst:
    21                           	opt stack 0
    22  001000  00                 	db	0
    23  001001                     _Codigo_7seg:
    24                           	opt stack 0
    25  001001  3F                 	db	63
    26  001002  06                 	db	6
    27  001003  5B                 	db	91
    28  001004  4F                 	db	79
    29  001005  66                 	db	102
    30  001006  6D                 	db	109
    31  001007  7D                 	db	125
    32  001008  07                 	db	7
    33  001009  7F                 	db	127
    34  00100A  6F                 	db	111
    35  00100B                     __end_of_Codigo_7seg:
    36                           	opt stack 0
    37  0000                     _ANSELA	set	3896
    38  0000                     _ANSELB	set	3897
    39  0000                     _ANSELDbits	set	3899
    40  0000                     _LATB	set	3978
    41  0000                     _LATDbits	set	3980
    42  0000                     _OSCCON2bits	set	4050
    43  0000                     _OSCCONbits	set	4051
    44  0000                     _OSCTUNEbits	set	3995
    45  0000                     _TRISB	set	3987
    46  0000                     _TRISDbits	set	3989
    47                           
    48                           ; #config settings
    49  00100B  00                 	db	0	; dummy byte at the end
    50  0000                     
    51                           	psect	cinit
    52  0010B6                     __pcinit:
    53                           	opt stack 0
    54  0010B6                     start_initialization:
    55                           	opt stack 0
    56  0010B6                     __initialization:
    57                           	opt stack 0
    58                           
    59                           ; Clear objects allocated to COMRAM (4 bytes)
    60  0010B6  6A0E               	clrf	(__pbssCOMRAM+3)& (0+255),c
    61  0010B8  6A0D               	clrf	(__pbssCOMRAM+2)& (0+255),c
    62  0010BA  6A0C               	clrf	(__pbssCOMRAM+1)& (0+255),c
    63  0010BC  6A0B               	clrf	__pbssCOMRAM& (0+255),c
    64  0010BE                     end_of_initialization:
    65                           	opt stack 0
    66  0010BE                     __end_of__initialization:
    67                           	opt stack 0
    68  0010BE  0E00               	movlw	low (__Lsmallconst shr (0+16))
    69  0010C0  6EF8               	movwf	tblptru,c
    70  0010C2  0E10               	movlw	high __Lsmallconst
    71  0010C4  6EF7               	movwf	tblptrh,c
    72  0010C6  0100               	movlb	0
    73  0010C8  EF06  F008         	goto	_main	;jump to C main() function
    74                           tblptru	equ	0xFF8
    75                           tblptrh	equ	0xFF7
    76                           
    77                           	psect	bssCOMRAM
    78  00000B                     __pbssCOMRAM:
    79                           	opt stack 0
    80  00000B                     _Contador:
    81                           	opt stack 0
    82  00000B                     	ds	4
    83                           tblptru	equ	0xFF8
    84                           tblptrh	equ	0xFF7
    85                           
    86                           	psect	cstackCOMRAM
    87  000001                     __pcstackCOMRAM:
    88                           	opt stack 0
    89  000001                     Latch_EscreveValor@Valor:
    90                           	opt stack 0
    91  000001                     Atrasos_1ms@Atraso:
    92                           	opt stack 0
    93                           
    94                           ; 2 bytes @ 0x0
    95  000001                     	ds	1
    96  000002                     Latch_Inicializacao@Valor:
    97                           	opt stack 0
    98  000002                     Display_LigaDigito@Digito:
    99                           	opt stack 0
   100                           
   101                           ; 1 bytes @ 0x1
   102  000002                     	ds	1
   103  000003                     ??_Atrasos_1ms:
   104  000003                     Display_LigaDigito@Valor:
   105                           	opt stack 0
   106                           
   107                           ; 1 bytes @ 0x2
   108  000003                     	ds	1
   109  000004                     Display_Inicializacao@Digito:
   110                           	opt stack 0
   111                           
   112                           ; 1 bytes @ 0x3
   113  000004                     	ds	1
   114  000005                     Display_Inicializacao@Valor:
   115                           	opt stack 0
   116                           
   117                           ; 1 bytes @ 0x4
   118  000005                     	ds	1
   119  000006                     
   120                           ; 2 bytes @ 0x5
   121  000006                     	ds	2
   122  000008                     
   123                           ; 3 bytes @ 0x7
   124  000008                     	ds	3
   125  00000B                     tblptru	equ	0xFF8
   126                           tblptrh	equ	0xFF7
   127                           
   128                           ; 1 bytes @ 0xA
   129 ;;
   130 ;;Main: autosize = 0, tempsize = 0, incstack = 0, save=0
   131 ;;
   132 ;; *************** function _main *****************
   133 ;; Defined at:
   134 ;;		line 20 in file "App.c"
   135 ;; Parameters:    Size  Location     Type
   136 ;;  argc            2    5[COMRAM] int 
   137 ;;  argv            3    7[COMRAM] PTR PTR unsigned char 
   138 ;; Auto vars:     Size  Location     Type
   139 ;;		None
   140 ;; Return value:  Size  Location     Type
   141 ;;                  2    5[COMRAM] int 
   142 ;; Registers used:
   143 ;;		wreg, status,2, status,0, tblptrl, tblptrh, tblptru, cstack
   144 ;; Tracked objects:
   145 ;;		On entry : 0/0
   146 ;;		On exit  : 0/0
   147 ;;		Unchanged: 0/0
   148 ;; Data sizes:     COMRAM   BANK0   BANK1   BANK2   BANK3   BANK4   BANK5   BANK6   BANK7   BANK8   BANK9  BANK10  BANK1
      +1  BANK12  BANK13  BANK14  BANK15
   149 ;;      Params:         5       0       0       0       0       0       0       0       0       0       0       0       
      +0       0       0       0       0
   150 ;;      Locals:         0       0       0       0       0       0       0       0       0       0       0       0       
      +0       0       0       0       0
   151 ;;      Temps:          0       0       0       0       0       0       0       0       0       0       0       0       
      +0       0       0       0       0
   152 ;;      Totals:         5       0       0       0       0       0       0       0       0       0       0       0       
      +0       0       0       0       0
   153 ;;Total ram usage:        5 bytes
   154 ;; Hardware stack levels required when called:    3
   155 ;; This function calls:
   156 ;;		_Atrasos_1ms
   157 ;;		_Display_Inicializacao
   158 ;;		_Oscilador_Inicializacao
   159 ;; This function is called by:
   160 ;;		Startup code after reset
   161 ;; This function uses a non-reentrant model
   162 ;;
   163                           
   164                           	psect	text0
   165  00100C                     __ptext0:
   166                           	opt stack 0
   167  00100C                     _main:
   168                           	opt stack 28
   169                           
   170                           ;App.c: 22: Oscilador_Inicializacao();
   171                           
   172                           ;incstack = 0
   173  00100C  EC7A  F008         	call	_Oscilador_Inicializacao	;wreg free
   174                           
   175                           ;App.c: 23: Display_Inicializacao(0,0b00100000);
   176  001010  0E20               	movlw	32
   177  001012  6E04               	movwf	Display_Inicializacao@Digito,c
   178  001014  0E00               	movlw	0
   179  001016  EC66  F008         	call	_Display_Inicializacao
   180  00101A  D01C               	goto	l755
   181  00101C                     l749:
   182                           
   183                           ;App.c: 27: {
   184                           ;App.c: 28: LATB = Codigo_7seg[Contador];
   185  00101C  0E01               	movlw	low _Codigo_7seg
   186  00101E  240B               	addwf	_Contador,w,c
   187  001020  6EF6               	movwf	tblptrl,c
   188  001022  0E10               	movlw	high _Codigo_7seg
   189  001024  200C               	addwfc	_Contador+1,w,c
   190  001026  6EF7               	movwf	tblptrh,c
   191  001028                     	if	0	;There are less than 3 active tblptr bytes
   192  001028                     	endif
   193  001028  0008               	tblrd		*
   194  00102A  CFF5 FF8A          	movff	tablat,3978	;volatile
   195                           
   196                           ;App.c: 30: Atrasos_1ms(1000);
   197  00102E  0E03               	movlw	3
   198  001030  6E02               	movwf	Atrasos_1ms@Atraso+1,c
   199  001032  0EE8               	movlw	232
   200  001034  6E01               	movwf	Atrasos_1ms@Atraso,c
   201  001036  EC4A  F008         	call	_Atrasos_1ms	;wreg free
   202                           
   203                           ;App.c: 32: if(++Contador == 10) Contador = 0;
   204  00103A  0E01               	movlw	1
   205  00103C  260B               	addwf	_Contador,f,c
   206  00103E  0E00               	movlw	0
   207  001040  220C               	addwfc	_Contador+1,f,c
   208  001042  220D               	addwfc	_Contador+2,f,c
   209  001044  220E               	addwfc	_Contador+3,f,c
   210  001046  0E0A               	movlw	10
   211  001048  180B               	xorwf	_Contador,w,c
   212  00104A  100C               	iorwf	_Contador+1,w,c
   213  00104C  100D               	iorwf	_Contador+2,w,c
   214  00104E  100E               	iorwf	_Contador+3,w,c
   215  001050  A4D8               	btfss	status,2,c
   216  001052  D7E4               	goto	l749
   217  001054                     l755:
   218  001054  0E00               	movlw	0
   219  001056  6E0B               	movwf	_Contador,c
   220  001058  0E00               	movlw	0
   221  00105A  6E0C               	movwf	_Contador+1,c
   222  00105C  0E00               	movlw	0
   223  00105E  6E0D               	movwf	_Contador+2,c
   224  001060  0E00               	movlw	0
   225  001062  6E0E               	movwf	_Contador+3,c
   226  001064  D7DB               	goto	l749
   227  001066                     __end_of_main:
   228                           	opt stack 0
   229                           tblptru	equ	0xFF8
   230                           tblptrh	equ	0xFF7
   231                           tblptrl	equ	0xFF6
   232                           tablat	equ	0xFF5
   233                           status	equ	0xFD8
   234                           
   235 ;; *************** function _Oscilador_Inicializacao *****************
   236 ;; Defined at:
   237 ;;		line 36 in file "Oscilador.c"
   238 ;; Parameters:    Size  Location     Type
   239 ;;		None
   240 ;; Auto vars:     Size  Location     Type
   241 ;;		None
   242 ;; Return value:  Size  Location     Type
   243 ;;                  1    wreg      void 
   244 ;; Registers used:
   245 ;;		wreg, status,2
   246 ;; Tracked objects:
   247 ;;		On entry : 0/0
   248 ;;		On exit  : 0/0
   249 ;;		Unchanged: 0/0
   250 ;; Data sizes:     COMRAM   BANK0   BANK1   BANK2   BANK3   BANK4   BANK5   BANK6   BANK7   BANK8   BANK9  BANK10  BANK1
      +1  BANK12  BANK13  BANK14  BANK15
   251 ;;      Params:         0       0       0       0       0       0       0       0       0       0       0       0       
      +0       0       0       0       0
   252 ;;      Locals:         0       0       0       0       0       0       0       0       0       0       0       0       
      +0       0       0       0       0
   253 ;;      Temps:          0       0       0       0       0       0       0       0       0       0       0       0       
      +0       0       0       0       0
   254 ;;      Totals:         0       0       0       0       0       0       0       0       0       0       0       0       
      +0       0       0       0       0
   255 ;;Total ram usage:        0 bytes
   256 ;; Hardware stack levels used:    1
   257 ;; This function calls:
   258 ;;		Nothing
   259 ;; This function is called by:
   260 ;;		_main
   261 ;; This function uses a non-reentrant model
   262 ;;
   263                           
   264                           	psect	text1
   265  0010F4                     __ptext1:
   266                           	opt stack 0
   267  0010F4                     _Oscilador_Inicializacao:
   268                           	opt stack 30
   269                           
   270                           ;Oscilador.c: 38: OSCCONbits.SCS = 0;
   271                           
   272                           ;incstack = 0
   273  0010F4  0EFC               	movlw	-4
   274  0010F6  16D3               	andwf	4051,f,c	;volatile
   275                           
   276                           ;Oscilador.c: 43: OSCCONbits.IRCF = 6;
   277  0010F8  50D3               	movf	4051,w,c	;volatile
   278  0010FA  0B8F               	andlw	-113
   279  0010FC  0960               	iorlw	96
   280  0010FE  6ED3               	movwf	4051,c	;volatile
   281                           
   282                           ;Oscilador.c: 82: OSCCON2bits.PRISD = 0;
   283  001100  94D2               	bcf	4050,2,c	;volatile
   284                           
   285                           ;Oscilador.c: 88: OSCTUNEbits.PLLEN= 1;
   286  001102  8C9B               	bsf	3995,6,c	;volatile
   287  001104  0012               	return		;funcret
   288  001106                     __end_of_Oscilador_Inicializacao:
   289                           	opt stack 0
   290                           tblptru	equ	0xFF8
   291                           tblptrh	equ	0xFF7
   292                           tblptrl	equ	0xFF6
   293                           tablat	equ	0xFF5
   294                           status	equ	0xFD8
   295                           
   296 ;; *************** function _Display_Inicializacao *****************
   297 ;; Defined at:
   298 ;;		line 70 in file "Base_1.c"
   299 ;; Parameters:    Size  Location     Type
   300 ;;  Valor           1    wreg     unsigned char 
   301 ;;  Digito          1    3[COMRAM] unsigned char 
   302 ;; Auto vars:     Size  Location     Type
   303 ;;  Valor           1    4[COMRAM] unsigned char 
   304 ;; Return value:  Size  Location     Type
   305 ;;                  1    wreg      void 
   306 ;; Registers used:
   307 ;;		wreg, status,2, cstack
   308 ;; Tracked objects:
   309 ;;		On entry : 0/0
   310 ;;		On exit  : 0/0
   311 ;;		Unchanged: 0/0
   312 ;; Data sizes:     COMRAM   BANK0   BANK1   BANK2   BANK3   BANK4   BANK5   BANK6   BANK7   BANK8   BANK9  BANK10  BANK1
      +1  BANK12  BANK13  BANK14  BANK15
   313 ;;      Params:         1       0       0       0       0       0       0       0       0       0       0       0       
      +0       0       0       0       0
   314 ;;      Locals:         1       0       0       0       0       0       0       0       0       0       0       0       
      +0       0       0       0       0
   315 ;;      Temps:          0       0       0       0       0       0       0       0       0       0       0       0       
      +0       0       0       0       0
   316 ;;      Totals:         2       0       0       0       0       0       0       0       0       0       0       0       
      +0       0       0       0       0
   317 ;;Total ram usage:        2 bytes
   318 ;; Hardware stack levels used:    1
   319 ;; Hardware stack levels required when called:    2
   320 ;; This function calls:
   321 ;;		_Display_LigaDigito
   322 ;;		_Latch_Inicializacao
   323 ;; This function is called by:
   324 ;;		_main
   325 ;; This function uses a non-reentrant model
   326 ;;
   327                           
   328                           	psect	text2
   329  0010CC                     __ptext2:
   330                           	opt stack 0
   331  0010CC                     _Display_Inicializacao:
   332                           	opt stack 28
   333                           
   334                           ;incstack = 0
   335                           ;Display_Inicializacao@Valor stored from wreg
   336  0010CC  6E05               	movwf	Display_Inicializacao@Valor,c
   337                           
   338                           ;Base_1.c: 72: Latch_Inicializacao(0);
   339  0010CE  0E00               	movlw	0
   340  0010D0  EC33  F008         	call	_Latch_Inicializacao
   341                           
   342                           ;Base_1.c: 73: Display_LigaDigito(Valor,Digito);
   343  0010D4  C004  F002         	movff	Display_Inicializacao@Digito,Display_LigaDigito@Digito
   344  0010D8  5005               	movf	Display_Inicializacao@Valor,w,c
   345  0010DA  EC83  F008         	call	_Display_LigaDigito
   346  0010DE  0012               	return		;funcret
   347  0010E0                     __end_of_Display_Inicializacao:
   348                           	opt stack 0
   349                           tblptru	equ	0xFF8
   350                           tblptrh	equ	0xFF7
   351                           tblptrl	equ	0xFF6
   352                           tablat	equ	0xFF5
   353                           status	equ	0xFD8
   354                           
   355 ;; *************** function _Latch_Inicializacao *****************
   356 ;; Defined at:
   357 ;;		line 25 in file "Base_1.c"
   358 ;; Parameters:    Size  Location     Type
   359 ;;  Valor           1    wreg     unsigned char 
   360 ;; Auto vars:     Size  Location     Type
   361 ;;  Valor           1    1[COMRAM] unsigned char 
   362 ;; Return value:  Size  Location     Type
   363 ;;                  1    wreg      void 
   364 ;; Registers used:
   365 ;;		wreg, status,2, cstack
   366 ;; Tracked objects:
   367 ;;		On entry : 0/0
   368 ;;		On exit  : 0/0
   369 ;;		Unchanged: 0/0
   370 ;; Data sizes:     COMRAM   BANK0   BANK1   BANK2   BANK3   BANK4   BANK5   BANK6   BANK7   BANK8   BANK9  BANK10  BANK1
      +1  BANK12  BANK13  BANK14  BANK15
   371 ;;      Params:         0       0       0       0       0       0       0       0       0       0       0       0       
      +0       0       0       0       0
   372 ;;      Locals:         1       0       0       0       0       0       0       0       0       0       0       0       
      +0       0       0       0       0
   373 ;;      Temps:          0       0       0       0       0       0       0       0       0       0       0       0       
      +0       0       0       0       0
   374 ;;      Totals:         1       0       0       0       0       0       0       0       0       0       0       0       
      +0       0       0       0       0
   375 ;;Total ram usage:        1 bytes
   376 ;; Hardware stack levels used:    1
   377 ;; Hardware stack levels required when called:    1
   378 ;; This function calls:
   379 ;;		_Latch_EscreveValor
   380 ;; This function is called by:
   381 ;;		_Display_Inicializacao
   382 ;; This function uses a non-reentrant model
   383 ;;
   384                           
   385                           	psect	text3
   386  001066                     __ptext3:
   387                           	opt stack 0
   388  001066                     _Latch_Inicializacao:
   389                           	opt stack 28
   390                           
   391                           ;incstack = 0
   392                           ;Latch_Inicializacao@Valor stored from wreg
   393  001066  6E02               	movwf	Latch_Inicializacao@Valor,c
   394                           
   395                           ;Base_1.c: 29: LATDbits.LATD3 = 1;
   396  001068  868C               	bsf	3980,3,c	;volatile
   397                           
   398                           ;Base_1.c: 30: TRISDbits.TRISD3 = 0;
   399  00106A  9695               	bcf	3989,3,c	;volatile
   400                           
   401                           ;Base_1.c: 31: ANSELDbits.ANSD3 = 0;
   402  00106C  010F               	movlb	15	; () banked
   403  00106E  973B               	bcf	59,3,b	;volatile
   404                           
   405                           ;Base_1.c: 35: LATDbits.LATD2 = 0;
   406  001070  948C               	bcf	3980,2,c	;volatile
   407                           
   408                           ;Base_1.c: 36: TRISDbits.TRISD2 = 0;
   409  001072  9495               	bcf	3989,2,c	;volatile
   410                           
   411                           ;Base_1.c: 37: ANSELDbits.ANSD2 = 0;
   412  001074  010F               	movlb	15	; () banked
   413  001076  953B               	bcf	59,2,b	;volatile
   414                           
   415                           ; BSR set to: 15
   416                           ;Base_1.c: 40: LATB = 0;
   417  001078  0E00               	movlw	0
   418  00107A  6E8A               	movwf	3978,c	;volatile
   419                           
   420                           ;Base_1.c: 41: TRISB = 0;
   421  00107C  0E00               	movlw	0
   422  00107E  6E93               	movwf	3987,c	;volatile
   423                           
   424                           ;Base_1.c: 42: ANSELB = 0;
   425  001080  0E00               	movlw	0
   426  001082  010F               	movlb	15	; () banked
   427  001084  6F39               	movwf	57,b	;volatile
   428                           
   429                           ; BSR set to: 15
   430                           ;Base_1.c: 44: Latch_EscreveValor(Valor);
   431  001086  5002               	movf	Latch_Inicializacao@Valor,w,c
   432  001088  EC70  F008         	call	_Latch_EscreveValor
   433                           
   434                           ;Base_1.c: 46: LATB = 0;
   435  00108C  0E00               	movlw	0
   436  00108E  6E8A               	movwf	3978,c	;volatile
   437                           
   438                           ;Base_1.c: 47: LATDbits.LATD3 = 0;
   439  001090  968C               	bcf	3980,3,c	;volatile
   440  001092  0012               	return		;funcret
   441  001094                     __end_of_Latch_Inicializacao:
   442                           	opt stack 0
   443                           tblptru	equ	0xFF8
   444                           tblptrh	equ	0xFF7
   445                           tblptrl	equ	0xFF6
   446                           tablat	equ	0xFF5
   447                           status	equ	0xFD8
   448                           
   449 ;; *************** function _Display_LigaDigito *****************
   450 ;; Defined at:
   451 ;;		line 82 in file "Base_1.c"
   452 ;; Parameters:    Size  Location     Type
   453 ;;  Valor           1    wreg     unsigned char 
   454 ;;  Digito          1    1[COMRAM] unsigned char 
   455 ;; Auto vars:     Size  Location     Type
   456 ;;  Valor           1    2[COMRAM] unsigned char 
   457 ;; Return value:  Size  Location     Type
   458 ;;                  1    wreg      void 
   459 ;; Registers used:
   460 ;;		wreg, status,2, cstack
   461 ;; Tracked objects:
   462 ;;		On entry : 0/0
   463 ;;		On exit  : 0/0
   464 ;;		Unchanged: 0/0
   465 ;; Data sizes:     COMRAM   BANK0   BANK1   BANK2   BANK3   BANK4   BANK5   BANK6   BANK7   BANK8   BANK9  BANK10  BANK1
      +1  BANK12  BANK13  BANK14  BANK15
   466 ;;      Params:         1       0       0       0       0       0       0       0       0       0       0       0       
      +0       0       0       0       0
   467 ;;      Locals:         1       0       0       0       0       0       0       0       0       0       0       0       
      +0       0       0       0       0
   468 ;;      Temps:          0       0       0       0       0       0       0       0       0       0       0       0       
      +0       0       0       0       0
   469 ;;      Totals:         2       0       0       0       0       0       0       0       0       0       0       0       
      +0       0       0       0       0
   470 ;;Total ram usage:        2 bytes
   471 ;; Hardware stack levels used:    1
   472 ;; Hardware stack levels required when called:    1
   473 ;; This function calls:
   474 ;;		_Latch_EscreveValor
   475 ;; This function is called by:
   476 ;;		_Display_Inicializacao
   477 ;; This function uses a non-reentrant model
   478 ;;
   479                           
   480                           	psect	text4
   481  001106                     __ptext4:
   482                           	opt stack 0
   483  001106                     _Display_LigaDigito:
   484                           	opt stack 28
   485                           
   486                           ;incstack = 0
   487                           ;Display_LigaDigito@Valor stored from wreg
   488  001106  6E03               	movwf	Display_LigaDigito@Valor,c
   489                           
   490                           ;Base_1.c: 84: LATDbits.LATD3 = 1;
   491  001108  868C               	bsf	3980,3,c	;volatile
   492                           
   493                           ;Base_1.c: 85: Latch_EscreveValor (Digito);
   494  00110A  5002               	movf	Display_LigaDigito@Digito,w,c
   495  00110C  EC70  F008         	call	_Latch_EscreveValor
   496                           
   497                           ;Base_1.c: 86: LATB = Valor;
   498  001110  C003  FF8A         	movff	Display_LigaDigito@Valor,3978	;volatile
   499                           
   500                           ;Base_1.c: 87: LATDbits.LATD3 = 0;
   501  001114  968C               	bcf	3980,3,c	;volatile
   502  001116  0012               	return		;funcret
   503  001118                     __end_of_Display_LigaDigito:
   504                           	opt stack 0
   505                           tblptru	equ	0xFF8
   506                           tblptrh	equ	0xFF7
   507                           tblptrl	equ	0xFF6
   508                           tablat	equ	0xFF5
   509                           status	equ	0xFD8
   510                           
   511 ;; *************** function _Latch_EscreveValor *****************
   512 ;; Defined at:
   513 ;;		line 54 in file "Base_1.c"
   514 ;; Parameters:    Size  Location     Type
   515 ;;  Valor           1    wreg     unsigned char 
   516 ;; Auto vars:     Size  Location     Type
   517 ;;  Valor           1    0[COMRAM] unsigned char 
   518 ;; Return value:  Size  Location     Type
   519 ;;                  1    wreg      void 
   520 ;; Registers used:
   521 ;;		wreg
   522 ;; Tracked objects:
   523 ;;		On entry : 0/0
   524 ;;		On exit  : 0/0
   525 ;;		Unchanged: 0/0
   526 ;; Data sizes:     COMRAM   BANK0   BANK1   BANK2   BANK3   BANK4   BANK5   BANK6   BANK7   BANK8   BANK9  BANK10  BANK1
      +1  BANK12  BANK13  BANK14  BANK15
   527 ;;      Params:         0       0       0       0       0       0       0       0       0       0       0       0       
      +0       0       0       0       0
   528 ;;      Locals:         1       0       0       0       0       0       0       0       0       0       0       0       
      +0       0       0       0       0
   529 ;;      Temps:          0       0       0       0       0       0       0       0       0       0       0       0       
      +0       0       0       0       0
   530 ;;      Totals:         1       0       0       0       0       0       0       0       0       0       0       0       
      +0       0       0       0       0
   531 ;;Total ram usage:        1 bytes
   532 ;; Hardware stack levels used:    1
   533 ;; This function calls:
   534 ;;		Nothing
   535 ;; This function is called by:
   536 ;;		_Latch_Inicializacao
   537 ;;		_Display_LigaDigito
   538 ;; This function uses a non-reentrant model
   539 ;;
   540                           
   541                           	psect	text5
   542  0010E0                     __ptext5:
   543                           	opt stack 0
   544  0010E0                     _Latch_EscreveValor:
   545                           	opt stack 28
   546                           
   547                           ;incstack = 0
   548                           ;Latch_EscreveValor@Valor stored from wreg
   549  0010E0  6E01               	movwf	Latch_EscreveValor@Valor,c
   550                           
   551                           ;Base_1.c: 56: LATB = Valor;
   552  0010E2  C001  FF8A         	movff	Latch_EscreveValor@Valor,3978	;volatile
   553                           
   554                           ;Base_1.c: 59: LATDbits.LATD2 = 1;
   555  0010E6  848C               	bsf	3980,2,c	;volatile
   556                           
   557                           ;Base_1.c: 60: __nop();
   558  0010E8  F000               	nop	
   559                           
   560                           ;Base_1.c: 61: __nop();
   561  0010EA  F000               	nop	
   562                           
   563                           ;Base_1.c: 62: __nop();
   564  0010EC  F000               	nop	
   565                           
   566                           ;Base_1.c: 63: __nop();
   567  0010EE  F000               	nop	
   568                           
   569                           ;Base_1.c: 64: LATDbits.LATD2 = 0;
   570  0010F0  948C               	bcf	3980,2,c	;volatile
   571  0010F2  0012               	return		;funcret
   572  0010F4                     __end_of_Latch_EscreveValor:
   573                           	opt stack 0
   574                           tblptru	equ	0xFF8
   575                           tblptrh	equ	0xFF7
   576                           tblptrl	equ	0xFF6
   577                           tablat	equ	0xFF5
   578                           status	equ	0xFD8
   579                           
   580 ;; *************** function _Atrasos_1ms *****************
   581 ;; Defined at:
   582 ;;		line 17 in file "Atrasos.c"
   583 ;; Parameters:    Size  Location     Type
   584 ;;  Atraso          2    0[COMRAM] unsigned int 
   585 ;; Auto vars:     Size  Location     Type
   586 ;;		None
   587 ;; Return value:  Size  Location     Type
   588 ;;                  1    wreg      void 
   589 ;; Registers used:
   590 ;;		wreg, status,2, status,0
   591 ;; Tracked objects:
   592 ;;		On entry : 0/0
   593 ;;		On exit  : 0/0
   594 ;;		Unchanged: 0/0
   595 ;; Data sizes:     COMRAM   BANK0   BANK1   BANK2   BANK3   BANK4   BANK5   BANK6   BANK7   BANK8   BANK9  BANK10  BANK1
      +1  BANK12  BANK13  BANK14  BANK15
   596 ;;      Params:         2       0       0       0       0       0       0       0       0       0       0       0       
      +0       0       0       0       0
   597 ;;      Locals:         0       0       0       0       0       0       0       0       0       0       0       0       
      +0       0       0       0       0
   598 ;;      Temps:          1       0       0       0       0       0       0       0       0       0       0       0       
      +0       0       0       0       0
   599 ;;      Totals:         3       0       0       0       0       0       0       0       0       0       0       0       
      +0       0       0       0       0
   600 ;;Total ram usage:        3 bytes
   601 ;; Hardware stack levels used:    1
   602 ;; This function calls:
   603 ;;		Nothing
   604 ;; This function is called by:
   605 ;;		_main
   606 ;; This function uses a non-reentrant model
   607 ;;
   608                           
   609                           	psect	text6
   610  001094                     __ptext6:
   611                           	opt stack 0
   612  001094                     _Atrasos_1ms:
   613                           	opt stack 30
   614                           
   615                           ;Atrasos.c: 19: while (Atraso > 0)
   616                           
   617                           ;incstack = 0
   618  001094  D00B               	goto	l59
   619  001096                     l741:
   620                           
   621                           ;Atrasos.c: 20: {
   622                           ;Atrasos.c: 21: _delay((unsigned long)((1)*((8000000 * 4)/4000.0)));
   623  001096  0E0B               	movlw	11
   624  001098  6E03               	movwf	??_Atrasos_1ms& (0+255),c
   625  00109A  0E62               	movlw	98
   626  00109C                     u57:
   627  00109C  2EE8               	decfsz	wreg,f,c
   628  00109E  D7FE               	goto	u57
   629  0010A0  2E03               	decfsz	??_Atrasos_1ms& (0+255),f,c
   630  0010A2  D7FC               	goto	u57
   631  0010A4  D000               	nop2	
   632                           
   633                           ;Atrasos.c: 22: Atraso--;
   634  0010A6  0601               	decf	Atrasos_1ms@Atraso,f,c
   635  0010A8  A0D8               	btfss	status,0,c
   636  0010AA  0602               	decf	Atrasos_1ms@Atraso+1,f,c
   637  0010AC                     l59:
   638  0010AC  5001               	movf	Atrasos_1ms@Atraso,w,c
   639  0010AE  1002               	iorwf	Atrasos_1ms@Atraso+1,w,c
   640  0010B0  B4D8               	btfsc	status,2,c
   641  0010B2  0012               	return	
   642  0010B4  D7F0               	goto	l741
   643  0010B6                     __end_of_Atrasos_1ms:
   644                           	opt stack 0
   645                           tblptru	equ	0xFF8
   646                           tblptrh	equ	0xFF7
   647                           tblptrl	equ	0xFF6
   648                           tablat	equ	0xFF5
   649                           wreg	equ	0xFE8
   650                           status	equ	0xFD8
   651                           tblptru	equ	0xFF8
   652                           tblptrh	equ	0xFF7
   653                           tblptrl	equ	0xFF6
   654                           tablat	equ	0xFF5
   655                           wreg	equ	0xFE8
   656                           status	equ	0xFD8
   657                           
   658                           	psect	rparam
   659  0000                     tblptru	equ	0xFF8
   660                           tblptrh	equ	0xFF7
   661                           tblptrl	equ	0xFF6
   662                           tablat	equ	0xFF5
   663                           wreg	equ	0xFE8
   664                           status	equ	0xFD8


Data Sizes:
    Strings     0
    Constant    10
    Data        0
    BSS         4
    Persistent  0
    Stack       0

Auto Spaces:
    Space          Size  Autos    Used
    COMRAM           95     10      14
    BANK0           160      0       0
    BANK1           256      0       0
    BANK2           256      0       0
    BANK3           256      0       0
    BANK4           256      0       0
    BANK5           256      0       0
    BANK6           256      0       0
    BANK7           256      0       0
    BANK8           256      0       0
    BANK9           256      0       0
    BANK10          256      0       0
    BANK11          256      0       0
    BANK12          256      0       0
    BANK13          256      0       0
    BANK14          256      0       0
    BANK15           56      0       0

Pointer List with Targets:

    None.

Critical Paths under _main in COMRAM

    _main->_Display_Inicializacao
    _Display_Inicializacao->_Display_LigaDigito
    _Latch_Inicializacao->_Latch_EscreveValor
    _Display_LigaDigito->_Latch_EscreveValor

Critical Paths under _main in BANK0

    None.

Critical Paths under _main in BANK1

    None.

Critical Paths under _main in BANK2

    None.

Critical Paths under _main in BANK3

    None.

Critical Paths under _main in BANK4

    None.

Critical Paths under _main in BANK5

    None.

Critical Paths under _main in BANK6

    None.

Critical Paths under _main in BANK7

    None.

Critical Paths under _main in BANK8

    None.

Critical Paths under _main in BANK9

    None.

Critical Paths under _main in BANK10

    None.

Critical Paths under _main in BANK11

    None.

Critical Paths under _main in BANK12

    None.

Critical Paths under _main in BANK13

    None.

Critical Paths under _main in BANK14

    None.

Critical Paths under _main in BANK15

    None.

Call Graph Tables:

 ---------------------------------------------------------------------------------
 (Depth) Function   	        Calls       Base Space   Used Autos Params    Refs
 ---------------------------------------------------------------------------------
 (0) _main                                                 5     0      5     285
                                              5 COMRAM     5     0      5
                        _Atrasos_1ms
              _Display_Inicializacao
            _Oscilador_Inicializacao
 ---------------------------------------------------------------------------------
 (1) _Oscilador_Inicializacao                              0     0      0       0
 ---------------------------------------------------------------------------------
 (1) _Display_Inicializacao                                2     1      1     219
                                              3 COMRAM     2     1      1
                 _Display_LigaDigito
                _Latch_Inicializacao
 ---------------------------------------------------------------------------------
 (2) _Latch_Inicializacao                                  1     1      0      30
                                              1 COMRAM     1     1      0
                 _Latch_EscreveValor
 ---------------------------------------------------------------------------------
 (2) _Display_LigaDigito                                   2     1      1     102
                                              1 COMRAM     2     1      1
                 _Latch_EscreveValor
 ---------------------------------------------------------------------------------
 (3) _Latch_EscreveValor                                   1     1      0      15
                                              0 COMRAM     1     1      0
 ---------------------------------------------------------------------------------
 (1) _Atrasos_1ms                                          3     1      2      66
                                              0 COMRAM     3     1      2
 ---------------------------------------------------------------------------------
 Estimated maximum stack depth 3
 ---------------------------------------------------------------------------------

 Call Graph Graphs:

 _main (ROOT)
   _Atrasos_1ms
   _Display_Inicializacao
     _Display_LigaDigito
       _Latch_EscreveValor
     _Latch_Inicializacao
       _Latch_EscreveValor
   _Oscilador_Inicializacao

 Address spaces:
Name               Size   Autos  Total    Cost      Usage
BIGRAM             F37      0       0      37        0.0%
EEDATA             400      0       0       0        0.0%
BITBANK14          100      0       0      33        0.0%
BANK14             100      0       0      34        0.0%
BITBANK13          100      0       0      31        0.0%
BANK13             100      0       0      32        0.0%
BITBANK12          100      0       0      29        0.0%
BANK12             100      0       0      30        0.0%
BITBANK11          100      0       0      27        0.0%
BANK11             100      0       0      28        0.0%
BITBANK10          100      0       0      25        0.0%
BANK10             100      0       0      26        0.0%
BITBANK9           100      0       0      23        0.0%
BANK9              100      0       0      24        0.0%
BITBANK8           100      0       0      21        0.0%
BANK8              100      0       0      22        0.0%
BITBANK7           100      0       0      19        0.0%
BANK7              100      0       0      20        0.0%
BITBANK6           100      0       0      17        0.0%
BANK6              100      0       0      18        0.0%
BITBANK5           100      0       0      15        0.0%
BANK5              100      0       0      16        0.0%
BITBANK4           100      0       0      13        0.0%
BANK4              100      0       0      14        0.0%
BITBANK3           100      0       0      10        0.0%
BANK3              100      0       0      11        0.0%
BITBANK2           100      0       0       8        0.0%
BANK2              100      0       0       9        0.0%
BITBANK1           100      0       0       6        0.0%
BANK1              100      0       0       7        0.0%
BITBANK0            A0      0       0       4        0.0%
BANK0               A0      0       0       5        0.0%
BITCOMRAM           5F      0       0       0        0.0%
COMRAM              5F      A       E       1       14.7%
BITBANK15           38      0       0      35        0.0%
BANK15              38      0       0      36        0.0%
BITSFR_1             0      0       0      40        0.0%
SFR_1                0      0       0      40        0.0%
BITSFR               0      0       0      40        0.0%
SFR                  0      0       0      40        0.0%
STACK                0      0       0       2        0.0%
NULL                 0      0       0       0        0.0%
ABS                  0      0       E      12        0.0%
DATA                 0      0       E       3        0.0%
CODE                 0      0       0       0        0.0%


Microchip Technology PIC18 Macro Assembler V1.36 build -262312587 
Symbol Table                                                                                   Fri Feb 26 11:46:02 2016

                              l59 10AC                                u57 109C  
                   ??_Atrasos_1ms 0003                               l741 1096  
                             l755 1054                               l749 101C  
     __size_of_Latch_EscreveValor 0014                               wreg 000FE8  
             __end_of_Codigo_7seg 100B                              _LATB 000F8A  
                            _main 100C                              start 0000  
                   __CFG_IESO$OFF 000000                      ___param_bank 000010  
                           ?_main 0006                             _TRISB 000F93  
      Display_Inicializacao@Valor 0005                    __CFG_FCMEN$OFF 000000  
             __end_of_Atrasos_1ms 10B6                             tablat 000FF5  
                           status 000FD8      __size_of_Latch_Inicializacao 002E  
        ?_Oscilador_Inicializacao 0001                   __initialization 10B6  
                    __end_of_main 1066                       _Codigo_7seg 1001  
                          ??_main 000B                     __activetblptr 000001  
                          _ANSELA 000F38                            _ANSELB 000F39  
     __size_of_Display_LigaDigito 0012    __size_of_Display_Inicializacao 0014  
   __end_of_Display_Inicializacao 10E0                       _Atrasos_1ms 1094  
                    __mediumconst 0000                            tblptrh 000FF7  
                          tblptrl 000FF6                            tblptru 000FF8  
                      __accesstop 0060           __end_of__initialization 10BE  
 __end_of_Oscilador_Inicializacao 1106                     ___rparam_used 000001  
                  __pcstackCOMRAM 0001          Latch_Inicializacao@Valor 0002  
                 __CFG_PLLCFG$OFF 000000        __end_of_Latch_EscreveValor 10F4  
             _Latch_Inicializacao 1066              ?_Latch_Inicializacao 0001  
                         __Hparam 0000                           __Lparam 0000  
               Atrasos_1ms@Atraso 0001                      __psmallconst 1000  
                         __pcinit 10B6                           __ramtop 1000  
                         __ptext0 100C                           __ptext1 10F4  
                         __ptext2 10CC                           __ptext3 1066  
                         __ptext4 1106                           __ptext5 10E0  
                         __ptext6 1094           Display_LigaDigito@Valor 0003  
__size_of_Oscilador_Inicializacao 0012              end_of_initialization 10BE  
           ??_Latch_Inicializacao 0002                      ?_Atrasos_1ms 0001  
                       _TRISDbits 000F95        __end_of_Display_LigaDigito 1118  
           _Display_Inicializacao 10CC               start_initialization 10B6  
         _Oscilador_Inicializacao 10F4                       __pbssCOMRAM 000B  
              _Latch_EscreveValor 10E0            ?_Display_Inicializacao 0004  
             ?_Latch_EscreveValor 0001                  __CFG_PRICLKEN$ON 000000  
                     __smallconst 1000              ??_Latch_EscreveValor 0001  
            __size_of_Atrasos_1ms 0022                          _LATDbits 000F8C  
       ??_Oscilador_Inicializacao 0001       Display_Inicializacao@Digito 0004  
                        _Contador 000B       __end_of_Latch_Inicializacao 1094  
              _Display_LigaDigito 1106                          __Hrparam 0000  
                        __Lrparam 0000                      __Lsmallconst 1000  
             ?_Display_LigaDigito 0002                        _ANSELDbits 000F3B  
            ??_Display_LigaDigito 0003          Display_LigaDigito@Digito 0002  
                     _OSCCON2bits 000FD2                     __size_of_main 005A  
                        main@argc 0006                          main@argv 0008  
                     _OSCTUNEbits 000F9B           Latch_EscreveValor@Valor 0001  
         ??_Display_Inicializacao 0005                        _OSCCONbits 000FD3  
               __CFG_FOSC$INTIO67 000000  
