

Microchip Technology PIC18 LITE Macro Assembler V1.36 build -262312587 
                                                                                               Tue Sep 06 22:03:10 2016

Microchip Technology Omniscient Code Generator v1.36 (Free mode) build 201601150325
     1                           	processor	18F46K22
     2                           	fnconf	rparam,??,?,0
     3                           	opt	pw 120
     4                           	opt	lm
     5                           	psect	cinit,global,reloc=2,class=CODE,delta=1
     6                           	psect	cstackCOMRAM,global,class=COMRAM,space=1,delta=1
     7                           	psect	text0,global,reloc=2,class=CODE,delta=1
     8                           	psect	text1,global,reloc=2,class=CODE,delta=1
     9                           	psect	text2,global,reloc=2,class=CODE,delta=1
    10                           	psect	intsave_regs,global,class=BIGRAM,space=1,delta=1
    11                           	psect	rparam,global,class=COMRAM,space=1,delta=1
    12  0000                     _ANSELB	set	3897
    13  0000                     _ANSELDbits	set	3899
    14  0000                     _LATB	set	3978
    15  0000                     _LATDbits	set	3980
    16  0000                     _TRISB	set	3987
    17  0000                     _TRISDbits	set	3989
    18                           
    19                           ; #config settings
    20                           
    21                           	psect	cinit
    22  00FBA8                     __pcinit:
    23                           	opt stack 0
    24  00FBA8                     start_initialization:
    25                           	opt stack 0
    26  00FBA8                     __initialization:
    27                           	opt stack 0
    28  00FBA8                     end_of_initialization:
    29                           	opt stack 0
    30  00FBA8                     __end_of__initialization:
    31                           	opt stack 0
    32  00FBA8  0100               	movlb	0
    33  00FBAA  EFD7  F07D         	goto	_main	;jump to C main() function
    34                           
    35                           	psect	cstackCOMRAM
    36  000001                     __pcstackCOMRAM:
    37                           	opt stack 0
    38  000001                     Display_LigaDigito@Caractere:
    39                           	opt stack 0
    40                           
    41                           ; 1 bytes @ 0x0
    42  000001                     	ds	1
    43  000002                     Display_LigaDigito@Digito:
    44                           	opt stack 0
    45                           
    46                           ; 1 bytes @ 0x1
    47  000002                     	ds	1
    48  000003                     
    49                           ; 1 bytes @ 0x2
    50 ;;
    51 ;;Main: autosize = 0, tempsize = 0, incstack = 0, save=0
    52 ;;
    53 ;; *************** function _main *****************
    54 ;; Defined at:
    55 ;;		line 70 in file "App.c"
    56 ;; Parameters:    Size  Location     Type
    57 ;;		None
    58 ;; Auto vars:     Size  Location     Type
    59 ;;		None
    60 ;; Return value:  Size  Location     Type
    61 ;;                  1    wreg      void 
    62 ;; Registers used:
    63 ;;		wreg, status,2, cstack
    64 ;; Tracked objects:
    65 ;;		On entry : 0/0
    66 ;;		On exit  : 0/0
    67 ;;		Unchanged: 0/0
    68 ;; Data sizes:     COMRAM   BANK0   BANK1   BANK2   BANK3   BANK4   BANK5   BANK6   BANK7   BANK8   BANK9  BANK10  BANK1
      +1  BANK12  BANK13  BANK14  BANK15
    69 ;;      Params:         0       0       0       0       0       0       0       0       0       0       0       0       
      +0       0       0       0       0
    70 ;;      Locals:         0       0       0       0       0       0       0       0       0       0       0       0       
      +0       0       0       0       0
    71 ;;      Temps:          0       0       0       0       0       0       0       0       0       0       0       0       
      +0       0       0       0       0
    72 ;;      Totals:         0       0       0       0       0       0       0       0       0       0       0       0       
      +0       0       0       0       0
    73 ;;Total ram usage:        0 bytes
    74 ;; Hardware stack levels required when called:    2
    75 ;; This function calls:
    76 ;;		_Display_Inicializacao
    77 ;;		_Display_LigaDigito
    78 ;; This function is called by:
    79 ;;		Startup code after reset
    80 ;; This function uses a non-reentrant model
    81 ;;
    82                           
    83                           	psect	text0
    84  00FBAE                     __ptext0:
    85                           	opt stack 0
    86  00FBAE                     _main:
    87                           	opt stack 29
    88                           
    89                           ;App.c: 73: Display_Inicializacao();
    90                           
    91                           ;incstack = 0
    92  00FBAE  ECEB  F07D         	call	_Display_Inicializacao	;wreg free
    93                           
    94                           ;App.c: 76: Display_LigaDigito(0b00000001,0b01011011);
    95  00FBB2  0E5B               	movlw	91
    96  00FBB4  6E01               	movwf	Display_LigaDigito@Caractere,c
    97  00FBB6  0E01               	movlw	1
    98  00FBB8  ECDF  F07D         	call	_Display_LigaDigito
    99  00FBBC                     l23:
   100                           
   101                           ;App.c: 80: {
   102  00FBBC  D7FF               	goto	l23
   103  00FBBE                     __end_of_main:
   104                           	opt stack 0
   105                           
   106 ;; *************** function _Display_Inicializacao *****************
   107 ;; Defined at:
   108 ;;		line 48 in file "App.c"
   109 ;; Parameters:    Size  Location     Type
   110 ;;		None
   111 ;; Auto vars:     Size  Location     Type
   112 ;;		None
   113 ;; Return value:  Size  Location     Type
   114 ;;                  1    wreg      void 
   115 ;; Registers used:
   116 ;;		wreg, status,2, cstack
   117 ;; Tracked objects:
   118 ;;		On entry : 0/0
   119 ;;		On exit  : 0/0
   120 ;;		Unchanged: 0/0
   121 ;; Data sizes:     COMRAM   BANK0   BANK1   BANK2   BANK3   BANK4   BANK5   BANK6   BANK7   BANK8   BANK9  BANK10  BANK1
      +1  BANK12  BANK13  BANK14  BANK15
   122 ;;      Params:         0       0       0       0       0       0       0       0       0       0       0       0       
      +0       0       0       0       0
   123 ;;      Locals:         0       0       0       0       0       0       0       0       0       0       0       0       
      +0       0       0       0       0
   124 ;;      Temps:          0       0       0       0       0       0       0       0       0       0       0       0       
      +0       0       0       0       0
   125 ;;      Totals:         0       0       0       0       0       0       0       0       0       0       0       0       
      +0       0       0       0       0
   126 ;;Total ram usage:        0 bytes
   127 ;; Hardware stack levels used:    1
   128 ;; Hardware stack levels required when called:    1
   129 ;; This function calls:
   130 ;;		_Display_LigaDigito
   131 ;; This function is called by:
   132 ;;		_main
   133 ;; This function uses a non-reentrant model
   134 ;;
   135                           
   136                           	psect	text1
   137  00FBD6                     __ptext1:
   138                           	opt stack 0
   139  00FBD6                     _Display_Inicializacao:
   140                           	opt stack 29
   141                           
   142                           ;App.c: 51: ANSELDbits.ANSD3 = 0;
   143                           
   144                           ;incstack = 0
   145  00FBD6  010F               	movlb	15	; () banked
   146  00FBD8  973B               	bcf	59,3,b	;volatile
   147                           
   148                           ;App.c: 52: LATDbits.LATD3 = 1;
   149  00FBDA  868C               	bsf	3980,3,c	;volatile
   150                           
   151                           ;App.c: 53: TRISDbits.TRISD3 = 0;
   152  00FBDC  9695               	bcf	3989,3,c	;volatile
   153                           
   154                           ;App.c: 56: ANSELDbits.ANSD2 = 0;
   155  00FBDE  010F               	movlb	15	; () banked
   156  00FBE0  953B               	bcf	59,2,b	;volatile
   157                           
   158                           ;App.c: 57: LATDbits.LATD2 = 0;
   159  00FBE2  948C               	bcf	3980,2,c	;volatile
   160                           
   161                           ;App.c: 58: TRISDbits.TRISD2 = 0;
   162  00FBE4  9495               	bcf	3989,2,c	;volatile
   163                           
   164                           ; BSR set to: 15
   165                           ;App.c: 61: ANSELB = 0;
   166  00FBE6  0E00               	movlw	0
   167  00FBE8  010F               	movlb	15	; () banked
   168  00FBEA  6F39               	movwf	57,b	;volatile
   169                           
   170                           ;App.c: 62: LATB = 0;
   171  00FBEC  0E00               	movlw	0
   172  00FBEE  6E8A               	movwf	3978,c	;volatile
   173                           
   174                           ;App.c: 63: TRISB = 0;
   175  00FBF0  0E00               	movlw	0
   176  00FBF2  6E93               	movwf	3987,c	;volatile
   177                           
   178                           ; BSR set to: 15
   179                           ;App.c: 65: Display_LigaDigito(0,0);
   180  00FBF4  0E00               	movlw	0
   181  00FBF6  6E01               	movwf	Display_LigaDigito@Caractere,c
   182  00FBF8  0E00               	movlw	0
   183  00FBFA  ECDF  F07D         	call	_Display_LigaDigito
   184  00FBFE  0012               	return		;funcret
   185  00FC00                     __end_of_Display_Inicializacao:
   186                           	opt stack 0
   187                           
   188 ;; *************** function _Display_LigaDigito *****************
   189 ;; Defined at:
   190 ;;		line 26 in file "App.c"
   191 ;; Parameters:    Size  Location     Type
   192 ;;  Digito          1    wreg     unsigned char 
   193 ;;  Caractere       1    0[COMRAM] unsigned char 
   194 ;; Auto vars:     Size  Location     Type
   195 ;;  Digito          1    1[COMRAM] unsigned char 
   196 ;; Return value:  Size  Location     Type
   197 ;;                  1    wreg      void 
   198 ;; Registers used:
   199 ;;		wreg
   200 ;; Tracked objects:
   201 ;;		On entry : 0/0
   202 ;;		On exit  : 0/0
   203 ;;		Unchanged: 0/0
   204 ;; Data sizes:     COMRAM   BANK0   BANK1   BANK2   BANK3   BANK4   BANK5   BANK6   BANK7   BANK8   BANK9  BANK10  BANK1
      +1  BANK12  BANK13  BANK14  BANK15
   205 ;;      Params:         1       0       0       0       0       0       0       0       0       0       0       0       
      +0       0       0       0       0
   206 ;;      Locals:         1       0       0       0       0       0       0       0       0       0       0       0       
      +0       0       0       0       0
   207 ;;      Temps:          0       0       0       0       0       0       0       0       0       0       0       0       
      +0       0       0       0       0
   208 ;;      Totals:         2       0       0       0       0       0       0       0       0       0       0       0       
      +0       0       0       0       0
   209 ;;Total ram usage:        2 bytes
   210 ;; Hardware stack levels used:    1
   211 ;; This function calls:
   212 ;;		Nothing
   213 ;; This function is called by:
   214 ;;		_Display_Inicializacao
   215 ;;		_main
   216 ;; This function uses a non-reentrant model
   217 ;;
   218                           
   219                           	psect	text2
   220  00FBBE                     __ptext2:
   221                           	opt stack 0
   222  00FBBE                     _Display_LigaDigito:
   223                           	opt stack 30
   224                           
   225                           ;incstack = 0
   226                           ;Display_LigaDigito@Digito stored from wreg
   227  00FBBE  6E02               	movwf	Display_LigaDigito@Digito,c
   228                           
   229                           ;App.c: 30: LATDbits.LATD3 = 1;
   230  00FBC0  868C               	bsf	3980,3,c	;volatile
   231                           
   232                           ;App.c: 33: LATB = Digito;
   233  00FBC2  C002  FF8A         	movff	Display_LigaDigito@Digito,3978	;volatile
   234                           
   235                           ;App.c: 36: LATDbits.LATD2 = 1;
   236  00FBC6  848C               	bsf	3980,2,c	;volatile
   237                           
   238                           ;App.c: 37: __nop();
   239  00FBC8  F000               	nop	
   240                           
   241                           ;App.c: 38: __nop();
   242  00FBCA  F000               	nop	
   243                           
   244                           ;App.c: 39: LATDbits.LATD2 = 0;
   245  00FBCC  948C               	bcf	3980,2,c	;volatile
   246                           
   247                           ;App.c: 42: LATB = Caractere;
   248  00FBCE  C001  FF8A         	movff	Display_LigaDigito@Caractere,3978	;volatile
   249                           
   250                           ;App.c: 45: LATDbits.LATD3 = 0;
   251  00FBD2  968C               	bcf	3980,3,c	;volatile
   252  00FBD4  0012               	return		;funcret
   253  00FBD6                     __end_of_Display_LigaDigito:
   254                           	opt stack 0
   255  0000                     
   256                           	psect	rparam


Data Sizes:
    Strings     0
    Constant    0
    Data        0
    BSS         0
    Persistent  0
    Stack       0

Auto Spaces:
    Space          Size  Autos    Used
    COMRAM           95      2       2
    BANK0           160      0       0
    BANK1           256      0       0
    BANK2           256      0       0
    BANK3           256      0       0
    BANK4           256      0       0
    BANK5           256      0       0
    BANK6           256      0       0
    BANK7           256      0       0
    BANK8           256      0       0
    BANK9           256      0       0
    BANK10          256      0       0
    BANK11          256      0       0
    BANK12          256      0       0
    BANK13          256      0       0
    BANK14          256      0       0
    BANK15           56      0       0

Pointer List with Targets:

    None.

Critical Paths under _main in COMRAM

    _main->_Display_LigaDigito
    _Display_Inicializacao->_Display_LigaDigito

Critical Paths under _main in BANK0

    None.

Critical Paths under _main in BANK1

    None.

Critical Paths under _main in BANK2

    None.

Critical Paths under _main in BANK3

    None.

Critical Paths under _main in BANK4

    None.

Critical Paths under _main in BANK5

    None.

Critical Paths under _main in BANK6

    None.

Critical Paths under _main in BANK7

    None.

Critical Paths under _main in BANK8

    None.

Critical Paths under _main in BANK9

    None.

Critical Paths under _main in BANK10

    None.

Critical Paths under _main in BANK11

    None.

Critical Paths under _main in BANK12

    None.

Critical Paths under _main in BANK13

    None.

Critical Paths under _main in BANK14

    None.

Critical Paths under _main in BANK15

    None.

Call Graph Tables:

 ---------------------------------------------------------------------------------
 (Depth) Function   	        Calls       Base Space   Used Autos Params    Refs
 ---------------------------------------------------------------------------------
 (0) _main                                                 0     0      0     260
              _Display_Inicializacao
                 _Display_LigaDigito
 ---------------------------------------------------------------------------------
 (1) _Display_Inicializacao                                0     0      0     130
                 _Display_LigaDigito
 ---------------------------------------------------------------------------------
 (1) _Display_LigaDigito                                   2     1      1     130
                                              0 COMRAM     2     1      1
 ---------------------------------------------------------------------------------
 Estimated maximum stack depth 1
 ---------------------------------------------------------------------------------

 Call Graph Graphs:

 _main (ROOT)
   _Display_Inicializacao
     _Display_LigaDigito
   _Display_LigaDigito

 Address spaces:
Name               Size   Autos  Total    Cost      Usage
BITCOMRAM           5F      0       0       0        0.0%
EEDATA             400      0       0       0        0.0%
NULL                 0      0       0       0        0.0%
CODE                 0      0       0       0        0.0%
COMRAM              5F      2       2       1        2.1%
STACK                0      0       0       2        0.0%
DATA                 0      0       0       3        0.0%
BITBANK0            A0      0       0       4        0.0%
BANK0               A0      0       0       5        0.0%
BITBANK1           100      0       0       6        0.0%
BANK1              100      0       0       7        0.0%
BITBANK2           100      0       0       8        0.0%
BANK2              100      0       0       9        0.0%
BITBANK3           100      0       0      10        0.0%
BANK3              100      0       0      11        0.0%
ABS                  0      0       0      12        0.0%
BITBANK4           100      0       0      13        0.0%
BANK4              100      0       0      14        0.0%
BITBANK5           100      0       0      15        0.0%
BANK5              100      0       0      16        0.0%
BITBANK6           100      0       0      17        0.0%
BANK6              100      0       0      18        0.0%
BITBANK7           100      0       0      19        0.0%
BANK7              100      0       0      20        0.0%
BITBANK8           100      0       0      21        0.0%
BANK8              100      0       0      22        0.0%
BITBANK9           100      0       0      23        0.0%
BANK9              100      0       0      24        0.0%
BITBANK10          100      0       0      25        0.0%
BANK10             100      0       0      26        0.0%
BITBANK11          100      0       0      27        0.0%
BANK11             100      0       0      28        0.0%
BITBANK12          100      0       0      29        0.0%
BANK12             100      0       0      30        0.0%
BITBANK13          100      0       0      31        0.0%
BANK13             100      0       0      32        0.0%
BITBANK14          100      0       0      33        0.0%
BANK14             100      0       0      34        0.0%
BITBANK15           38      0       0      35        0.0%
BANK15              38      0       0      36        0.0%
BIGRAM             F37      0       0      37        0.0%
BITSFR_1             0      0       0      40        0.0%
SFR_1                0      0       0      40        0.0%
BITSFR               0      0       0      40        0.0%
SFR                  0      0       0      40        0.0%


Microchip Technology PIC18 Macro Assembler V1.36 build -262312587 
Symbol Table                                                                                   Tue Sep 06 22:03:10 2016

                            l23 FBBC                            _LATB 000F8A                            _main FBAE  
                          start 0000                    ___param_bank 000010                           ?_main 0001  
                         _TRISB 000F93                 __initialization FBA8                    __end_of_main FBBE  
                        ??_main 0003                   __activetblptr 000000                          _ANSELB 000F39  
   __size_of_Display_LigaDigito 0018  __size_of_Display_Inicializacao 002A   __end_of_Display_Inicializacao FC00  
                    __accesstop 0060         __end_of__initialization FBA8                   ___rparam_used 000001  
                __pcstackCOMRAM 0001                         __Hparam 0000                         __Lparam 0000  
                       __pcinit FBA8                         __ramtop 1000                         __ptext0 FBAE  
                       __ptext1 FBD6                         __ptext2 FBBE            end_of_initialization FBA8  
                     _TRISDbits 000F95      __end_of_Display_LigaDigito FBD6           _Display_Inicializacao FBD6  
           start_initialization FBA8          ?_Display_Inicializacao 0001     Display_LigaDigito@Caractere 0001  
                      _LATDbits 000F8C              _Display_LigaDigito FBBE                        __Hrparam 0000  
                      __Lrparam 0000             ?_Display_LigaDigito 0001                      _ANSELDbits 000F3B  
          ??_Display_LigaDigito 0002        Display_LigaDigito@Digito 0002                   __size_of_main 0010  
       ??_Display_Inicializacao 0003  
