

Microchip Technology PIC18 LITE Macro Assembler V1.36 build -262312587 
                                                                                               Wed Sep 21 08:22:55 2016

Microchip Technology Omniscient Code Generator v1.36 (Free mode) build 201601150325
     1                           	processor	18F46K22
     2                           	fnconf	rparam,??,?,0
     3                           	opt	pw 120
     4                           	opt	lm
     5                           	psect	smallconst,global,reloc=2,class=SMALLCONST,delta=1
     6                           	psect	cinit,global,reloc=2,class=CODE,delta=1
     7                           	psect	bssCOMRAM,global,class=COMRAM,space=1,delta=1
     8                           	psect	cstackCOMRAM,global,class=COMRAM,space=1,delta=1
     9                           	psect	text0,global,reloc=2,class=CODE,delta=1
    10                           	psect	text1,global,reloc=2,class=CODE,delta=1
    11                           	psect	text2,global,reloc=2,class=CODE,delta=1
    12                           	psect	text3,global,reloc=2,class=CODE,delta=1
    13                           	psect	text4,global,reloc=2,class=CODE,delta=1
    14                           	psect	text5,global,reloc=2,class=CODE,delta=1
    15                           	psect	intsave_regs,global,class=BIGRAM,space=1,delta=1
    16                           	psect	rparam,global,class=COMRAM,space=1,delta=1
    17  0000                     
    18                           	psect	smallconst
    19  001000                     __psmallconst:
    20                           	opt stack 0
    21  001000  00                 	db	0
    22  001001                     _Codigo7segmentos:
    23                           	opt stack 0
    24  001001  3F                 	db	63
    25  001002  06                 	db	6
    26  001003  5B                 	db	91
    27  001004  4F                 	db	79
    28  001005  66                 	db	102
    29  001006  6D                 	db	109
    30  001007  7D                 	db	125
    31  001008  07                 	db	7
    32  001009  7F                 	db	127
    33  00100A  6F                 	db	111
    34  00100B                     __end_of_Codigo7segmentos:
    35                           	opt stack 0
    36  0000                     _ANSELB	set	3897
    37  0000                     _ANSELDbits	set	3899
    38  0000                     _LATB	set	3978
    39  0000                     _LATDbits	set	3980
    40  0000                     _OSCCONbits	set	4051
    41  0000                     _OSCTUNEbits	set	3995
    42  0000                     _TRISB	set	3987
    43  0000                     _TRISDbits	set	3989
    44                           
    45                           ; #config settings
    46  00100B  00                 	db	0	; dummy byte at the end
    47  0000                     
    48                           	psect	cinit
    49  0010D2                     __pcinit:
    50                           	opt stack 0
    51  0010D2                     start_initialization:
    52                           	opt stack 0
    53  0010D2                     __initialization:
    54                           	opt stack 0
    55                           
    56                           ; Clear objects allocated to COMRAM (2 bytes)
    57  0010D2  6A05               	clrf	(__pbssCOMRAM+1)& (0+255),c
    58  0010D4  6A04               	clrf	__pbssCOMRAM& (0+255),c
    59  0010D6                     end_of_initialization:
    60                           	opt stack 0
    61  0010D6                     __end_of__initialization:
    62                           	opt stack 0
    63  0010D6  0E00               	movlw	low (__Lsmallconst shr (0+16))
    64  0010D8  6EF8               	movwf	tblptru,c
    65  0010DA  0E10               	movlw	high __Lsmallconst
    66  0010DC  6EF7               	movwf	tblptrh,c
    67  0010DE  0100               	movlb	0
    68  0010E0  EF06  F008         	goto	_main	;jump to C main() function
    69                           tblptru	equ	0xFF8
    70                           tblptrh	equ	0xFF7
    71                           
    72                           	psect	bssCOMRAM
    73  000004                     __pbssCOMRAM:
    74                           	opt stack 0
    75  000004                     _Contador:
    76                           	opt stack 0
    77  000004                     	ds	1
    78  000005                     _SentidoDaContagem:
    79                           	opt stack 0
    80  000005                     	ds	1
    81                           tblptru	equ	0xFF8
    82                           tblptrh	equ	0xFF7
    83                           
    84                           	psect	cstackCOMRAM
    85  000001                     __pcstackCOMRAM:
    86                           	opt stack 0
    87  000001                     Display_LigaDigito@Caractere:
    88                           	opt stack 0
    89  000001                     Display_ExibeCaractere@Caractere:
    90                           	opt stack 0
    91  000001                     Atrasos_1ms@Tempo_ms:
    92                           	opt stack 0
    93                           
    94                           ; 2 bytes @ 0x0
    95  000001                     	ds	1
    96  000002                     Display_LigaDigito@CodigoDoDigito:
    97                           	opt stack 0
    98                           
    99                           ; 1 bytes @ 0x1
   100  000002                     	ds	1
   101  000003                     ??_Atrasos_1ms:
   102                           
   103                           ; 1 bytes @ 0x2
   104  000003                     	ds	1
   105  000004                     tblptru	equ	0xFF8
   106                           tblptrh	equ	0xFF7
   107                           
   108                           ; 1 bytes @ 0x3
   109 ;;
   110 ;;Main: autosize = 0, tempsize = 0, incstack = 0, save=0
   111 ;;
   112 ;; *************** function _main *****************
   113 ;; Defined at:
   114 ;;		line 26 in file "App.c"
   115 ;; Parameters:    Size  Location     Type
   116 ;;		None
   117 ;; Auto vars:     Size  Location     Type
   118 ;;		None
   119 ;; Return value:  Size  Location     Type
   120 ;;                  1    wreg      void 
   121 ;; Registers used:
   122 ;;		wreg, status,2, status,0, tblptrl, tblptrh, tblptru, prodl, prodh, cstack
   123 ;; Tracked objects:
   124 ;;		On entry : 0/0
   125 ;;		On exit  : 0/0
   126 ;;		Unchanged: 0/0
   127 ;; Data sizes:     COMRAM   BANK0   BANK1   BANK2   BANK3   BANK4   BANK5   BANK6   BANK7   BANK8   BANK9  BANK10  BANK1
      +1  BANK12  BANK13  BANK14  BANK15
   128 ;;      Params:         0       0       0       0       0       0       0       0       0       0       0       0       
      +0       0       0       0       0
   129 ;;      Locals:         0       0       0       0       0       0       0       0       0       0       0       0       
      +0       0       0       0       0
   130 ;;      Temps:          0       0       0       0       0       0       0       0       0       0       0       0       
      +0       0       0       0       0
   131 ;;      Totals:         0       0       0       0       0       0       0       0       0       0       0       0       
      +0       0       0       0       0
   132 ;;Total ram usage:        0 bytes
   133 ;; Hardware stack levels required when called:    2
   134 ;; This function calls:
   135 ;;		_Atrasos_1ms
   136 ;;		_Display_ExibeCaractere
   137 ;;		_Display_Inicializacao
   138 ;;		_Display_LigaDigito
   139 ;;		_Oscilador_Inicializacao
   140 ;; This function is called by:
   141 ;;		Startup code after reset
   142 ;; This function uses a non-reentrant model
   143 ;;
   144                           
   145                           	psect	text0
   146  00100C                     __ptext0:
   147                           	opt stack 0
   148  00100C                     _main:
   149                           	opt stack 29
   150                           
   151                           ;App.c: 28: Oscilador_Inicializacao();
   152                           
   153                           ;incstack = 0
   154  00100C  EC72  F008         	call	_Oscilador_Inicializacao	;wreg free
   155                           
   156                           ;App.c: 29: Display_Inicializacao();
   157  001010  EC36  F008         	call	_Display_Inicializacao	;wreg free
   158                           
   159                           ;App.c: 30: Display_LigaDigito(0b00100000,0b00000000);
   160  001014  0E00               	movlw	0
   161  001016  6E01               	movwf	Display_LigaDigito@Caractere,c
   162  001018  0E20               	movlw	32
   163  00101A  EC5D  F008         	call	_Display_LigaDigito
   164                           
   165                           ;App.c: 32: SentidoDaContagem = 0;
   166  00101E  0E00               	movlw	0
   167  001020  6E05               	movwf	_SentidoDaContagem,c
   168                           
   169                           ;App.c: 33: Contador = 0;
   170  001022  0E00               	movlw	0
   171  001024  6E04               	movwf	_Contador,c
   172  001026                     l756:
   173                           
   174                           ;App.c: 36: {
   175                           ;App.c: 37: Display_ExibeCaractere(Codigo7segmentos[Contador]);
   176  001026  5004               	movf	_Contador,w,c
   177  001028  0D01               	mullw	1
   178  00102A  0E01               	movlw	low _Codigo7segmentos
   179  00102C  24F3               	addwf	prodl,w,c
   180  00102E  6EF6               	movwf	tblptrl,c
   181  001030  0E10               	movlw	high _Codigo7segmentos
   182  001032  20F4               	addwfc	prodh,w,c
   183  001034  6EF7               	movwf	tblptrh,c
   184  001036                     	if	0	;There are less than 3 active tblptr bytes
   185  001036                     	endif
   186  001036  0008               	tblrd		*
   187  001038  50F5               	movf	tablat,w,c
   188  00103A  EC7A  F008         	call	_Display_ExibeCaractere
   189                           
   190                           ;App.c: 38: Atrasos_1ms(1000);
   191  00103E  0E03               	movlw	3
   192  001040  6E02               	movwf	Atrasos_1ms@Tempo_ms+1,c
   193  001042  0EE8               	movlw	232
   194  001044  6E01               	movwf	Atrasos_1ms@Tempo_ms,c
   195  001046  EC4B  F008         	call	_Atrasos_1ms	;wreg free
   196                           
   197                           ;App.c: 40: if (SentidoDaContagem == 0)
   198  00104A  5005               	movf	_SentidoDaContagem,w,c
   199  00104C  A4D8               	btfss	status,2,c
   200  00104E  D007               	goto	l768
   201                           
   202                           ;App.c: 41: {
   203                           ;App.c: 42: Contador++;
   204  001050  2A04               	incf	_Contador,f,c
   205                           
   206                           ;App.c: 43: if (Contador == 9)SentidoDaContagem = 1;
   207  001052  0E09               	movlw	9
   208  001054  1804               	xorwf	_Contador,w,c
   209  001056  A4D8               	btfss	status,2,c
   210  001058  D7E6               	goto	l756
   211  00105A  0E01               	movlw	1
   212  00105C  D005               	goto	L1
   213  00105E                     l768:
   214                           
   215                           ;App.c: 45: else
   216                           ;App.c: 46: {
   217                           ;App.c: 47: Contador--;
   218  00105E  0604               	decf	_Contador,f,c
   219                           
   220                           ;App.c: 48: if (Contador == 0) SentidoDaContagem = 0;
   221  001060  5004               	movf	_Contador,w,c
   222  001062  A4D8               	btfss	status,2,c
   223  001064  D7E0               	goto	l756
   224  001066  0E00               	movlw	0
   225  001068                     L1:
   226  001068  6E05               	movwf	_SentidoDaContagem,c
   227  00106A  D7DD               	goto	l756
   228  00106C                     __end_of_main:
   229                           	opt stack 0
   230                           tblptru	equ	0xFF8
   231                           tblptrh	equ	0xFF7
   232                           tblptrl	equ	0xFF6
   233                           tablat	equ	0xFF5
   234                           prodh	equ	0xFF4
   235                           prodl	equ	0xFF3
   236                           status	equ	0xFD8
   237                           
   238 ;; *************** function _Oscilador_Inicializacao *****************
   239 ;; Defined at:
   240 ;;		line 33 in file "Oscilador.c"
   241 ;; Parameters:    Size  Location     Type
   242 ;;		None
   243 ;; Auto vars:     Size  Location     Type
   244 ;;		None
   245 ;; Return value:  Size  Location     Type
   246 ;;                  1    wreg      void 
   247 ;; Registers used:
   248 ;;		wreg, status,2
   249 ;; Tracked objects:
   250 ;;		On entry : 0/0
   251 ;;		On exit  : 0/0
   252 ;;		Unchanged: 0/0
   253 ;; Data sizes:     COMRAM   BANK0   BANK1   BANK2   BANK3   BANK4   BANK5   BANK6   BANK7   BANK8   BANK9  BANK10  BANK1
      +1  BANK12  BANK13  BANK14  BANK15
   254 ;;      Params:         0       0       0       0       0       0       0       0       0       0       0       0       
      +0       0       0       0       0
   255 ;;      Locals:         0       0       0       0       0       0       0       0       0       0       0       0       
      +0       0       0       0       0
   256 ;;      Temps:          0       0       0       0       0       0       0       0       0       0       0       0       
      +0       0       0       0       0
   257 ;;      Totals:         0       0       0       0       0       0       0       0       0       0       0       0       
      +0       0       0       0       0
   258 ;;Total ram usage:        0 bytes
   259 ;; Hardware stack levels used:    1
   260 ;; This function calls:
   261 ;;		Nothing
   262 ;; This function is called by:
   263 ;;		_main
   264 ;; This function uses a non-reentrant model
   265 ;;
   266                           
   267                           	psect	text1
   268  0010E4                     __ptext1:
   269                           	opt stack 0
   270  0010E4                     _Oscilador_Inicializacao:
   271                           	opt stack 30
   272                           
   273                           ;Oscilador.c: 35: OSCCONbits.SCS = 0;
   274                           
   275                           ;incstack = 0
   276  0010E4  0EFC               	movlw	-4
   277  0010E6  16D3               	andwf	4051,f,c	;volatile
   278                           
   279                           ;Oscilador.c: 40: OSCCONbits.IRCF = 6;
   280  0010E8  50D3               	movf	4051,w,c	;volatile
   281  0010EA  0B8F               	andlw	-113
   282  0010EC  0960               	iorlw	96
   283  0010EE  6ED3               	movwf	4051,c	;volatile
   284                           
   285                           ;Oscilador.c: 79: OSCTUNEbits.PLLEN= 1;
   286  0010F0  8C9B               	bsf	3995,6,c	;volatile
   287  0010F2  0012               	return		;funcret
   288  0010F4                     __end_of_Oscilador_Inicializacao:
   289                           	opt stack 0
   290                           tblptru	equ	0xFF8
   291                           tblptrh	equ	0xFF7
   292                           tblptrl	equ	0xFF6
   293                           tablat	equ	0xFF5
   294                           prodh	equ	0xFF4
   295                           prodl	equ	0xFF3
   296                           status	equ	0xFD8
   297                           
   298 ;; *************** function _Display_Inicializacao *****************
   299 ;; Defined at:
   300 ;;		line 29 in file "Display de Leds.c"
   301 ;; Parameters:    Size  Location     Type
   302 ;;		None
   303 ;; Auto vars:     Size  Location     Type
   304 ;;		None
   305 ;; Return value:  Size  Location     Type
   306 ;;                  1    wreg      void 
   307 ;; Registers used:
   308 ;;		wreg, status,2, cstack
   309 ;; Tracked objects:
   310 ;;		On entry : 0/0
   311 ;;		On exit  : 0/0
   312 ;;		Unchanged: 0/0
   313 ;; Data sizes:     COMRAM   BANK0   BANK1   BANK2   BANK3   BANK4   BANK5   BANK6   BANK7   BANK8   BANK9  BANK10  BANK1
      +1  BANK12  BANK13  BANK14  BANK15
   314 ;;      Params:         0       0       0       0       0       0       0       0       0       0       0       0       
      +0       0       0       0       0
   315 ;;      Locals:         0       0       0       0       0       0       0       0       0       0       0       0       
      +0       0       0       0       0
   316 ;;      Temps:          0       0       0       0       0       0       0       0       0       0       0       0       
      +0       0       0       0       0
   317 ;;      Totals:         0       0       0       0       0       0       0       0       0       0       0       0       
      +0       0       0       0       0
   318 ;;Total ram usage:        0 bytes
   319 ;; Hardware stack levels used:    1
   320 ;; Hardware stack levels required when called:    1
   321 ;; This function calls:
   322 ;;		_Display_LigaDigito
   323 ;; This function is called by:
   324 ;;		_main
   325 ;; This function uses a non-reentrant model
   326 ;;
   327                           
   328                           	psect	text2
   329  00106C                     __ptext2:
   330                           	opt stack 0
   331  00106C                     _Display_Inicializacao:
   332                           	opt stack 29
   333                           
   334                           ;Display de Leds.c: 32: ANSELDbits.ANSD3 = 0;
   335                           
   336                           ;incstack = 0
   337  00106C  010F               	movlb	15	; () banked
   338  00106E  973B               	bcf	59,3,b	;volatile
   339                           
   340                           ;Display de Leds.c: 33: LATDbits.LATD3 = 1;
   341  001070  868C               	bsf	3980,3,c	;volatile
   342                           
   343                           ;Display de Leds.c: 34: TRISDbits.TRISD3 = 0;
   344  001072  9695               	bcf	3989,3,c	;volatile
   345                           
   346                           ;Display de Leds.c: 37: ANSELDbits.ANSD2 = 0;
   347  001074  010F               	movlb	15	; () banked
   348  001076  953B               	bcf	59,2,b	;volatile
   349                           
   350                           ;Display de Leds.c: 38: LATDbits.LATD2 = 0;
   351  001078  948C               	bcf	3980,2,c	;volatile
   352                           
   353                           ;Display de Leds.c: 39: TRISDbits.TRISD2 = 0;
   354  00107A  9495               	bcf	3989,2,c	;volatile
   355                           
   356                           ; BSR set to: 15
   357                           ;Display de Leds.c: 42: ANSELB = 0;
   358  00107C  0E00               	movlw	0
   359  00107E  010F               	movlb	15	; () banked
   360  001080  6F39               	movwf	57,b	;volatile
   361                           
   362                           ;Display de Leds.c: 43: LATB = 0;
   363  001082  0E00               	movlw	0
   364  001084  6E8A               	movwf	3978,c	;volatile
   365                           
   366                           ;Display de Leds.c: 44: TRISB = 0;
   367  001086  0E00               	movlw	0
   368  001088  6E93               	movwf	3987,c	;volatile
   369                           
   370                           ; BSR set to: 15
   371                           ;Display de Leds.c: 47: Display_LigaDigito (0,0);
   372  00108A  0E00               	movlw	0
   373  00108C  6E01               	movwf	Display_LigaDigito@Caractere,c
   374  00108E  0E00               	movlw	0
   375  001090  EC5D  F008         	call	_Display_LigaDigito
   376  001094  0012               	return		;funcret
   377  001096                     __end_of_Display_Inicializacao:
   378                           	opt stack 0
   379                           tblptru	equ	0xFF8
   380                           tblptrh	equ	0xFF7
   381                           tblptrl	equ	0xFF6
   382                           tablat	equ	0xFF5
   383                           prodh	equ	0xFF4
   384                           prodl	equ	0xFF3
   385                           status	equ	0xFD8
   386                           
   387 ;; *************** function _Display_LigaDigito *****************
   388 ;; Defined at:
   389 ;;		line 61 in file "Display de Leds.c"
   390 ;; Parameters:    Size  Location     Type
   391 ;;  CodigoDoDigi    1    wreg     unsigned char 
   392 ;;  Caractere       1    0[COMRAM] unsigned char 
   393 ;; Auto vars:     Size  Location     Type
   394 ;;  CodigoDoDigi    1    1[COMRAM] unsigned char 
   395 ;; Return value:  Size  Location     Type
   396 ;;                  1    wreg      void 
   397 ;; Registers used:
   398 ;;		wreg
   399 ;; Tracked objects:
   400 ;;		On entry : 0/0
   401 ;;		On exit  : 0/0
   402 ;;		Unchanged: 0/0
   403 ;; Data sizes:     COMRAM   BANK0   BANK1   BANK2   BANK3   BANK4   BANK5   BANK6   BANK7   BANK8   BANK9  BANK10  BANK1
      +1  BANK12  BANK13  BANK14  BANK15
   404 ;;      Params:         1       0       0       0       0       0       0       0       0       0       0       0       
      +0       0       0       0       0
   405 ;;      Locals:         1       0       0       0       0       0       0       0       0       0       0       0       
      +0       0       0       0       0
   406 ;;      Temps:          0       0       0       0       0       0       0       0       0       0       0       0       
      +0       0       0       0       0
   407 ;;      Totals:         2       0       0       0       0       0       0       0       0       0       0       0       
      +0       0       0       0       0
   408 ;;Total ram usage:        2 bytes
   409 ;; Hardware stack levels used:    1
   410 ;; This function calls:
   411 ;;		Nothing
   412 ;; This function is called by:
   413 ;;		_main
   414 ;;		_Display_Inicializacao
   415 ;; This function uses a non-reentrant model
   416 ;;
   417                           
   418                           	psect	text3
   419  0010BA                     __ptext3:
   420                           	opt stack 0
   421  0010BA                     _Display_LigaDigito:
   422                           	opt stack 30
   423                           
   424                           ;incstack = 0
   425                           ;Display_LigaDigito@CodigoDoDigito stored from wreg
   426  0010BA  6E02               	movwf	Display_LigaDigito@CodigoDoDigito,c
   427                           
   428                           ;Display de Leds.c: 63: LATDbits.LATD3 = 1;
   429  0010BC  868C               	bsf	3980,3,c	;volatile
   430                           
   431                           ;Display de Leds.c: 65: LATB = CodigoDoDigito;
   432  0010BE  C002  FF8A         	movff	Display_LigaDigito@CodigoDoDigito,3978	;volatile
   433                           
   434                           ;Display de Leds.c: 66: LATDbits.LATD2 = 1;
   435  0010C2  848C               	bsf	3980,2,c	;volatile
   436                           
   437                           ;Display de Leds.c: 67: __nop();
   438  0010C4  F000               	nop	
   439                           
   440                           ;Display de Leds.c: 68: __nop();
   441  0010C6  F000               	nop	
   442                           
   443                           ;Display de Leds.c: 69: LATDbits.LATD2 = 0;
   444  0010C8  948C               	bcf	3980,2,c	;volatile
   445                           
   446                           ;Display de Leds.c: 71: LATB = Caractere;
   447  0010CA  C001  FF8A         	movff	Display_LigaDigito@Caractere,3978	;volatile
   448                           
   449                           ;Display de Leds.c: 72: LATDbits.LATD3 = 0;
   450  0010CE  968C               	bcf	3980,3,c	;volatile
   451  0010D0  0012               	return		;funcret
   452  0010D2                     __end_of_Display_LigaDigito:
   453                           	opt stack 0
   454                           tblptru	equ	0xFF8
   455                           tblptrh	equ	0xFF7
   456                           tblptrl	equ	0xFF6
   457                           tablat	equ	0xFF5
   458                           prodh	equ	0xFF4
   459                           prodl	equ	0xFF3
   460                           status	equ	0xFD8
   461                           
   462 ;; *************** function _Display_ExibeCaractere *****************
   463 ;; Defined at:
   464 ;;		line 80 in file "Display de Leds.c"
   465 ;; Parameters:    Size  Location     Type
   466 ;;  Caractere       1    wreg     unsigned char 
   467 ;; Auto vars:     Size  Location     Type
   468 ;;  Caractere       1    0[COMRAM] unsigned char 
   469 ;; Return value:  Size  Location     Type
   470 ;;                  1    wreg      void 
   471 ;; Registers used:
   472 ;;		wreg
   473 ;; Tracked objects:
   474 ;;		On entry : 0/0
   475 ;;		On exit  : 0/0
   476 ;;		Unchanged: 0/0
   477 ;; Data sizes:     COMRAM   BANK0   BANK1   BANK2   BANK3   BANK4   BANK5   BANK6   BANK7   BANK8   BANK9  BANK10  BANK1
      +1  BANK12  BANK13  BANK14  BANK15
   478 ;;      Params:         0       0       0       0       0       0       0       0       0       0       0       0       
      +0       0       0       0       0
   479 ;;      Locals:         1       0       0       0       0       0       0       0       0       0       0       0       
      +0       0       0       0       0
   480 ;;      Temps:          0       0       0       0       0       0       0       0       0       0       0       0       
      +0       0       0       0       0
   481 ;;      Totals:         1       0       0       0       0       0       0       0       0       0       0       0       
      +0       0       0       0       0
   482 ;;Total ram usage:        1 bytes
   483 ;; Hardware stack levels used:    1
   484 ;; This function calls:
   485 ;;		Nothing
   486 ;; This function is called by:
   487 ;;		_main
   488 ;; This function uses a non-reentrant model
   489 ;;
   490                           
   491                           	psect	text4
   492  0010F4                     __ptext4:
   493                           	opt stack 0
   494  0010F4                     _Display_ExibeCaractere:
   495                           	opt stack 30
   496                           
   497                           ;incstack = 0
   498                           ;Display_ExibeCaractere@Caractere stored from wreg
   499  0010F4  6E01               	movwf	Display_ExibeCaractere@Caractere,c
   500                           
   501                           ;Display de Leds.c: 82: LATB = Caractere;
   502  0010F6  C001  FF8A         	movff	Display_ExibeCaractere@Caractere,3978	;volatile
   503  0010FA  0012               	return		;funcret
   504  0010FC                     __end_of_Display_ExibeCaractere:
   505                           	opt stack 0
   506                           tblptru	equ	0xFF8
   507                           tblptrh	equ	0xFF7
   508                           tblptrl	equ	0xFF6
   509                           tablat	equ	0xFF5
   510                           prodh	equ	0xFF4
   511                           prodl	equ	0xFF3
   512                           status	equ	0xFD8
   513                           
   514 ;; *************** function _Atrasos_1ms *****************
   515 ;; Defined at:
   516 ;;		line 30 in file "Atrasos.c"
   517 ;; Parameters:    Size  Location     Type
   518 ;;  Tempo_ms        2    0[COMRAM] unsigned int 
   519 ;; Auto vars:     Size  Location     Type
   520 ;;		None
   521 ;; Return value:  Size  Location     Type
   522 ;;                  1    wreg      void 
   523 ;; Registers used:
   524 ;;		wreg, status,2, status,0
   525 ;; Tracked objects:
   526 ;;		On entry : 0/0
   527 ;;		On exit  : 0/0
   528 ;;		Unchanged: 0/0
   529 ;; Data sizes:     COMRAM   BANK0   BANK1   BANK2   BANK3   BANK4   BANK5   BANK6   BANK7   BANK8   BANK9  BANK10  BANK1
      +1  BANK12  BANK13  BANK14  BANK15
   530 ;;      Params:         2       0       0       0       0       0       0       0       0       0       0       0       
      +0       0       0       0       0
   531 ;;      Locals:         0       0       0       0       0       0       0       0       0       0       0       0       
      +0       0       0       0       0
   532 ;;      Temps:          1       0       0       0       0       0       0       0       0       0       0       0       
      +0       0       0       0       0
   533 ;;      Totals:         3       0       0       0       0       0       0       0       0       0       0       0       
      +0       0       0       0       0
   534 ;;Total ram usage:        3 bytes
   535 ;; Hardware stack levels used:    1
   536 ;; This function calls:
   537 ;;		Nothing
   538 ;; This function is called by:
   539 ;;		_main
   540 ;; This function uses a non-reentrant model
   541 ;;
   542                           
   543                           	psect	text5
   544  001096                     __ptext5:
   545                           	opt stack 0
   546  001096                     _Atrasos_1ms:
   547                           	opt stack 30
   548                           
   549                           ;Atrasos.c: 32: while(Tempo_ms-- > 0)
   550                           
   551                           ;incstack = 0
   552  001096  D008               	goto	l748
   553  001098                     l746:
   554                           
   555                           ;Atrasos.c: 33: {
   556                           ;Atrasos.c: 34: _delay((unsigned long)((1)*((8000000 * 4)/4000.0)));
   557  001098  0E0B               	movlw	11
   558  00109A  6E03               	movwf	??_Atrasos_1ms& (0+255),c
   559  00109C  0E62               	movlw	98
   560  00109E                     u97:
   561  00109E  2EE8               	decfsz	wreg,f,c
   562  0010A0  D7FE               	goto	u97
   563  0010A2  2E03               	decfsz	??_Atrasos_1ms& (0+255),f,c
   564  0010A4  D7FC               	goto	u97
   565  0010A6  D000               	nop2	
   566  0010A8                     l748:
   567  0010A8  0601               	decf	Atrasos_1ms@Tempo_ms,f,c
   568  0010AA  A0D8               	btfss	status,0,c
   569  0010AC  0602               	decf	Atrasos_1ms@Tempo_ms+1,f,c
   570  0010AE  2801               	incf	Atrasos_1ms@Tempo_ms,w,c
   571  0010B0  E1F3               	bnz	l746
   572  0010B2  2802               	incf	Atrasos_1ms@Tempo_ms+1,w,c
   573  0010B4  B4D8               	btfsc	status,2,c
   574  0010B6  0012               	return	
   575  0010B8  D7EF               	goto	l746
   576  0010BA                     __end_of_Atrasos_1ms:
   577                           	opt stack 0
   578                           tblptru	equ	0xFF8
   579                           tblptrh	equ	0xFF7
   580                           tblptrl	equ	0xFF6
   581                           tablat	equ	0xFF5
   582                           prodh	equ	0xFF4
   583                           prodl	equ	0xFF3
   584                           wreg	equ	0xFE8
   585                           status	equ	0xFD8
   586                           tblptru	equ	0xFF8
   587                           tblptrh	equ	0xFF7
   588                           tblptrl	equ	0xFF6
   589                           tablat	equ	0xFF5
   590                           prodh	equ	0xFF4
   591                           prodl	equ	0xFF3
   592                           wreg	equ	0xFE8
   593                           status	equ	0xFD8
   594                           
   595                           	psect	rparam
   596  0000                     tblptru	equ	0xFF8
   597                           tblptrh	equ	0xFF7
   598                           tblptrl	equ	0xFF6
   599                           tablat	equ	0xFF5
   600                           prodh	equ	0xFF4
   601                           prodl	equ	0xFF3
   602                           wreg	equ	0xFE8
   603                           status	equ	0xFD8


Data Sizes:
    Strings     0
    Constant    10
    Data        0
    BSS         2
    Persistent  0
    Stack       0

Auto Spaces:
    Space          Size  Autos    Used
    COMRAM           95      3       5
    BANK0           160      0       0
    BANK1           256      0       0
    BANK2           256      0       0
    BANK3           256      0       0
    BANK4           256      0       0
    BANK5           256      0       0
    BANK6           256      0       0
    BANK7           256      0       0
    BANK8           256      0       0
    BANK9           256      0       0
    BANK10          256      0       0
    BANK11          256      0       0
    BANK12          256      0       0
    BANK13          256      0       0
    BANK14          256      0       0
    BANK15           56      0       0

Pointer List with Targets:

    None.

Critical Paths under _main in COMRAM

    _main->_Atrasos_1ms
    _Display_Inicializacao->_Display_LigaDigito

Critical Paths under _main in BANK0

    None.

Critical Paths under _main in BANK1

    None.

Critical Paths under _main in BANK2

    None.

Critical Paths under _main in BANK3

    None.

Critical Paths under _main in BANK4

    None.

Critical Paths under _main in BANK5

    None.

Critical Paths under _main in BANK6

    None.

Critical Paths under _main in BANK7

    None.

Critical Paths under _main in BANK8

    None.

Critical Paths under _main in BANK9

    None.

Critical Paths under _main in BANK10

    None.

Critical Paths under _main in BANK11

    None.

Critical Paths under _main in BANK12

    None.

Critical Paths under _main in BANK13

    None.

Critical Paths under _main in BANK14

    None.

Critical Paths under _main in BANK15

    None.

Call Graph Tables:

 ---------------------------------------------------------------------------------
 (Depth) Function   	        Calls       Base Space   Used Autos Params    Refs
 ---------------------------------------------------------------------------------
 (0) _main                                                 0     0      0     340
                        _Atrasos_1ms
             _Display_ExibeCaractere
              _Display_Inicializacao
                 _Display_LigaDigito
            _Oscilador_Inicializacao
 ---------------------------------------------------------------------------------
 (1) _Oscilador_Inicializacao                              0     0      0       0
 ---------------------------------------------------------------------------------
 (1) _Display_Inicializacao                                0     0      0     130
                 _Display_LigaDigito
 ---------------------------------------------------------------------------------
 (1) _Display_LigaDigito                                   2     1      1     130
                                              0 COMRAM     2     1      1
 ---------------------------------------------------------------------------------
 (1) _Display_ExibeCaractere                               1     1      0      15
                                              0 COMRAM     1     1      0
 ---------------------------------------------------------------------------------
 (1) _Atrasos_1ms                                          3     1      2      65
                                              0 COMRAM     3     1      2
 ---------------------------------------------------------------------------------
 Estimated maximum stack depth 1
 ---------------------------------------------------------------------------------

 Call Graph Graphs:

 _main (ROOT)
   _Atrasos_1ms
   _Display_ExibeCaractere
   _Display_Inicializacao
     _Display_LigaDigito
   _Display_LigaDigito
   _Oscilador_Inicializacao

 Address spaces:
Name               Size   Autos  Total    Cost      Usage
BIGRAM             F37      0       0      37        0.0%
EEDATA             400      0       0       0        0.0%
BITBANK14          100      0       0      33        0.0%
BANK14             100      0       0      34        0.0%
BITBANK13          100      0       0      31        0.0%
BANK13             100      0       0      32        0.0%
BITBANK12          100      0       0      29        0.0%
BANK12             100      0       0      30        0.0%
BITBANK11          100      0       0      27        0.0%
BANK11             100      0       0      28        0.0%
BITBANK10          100      0       0      25        0.0%
BANK10             100      0       0      26        0.0%
BITBANK9           100      0       0      23        0.0%
BANK9              100      0       0      24        0.0%
BITBANK8           100      0       0      21        0.0%
BANK8              100      0       0      22        0.0%
BITBANK7           100      0       0      19        0.0%
BANK7              100      0       0      20        0.0%
BITBANK6           100      0       0      17        0.0%
BANK6              100      0       0      18        0.0%
BITBANK5           100      0       0      15        0.0%
BANK5              100      0       0      16        0.0%
BITBANK4           100      0       0      13        0.0%
BANK4              100      0       0      14        0.0%
BITBANK3           100      0       0      10        0.0%
BANK3              100      0       0      11        0.0%
BITBANK2           100      0       0       8        0.0%
BANK2              100      0       0       9        0.0%
BITBANK1           100      0       0       6        0.0%
BANK1              100      0       0       7        0.0%
BITBANK0            A0      0       0       4        0.0%
BANK0               A0      0       0       5        0.0%
BITCOMRAM           5F      0       0       0        0.0%
COMRAM              5F      3       5       1        5.3%
BITBANK15           38      0       0      35        0.0%
BANK15              38      0       0      36        0.0%
BITSFR_1             0      0       0      40        0.0%
SFR_1                0      0       0      40        0.0%
BITSFR               0      0       0      40        0.0%
SFR                  0      0       0      40        0.0%
STACK                0      0       0       2        0.0%
NULL                 0      0       0       0        0.0%
ABS                  0      0       5      12        0.0%
DATA                 0      0       5       3        0.0%
CODE                 0      0       0       0        0.0%


Microchip Technology PIC18 Macro Assembler V1.36 build -262312587 
Symbol Table                                                                                   Wed Sep 21 08:22:55 2016

                              u97 109E                     ??_Atrasos_1ms 0003  
                             l746 1098                               l748 10A8  
                             l756 1026                               l768 105E  
                             wreg 000FE8                              _LATB 000F8A  
                            _main 100C                              prodh 000FF4  
                            prodl 000FF3                              start 0000  
                   __CFG_IESO$OFF 000000                      ___param_bank 000010  
                           ?_main 0001                             _TRISB 000F93  
                  __CFG_FCMEN$OFF 000000               __end_of_Atrasos_1ms 10BA  
                           tablat 000FF5                             status 000FD8  
        ?_Oscilador_Inicializacao 0001                   __initialization 10D2  
                    __end_of_main 106C                            ??_main 0004  
                   __activetblptr 000001                            _ANSELB 000F39  
     __size_of_Display_LigaDigito 0018    __size_of_Display_Inicializacao 002A  
   __end_of_Display_Inicializacao 1096                       _Atrasos_1ms 1096  
                    __mediumconst 0000                            tblptrh 000FF7  
                          tblptrl 000FF6                            tblptru 000FF8  
         ?_Display_ExibeCaractere 0001                        __accesstop 0060  
         __end_of__initialization 10D6   __end_of_Oscilador_Inicializacao 10F4  
                   ___rparam_used 000001                    __pcstackCOMRAM 0001  
  __end_of_Display_ExibeCaractere 10FC                           __Hparam 0000  
                         __Lparam 0000                      __psmallconst 1000  
                         __pcinit 10D2                           __ramtop 1000  
                         __ptext0 100C                           __ptext1 10E4  
                         __ptext2 106C                           __ptext3 10BA  
                         __ptext4 10F4                           __ptext5 1096  
__size_of_Oscilador_Inicializacao 0010              end_of_initialization 10D6  
Display_LigaDigito@CodigoDoDigito 0002                      ?_Atrasos_1ms 0001  
                       _TRISDbits 000F95        __end_of_Display_LigaDigito 10D2  
           _Display_Inicializacao 106C               start_initialization 10D2  
         _Oscilador_Inicializacao 10E4                       __pbssCOMRAM 0004  
             Atrasos_1ms@Tempo_ms 0001            ?_Display_Inicializacao 0001  
                _Codigo7segmentos 1001                       __smallconst 1000  
            __size_of_Atrasos_1ms 0024       Display_LigaDigito@Caractere 0001  
               _SentidoDaContagem 0005                          _LATDbits 000F8C  
        ??_Display_ExibeCaractere 0001         ??_Oscilador_Inicializacao 0001  
 Display_ExibeCaractere@Caractere 0001                          _Contador 0004  
              _Display_LigaDigito 10BA                          __Hrparam 0000  
                        __Lrparam 0000                      __Lsmallconst 1000  
             ?_Display_LigaDigito 0001                        _ANSELDbits 000F3B  
            ??_Display_LigaDigito 0002                     __size_of_main 0060  
 __size_of_Display_ExibeCaractere 0008                       _OSCTUNEbits 000F9B  
         ??_Display_Inicializacao 0003          __end_of_Codigo7segmentos 100B  
                      _OSCCONbits 000FD3            _Display_ExibeCaractere 10F4  
               __CFG_FOSC$INTIO67 000000  
