

Microchip Technology PIC18 LITE Macro Assembler V1.35 build -356382666 
                                                                                               Thu Feb 11 10:44:19 2016

Microchip Technology Omniscient Code Generator v1.35 (Free mode) build 201507080246
     1                           	processor	18F46K22
     2                           	fnconf	rparam,??,?,0
     3                           	opt	pw 120
     4                           	opt	lm
     5                           	psect	cinit,global,reloc=2,class=CODE,delta=1
     6                           	psect	cstackCOMRAM,global,class=COMRAM,space=1,delta=1
     7                           	psect	text0,global,reloc=2,class=CODE,delta=1
     8                           	psect	intsave_regs,global,class=BIGRAM,space=1,delta=1
     9                           	psect	rparam,global,class=COMRAM,space=1,delta=1
    10  0000                     _ANSELA	set	3896
    11  0000                     _ANSELB	set	3897
    12  0000                     _ANSELDbits	set	3899
    13  0000                     _LATB	set	3978
    14  0000                     _LATBbits	set	3978
    15  0000                     _LATDbits	set	3980
    16  0000                     _PORTAbits	set	3968
    17  0000                     _TRISB	set	3987
    18  0000                     _TRISDbits	set	3989
    19                           
    20                           ; #config settings
    21                           
    22                           	psect	cinit
    23  00FBB4                     __pcinit:
    24                           	opt stack 0
    25  00FBB4                     start_initialization:
    26                           	opt stack 0
    27  00FBB4                     __initialization:
    28                           	opt stack 0
    29  00FBB4                     end_of_initialization:
    30                           	opt stack 0
    31  00FBB4                     __end_of__initialization:
    32                           	opt stack 0
    33  00FBB4  0100               	movlb	0
    34  00FBB6  EFDD  F07D         	goto	_main	;jump to C main() function
    35                           
    36                           	psect	cstackCOMRAM
    37  000001                     __pcstackCOMRAM:
    38                           	opt stack 0
    39  000001                     
    40                           ; 2 bytes @ 0x0
    41  000001                     	ds	2
    42  000003                     
    43                           ; 3 bytes @ 0x2
    44  000003                     	ds	3
    45  000006                     
    46                           ; 0 bytes @ 0x5
    47 ;;
    48 ;;Main: autosize = 0, tempsize = 0, incstack = 0, save=0
    49 ;;
    50 ;; *************** function _main *****************
    51 ;; Defined at:
    52 ;;		line 13 in file "App.c"
    53 ;; Parameters:    Size  Location     Type
    54 ;;  argc            2    0[COMRAM] int 
    55 ;;  argv            3    2[COMRAM] PTR PTR unsigned char 
    56 ;; Auto vars:     Size  Location     Type
    57 ;;		None
    58 ;; Return value:  Size  Location     Type
    59 ;;                  2    0[COMRAM] int 
    60 ;; Registers used:
    61 ;;		wreg, status,2
    62 ;; Tracked objects:
    63 ;;		On entry : 0/0
    64 ;;		On exit  : 0/0
    65 ;;		Unchanged: 0/0
    66 ;; Data sizes:     COMRAM   BANK0   BANK1   BANK2   BANK3   BANK4   BANK5   BANK6   BANK7   BANK8   BANK9  BANK10  BANK1
      +1  BANK12  BANK13  BANK14  BANK15
    67 ;;      Params:         5       0       0       0       0       0       0       0       0       0       0       0       
      +0       0       0       0       0
    68 ;;      Locals:         0       0       0       0       0       0       0       0       0       0       0       0       
      +0       0       0       0       0
    69 ;;      Temps:          0       0       0       0       0       0       0       0       0       0       0       0       
      +0       0       0       0       0
    70 ;;      Totals:         5       0       0       0       0       0       0       0       0       0       0       0       
      +0       0       0       0       0
    71 ;;Total ram usage:        5 bytes
    72 ;; This function calls:
    73 ;;		Nothing
    74 ;; This function is called by:
    75 ;;		Startup code after reset
    76 ;; This function uses a non-reentrant model
    77 ;;
    78                           
    79                           	psect	text0
    80  00FBBA                     __ptext0:
    81                           	opt stack 0
    82  00FBBA                     _main:
    83                           	opt stack 31
    84                           
    85                           ;App.c: 17: LATDbits.LATD3 = 1;
    86                           
    87                           ;incstack = 0
    88  00FBBA  868C               	bsf	3980,3,c	;volatile
    89                           
    90                           ;App.c: 18: TRISDbits.TRISD3 = 0;
    91  00FBBC  9695               	bcf	3989,3,c	;volatile
    92                           
    93                           ;App.c: 19: ANSELDbits.ANSD3 = 0;
    94  00FBBE  010F               	movlb	15	; () banked
    95  00FBC0  973B               	bcf	59,3,b	;volatile
    96                           
    97                           ;App.c: 23: LATDbits.LATD2 = 0;
    98  00FBC2  948C               	bcf	3980,2,c	;volatile
    99                           
   100                           ;App.c: 24: TRISDbits.TRISD2 = 0;
   101  00FBC4  9495               	bcf	3989,2,c	;volatile
   102                           
   103                           ;App.c: 25: ANSELDbits.ANSD2 = 0;
   104  00FBC6  010F               	movlb	15	; () banked
   105  00FBC8  953B               	bcf	59,2,b	;volatile
   106                           
   107                           ; BSR set to: 15
   108                           ;App.c: 28: ANSELA = 0b00000100;
   109  00FBCA  0E04               	movlw	4
   110  00FBCC  010F               	movlb	15	; () banked
   111  00FBCE  6F38               	movwf	56,b	;volatile
   112                           
   113                           ;App.c: 31: LATB = 0;
   114  00FBD0  0E00               	movlw	0
   115  00FBD2  6E8A               	movwf	3978,c	;volatile
   116                           
   117                           ;App.c: 32: TRISB = 0;
   118  00FBD4  0E00               	movlw	0
   119  00FBD6  6E93               	movwf	3987,c	;volatile
   120                           
   121                           ;App.c: 33: ANSELB = 0;
   122  00FBD8  0E00               	movlw	0
   123  00FBDA  010F               	movlb	15	; () banked
   124  00FBDC  6F39               	movwf	57,b	;volatile
   125                           
   126                           ; BSR set to: 15
   127                           ;App.c: 36: LATBbits.LATB6 = 1;
   128  00FBDE  8C8A               	bsf	3978,6,c	;volatile
   129                           
   130                           ; BSR set to: 15
   131                           ;App.c: 37: LATDbits.LATD2 = 1;
   132  00FBE0  848C               	bsf	3980,2,c	;volatile
   133                           
   134                           ; BSR set to: 15
   135                           ;App.c: 38: __nop();
   136  00FBE2  F000               	nop	
   137                           
   138                           ;App.c: 39: __nop();
   139  00FBE4  F000               	nop	
   140                           
   141                           ;App.c: 40: __nop();
   142  00FBE6  F000               	nop	
   143                           
   144                           ;App.c: 41: __nop();
   145  00FBE8  F000               	nop	
   146                           
   147                           ;App.c: 42: LATDbits.LATD2 = 0;
   148  00FBEA  948C               	bcf	3980,2,c	;volatile
   149                           
   150                           ;App.c: 46: LATB = 0;
   151  00FBEC  0E00               	movlw	0
   152  00FBEE  6E8A               	movwf	3978,c	;volatile
   153                           
   154                           ;App.c: 50: LATDbits.LATD3 = 0;
   155  00FBF0  968C               	bcf	3980,3,c	;volatile
   156  00FBF2                     l672:
   157                           
   158                           ;App.c: 53: {
   159                           ;App.c: 54: if (PORTAbits.RA5 == 0)
   160  00FBF2  BA80               	btfsc	3968,5,c	;volatile
   161  00FBF4  D002               	goto	l676
   162                           
   163                           ;App.c: 55: {
   164                           ;App.c: 56: LATB = 0b00000001;
   165  00FBF6  0E01               	movlw	1
   166  00FBF8  D001               	goto	L1
   167  00FBFA                     l676:
   168                           
   169                           ;App.c: 58: else
   170                           ;App.c: 59: {
   171                           ;App.c: 60: LATB = 0b00000000;
   172  00FBFA  0E00               	movlw	0
   173  00FBFC                     L1:
   174  00FBFC  6E8A               	movwf	3978,c	;volatile
   175  00FBFE  D7F9               	goto	l672
   176  00FC00                     __end_of_main:
   177                           	opt stack 0
   178  0000                     
   179                           	psect	rparam


Data Sizes:
    Strings     0
    Constant    0
    Data        0
    BSS         0
    Persistent  0
    Stack       0

Auto Spaces:
    Space          Size  Autos    Used
    COMRAM           95      5       5
    BANK0           160      0       0
    BANK1           256      0       0
    BANK2           256      0       0
    BANK3           256      0       0
    BANK4           256      0       0
    BANK5           256      0       0
    BANK6           256      0       0
    BANK7           256      0       0
    BANK8           256      0       0
    BANK9           256      0       0
    BANK10          256      0       0
    BANK11          256      0       0
    BANK12          256      0       0
    BANK13          256      0       0
    BANK14          256      0       0
    BANK15           56      0       0

Pointer List with Targets:

    None.

Critical Paths under _main in COMRAM

    None.

Critical Paths under _main in BANK0

    None.

Critical Paths under _main in BANK1

    None.

Critical Paths under _main in BANK2

    None.

Critical Paths under _main in BANK3

    None.

Critical Paths under _main in BANK4

    None.

Critical Paths under _main in BANK5

    None.

Critical Paths under _main in BANK6

    None.

Critical Paths under _main in BANK7

    None.

Critical Paths under _main in BANK8

    None.

Critical Paths under _main in BANK9

    None.

Critical Paths under _main in BANK10

    None.

Critical Paths under _main in BANK11

    None.

Critical Paths under _main in BANK12

    None.

Critical Paths under _main in BANK13

    None.

Critical Paths under _main in BANK14

    None.

Critical Paths under _main in BANK15

    None.

Call Graph Tables:

 ---------------------------------------------------------------------------------
 (Depth) Function   	        Calls       Base Space   Used Autos Params    Refs
 ---------------------------------------------------------------------------------
 (0) _main                                                 5     0      5       0
                                              0 COMRAM     5     0      5
 ---------------------------------------------------------------------------------
 Estimated maximum stack depth 0
 ---------------------------------------------------------------------------------

 Call Graph Graphs:

 _main (ROOT)

 Address spaces:
Name               Size   Autos  Total    Cost      Usage
BITCOMRAM           5F      0       0       0        0.0%
EEDATA             400      0       0       0        0.0%
NULL                 0      0       0       0        0.0%
CODE                 0      0       0       0        0.0%
COMRAM              5F      5       5       1        5.3%
STACK                0      0       0       2        0.0%
DATA                 0      0       0       3        0.0%
BITBANK0            A0      0       0       4        0.0%
BANK0               A0      0       0       5        0.0%
BITBANK1           100      0       0       6        0.0%
BANK1              100      0       0       7        0.0%
BITBANK2           100      0       0       8        0.0%
BANK2              100      0       0       9        0.0%
BITBANK3           100      0       0      10        0.0%
BANK3              100      0       0      11        0.0%
ABS                  0      0       0      12        0.0%
BITBANK4           100      0       0      13        0.0%
BANK4              100      0       0      14        0.0%
BITBANK5           100      0       0      15        0.0%
BANK5              100      0       0      16        0.0%
BITBANK6           100      0       0      17        0.0%
BANK6              100      0       0      18        0.0%
BITBANK7           100      0       0      19        0.0%
BANK7              100      0       0      20        0.0%
BITBANK8           100      0       0      21        0.0%
BANK8              100      0       0      22        0.0%
BITBANK9           100      0       0      23        0.0%
BANK9              100      0       0      24        0.0%
BITBANK10          100      0       0      25        0.0%
BANK10             100      0       0      26        0.0%
BITBANK11          100      0       0      27        0.0%
BANK11             100      0       0      28        0.0%
BITBANK12          100      0       0      29        0.0%
BANK12             100      0       0      30        0.0%
BITBANK13          100      0       0      31        0.0%
BANK13             100      0       0      32        0.0%
BITBANK14          100      0       0      33        0.0%
BANK14             100      0       0      34        0.0%
BITBANK15           38      0       0      35        0.0%
BANK15              38      0       0      36        0.0%
BIGRAM             F37      0       0      37        0.0%
BITSFR_1             0      0       0      40        0.0%
SFR_1                0      0       0      40        0.0%
BITSFR               0      0       0      40        0.0%
SFR                  0      0       0      40        0.0%


Microchip Technology PIC18 Macro Assembler V1.35 build -356382666 
Symbol Table                                                                                   Thu Feb 11 10:44:19 2016

                    l672 FBF2                      l676 FBFA                     _LATB 000F8A  
                   _main FBBA                     start 0000             ___param_bank 000010  
                  ?_main 0001                    _TRISB 000F93          __initialization FBB4  
           __end_of_main FC00                   ??_main 0006            __activetblptr 000000  
                 _ANSELA 000F38                   _ANSELB 000F39               __accesstop 0060  
__end_of__initialization FBB4            ___rparam_used 000001           __pcstackCOMRAM 0001  
                __Hparam 0000                  __Lparam 0000                  __pcinit FBB4  
                __ramtop 1000                  __ptext0 FBBA     end_of_initialization FBB4  
              _PORTAbits 000F80                _TRISDbits 000F95      start_initialization FBB4  
               _LATBbits 000F8A                 _LATDbits 000F8C                 __Hrparam 0000  
               __Lrparam 0000               _ANSELDbits 000F3B            __size_of_main 0046  
               main@argc 0001                 main@argv 0003  
