

Microchip Technology PIC18 LITE Macro Assembler V1.35 build -356382666 
                                                                                               Fri Feb 12 11:09:45 2016

Microchip Technology Omniscient Code Generator v1.35 (Free mode) build 201507080246
     1                           	processor	18F46K22
     2                           	fnconf	rparam,??,?,0
     3                           	opt	pw 120
     4                           	opt	lm
     5                           	psect	cinit,global,reloc=2,class=CODE,delta=1
     6                           	psect	cstackCOMRAM,global,class=COMRAM,space=1,delta=1
     7                           	psect	text0,global,reloc=2,class=CODE,delta=1
     8                           	psect	text1,global,reloc=2,class=CODE,delta=1
     9                           	psect	text2,global,reloc=2,class=CODE,delta=1
    10                           	psect	intsave_regs,global,class=BIGRAM,space=1,delta=1
    11                           	psect	rparam,global,class=COMRAM,space=1,delta=1
    12  0000                     _ANSELA	set	3896
    13  0000                     _ANSELB	set	3897
    14  0000                     _ANSELDbits	set	3899
    15  0000                     _LATB	set	3978
    16  0000                     _LATDbits	set	3980
    17  0000                     _PORTAbits	set	3968
    18  0000                     _TRISB	set	3987
    19  0000                     _TRISDbits	set	3989
    20                           
    21                           ; #config settings
    22                           
    23                           	psect	cinit
    24  00FBA6                     __pcinit:
    25                           	opt stack 0
    26  00FBA6                     start_initialization:
    27                           	opt stack 0
    28  00FBA6                     __initialization:
    29                           	opt stack 0
    30  00FBA6                     end_of_initialization:
    31                           	opt stack 0
    32  00FBA6                     __end_of__initialization:
    33                           	opt stack 0
    34  00FBA6  0100               	movlb	0
    35  00FBA8  EFDA  F07D         	goto	_main	;jump to C main() function
    36                           
    37                           	psect	cstackCOMRAM
    38  000001                     __pcstackCOMRAM:
    39                           	opt stack 0
    40  000001                     Leds_Inicializacao@Valor:
    41                           	opt stack 0
    42                           
    43                           ; 1 bytes @ 0x0
    44  000001                     	ds	1
    45  000002                     
    46                           ; 2 bytes @ 0x1
    47  000002                     	ds	2
    48  000004                     
    49                           ; 3 bytes @ 0x3
    50  000004                     	ds	3
    51  000007                     
    52                           ; 0 bytes @ 0x6
    53 ;;
    54 ;;Main: autosize = 0, tempsize = 0, incstack = 0, save=0
    55 ;;
    56 ;; *************** function _main *****************
    57 ;; Defined at:
    58 ;;		line 32 in file "App.c"
    59 ;; Parameters:    Size  Location     Type
    60 ;;  argc            2    1[COMRAM] int 
    61 ;;  argv            3    3[COMRAM] PTR PTR unsigned char 
    62 ;; Auto vars:     Size  Location     Type
    63 ;;		None
    64 ;; Return value:  Size  Location     Type
    65 ;;                  2    1[COMRAM] int 
    66 ;; Registers used:
    67 ;;		wreg, status,2, cstack
    68 ;; Tracked objects:
    69 ;;		On entry : 0/0
    70 ;;		On exit  : 0/0
    71 ;;		Unchanged: 0/0
    72 ;; Data sizes:     COMRAM   BANK0   BANK1   BANK2   BANK3   BANK4   BANK5   BANK6   BANK7   BANK8   BANK9  BANK10  BANK1
      +1  BANK12  BANK13  BANK14  BANK15
    73 ;;      Params:         5       0       0       0       0       0       0       0       0       0       0       0       
      +0       0       0       0       0
    74 ;;      Locals:         0       0       0       0       0       0       0       0       0       0       0       0       
      +0       0       0       0       0
    75 ;;      Temps:          0       0       0       0       0       0       0       0       0       0       0       0       
      +0       0       0       0       0
    76 ;;      Totals:         5       0       0       0       0       0       0       0       0       0       0       0       
      +0       0       0       0       0
    77 ;;Total ram usage:        5 bytes
    78 ;; Hardware stack levels required when called:    1
    79 ;; This function calls:
    80 ;;		_Leds_Inicializacao
    81 ;;		_Teclado_Inicializacao
    82 ;; This function is called by:
    83 ;;		Startup code after reset
    84 ;; This function uses a non-reentrant model
    85 ;;
    86                           
    87                           	psect	text0
    88  00FBB4                     __ptext0:
    89                           	opt stack 0
    90  00FBB4                     _main:
    91                           	opt stack 30
    92                           
    93                           ;App.c: 34: Leds_Inicializacao(0);
    94                           
    95                           ;incstack = 0
    96  00FBB4  0E00               	movlw	0
    97  00FBB6  ECE6  F07D         	call	_Leds_Inicializacao
    98                           
    99                           ;App.c: 35: Teclado_Inicializacao();
   100  00FBBA  ECD6  F07D         	call	_Teclado_Inicializacao	;wreg free
   101  00FBBE                     l666:
   102                           
   103                           ;App.c: 38: {
   104                           ;App.c: 39: if (PORTAbits.RA3 == 0)
   105  00FBBE  B680               	btfsc	3968,3,c	;volatile
   106  00FBC0  D002               	goto	l670
   107                           
   108                           ;App.c: 40: {
   109                           ;App.c: 41: LATB = 0b00001111;
   110  00FBC2  0E0F               	movlw	15
   111  00FBC4  D001               	goto	L1
   112  00FBC6                     l670:
   113                           
   114                           ;App.c: 43: else
   115                           ;App.c: 44: {
   116                           ;App.c: 45: LATB = 0b11110000;
   117  00FBC6  0EF0               	movlw	240
   118  00FBC8                     L1:
   119  00FBC8  6E8A               	movwf	3978,c	;volatile
   120  00FBCA  D7F9               	goto	l666
   121  00FBCC                     __end_of_main:
   122                           	opt stack 0
   123                           
   124 ;; *************** function _Teclado_Inicializacao *****************
   125 ;; Defined at:
   126 ;;		line 97 in file "App.c"
   127 ;; Parameters:    Size  Location     Type
   128 ;;		None
   129 ;; Auto vars:     Size  Location     Type
   130 ;;		None
   131 ;; Return value:  Size  Location     Type
   132 ;;		None               void
   133 ;; Registers used:
   134 ;;		wreg, status,2
   135 ;; Tracked objects:
   136 ;;		On entry : 0/0
   137 ;;		On exit  : 0/0
   138 ;;		Unchanged: 0/0
   139 ;; Data sizes:     COMRAM   BANK0   BANK1   BANK2   BANK3   BANK4   BANK5   BANK6   BANK7   BANK8   BANK9  BANK10  BANK1
      +1  BANK12  BANK13  BANK14  BANK15
   140 ;;      Params:         0       0       0       0       0       0       0       0       0       0       0       0       
      +0       0       0       0       0
   141 ;;      Locals:         0       0       0       0       0       0       0       0       0       0       0       0       
      +0       0       0       0       0
   142 ;;      Temps:          0       0       0       0       0       0       0       0       0       0       0       0       
      +0       0       0       0       0
   143 ;;      Totals:         0       0       0       0       0       0       0       0       0       0       0       0       
      +0       0       0       0       0
   144 ;;Total ram usage:        0 bytes
   145 ;; Hardware stack levels used:    1
   146 ;; This function calls:
   147 ;;		Nothing
   148 ;; This function is called by:
   149 ;;		_main
   150 ;; This function uses a non-reentrant model
   151 ;;
   152                           
   153                           	psect	text1
   154  00FBAC                     __ptext1:
   155                           	opt stack 0
   156  00FBAC                     _Teclado_Inicializacao:
   157                           	opt stack 30
   158                           
   159                           ;App.c: 99: ANSELA = 0b00000100;
   160                           
   161                           ;incstack = 0
   162  00FBAC  0E04               	movlw	4
   163  00FBAE  010F               	movlb	15	; () banked
   164  00FBB0  6F38               	movwf	56,b	;volatile
   165                           
   166                           ; BSR set to: 15
   167  00FBB2  0012               	return		;funcret
   168  00FBB4                     __end_of_Teclado_Inicializacao:
   169                           	opt stack 0
   170                           
   171 ;; *************** function _Leds_Inicializacao *****************
   172 ;; Defined at:
   173 ;;		line 58 in file "App.c"
   174 ;; Parameters:    Size  Location     Type
   175 ;;  Valor           1    wreg     unsigned char 
   176 ;; Auto vars:     Size  Location     Type
   177 ;;  Valor           1    0[COMRAM] unsigned char 
   178 ;; Return value:  Size  Location     Type
   179 ;;		None               void
   180 ;; Registers used:
   181 ;;		wreg, status,2
   182 ;; Tracked objects:
   183 ;;		On entry : 0/0
   184 ;;		On exit  : 0/0
   185 ;;		Unchanged: 0/0
   186 ;; Data sizes:     COMRAM   BANK0   BANK1   BANK2   BANK3   BANK4   BANK5   BANK6   BANK7   BANK8   BANK9  BANK10  BANK1
      +1  BANK12  BANK13  BANK14  BANK15
   187 ;;      Params:         0       0       0       0       0       0       0       0       0       0       0       0       
      +0       0       0       0       0
   188 ;;      Locals:         1       0       0       0       0       0       0       0       0       0       0       0       
      +0       0       0       0       0
   189 ;;      Temps:          0       0       0       0       0       0       0       0       0       0       0       0       
      +0       0       0       0       0
   190 ;;      Totals:         1       0       0       0       0       0       0       0       0       0       0       0       
      +0       0       0       0       0
   191 ;;Total ram usage:        1 bytes
   192 ;; Hardware stack levels used:    1
   193 ;; This function calls:
   194 ;;		Nothing
   195 ;; This function is called by:
   196 ;;		_main
   197 ;; This function uses a non-reentrant model
   198 ;;
   199                           
   200                           	psect	text2
   201  00FBCC                     __ptext2:
   202                           	opt stack 0
   203  00FBCC                     _Leds_Inicializacao:
   204                           	opt stack 30
   205                           
   206                           ; BSR set to: 15
   207                           ;incstack = 0
   208                           ;Leds_Inicializacao@Valor stored from wreg
   209  00FBCC  6E01               	movwf	Leds_Inicializacao@Valor,c
   210                           
   211                           ;App.c: 62: LATDbits.LATD3 = 1;
   212  00FBCE  868C               	bsf	3980,3,c	;volatile
   213                           
   214                           ;App.c: 63: TRISDbits.TRISD3 = 0;
   215  00FBD0  9695               	bcf	3989,3,c	;volatile
   216                           
   217                           ;App.c: 64: ANSELDbits.ANSD3 = 0;
   218  00FBD2  010F               	movlb	15	; () banked
   219  00FBD4  973B               	bcf	59,3,b	;volatile
   220                           
   221                           ;App.c: 68: LATDbits.LATD2 = 0;
   222  00FBD6  948C               	bcf	3980,2,c	;volatile
   223                           
   224                           ;App.c: 69: TRISDbits.TRISD2 = 0;
   225  00FBD8  9495               	bcf	3989,2,c	;volatile
   226                           
   227                           ;App.c: 70: ANSELDbits.ANSD2 = 0;
   228  00FBDA  010F               	movlb	15	; () banked
   229  00FBDC  953B               	bcf	59,2,b	;volatile
   230                           
   231                           ; BSR set to: 15
   232                           ;App.c: 73: LATB = 0b01000000;
   233  00FBDE  0E40               	movlw	64
   234  00FBE0  6E8A               	movwf	3978,c	;volatile
   235                           
   236                           ;App.c: 74: TRISB = 0;
   237  00FBE2  0E00               	movlw	0
   238  00FBE4  6E93               	movwf	3987,c	;volatile
   239                           
   240                           ;App.c: 75: ANSELB = 0;
   241  00FBE6  0E00               	movlw	0
   242  00FBE8  010F               	movlb	15	; () banked
   243  00FBEA  6F39               	movwf	57,b	;volatile
   244                           
   245                           ; BSR set to: 15
   246                           ;App.c: 78: LATDbits.LATD2 = 1;
   247  00FBEC  848C               	bsf	3980,2,c	;volatile
   248                           
   249                           ; BSR set to: 15
   250                           ;App.c: 79: __nop();
   251  00FBEE  F000               	nop	
   252                           
   253                           ;App.c: 80: __nop();
   254  00FBF0  F000               	nop	
   255                           
   256                           ;App.c: 81: __nop();
   257  00FBF2  F000               	nop	
   258                           
   259                           ;App.c: 82: __nop();
   260  00FBF4  F000               	nop	
   261                           
   262                           ;App.c: 83: LATDbits.LATD2 = 0;
   263  00FBF6  948C               	bcf	3980,2,c	;volatile
   264                           
   265                           ;App.c: 86: LATB = Valor;
   266  00FBF8  C001  FF8A         	movff	Leds_Inicializacao@Valor,3978	;volatile
   267                           
   268                           ;App.c: 89: LATDbits.LATD3 = 0;
   269  00FBFC  968C               	bcf	3980,3,c	;volatile
   270  00FBFE  0012               	return		;funcret
   271  00FC00                     __end_of_Leds_Inicializacao:
   272                           	opt stack 0
   273  0000                     
   274                           	psect	rparam


Data Sizes:
    Strings     0
    Constant    0
    Data        0
    BSS         0
    Persistent  0
    Stack       0

Auto Spaces:
    Space          Size  Autos    Used
    COMRAM           95      6       6
    BANK0           160      0       0
    BANK1           256      0       0
    BANK2           256      0       0
    BANK3           256      0       0
    BANK4           256      0       0
    BANK5           256      0       0
    BANK6           256      0       0
    BANK7           256      0       0
    BANK8           256      0       0
    BANK9           256      0       0
    BANK10          256      0       0
    BANK11          256      0       0
    BANK12          256      0       0
    BANK13          256      0       0
    BANK14          256      0       0
    BANK15           56      0       0

Pointer List with Targets:

    None.

Critical Paths under _main in COMRAM

    _main->_Leds_Inicializacao

Critical Paths under _main in BANK0

    None.

Critical Paths under _main in BANK1

    None.

Critical Paths under _main in BANK2

    None.

Critical Paths under _main in BANK3

    None.

Critical Paths under _main in BANK4

    None.

Critical Paths under _main in BANK5

    None.

Critical Paths under _main in BANK6

    None.

Critical Paths under _main in BANK7

    None.

Critical Paths under _main in BANK8

    None.

Critical Paths under _main in BANK9

    None.

Critical Paths under _main in BANK10

    None.

Critical Paths under _main in BANK11

    None.

Critical Paths under _main in BANK12

    None.

Critical Paths under _main in BANK13

    None.

Critical Paths under _main in BANK14

    None.

Critical Paths under _main in BANK15

    None.

Call Graph Tables:

 ---------------------------------------------------------------------------------
 (Depth) Function   	        Calls       Base Space   Used Autos Params    Refs
 ---------------------------------------------------------------------------------
 (0) _main                                                 5     0      5      15
                                              1 COMRAM     5     0      5
                 _Leds_Inicializacao
              _Teclado_Inicializacao
 ---------------------------------------------------------------------------------
 (1) _Teclado_Inicializacao                                0     0      0       0
 ---------------------------------------------------------------------------------
 (1) _Leds_Inicializacao                                   1     1      0      15
                                              0 COMRAM     1     1      0
 ---------------------------------------------------------------------------------
 Estimated maximum stack depth 1
 ---------------------------------------------------------------------------------

 Call Graph Graphs:

 _main (ROOT)
   _Leds_Inicializacao
   _Teclado_Inicializacao

 Address spaces:
Name               Size   Autos  Total    Cost      Usage
BITCOMRAM           5F      0       0       0        0.0%
EEDATA             400      0       0       0        0.0%
NULL                 0      0       0       0        0.0%
CODE                 0      0       0       0        0.0%
COMRAM              5F      6       6       1        6.3%
STACK                0      0       0       2        0.0%
DATA                 0      0       0       3        0.0%
BITBANK0            A0      0       0       4        0.0%
BANK0               A0      0       0       5        0.0%
BITBANK1           100      0       0       6        0.0%
BANK1              100      0       0       7        0.0%
BITBANK2           100      0       0       8        0.0%
BANK2              100      0       0       9        0.0%
BITBANK3           100      0       0      10        0.0%
BANK3              100      0       0      11        0.0%
ABS                  0      0       0      12        0.0%
BITBANK4           100      0       0      13        0.0%
BANK4              100      0       0      14        0.0%
BITBANK5           100      0       0      15        0.0%
BANK5              100      0       0      16        0.0%
BITBANK6           100      0       0      17        0.0%
BANK6              100      0       0      18        0.0%
BITBANK7           100      0       0      19        0.0%
BANK7              100      0       0      20        0.0%
BITBANK8           100      0       0      21        0.0%
BANK8              100      0       0      22        0.0%
BITBANK9           100      0       0      23        0.0%
BANK9              100      0       0      24        0.0%
BITBANK10          100      0       0      25        0.0%
BANK10             100      0       0      26        0.0%
BITBANK11          100      0       0      27        0.0%
BANK11             100      0       0      28        0.0%
BITBANK12          100      0       0      29        0.0%
BANK12             100      0       0      30        0.0%
BITBANK13          100      0       0      31        0.0%
BANK13             100      0       0      32        0.0%
BITBANK14          100      0       0      33        0.0%
BANK14             100      0       0      34        0.0%
BITBANK15           38      0       0      35        0.0%
BANK15              38      0       0      36        0.0%
BIGRAM             F37      0       0      37        0.0%
BITSFR_1             0      0       0      40        0.0%
SFR_1                0      0       0      40        0.0%
BITSFR               0      0       0      40        0.0%
SFR                  0      0       0      40        0.0%


Microchip Technology PIC18 Macro Assembler V1.35 build -356382666 
Symbol Table                                                                                   Fri Feb 12 11:09:45 2016

                           l670 FBC6                             l666 FBBE                            _LATB 000F8A  
                          _main FBB4                            start 0000                    ___param_bank 000010  
                         ?_main 0002                           _TRISB 000F93              _Leds_Inicializacao FBCC  
           ?_Leds_Inicializacao 0001                 __initialization FBA6                    __end_of_main FBCC  
                        ??_main 0007                   __activetblptr 000000            ??_Leds_Inicializacao 0001  
                        _ANSELA 000F38                          _ANSELB 000F39           _Teclado_Inicializacao FBAC  
                    __accesstop 0060         __end_of__initialization FBA6                   ___rparam_used 000001  
                __pcstackCOMRAM 0001          ?_Teclado_Inicializacao 0001                         __Hparam 0000  
                       __Lparam 0000                         __pcinit FBA6                         __ramtop 1000  
                       __ptext0 FBB4                         __ptext1 FBAC                         __ptext2 FBCC  
          end_of_initialization FBA6                       _PORTAbits 000F80     __size_of_Leds_Inicializacao 0034  
                     _TRISDbits 000F95             start_initialization FBA6         ??_Teclado_Inicializacao 0001  
       Leds_Inicializacao@Valor 0001                        _LATDbits 000F8C                        __Hrparam 0000  
                      __Lrparam 0000      __end_of_Leds_Inicializacao FC00                      _ANSELDbits 000F3B  
__size_of_Teclado_Inicializacao 0008   __end_of_Teclado_Inicializacao FBB4                   __size_of_main 0018  
                      main@argc 0002                        main@argv 0004  
