

Microchip Technology PIC18 LITE Macro Assembler V1.36 build -262312587 
                                                                                               Wed Jun 22 07:52:24 2016

Microchip Technology Omniscient Code Generator v1.36 (Free mode) build 201601150325
     1                           	processor	18F46K22
     2                           	fnconf	rparam,??,?,0
     3                           	opt	pw 120
     4                           	opt	lm
     5                           	psect	cinit,global,reloc=2,class=CODE,delta=1
     6                           	psect	cstackCOMRAM,global,class=COMRAM,space=1,delta=1
     7                           	psect	text0,global,reloc=2,class=CODE,delta=1
     8                           	psect	text1,global,reloc=2,class=CODE,delta=1
     9                           	psect	text2,global,reloc=2,class=CODE,delta=1
    10                           	psect	text3,global,reloc=2,class=CODE,delta=1
    11                           	psect	text4,global,reloc=2,class=CODE,delta=1
    12                           	psect	intsave_regs,global,class=BIGRAM,space=1,delta=1
    13                           	psect	rparam,global,class=COMRAM,space=1,delta=1
    14  0000                     _ANSELA	set	3896
    15  0000                     _ANSELB	set	3897
    16  0000                     _ANSELDbits	set	3899
    17  0000                     _LATB	set	3978
    18  0000                     _LATDbits	set	3980
    19  0000                     _PORTAbits	set	3968
    20  0000                     _TRISB	set	3987
    21  0000                     _TRISDbits	set	3989
    22                           
    23                           ; #config settings
    24                           
    25                           	psect	cinit
    26  00FB5A                     __pcinit:
    27                           	opt stack 0
    28  00FB5A                     start_initialization:
    29                           	opt stack 0
    30  00FB5A                     __initialization:
    31                           	opt stack 0
    32  00FB5A                     end_of_initialization:
    33                           	opt stack 0
    34  00FB5A                     __end_of__initialization:
    35                           	opt stack 0
    36  00FB5A  0100               	movlb	0
    37  00FB5C  EFD9  F07D         	goto	_main	;jump to C main() function
    38                           
    39                           	psect	cstackCOMRAM
    40  000001                     __pcstackCOMRAM:
    41                           	opt stack 0
    42  000001                     Display_LigaDigito@Caractere:
    43                           	opt stack 0
    44  000001                     Display_ExibeCaractere@Caractere:
    45                           	opt stack 0
    46                           
    47                           ; 1 bytes @ 0x0
    48  000001                     	ds	1
    49  000002                     Display_LigaDigito@CodigoDoDigito:
    50                           	opt stack 0
    51                           
    52                           ; 1 bytes @ 0x1
    53  000002                     	ds	1
    54  000003                     
    55                           ; 1 bytes @ 0x2
    56 ;;
    57 ;;Main: autosize = 0, tempsize = 0, incstack = 0, save=0
    58 ;;
    59 ;; *************** function _main *****************
    60 ;; Defined at:
    61 ;;		line 14 in file "App.c"
    62 ;; Parameters:    Size  Location     Type
    63 ;;		None
    64 ;; Auto vars:     Size  Location     Type
    65 ;;		None
    66 ;; Return value:  Size  Location     Type
    67 ;;                  1    wreg      void 
    68 ;; Registers used:
    69 ;;		wreg, status,2, cstack
    70 ;; Tracked objects:
    71 ;;		On entry : 0/0
    72 ;;		On exit  : 0/0
    73 ;;		Unchanged: 0/0
    74 ;; Data sizes:     COMRAM   BANK0   BANK1   BANK2   BANK3   BANK4   BANK5   BANK6   BANK7   BANK8   BANK9  BANK10  BANK1
      +1  BANK12  BANK13  BANK14  BANK15
    75 ;;      Params:         0       0       0       0       0       0       0       0       0       0       0       0       
      +0       0       0       0       0
    76 ;;      Locals:         0       0       0       0       0       0       0       0       0       0       0       0       
      +0       0       0       0       0
    77 ;;      Temps:          0       0       0       0       0       0       0       0       0       0       0       0       
      +0       0       0       0       0
    78 ;;      Totals:         0       0       0       0       0       0       0       0       0       0       0       0       
      +0       0       0       0       0
    79 ;;Total ram usage:        0 bytes
    80 ;; Hardware stack levels required when called:    2
    81 ;; This function calls:
    82 ;;		_Display_ExibeCaractere
    83 ;;		_Display_Inicializacao
    84 ;;		_Display_LigaDigito
    85 ;;		_Teclado_Inicializacao
    86 ;; This function is called by:
    87 ;;		Startup code after reset
    88 ;; This function uses a non-reentrant model
    89 ;;
    90                           
    91                           	psect	text0
    92  00FBB2                     __ptext0:
    93                           	opt stack 0
    94  00FBB2                     _main:
    95                           	opt stack 29
    96                           
    97                           ;App.c: 16: Display_Inicializacao();
    98                           
    99                           ;incstack = 0
   100  00FBB2  ECC4  F07D         	call	_Display_Inicializacao	;wreg free
   101                           
   102                           ;App.c: 17: Teclado_Inicializacao();
   103  00FBB6  ECB4  F07D         	call	_Teclado_Inicializacao	;wreg free
   104                           
   105                           ;App.c: 18: Display_LigaDigito(0b00000100,0b00000000);
   106  00FBBA  0E00               	movlw	0
   107  00FBBC  6E01               	movwf	Display_LigaDigito@Caractere,c
   108  00FBBE  0E04               	movlw	4
   109  00FBC0  ECB8  F07D         	call	_Display_LigaDigito
   110  00FBC4                     l717:
   111                           
   112                           ;App.c: 22: {
   113                           ;App.c: 23: if(PORTAbits.RA0 == 0)Display_ExibeCaractere(0b00000110);
   114  00FBC4  B080               	btfsc	3968,0,c	;volatile
   115  00FBC6  D004               	goto	l14
   116  00FBC8  0E06               	movlw	6
   117  00FBCA  ECB0  F07D         	call	_Display_ExibeCaractere
   118  00FBCE  D7FA               	goto	l717
   119  00FBD0                     l14:
   120                           
   121                           ;App.c: 24: else if(PORTAbits.RA1 == 0)Display_ExibeCaractere(0b01011011);
   122  00FBD0  B280               	btfsc	3968,1,c	;volatile
   123  00FBD2  D004               	goto	l16
   124  00FBD4  0E5B               	movlw	91
   125  00FBD6  ECB0  F07D         	call	_Display_ExibeCaractere
   126  00FBDA  D7F4               	goto	l717
   127  00FBDC                     l16:
   128                           
   129                           ;App.c: 25: else if(PORTAbits.RA3 == 0)Display_ExibeCaractere(0b01001111);
   130  00FBDC  B680               	btfsc	3968,3,c	;volatile
   131  00FBDE  D004               	goto	l18
   132  00FBE0  0E4F               	movlw	79
   133  00FBE2  ECB0  F07D         	call	_Display_ExibeCaractere
   134  00FBE6  D7EE               	goto	l717
   135  00FBE8                     l18:
   136                           
   137                           ;App.c: 26: else if(PORTAbits.RA4 == 0)Display_ExibeCaractere(0b01100110);
   138  00FBE8  B880               	btfsc	3968,4,c	;volatile
   139  00FBEA  D004               	goto	l20
   140  00FBEC  0E66               	movlw	102
   141  00FBEE  ECB0  F07D         	call	_Display_ExibeCaractere
   142  00FBF2  D7E8               	goto	l717
   143  00FBF4                     l20:
   144                           
   145                           ;App.c: 27: else if(PORTAbits.RA5 == 0)Display_ExibeCaractere(0b01101101);
   146  00FBF4  BA80               	btfsc	3968,5,c	;volatile
   147  00FBF6  D7E6               	goto	l717
   148  00FBF8  0E6D               	movlw	109
   149  00FBFA  ECB0  F07D         	call	_Display_ExibeCaractere
   150  00FBFE  D7E2               	goto	l717
   151  00FC00                     __end_of_main:
   152                           	opt stack 0
   153                           
   154 ;; *************** function _Teclado_Inicializacao *****************
   155 ;; Defined at:
   156 ;;		line 24 in file "Teclado.c"
   157 ;; Parameters:    Size  Location     Type
   158 ;;		None
   159 ;; Auto vars:     Size  Location     Type
   160 ;;		None
   161 ;; Return value:  Size  Location     Type
   162 ;;                  1    wreg      void 
   163 ;; Registers used:
   164 ;;		wreg, status,2
   165 ;; Tracked objects:
   166 ;;		On entry : 0/0
   167 ;;		On exit  : 0/0
   168 ;;		Unchanged: 0/0
   169 ;; Data sizes:     COMRAM   BANK0   BANK1   BANK2   BANK3   BANK4   BANK5   BANK6   BANK7   BANK8   BANK9  BANK10  BANK1
      +1  BANK12  BANK13  BANK14  BANK15
   170 ;;      Params:         0       0       0       0       0       0       0       0       0       0       0       0       
      +0       0       0       0       0
   171 ;;      Locals:         0       0       0       0       0       0       0       0       0       0       0       0       
      +0       0       0       0       0
   172 ;;      Temps:          0       0       0       0       0       0       0       0       0       0       0       0       
      +0       0       0       0       0
   173 ;;      Totals:         0       0       0       0       0       0       0       0       0       0       0       0       
      +0       0       0       0       0
   174 ;;Total ram usage:        0 bytes
   175 ;; Hardware stack levels used:    1
   176 ;; This function calls:
   177 ;;		Nothing
   178 ;; This function is called by:
   179 ;;		_main
   180 ;; This function uses a non-reentrant model
   181 ;;
   182                           
   183                           	psect	text1
   184  00FB68                     __ptext1:
   185                           	opt stack 0
   186  00FB68                     _Teclado_Inicializacao:
   187                           	opt stack 30
   188                           
   189                           ;Teclado.c: 26: ANSELA = 0;
   190                           
   191                           ;incstack = 0
   192  00FB68  0E00               	movlw	0
   193  00FB6A  010F               	movlb	15	; () banked
   194  00FB6C  6F38               	movwf	56,b	;volatile
   195                           
   196                           ; BSR set to: 15
   197  00FB6E  0012               	return		;funcret
   198  00FB70                     __end_of_Teclado_Inicializacao:
   199                           	opt stack 0
   200                           
   201 ;; *************** function _Display_Inicializacao *****************
   202 ;; Defined at:
   203 ;;		line 29 in file "Display de Leds.c"
   204 ;; Parameters:    Size  Location     Type
   205 ;;		None
   206 ;; Auto vars:     Size  Location     Type
   207 ;;		None
   208 ;; Return value:  Size  Location     Type
   209 ;;                  1    wreg      void 
   210 ;; Registers used:
   211 ;;		wreg, status,2, cstack
   212 ;; Tracked objects:
   213 ;;		On entry : 0/0
   214 ;;		On exit  : 0/0
   215 ;;		Unchanged: 0/0
   216 ;; Data sizes:     COMRAM   BANK0   BANK1   BANK2   BANK3   BANK4   BANK5   BANK6   BANK7   BANK8   BANK9  BANK10  BANK1
      +1  BANK12  BANK13  BANK14  BANK15
   217 ;;      Params:         0       0       0       0       0       0       0       0       0       0       0       0       
      +0       0       0       0       0
   218 ;;      Locals:         0       0       0       0       0       0       0       0       0       0       0       0       
      +0       0       0       0       0
   219 ;;      Temps:          0       0       0       0       0       0       0       0       0       0       0       0       
      +0       0       0       0       0
   220 ;;      Totals:         0       0       0       0       0       0       0       0       0       0       0       0       
      +0       0       0       0       0
   221 ;;Total ram usage:        0 bytes
   222 ;; Hardware stack levels used:    1
   223 ;; Hardware stack levels required when called:    1
   224 ;; This function calls:
   225 ;;		_Display_LigaDigito
   226 ;; This function is called by:
   227 ;;		_main
   228 ;; This function uses a non-reentrant model
   229 ;;
   230                           
   231                           	psect	text2
   232  00FB88                     __ptext2:
   233                           	opt stack 0
   234  00FB88                     _Display_Inicializacao:
   235                           	opt stack 29
   236                           
   237                           ;Display de Leds.c: 32: ANSELDbits.ANSD3 = 0;
   238                           
   239                           ; BSR set to: 15
   240                           ;incstack = 0
   241  00FB88  010F               	movlb	15	; () banked
   242  00FB8A  973B               	bcf	59,3,b	;volatile
   243                           
   244                           ;Display de Leds.c: 33: LATDbits.LATD3 = 1;
   245  00FB8C  868C               	bsf	3980,3,c	;volatile
   246                           
   247                           ;Display de Leds.c: 34: TRISDbits.TRISD3 = 0;
   248  00FB8E  9695               	bcf	3989,3,c	;volatile
   249                           
   250                           ;Display de Leds.c: 37: ANSELDbits.ANSD2 = 0;
   251  00FB90  010F               	movlb	15	; () banked
   252  00FB92  953B               	bcf	59,2,b	;volatile
   253                           
   254                           ;Display de Leds.c: 38: LATDbits.LATD2 = 0;
   255  00FB94  948C               	bcf	3980,2,c	;volatile
   256                           
   257                           ;Display de Leds.c: 39: TRISDbits.TRISD2 = 0;
   258  00FB96  9495               	bcf	3989,2,c	;volatile
   259                           
   260                           ; BSR set to: 15
   261                           ;Display de Leds.c: 42: ANSELB = 0;
   262  00FB98  0E00               	movlw	0
   263  00FB9A  010F               	movlb	15	; () banked
   264  00FB9C  6F39               	movwf	57,b	;volatile
   265                           
   266                           ;Display de Leds.c: 43: LATB = 0;
   267  00FB9E  0E00               	movlw	0
   268  00FBA0  6E8A               	movwf	3978,c	;volatile
   269                           
   270                           ;Display de Leds.c: 44: TRISB = 0;
   271  00FBA2  0E00               	movlw	0
   272  00FBA4  6E93               	movwf	3987,c	;volatile
   273                           
   274                           ; BSR set to: 15
   275                           ;Display de Leds.c: 47: Display_LigaDigito (0,0);
   276  00FBA6  0E00               	movlw	0
   277  00FBA8  6E01               	movwf	Display_LigaDigito@Caractere,c
   278  00FBAA  0E00               	movlw	0
   279  00FBAC  ECB8  F07D         	call	_Display_LigaDigito
   280  00FBB0  0012               	return		;funcret
   281  00FBB2                     __end_of_Display_Inicializacao:
   282                           	opt stack 0
   283                           
   284 ;; *************** function _Display_LigaDigito *****************
   285 ;; Defined at:
   286 ;;		line 61 in file "Display de Leds.c"
   287 ;; Parameters:    Size  Location     Type
   288 ;;  CodigoDoDigi    1    wreg     unsigned char 
   289 ;;  Caractere       1    0[COMRAM] unsigned char 
   290 ;; Auto vars:     Size  Location     Type
   291 ;;  CodigoDoDigi    1    1[COMRAM] unsigned char 
   292 ;; Return value:  Size  Location     Type
   293 ;;                  1    wreg      void 
   294 ;; Registers used:
   295 ;;		wreg
   296 ;; Tracked objects:
   297 ;;		On entry : 0/0
   298 ;;		On exit  : 0/0
   299 ;;		Unchanged: 0/0
   300 ;; Data sizes:     COMRAM   BANK0   BANK1   BANK2   BANK3   BANK4   BANK5   BANK6   BANK7   BANK8   BANK9  BANK10  BANK1
      +1  BANK12  BANK13  BANK14  BANK15
   301 ;;      Params:         1       0       0       0       0       0       0       0       0       0       0       0       
      +0       0       0       0       0
   302 ;;      Locals:         1       0       0       0       0       0       0       0       0       0       0       0       
      +0       0       0       0       0
   303 ;;      Temps:          0       0       0       0       0       0       0       0       0       0       0       0       
      +0       0       0       0       0
   304 ;;      Totals:         2       0       0       0       0       0       0       0       0       0       0       0       
      +0       0       0       0       0
   305 ;;Total ram usage:        2 bytes
   306 ;; Hardware stack levels used:    1
   307 ;; This function calls:
   308 ;;		Nothing
   309 ;; This function is called by:
   310 ;;		_main
   311 ;;		_Display_Inicializacao
   312 ;; This function uses a non-reentrant model
   313 ;;
   314                           
   315                           	psect	text3
   316  00FB70                     __ptext3:
   317                           	opt stack 0
   318  00FB70                     _Display_LigaDigito:
   319                           	opt stack 30
   320                           
   321                           ;incstack = 0
   322                           ;Display_LigaDigito@CodigoDoDigito stored from wreg
   323  00FB70  6E02               	movwf	Display_LigaDigito@CodigoDoDigito,c
   324                           
   325                           ;Display de Leds.c: 63: LATDbits.LATD3 = 1;
   326  00FB72  868C               	bsf	3980,3,c	;volatile
   327                           
   328                           ;Display de Leds.c: 65: LATB = CodigoDoDigito;
   329  00FB74  C002  FF8A         	movff	Display_LigaDigito@CodigoDoDigito,3978	;volatile
   330                           
   331                           ;Display de Leds.c: 66: LATDbits.LATD2 = 1;
   332  00FB78  848C               	bsf	3980,2,c	;volatile
   333                           
   334                           ;Display de Leds.c: 67: __nop();
   335  00FB7A  F000               	nop	
   336                           
   337                           ;Display de Leds.c: 68: __nop();
   338  00FB7C  F000               	nop	
   339                           
   340                           ;Display de Leds.c: 69: LATDbits.LATD2 = 0;
   341  00FB7E  948C               	bcf	3980,2,c	;volatile
   342                           
   343                           ;Display de Leds.c: 71: LATB = Caractere;
   344  00FB80  C001  FF8A         	movff	Display_LigaDigito@Caractere,3978	;volatile
   345                           
   346                           ;Display de Leds.c: 72: LATDbits.LATD3 = 0;
   347  00FB84  968C               	bcf	3980,3,c	;volatile
   348  00FB86  0012               	return		;funcret
   349  00FB88                     __end_of_Display_LigaDigito:
   350                           	opt stack 0
   351                           
   352 ;; *************** function _Display_ExibeCaractere *****************
   353 ;; Defined at:
   354 ;;		line 80 in file "Display de Leds.c"
   355 ;; Parameters:    Size  Location     Type
   356 ;;  Caractere       1    wreg     unsigned char 
   357 ;; Auto vars:     Size  Location     Type
   358 ;;  Caractere       1    0[COMRAM] unsigned char 
   359 ;; Return value:  Size  Location     Type
   360 ;;                  1    wreg      void 
   361 ;; Registers used:
   362 ;;		wreg
   363 ;; Tracked objects:
   364 ;;		On entry : 0/0
   365 ;;		On exit  : 0/0
   366 ;;		Unchanged: 0/0
   367 ;; Data sizes:     COMRAM   BANK0   BANK1   BANK2   BANK3   BANK4   BANK5   BANK6   BANK7   BANK8   BANK9  BANK10  BANK1
      +1  BANK12  BANK13  BANK14  BANK15
   368 ;;      Params:         0       0       0       0       0       0       0       0       0       0       0       0       
      +0       0       0       0       0
   369 ;;      Locals:         1       0       0       0       0       0       0       0       0       0       0       0       
      +0       0       0       0       0
   370 ;;      Temps:          0       0       0       0       0       0       0       0       0       0       0       0       
      +0       0       0       0       0
   371 ;;      Totals:         1       0       0       0       0       0       0       0       0       0       0       0       
      +0       0       0       0       0
   372 ;;Total ram usage:        1 bytes
   373 ;; Hardware stack levels used:    1
   374 ;; This function calls:
   375 ;;		Nothing
   376 ;; This function is called by:
   377 ;;		_main
   378 ;; This function uses a non-reentrant model
   379 ;;
   380                           
   381                           	psect	text4
   382  00FB60                     __ptext4:
   383                           	opt stack 0
   384  00FB60                     _Display_ExibeCaractere:
   385                           	opt stack 30
   386                           
   387                           ;incstack = 0
   388                           ;Display_ExibeCaractere@Caractere stored from wreg
   389  00FB60  6E01               	movwf	Display_ExibeCaractere@Caractere,c
   390                           
   391                           ;Display de Leds.c: 82: LATB = Caractere;
   392  00FB62  C001  FF8A         	movff	Display_ExibeCaractere@Caractere,3978	;volatile
   393  00FB66  0012               	return		;funcret
   394  00FB68                     __end_of_Display_ExibeCaractere:
   395                           	opt stack 0
   396  0000                     
   397                           	psect	rparam


Data Sizes:
    Strings     0
    Constant    0
    Data        0
    BSS         0
    Persistent  0
    Stack       0

Auto Spaces:
    Space          Size  Autos    Used
    COMRAM           95      2       2
    BANK0           160      0       0
    BANK1           256      0       0
    BANK2           256      0       0
    BANK3           256      0       0
    BANK4           256      0       0
    BANK5           256      0       0
    BANK6           256      0       0
    BANK7           256      0       0
    BANK8           256      0       0
    BANK9           256      0       0
    BANK10          256      0       0
    BANK11          256      0       0
    BANK12          256      0       0
    BANK13          256      0       0
    BANK14          256      0       0
    BANK15           56      0       0

Pointer List with Targets:

    None.

Critical Paths under _main in COMRAM

    _main->_Display_LigaDigito
    _Display_Inicializacao->_Display_LigaDigito

Critical Paths under _main in BANK0

    None.

Critical Paths under _main in BANK1

    None.

Critical Paths under _main in BANK2

    None.

Critical Paths under _main in BANK3

    None.

Critical Paths under _main in BANK4

    None.

Critical Paths under _main in BANK5

    None.

Critical Paths under _main in BANK6

    None.

Critical Paths under _main in BANK7

    None.

Critical Paths under _main in BANK8

    None.

Critical Paths under _main in BANK9

    None.

Critical Paths under _main in BANK10

    None.

Critical Paths under _main in BANK11

    None.

Critical Paths under _main in BANK12

    None.

Critical Paths under _main in BANK13

    None.

Critical Paths under _main in BANK14

    None.

Critical Paths under _main in BANK15

    None.

Call Graph Tables:

 ---------------------------------------------------------------------------------
 (Depth) Function   	        Calls       Base Space   Used Autos Params    Refs
 ---------------------------------------------------------------------------------
 (0) _main                                                 0     0      0     275
             _Display_ExibeCaractere
              _Display_Inicializacao
                 _Display_LigaDigito
              _Teclado_Inicializacao
 ---------------------------------------------------------------------------------
 (1) _Teclado_Inicializacao                                0     0      0       0
 ---------------------------------------------------------------------------------
 (1) _Display_Inicializacao                                0     0      0     130
                 _Display_LigaDigito
 ---------------------------------------------------------------------------------
 (1) _Display_LigaDigito                                   2     1      1     130
                                              0 COMRAM     2     1      1
 ---------------------------------------------------------------------------------
 (1) _Display_ExibeCaractere                               1     1      0      15
                                              0 COMRAM     1     1      0
 ---------------------------------------------------------------------------------
 Estimated maximum stack depth 1
 ---------------------------------------------------------------------------------

 Call Graph Graphs:

 _main (ROOT)
   _Display_ExibeCaractere
   _Display_Inicializacao
     _Display_LigaDigito
   _Display_LigaDigito
   _Teclado_Inicializacao

 Address spaces:
Name               Size   Autos  Total    Cost      Usage
BITCOMRAM           5F      0       0       0        0.0%
EEDATA             400      0       0       0        0.0%
NULL                 0      0       0       0        0.0%
CODE                 0      0       0       0        0.0%
COMRAM              5F      2       2       1        2.1%
STACK                0      0       0       2        0.0%
DATA                 0      0       0       3        0.0%
BITBANK0            A0      0       0       4        0.0%
BANK0               A0      0       0       5        0.0%
BITBANK1           100      0       0       6        0.0%
BANK1              100      0       0       7        0.0%
BITBANK2           100      0       0       8        0.0%
BANK2              100      0       0       9        0.0%
BITBANK3           100      0       0      10        0.0%
BANK3              100      0       0      11        0.0%
ABS                  0      0       0      12        0.0%
BITBANK4           100      0       0      13        0.0%
BANK4              100      0       0      14        0.0%
BITBANK5           100      0       0      15        0.0%
BANK5              100      0       0      16        0.0%
BITBANK6           100      0       0      17        0.0%
BANK6              100      0       0      18        0.0%
BITBANK7           100      0       0      19        0.0%
BANK7              100      0       0      20        0.0%
BITBANK8           100      0       0      21        0.0%
BANK8              100      0       0      22        0.0%
BITBANK9           100      0       0      23        0.0%
BANK9              100      0       0      24        0.0%
BITBANK10          100      0       0      25        0.0%
BANK10             100      0       0      26        0.0%
BITBANK11          100      0       0      27        0.0%
BANK11             100      0       0      28        0.0%
BITBANK12          100      0       0      29        0.0%
BANK12             100      0       0      30        0.0%
BITBANK13          100      0       0      31        0.0%
BANK13             100      0       0      32        0.0%
BITBANK14          100      0       0      33        0.0%
BANK14             100      0       0      34        0.0%
BITBANK15           38      0       0      35        0.0%
BANK15              38      0       0      36        0.0%
BIGRAM             F37      0       0      37        0.0%
BITSFR_1             0      0       0      40        0.0%
SFR_1                0      0       0      40        0.0%
BITSFR               0      0       0      40        0.0%
SFR                  0      0       0      40        0.0%


Microchip Technology PIC18 Macro Assembler V1.36 build -262312587 
Symbol Table                                                                                   Wed Jun 22 07:52:24 2016

                              l20 FBF4                                l14 FBD0  
                              l16 FBDC                                l18 FBE8  
                             l717 FBC4                              _LATB 000F8A  
                            _main FBB2                              start 0000  
                    ___param_bank 000010                             ?_main 0001  
                           _TRISB 000F93                   __initialization FB5A  
                    __end_of_main FC00                            ??_main 0003  
                   __activetblptr 000000                            _ANSELA 000F38  
                          _ANSELB 000F39       __size_of_Display_LigaDigito 0018  
  __size_of_Display_Inicializacao 002A     __end_of_Display_Inicializacao FBB2  
           _Teclado_Inicializacao FB68           ?_Display_ExibeCaractere 0001  
                      __accesstop 0060           __end_of__initialization FB5A  
                   ___rparam_used 000001                    __pcstackCOMRAM 0001  
  __end_of_Display_ExibeCaractere FB68            ?_Teclado_Inicializacao 0001  
                         __Hparam 0000                           __Lparam 0000  
                         __pcinit FB5A                           __ramtop 1000  
                         __ptext0 FBB2                           __ptext1 FB68  
                         __ptext2 FB88                           __ptext3 FB70  
                         __ptext4 FB60              end_of_initialization FB5A  
Display_LigaDigito@CodigoDoDigito 0002                         _PORTAbits 000F80  
                       _TRISDbits 000F95        __end_of_Display_LigaDigito FB88  
           _Display_Inicializacao FB88               start_initialization FB5A  
         ??_Teclado_Inicializacao 0001            ?_Display_Inicializacao 0001  
     Display_LigaDigito@Caractere 0001                          _LATDbits 000F8C  
        ??_Display_ExibeCaractere 0001   Display_ExibeCaractere@Caractere 0001  
              _Display_LigaDigito FB70                          __Hrparam 0000  
                        __Lrparam 0000               ?_Display_LigaDigito 0001  
                      _ANSELDbits 000F3B              ??_Display_LigaDigito 0002  
  __size_of_Teclado_Inicializacao 0008     __end_of_Teclado_Inicializacao FB70  
                   __size_of_main 004E   __size_of_Display_ExibeCaractere 0008  
         ??_Display_Inicializacao 0003            _Display_ExibeCaractere FB60  
