

Microchip Technology PIC18 LITE Macro Assembler V1.35 build -356382666 
                                                                                               Wed Feb 10 11:29:15 2016

Microchip Technology Omniscient Code Generator v1.35 (Free mode) build 201507080246
     1                           	processor	18F46K22
     2                           	fnconf	rparam,??,?,0
     3                           	opt	pw 120
     4                           	opt	lm
     5                           	psect	cinit,global,reloc=2,class=CODE,delta=1
     6                           	psect	cstackCOMRAM,global,class=COMRAM,space=1,delta=1
     7                           	psect	text0,global,reloc=2,class=CODE,delta=1
     8                           	psect	intsave_regs,global,class=BIGRAM,space=1,delta=1
     9                           	psect	rparam,global,class=COMRAM,space=1,delta=1
    10  0000                     _ANSELB	set	3897
    11  0000                     _ANSELDbits	set	3899
    12  0000                     _LATB	set	3978
    13  0000                     _LATDbits	set	3980
    14  0000                     _TRISB	set	3987
    15  0000                     _TRISDbits	set	3989
    16                           
    17                           ; #config settings
    18                           
    19                           	psect	cinit
    20  00FBE2                     __pcinit:
    21                           	opt stack 0
    22  00FBE2                     start_initialization:
    23                           	opt stack 0
    24  00FBE2                     __initialization:
    25                           	opt stack 0
    26  00FBE2                     end_of_initialization:
    27                           	opt stack 0
    28  00FBE2                     __end_of__initialization:
    29                           	opt stack 0
    30  00FBE2  0100               	movlb	0
    31  00FBE4  EFF4  F07D         	goto	_main	;jump to C main() function
    32                           
    33                           	psect	cstackCOMRAM
    34  000001                     __pcstackCOMRAM:
    35                           	opt stack 0
    36  000001                     
    37                           ; 2 bytes @ 0x0
    38  000001                     	ds	2
    39  000003                     
    40                           ; 3 bytes @ 0x2
    41  000003                     	ds	3
    42  000006                     
    43                           ; 0 bytes @ 0x5
    44 ;;
    45 ;;Main: autosize = 0, tempsize = 0, incstack = 0, save=0
    46 ;;
    47 ;; *************** function _main *****************
    48 ;; Defined at:
    49 ;;		line 12 in file "App.c"
    50 ;; Parameters:    Size  Location     Type
    51 ;;  argc            2    0[COMRAM] int 
    52 ;;  argv            3    2[COMRAM] PTR PTR unsigned char 
    53 ;; Auto vars:     Size  Location     Type
    54 ;;		None
    55 ;; Return value:  Size  Location     Type
    56 ;;                  2    0[COMRAM] int 
    57 ;; Registers used:
    58 ;;		wreg, status,2
    59 ;; Tracked objects:
    60 ;;		On entry : 0/0
    61 ;;		On exit  : 0/0
    62 ;;		Unchanged: 0/0
    63 ;; Data sizes:     COMRAM   BANK0   BANK1   BANK2   BANK3   BANK4   BANK5   BANK6   BANK7   BANK8   BANK9  BANK10  BANK1
      +1  BANK12  BANK13  BANK14  BANK15
    64 ;;      Params:         5       0       0       0       0       0       0       0       0       0       0       0       
      +0       0       0       0       0
    65 ;;      Locals:         0       0       0       0       0       0       0       0       0       0       0       0       
      +0       0       0       0       0
    66 ;;      Temps:          0       0       0       0       0       0       0       0       0       0       0       0       
      +0       0       0       0       0
    67 ;;      Totals:         5       0       0       0       0       0       0       0       0       0       0       0       
      +0       0       0       0       0
    68 ;;Total ram usage:        5 bytes
    69 ;; This function calls:
    70 ;;		Nothing
    71 ;; This function is called by:
    72 ;;		Startup code after reset
    73 ;; This function uses a non-reentrant model
    74 ;;
    75                           
    76                           	psect	text0
    77  00FBE8                     __ptext0:
    78                           	opt stack 0
    79  00FBE8                     _main:
    80                           	opt stack 31
    81                           
    82                           ;App.c: 16: LATDbits.LATD3 = 1;
    83                           
    84                           ;incstack = 0
    85  00FBE8  868C               	bsf	3980,3,c	;volatile
    86                           
    87                           ;App.c: 17: TRISDbits.TRISD3 = 0;
    88  00FBEA  9695               	bcf	3989,3,c	;volatile
    89                           
    90                           ;App.c: 18: ANSELDbits.ANSD3 = 0;
    91  00FBEC  010F               	movlb	15	; () banked
    92  00FBEE  973B               	bcf	59,3,b	;volatile
    93                           
    94                           ; BSR set to: 15
    95                           ;App.c: 22: LATB = 0b00001111;
    96  00FBF0  0E0F               	movlw	15
    97  00FBF2  6E8A               	movwf	3978,c	;volatile
    98                           
    99                           ;App.c: 23: TRISB = 0;
   100  00FBF4  0E00               	movlw	0
   101  00FBF6  6E93               	movwf	3987,c	;volatile
   102                           
   103                           ;App.c: 24: ANSELB = 0;
   104  00FBF8  0E00               	movlw	0
   105  00FBFA  010F               	movlb	15	; () banked
   106  00FBFC  6F39               	movwf	57,b	;volatile
   107  00FBFE  D7FF               	goto	l16
   108  00FC00                     __end_of_main:
   109                           	opt stack 0
   110  0000                     
   111                           	psect	rparam


Data Sizes:
    Strings     0
    Constant    0
    Data        0
    BSS         0
    Persistent  0
    Stack       0

Auto Spaces:
    Space          Size  Autos    Used
    COMRAM           95      5       5
    BANK0           160      0       0
    BANK1           256      0       0
    BANK2           256      0       0
    BANK3           256      0       0
    BANK4           256      0       0
    BANK5           256      0       0
    BANK6           256      0       0
    BANK7           256      0       0
    BANK8           256      0       0
    BANK9           256      0       0
    BANK10          256      0       0
    BANK11          256      0       0
    BANK12          256      0       0
    BANK13          256      0       0
    BANK14          256      0       0
    BANK15           56      0       0

Pointer List with Targets:

    None.

Critical Paths under _main in COMRAM

    None.

Critical Paths under _main in BANK0

    None.

Critical Paths under _main in BANK1

    None.

Critical Paths under _main in BANK2

    None.

Critical Paths under _main in BANK3

    None.

Critical Paths under _main in BANK4

    None.

Critical Paths under _main in BANK5

    None.

Critical Paths under _main in BANK6

    None.

Critical Paths under _main in BANK7

    None.

Critical Paths under _main in BANK8

    None.

Critical Paths under _main in BANK9

    None.

Critical Paths under _main in BANK10

    None.

Critical Paths under _main in BANK11

    None.

Critical Paths under _main in BANK12

    None.

Critical Paths under _main in BANK13

    None.

Critical Paths under _main in BANK14

    None.

Critical Paths under _main in BANK15

    None.

Call Graph Tables:

 ---------------------------------------------------------------------------------
 (Depth) Function   	        Calls       Base Space   Used Autos Params    Refs
 ---------------------------------------------------------------------------------
 (0) _main                                                 5     0      5       0
                                              0 COMRAM     5     0      5
 ---------------------------------------------------------------------------------
 Estimated maximum stack depth 0
 ---------------------------------------------------------------------------------

 Call Graph Graphs:

 _main (ROOT)

 Address spaces:
Name               Size   Autos  Total    Cost      Usage
BITCOMRAM           5F      0       0       0        0.0%
EEDATA             400      0       0       0        0.0%
NULL                 0      0       0       0        0.0%
CODE                 0      0       0       0        0.0%
COMRAM              5F      5       5       1        5.3%
STACK                0      0       0       2        0.0%
DATA                 0      0       0       3        0.0%
BITBANK0            A0      0       0       4        0.0%
BANK0               A0      0       0       5        0.0%
BITBANK1           100      0       0       6        0.0%
BANK1              100      0       0       7        0.0%
BITBANK2           100      0       0       8        0.0%
BANK2              100      0       0       9        0.0%
BITBANK3           100      0       0      10        0.0%
BANK3              100      0       0      11        0.0%
ABS                  0      0       0      12        0.0%
BITBANK4           100      0       0      13        0.0%
BANK4              100      0       0      14        0.0%
BITBANK5           100      0       0      15        0.0%
BANK5              100      0       0      16        0.0%
BITBANK6           100      0       0      17        0.0%
BANK6              100      0       0      18        0.0%
BITBANK7           100      0       0      19        0.0%
BANK7              100      0       0      20        0.0%
BITBANK8           100      0       0      21        0.0%
BANK8              100      0       0      22        0.0%
BITBANK9           100      0       0      23        0.0%
BANK9              100      0       0      24        0.0%
BITBANK10          100      0       0      25        0.0%
BANK10             100      0       0      26        0.0%
BITBANK11          100      0       0      27        0.0%
BANK11             100      0       0      28        0.0%
BITBANK12          100      0       0      29        0.0%
BANK12             100      0       0      30        0.0%
BITBANK13          100      0       0      31        0.0%
BANK13             100      0       0      32        0.0%
BITBANK14          100      0       0      33        0.0%
BANK14             100      0       0      34        0.0%
BITBANK15           38      0       0      35        0.0%
BANK15              38      0       0      36        0.0%
BIGRAM             F37      0       0      37        0.0%
BITSFR_1             0      0       0      40        0.0%
SFR_1                0      0       0      40        0.0%
BITSFR               0      0       0      40        0.0%
SFR                  0      0       0      40        0.0%


Microchip Technology PIC18 Macro Assembler V1.35 build -356382666 
Symbol Table                                                                                   Wed Feb 10 11:29:15 2016

                     l16 FBFE                     _LATB 000F8A                     _main FBE8  
                   start 0000             ___param_bank 000010                    ?_main 0001  
                  _TRISB 000F93          __initialization FBE2             __end_of_main FC00  
                 ??_main 0006            __activetblptr 000000                   _ANSELB 000F39  
             __accesstop 0060  __end_of__initialization FBE2            ___rparam_used 000001  
         __pcstackCOMRAM 0001                  __Hparam 0000                  __Lparam 0000  
                __pcinit FBE2                  __ramtop 1000                  __ptext0 FBE8  
   end_of_initialization FBE2                _TRISDbits 000F95      start_initialization FBE2  
               _LATDbits 000F8C                 __Hrparam 0000                 __Lrparam 0000  
             _ANSELDbits 000F3B            __size_of_main 0018                 main@argc 0001  
               main@argv 0003  
