

Microchip Technology PIC18 LITE Macro Assembler V1.42 build -159332390 
                                                                                               Mon Sep 04 09:36:31 2017

Microchip Technology Omniscient Code Generator v1.42 (Free mode) build 201704130522
     1                           	processor	18F46K22
     2                           	fnconf	rparam,??,?,0
     3                           	opt	pw 120
     4                           	opt	lm
     5                           	psect	cinit,global,reloc=2,class=CODE,delta=1
     6                           	psect	cstackCOMRAM,global,class=COMRAM,space=1,delta=1,noexec
     7                           	psect	text0,global,reloc=2,class=CODE,delta=1
     8                           	psect	intsave_regs,global,class=BIGRAM,space=1,delta=1,noexec
     9                           	psect	rparam,global,class=COMRAM,space=1,delta=1,noexec
    10  0000                     
    11                           ; Version 1.42
    12                           ; Generated 13/04/2017 GMT
    13                           ; 
    14                           ; Copyright © 2017, Microchip Technology Inc. and its subsidiaries ("Microchip")
    15                           ; All rights reserved.
    16                           ; 
    17                           ; This software is developed by Microchip Technology Inc. and its subsidiaries ("Microch
      +                          ip").
    18                           ; 
    19                           ; Redistribution and use in source and binary forms, with or without modification, are
    20                           ; permitted provided that the following conditions are met:
    21                           ; 
    22                           ;     1. Redistributions of source code must retain the above copyright notice, this lis
      +                          t of
    23                           ;        conditions and the following disclaimer.
    24                           ; 
    25                           ;     2. Redistributions in binary form must reproduce the above copyright notice, this 
      +                          list
    26                           ;        of conditions and the following disclaimer in the documentation and/or other
    27                           ;        materials provided with the distribution.
    28                           ; 
    29                           ;     3. Microchip's name may not be used to endorse or promote products derived from th
      +                          is
    30                           ;        software without specific prior written permission.
    31                           ; 
    32                           ; THIS SOFTWARE IS PROVIDED BY MICROCHIP "AS IS" AND ANY EXPRESS OR IMPLIED WARRANTIES,
    33                           ; INCLUDING, BUT NOT LIMITED TO, THE IMPLIED WARRANTIES OF MERCHANTABILITY AND FITNESS F
      +                          OR
    34                           ; PURPOSE ARE DISCLAIMED.  IN NO EVENT SHALL MICROCHIP BE LIABLE FOR ANY DIRECT, INDIREC
      +                          T,
    35                           ; INCIDENTAL, SPECIAL, EXEMPLARY, OR CONSEQUENTIAL DAMAGES (INCLUDING BUT NOT LIMITED TO
    36                           ; PROCUREMENT OF SUBSTITUTE GOODS OR SERVICES; LOSS OF USE, DATA OR PROFITS; OR BUSINESS
    37                           ; INTERRUPTION) HOWSOEVER CAUSED AND ON ANY THEORY OF LIABILITY, WHETHER IN CONTRACT, ST
      +                          RICT
    38                           ; LIABILITY, OR TORT (INCLUDING NEGLIGENCE OR OTHERWISE) ARISING IN ANY WAY OUT OF THE U
      +                          SE OF
    39                           ; THIS SOFTWARE, EVEN IF ADVISED OF THE POSSIBILITY OF SUCH DAMAGE.
    40                           ; 
    41                           ; 
    42                           ; Code-generator required, PIC18F46K22 Definitions
    43                           ; 
    44                           ; SFR Addresses
    45  0000                     _ANSELB	set	3897
    46  0000                     _ANSELDbits	set	3899
    47  0000                     _TRISB	set	3987
    48  0000                     _LATB	set	3978
    49  0000                     _TRISDbits	set	3989
    50  0000                     _LATDbits	set	3980
    51                           
    52                           ; #config settings
    53                           
    54                           	psect	cinit
    55  00FBCC                     __pcinit:
    56                           	opt stack 0
    57  00FBCC                     start_initialization:
    58                           	opt stack 0
    59  00FBCC                     __initialization:
    60                           	opt stack 0
    61  00FBCC                     end_of_initialization:
    62                           	opt stack 0
    63  00FBCC                     __end_of__initialization:
    64                           	opt stack 0
    65  00FBCC  0100               	movlb	0
    66  00FBCE  EFE9  F07D         	goto	_main	;jump to C main() function
    67                           
    68                           	psect	cstackCOMRAM
    69  000001                     __pcstackCOMRAM:
    70                           	opt stack 0
    71  000001                     
    72                           ; 2 bytes @ 0x0
    73  000001                     	ds	2
    74  000003                     
    75                           ; 3 bytes @ 0x2
    76  000003                     	ds	3
    77  000006                     
    78                           ; 1 bytes @ 0x5
    79 ;;
    80 ;;Main: autosize = 0, tempsize = 0, incstack = 0, save=0
    81 ;;
    82 ;; *************** function _main *****************
    83 ;; Defined at:
    84 ;;		line 13 in file "App.c"
    85 ;; Parameters:    Size  Location     Type
    86 ;;  argc            2    0[COMRAM] int 
    87 ;;  argv            3    2[COMRAM] PTR PTR unsigned char 
    88 ;; Auto vars:     Size  Location     Type
    89 ;;		None
    90 ;; Return value:  Size  Location     Type
    91 ;;                  2    0[COMRAM] int 
    92 ;; Registers used:
    93 ;;		wreg, status,2
    94 ;; Tracked objects:
    95 ;;		On entry : 0/0
    96 ;;		On exit  : 0/0
    97 ;;		Unchanged: 0/0
    98 ;; Data sizes:     COMRAM   BANK0   BANK1   BANK2   BANK3   BANK4   BANK5   BANK6   BANK7   BANK8   BANK9  BANK10  BANK1
      +1  BANK12  BANK13  BANK14  BANK15
    99 ;;      Params:         5       0       0       0       0       0       0       0       0       0       0       0       
      +0       0       0       0       0
   100 ;;      Locals:         0       0       0       0       0       0       0       0       0       0       0       0       
      +0       0       0       0       0
   101 ;;      Temps:          0       0       0       0       0       0       0       0       0       0       0       0       
      +0       0       0       0       0
   102 ;;      Totals:         5       0       0       0       0       0       0       0       0       0       0       0       
      +0       0       0       0       0
   103 ;;Total ram usage:        5 bytes
   104 ;; This function calls:
   105 ;;		Nothing
   106 ;; This function is called by:
   107 ;;		Startup code after reset
   108 ;; This function uses a non-reentrant model
   109 ;;
   110                           
   111                           	psect	text0
   112  00FBD2                     __ptext0:
   113                           	opt stack 0
   114  00FBD2                     _main:
   115                           	opt stack 31
   116                           
   117                           ;App.c: 16: ANSELDbits.ANSD3 = 0;
   118                           
   119                           ;incstack = 0
   120  00FBD2  010F               	movlb	15	; () banked
   121  00FBD4  973B               	bcf	59,3,b	;volatile
   122                           
   123                           ;App.c: 17: LATDbits.LATD3 = 1;
   124  00FBD6  868C               	bsf	3980,3,c	;volatile
   125                           
   126                           ;App.c: 18: TRISDbits.TRISD3 = 0;
   127  00FBD8  9695               	bcf	3989,3,c	;volatile
   128                           
   129                           ;App.c: 21: ANSELDbits.ANSD2 = 0;
   130  00FBDA  010F               	movlb	15	; () banked
   131  00FBDC  953B               	bcf	59,2,b	;volatile
   132                           
   133                           ;App.c: 22: LATDbits.LATD2 = 0;
   134  00FBDE  948C               	bcf	3980,2,c	;volatile
   135                           
   136                           ;App.c: 23: TRISDbits.TRISD2 = 0;
   137  00FBE0  9495               	bcf	3989,2,c	;volatile
   138                           
   139                           ; BSR set to: 15
   140                           ;App.c: 26: ANSELB = 0;
   141  00FBE2  0E00               	movlw	0
   142  00FBE4  010F               	movlb	15	; () banked
   143  00FBE6  6F39               	movwf	57,b	;volatile
   144                           
   145                           ;App.c: 27: LATB = 0b01000000;
   146  00FBE8  0E40               	movlw	64
   147  00FBEA  6E8A               	movwf	3978,c	;volatile
   148                           
   149                           ;App.c: 28: TRISB = 0;
   150  00FBEC  0E00               	movlw	0
   151  00FBEE  6E93               	movwf	3987,c	;volatile
   152                           
   153                           ; BSR set to: 15
   154                           ;App.c: 31: LATDbits.LATD2 = 1;
   155  00FBF0  848C               	bsf	3980,2,c	;volatile
   156                           
   157                           ; BSR set to: 15
   158                           ;App.c: 32: __nop();
   159  00FBF2  F000               	nop	
   160                           
   161                           ;App.c: 33: __nop();
   162  00FBF4  F000               	nop	
   163                           
   164                           ;App.c: 34: LATDbits.LATD2 = 0;
   165  00FBF6  948C               	bcf	3980,2,c	;volatile
   166                           
   167                           ;App.c: 36: LATB = 0b11110000;
   168  00FBF8  0EF0               	movlw	240
   169  00FBFA  6E8A               	movwf	3978,c	;volatile
   170                           
   171                           ;App.c: 37: LATDbits.LATD3 = 0;
   172  00FBFC  968C               	bcf	3980,3,c	;volatile
   173  00FBFE                     l19:
   174                           
   175                           ;App.c: 40: {
   176  00FBFE  D7FF               	goto	l19
   177  00FC00                     __end_of_main:
   178                           	opt stack 0
   179  0000                     
   180                           	psect	rparam


Data Sizes:
    Strings     0
    Constant    0
    Data        0
    BSS         0
    Persistent  0
    Stack       0

Auto Spaces:
    Space          Size  Autos    Used
    COMRAM           95      5       5
    BANK0           160      0       0
    BANK1           256      0       0
    BANK2           256      0       0
    BANK3           256      0       0
    BANK4           256      0       0
    BANK5           256      0       0
    BANK6           256      0       0
    BANK7           256      0       0
    BANK8           256      0       0
    BANK9           256      0       0
    BANK10          256      0       0
    BANK11          256      0       0
    BANK12          256      0       0
    BANK13          256      0       0
    BANK14          256      0       0
    BANK15           56      0       0

Pointer List with Targets:

    None.

Critical Paths under _main in COMRAM

    None.

Critical Paths under _main in BANK0

    None.

Critical Paths under _main in BANK1

    None.

Critical Paths under _main in BANK2

    None.

Critical Paths under _main in BANK3

    None.

Critical Paths under _main in BANK4

    None.

Critical Paths under _main in BANK5

    None.

Critical Paths under _main in BANK6

    None.

Critical Paths under _main in BANK7

    None.

Critical Paths under _main in BANK8

    None.

Critical Paths under _main in BANK9

    None.

Critical Paths under _main in BANK10

    None.

Critical Paths under _main in BANK11

    None.

Critical Paths under _main in BANK12

    None.

Critical Paths under _main in BANK13

    None.

Critical Paths under _main in BANK14

    None.

Critical Paths under _main in BANK15

    None.

Call Graph Tables:

 ---------------------------------------------------------------------------------
 (Depth) Function   	        Calls       Base Space   Used Autos Params    Refs
 ---------------------------------------------------------------------------------
 (0) _main                                                 5     0      5       0
                                              0 COMRAM     5     0      5
 ---------------------------------------------------------------------------------
 Estimated maximum stack depth 0
 ---------------------------------------------------------------------------------

 Call Graph Graphs:

 _main (ROOT)

 Address spaces:
Name               Size   Autos  Total    Cost      Usage
BITCOMRAM           5F      0       0       0        0.0%
EEDATA             400      0       0       0        0.0%
NULL                 0      0       0       0        0.0%
CODE                 0      0       0       0        0.0%
COMRAM              5F      5       5       1        5.3%
STACK                0      0       0       2        0.0%
DATA                 0      0       0       3        0.0%
BITBANK0            A0      0       0       4        0.0%
BANK0               A0      0       0       5        0.0%
BITBANK1           100      0       0       6        0.0%
BANK1              100      0       0       7        0.0%
BITBANK2           100      0       0       8        0.0%
BANK2              100      0       0       9        0.0%
BITBANK3           100      0       0      10        0.0%
BANK3              100      0       0      11        0.0%
ABS                  0      0       0      12        0.0%
BITBANK4           100      0       0      13        0.0%
BANK4              100      0       0      14        0.0%
BITBANK5           100      0       0      15        0.0%
BANK5              100      0       0      16        0.0%
BITBANK6           100      0       0      17        0.0%
BANK6              100      0       0      18        0.0%
BITBANK7           100      0       0      19        0.0%
BANK7              100      0       0      20        0.0%
BITBANK8           100      0       0      21        0.0%
BANK8              100      0       0      22        0.0%
BITBANK9           100      0       0      23        0.0%
BANK9              100      0       0      24        0.0%
BITBANK10          100      0       0      25        0.0%
BANK10             100      0       0      26        0.0%
BITBANK11          100      0       0      27        0.0%
BANK11             100      0       0      28        0.0%
BITBANK12          100      0       0      29        0.0%
BANK12             100      0       0      30        0.0%
BITBANK13          100      0       0      31        0.0%
BANK13             100      0       0      32        0.0%
BITBANK14          100      0       0      33        0.0%
BANK14             100      0       0      34        0.0%
BITBANK15           38      0       0      35        0.0%
BANK15              38      0       0      36        0.0%
BIGRAM             F37      0       0      37        0.0%
BITSFR_1             0      0       0     200        0.0%
SFR_1                0      0       0     200        0.0%
BITSFR               0      0       0     200        0.0%
SFR                  0      0       0     200        0.0%


Microchip Technology PIC18 Macro Assembler V1.42 build -159332390 
Symbol Table                                                                                   Mon Sep 04 09:36:31 2017

                     l19 FBFE                     _LATB 000F8A                     _main FBD2  
                   start 0000             ___param_bank 000000                    ?_main 0001  
                  _TRISB 000F93          __initialization FBCC             __end_of_main FC00  
                 ??_main 0006            __activetblptr 000000                   _ANSELB 000F39  
             __accesstop 0060  __end_of__initialization FBCC            ___rparam_used 000001  
         __pcstackCOMRAM 0001                  __Hparam 0000                  __Lparam 0000  
                __pcinit FBCC                  __ramtop 1000                  __ptext0 FBD2  
   end_of_initialization FBCC                _TRISDbits 000F95      start_initialization FBCC  
               _LATDbits 000F8C                 __Hrparam 0000                 __Lrparam 0000  
             _ANSELDbits 000F3B            __size_of_main 002E                 main@argc 0001  
               main@argv 0003  
