

Microchip Technology PIC18 LITE Macro Assembler V1.36 build -262312587 
                                                                                               Mon Oct 10 19:23:53 2016

Microchip Technology Omniscient Code Generator v1.36 (Free mode) build 201601150325
     1                           	processor	18F46K22
     2                           	fnconf	rparam,??,?,0
     3                           	opt	pw 120
     4                           	opt	lm
     5                           	psect	smallconst,global,reloc=2,class=SMALLCONST,delta=1
     6                           	psect	cinit,global,reloc=2,class=CODE,delta=1
     7                           	psect	bssCOMRAM,global,class=COMRAM,space=1,delta=1
     8                           	psect	cstackCOMRAM,global,class=COMRAM,space=1,delta=1
     9                           	psect	text0,global,reloc=2,class=CODE,delta=1
    10                           	psect	text1,global,reloc=2,class=CODE,delta=1
    11                           	psect	text2,global,reloc=2,class=CODE,delta=1
    12                           	psect	text3,global,reloc=2,class=CODE,delta=1
    13                           	psect	text4,global,reloc=2,class=CODE,delta=1
    14                           	psect	text5,global,reloc=2,class=CODE,delta=1
    15                           	psect	intsave_regs,global,class=BIGRAM,space=1,delta=1
    16                           	psect	rparam,global,class=COMRAM,space=1,delta=1
    17  0000                     
    18                           	psect	smallconst
    19  001000                     __psmallconst:
    20                           	opt stack 0
    21  001000  00                 	db	0
    22  001001                     _Codigo7segmentos:
    23                           	opt stack 0
    24  001001  3F                 	db	63
    25  001002  06                 	db	6
    26  001003  5B                 	db	91
    27  001004  4F                 	db	79
    28  001005  66                 	db	102
    29  001006  6D                 	db	109
    30  001007  7D                 	db	125
    31  001008  07                 	db	7
    32  001009  7F                 	db	127
    33  00100A  6F                 	db	111
    34  00100B                     __end_of_Codigo7segmentos:
    35                           	opt stack 0
    36  0000                     _ANSELB	set	3897
    37  0000                     _ANSELDbits	set	3899
    38  0000                     _LATB	set	3978
    39  0000                     _LATDbits	set	3980
    40  0000                     _OSCCONbits	set	4051
    41  0000                     _OSCTUNEbits	set	3995
    42  0000                     _TRISB	set	3987
    43  0000                     _TRISDbits	set	3989
    44                           
    45                           ; #config settings
    46  00100B  00                 	db	0	; dummy byte at the end
    47  0000                     
    48                           	psect	cinit
    49  0010D0                     __pcinit:
    50                           	opt stack 0
    51  0010D0                     start_initialization:
    52                           	opt stack 0
    53  0010D0                     __initialization:
    54                           	opt stack 0
    55                           
    56                           ; Clear objects allocated to COMRAM (2 bytes)
    57  0010D0  6A05               	clrf	(__pbssCOMRAM+1)& (0+255),c
    58  0010D2  6A04               	clrf	__pbssCOMRAM& (0+255),c
    59  0010D4                     end_of_initialization:
    60                           	opt stack 0
    61  0010D4                     __end_of__initialization:
    62                           	opt stack 0
    63  0010D4  0E00               	movlw	low (__Lsmallconst shr (0+16))
    64  0010D6  6EF8               	movwf	tblptru,c
    65  0010D8  0E10               	movlw	high __Lsmallconst
    66  0010DA  6EF7               	movwf	tblptrh,c
    67  0010DC  0100               	movlb	0
    68  0010DE  EF06  F008         	goto	_main	;jump to C main() function
    69                           tblptru	equ	0xFF8
    70                           tblptrh	equ	0xFF7
    71                           
    72                           	psect	bssCOMRAM
    73  000004                     __pbssCOMRAM:
    74                           	opt stack 0
    75  000004                     _Contador:
    76                           	opt stack 0
    77  000004                     	ds	1
    78  000005                     _SentidoDaContagem:
    79                           	opt stack 0
    80  000005                     	ds	1
    81                           tblptru	equ	0xFF8
    82                           tblptrh	equ	0xFF7
    83                           
    84                           	psect	cstackCOMRAM
    85  000001                     __pcstackCOMRAM:
    86                           	opt stack 0
    87  000001                     Display_LigaDigito@Caractere:
    88                           	opt stack 0
    89  000001                     Display_ExibeCaractere@Caractere:
    90                           	opt stack 0
    91  000001                     Atrasos_1ms@Tempo:
    92                           	opt stack 0
    93                           
    94                           ; 2 bytes @ 0x0
    95  000001                     	ds	1
    96  000002                     Display_LigaDigito@CodigoDoDigito:
    97                           	opt stack 0
    98                           
    99                           ; 1 bytes @ 0x1
   100  000002                     	ds	1
   101  000003                     ??_Atrasos_1ms:
   102                           
   103                           ; 1 bytes @ 0x2
   104  000003                     	ds	1
   105  000004                     tblptru	equ	0xFF8
   106                           tblptrh	equ	0xFF7
   107                           
   108                           ; 1 bytes @ 0x3
   109 ;;
   110 ;;Main: autosize = 0, tempsize = 0, incstack = 0, save=0
   111 ;;
   112 ;; *************** function _main *****************
   113 ;; Defined at:
   114 ;;		line 35 in file "app.c"
   115 ;; Parameters:    Size  Location     Type
   116 ;;		None
   117 ;; Auto vars:     Size  Location     Type
   118 ;;		None
   119 ;; Return value:  Size  Location     Type
   120 ;;                  1    wreg      void 
   121 ;; Registers used:
   122 ;;		wreg, status,2, status,0, tblptrl, tblptrh, tblptru, prodl, prodh, cstack
   123 ;; Tracked objects:
   124 ;;		On entry : 0/0
   125 ;;		On exit  : 0/0
   126 ;;		Unchanged: 0/0
   127 ;; Data sizes:     COMRAM   BANK0   BANK1   BANK2   BANK3   BANK4   BANK5   BANK6   BANK7   BANK8   BANK9  BANK10  BANK1
      +1  BANK12  BANK13  BANK14  BANK15
   128 ;;      Params:         0       0       0       0       0       0       0       0       0       0       0       0       
      +0       0       0       0       0
   129 ;;      Locals:         0       0       0       0       0       0       0       0       0       0       0       0       
      +0       0       0       0       0
   130 ;;      Temps:          0       0       0       0       0       0       0       0       0       0       0       0       
      +0       0       0       0       0
   131 ;;      Totals:         0       0       0       0       0       0       0       0       0       0       0       0       
      +0       0       0       0       0
   132 ;;Total ram usage:        0 bytes
   133 ;; Hardware stack levels required when called:    2
   134 ;; This function calls:
   135 ;;		_Atrasos_1ms
   136 ;;		_Display_ExibeCaractere
   137 ;;		_Display_Inicializacao
   138 ;;		_Display_LigaDigito
   139 ;;		_Oscilador_Inicializacao
   140 ;; This function is called by:
   141 ;;		Startup code after reset
   142 ;; This function uses a non-reentrant model
   143 ;;
   144                           
   145                           	psect	text0
   146  00100C                     __ptext0:
   147                           	opt stack 0
   148  00100C                     _main:
   149                           	opt stack 29
   150                           
   151                           ;app.c: 37: Oscilador_Inicializacao();
   152                           
   153                           ;incstack = 0
   154  00100C  EC71  F008         	call	_Oscilador_Inicializacao	;wreg free
   155                           
   156                           ;app.c: 38: Display_Inicializacao();
   157  001010  EC35  F008         	call	_Display_Inicializacao	;wreg free
   158                           
   159                           ;app.c: 39: Display_LigaDigito(0b00100000,0b00000000);
   160  001014  0E00               	movlw	0
   161  001016  6E01               	movwf	Display_LigaDigito@Caractere,c
   162  001018  0E20               	movlw	32
   163  00101A  EC5C  F008         	call	_Display_LigaDigito
   164                           
   165                           ;app.c: 41: Contador = 0;
   166  00101E  0E00               	movlw	0
   167  001020  6E04               	movwf	_Contador,c
   168  001022  D020               	goto	l770
   169  001024                     l754:
   170                           
   171                           ;app.c: 45: {
   172                           ;app.c: 46: Display_ExibeCaractere(Codigo7segmentos[Contador]);
   173  001024  5004               	movf	_Contador,w,c
   174  001026  0D01               	mullw	1
   175  001028  0E01               	movlw	low _Codigo7segmentos
   176  00102A  24F3               	addwf	prodl,w,c
   177  00102C  6EF6               	movwf	tblptrl,c
   178  00102E  0E10               	movlw	high _Codigo7segmentos
   179  001030  20F4               	addwfc	prodh,w,c
   180  001032  6EF7               	movwf	tblptrh,c
   181  001034                     	if	0	;There are less than 3 active tblptr bytes
   182  001034                     	endif
   183  001034  0008               	tblrd		*
   184  001036  50F5               	movf	tablat,w,c
   185  001038  EC79  F008         	call	_Display_ExibeCaractere
   186                           
   187                           ;app.c: 48: Atrasos_1ms(1000);
   188  00103C  0E03               	movlw	3
   189  00103E  6E02               	movwf	Atrasos_1ms@Tempo+1,c
   190  001040  0EE8               	movlw	232
   191  001042  6E01               	movwf	Atrasos_1ms@Tempo,c
   192  001044  EC4A  F008         	call	_Atrasos_1ms	;wreg free
   193                           
   194                           ;app.c: 50: if (SentidoDaContagem == 0)
   195  001048  5005               	movf	_SentidoDaContagem,w,c
   196  00104A  A4D8               	btfss	status,2,c
   197  00104C  D007               	goto	l766
   198                           
   199                           ;app.c: 51: {
   200                           ;app.c: 52: Contador++;
   201  00104E  2A04               	incf	_Contador,f,c
   202                           
   203                           ;app.c: 53: if (Contador == 9) SentidoDaContagem = 1;
   204  001050  0E09               	movlw	9
   205  001052  1804               	xorwf	_Contador,w,c
   206  001054  A4D8               	btfss	status,2,c
   207  001056  D7E6               	goto	l754
   208  001058  0E01               	movlw	1
   209  00105A  D005               	goto	L2
   210  00105C                     l766:
   211                           
   212                           ;app.c: 55: else
   213                           ;app.c: 56: {
   214                           ;app.c: 57: Contador--;
   215  00105C  0604               	decf	_Contador,f,c
   216                           
   217                           ;app.c: 58: if (Contador == 0) SentidoDaContagem = 0;
   218  00105E  5004               	movf	_Contador,w,c
   219  001060  A4D8               	btfss	status,2,c
   220  001062  D7E0               	goto	l754
   221  001064                     l770:
   222  001064  0E00               	movlw	0
   223  001066                     L2:
   224  001066  6E05               	movwf	_SentidoDaContagem,c
   225  001068  D7DD               	goto	l754
   226  00106A                     __end_of_main:
   227                           	opt stack 0
   228                           tblptru	equ	0xFF8
   229                           tblptrh	equ	0xFF7
   230                           tblptrl	equ	0xFF6
   231                           tablat	equ	0xFF5
   232                           prodh	equ	0xFF4
   233                           prodl	equ	0xFF3
   234                           status	equ	0xFD8
   235                           
   236 ;; *************** function _Oscilador_Inicializacao *****************
   237 ;; Defined at:
   238 ;;		line 33 in file "Oscilador.c"
   239 ;; Parameters:    Size  Location     Type
   240 ;;		None
   241 ;; Auto vars:     Size  Location     Type
   242 ;;		None
   243 ;; Return value:  Size  Location     Type
   244 ;;                  1    wreg      void 
   245 ;; Registers used:
   246 ;;		wreg, status,2
   247 ;; Tracked objects:
   248 ;;		On entry : 0/0
   249 ;;		On exit  : 0/0
   250 ;;		Unchanged: 0/0
   251 ;; Data sizes:     COMRAM   BANK0   BANK1   BANK2   BANK3   BANK4   BANK5   BANK6   BANK7   BANK8   BANK9  BANK10  BANK1
      +1  BANK12  BANK13  BANK14  BANK15
   252 ;;      Params:         0       0       0       0       0       0       0       0       0       0       0       0       
      +0       0       0       0       0
   253 ;;      Locals:         0       0       0       0       0       0       0       0       0       0       0       0       
      +0       0       0       0       0
   254 ;;      Temps:          0       0       0       0       0       0       0       0       0       0       0       0       
      +0       0       0       0       0
   255 ;;      Totals:         0       0       0       0       0       0       0       0       0       0       0       0       
      +0       0       0       0       0
   256 ;;Total ram usage:        0 bytes
   257 ;; Hardware stack levels used:    1
   258 ;; This function calls:
   259 ;;		Nothing
   260 ;; This function is called by:
   261 ;;		_main
   262 ;; This function uses a non-reentrant model
   263 ;;
   264                           
   265                           	psect	text1
   266  0010E2                     __ptext1:
   267                           	opt stack 0
   268  0010E2                     _Oscilador_Inicializacao:
   269                           	opt stack 30
   270                           
   271                           ;Oscilador.c: 35: OSCCONbits.SCS = 0;
   272                           
   273                           ;incstack = 0
   274  0010E2  0EFC               	movlw	-4
   275  0010E4  16D3               	andwf	4051,f,c	;volatile
   276                           
   277                           ;Oscilador.c: 40: OSCCONbits.IRCF = 6;
   278  0010E6  50D3               	movf	4051,w,c	;volatile
   279  0010E8  0B8F               	andlw	-113
   280  0010EA  0960               	iorlw	96
   281  0010EC  6ED3               	movwf	4051,c	;volatile
   282                           
   283                           ;Oscilador.c: 79: OSCTUNEbits.PLLEN= 1;
   284  0010EE  8C9B               	bsf	3995,6,c	;volatile
   285  0010F0  0012               	return		;funcret
   286  0010F2                     __end_of_Oscilador_Inicializacao:
   287                           	opt stack 0
   288                           tblptru	equ	0xFF8
   289                           tblptrh	equ	0xFF7
   290                           tblptrl	equ	0xFF6
   291                           tablat	equ	0xFF5
   292                           prodh	equ	0xFF4
   293                           prodl	equ	0xFF3
   294                           status	equ	0xFD8
   295                           
   296 ;; *************** function _Display_Inicializacao *****************
   297 ;; Defined at:
   298 ;;		line 28 in file "Display de Leds.c"
   299 ;; Parameters:    Size  Location     Type
   300 ;;		None
   301 ;; Auto vars:     Size  Location     Type
   302 ;;		None
   303 ;; Return value:  Size  Location     Type
   304 ;;                  1    wreg      void 
   305 ;; Registers used:
   306 ;;		wreg, status,2, cstack
   307 ;; Tracked objects:
   308 ;;		On entry : 0/0
   309 ;;		On exit  : 0/0
   310 ;;		Unchanged: 0/0
   311 ;; Data sizes:     COMRAM   BANK0   BANK1   BANK2   BANK3   BANK4   BANK5   BANK6   BANK7   BANK8   BANK9  BANK10  BANK1
      +1  BANK12  BANK13  BANK14  BANK15
   312 ;;      Params:         0       0       0       0       0       0       0       0       0       0       0       0       
      +0       0       0       0       0
   313 ;;      Locals:         0       0       0       0       0       0       0       0       0       0       0       0       
      +0       0       0       0       0
   314 ;;      Temps:          0       0       0       0       0       0       0       0       0       0       0       0       
      +0       0       0       0       0
   315 ;;      Totals:         0       0       0       0       0       0       0       0       0       0       0       0       
      +0       0       0       0       0
   316 ;;Total ram usage:        0 bytes
   317 ;; Hardware stack levels used:    1
   318 ;; Hardware stack levels required when called:    1
   319 ;; This function calls:
   320 ;;		_Display_LigaDigito
   321 ;; This function is called by:
   322 ;;		_main
   323 ;; This function uses a non-reentrant model
   324 ;;
   325                           
   326                           	psect	text2
   327  00106A                     __ptext2:
   328                           	opt stack 0
   329  00106A                     _Display_Inicializacao:
   330                           	opt stack 29
   331                           
   332                           ;Display de Leds.c: 31: ANSELDbits.ANSD3 = 0;
   333                           
   334                           ;incstack = 0
   335  00106A  010F               	movlb	15	; () banked
   336  00106C  973B               	bcf	59,3,b	;volatile
   337                           
   338                           ;Display de Leds.c: 32: LATDbits.LATD3 = 1;
   339  00106E  868C               	bsf	3980,3,c	;volatile
   340                           
   341                           ;Display de Leds.c: 33: TRISDbits.TRISD3 = 0;
   342  001070  9695               	bcf	3989,3,c	;volatile
   343                           
   344                           ;Display de Leds.c: 36: ANSELDbits.ANSD2 = 0;
   345  001072  010F               	movlb	15	; () banked
   346  001074  953B               	bcf	59,2,b	;volatile
   347                           
   348                           ;Display de Leds.c: 37: LATDbits.LATD2 = 0;
   349  001076  948C               	bcf	3980,2,c	;volatile
   350                           
   351                           ;Display de Leds.c: 38: TRISDbits.TRISD2 = 0;
   352  001078  9495               	bcf	3989,2,c	;volatile
   353                           
   354                           ; BSR set to: 15
   355                           ;Display de Leds.c: 41: ANSELB = 0;
   356  00107A  0E00               	movlw	0
   357  00107C  010F               	movlb	15	; () banked
   358  00107E  6F39               	movwf	57,b	;volatile
   359                           
   360                           ;Display de Leds.c: 42: LATB = 0;
   361  001080  0E00               	movlw	0
   362  001082  6E8A               	movwf	3978,c	;volatile
   363                           
   364                           ;Display de Leds.c: 43: TRISB = 0;
   365  001084  0E00               	movlw	0
   366  001086  6E93               	movwf	3987,c	;volatile
   367                           
   368                           ; BSR set to: 15
   369                           ;Display de Leds.c: 46: Display_LigaDigito (0,0);
   370  001088  0E00               	movlw	0
   371  00108A  6E01               	movwf	Display_LigaDigito@Caractere,c
   372  00108C  0E00               	movlw	0
   373  00108E  EC5C  F008         	call	_Display_LigaDigito
   374  001092  0012               	return		;funcret
   375  001094                     __end_of_Display_Inicializacao:
   376                           	opt stack 0
   377                           tblptru	equ	0xFF8
   378                           tblptrh	equ	0xFF7
   379                           tblptrl	equ	0xFF6
   380                           tablat	equ	0xFF5
   381                           prodh	equ	0xFF4
   382                           prodl	equ	0xFF3
   383                           status	equ	0xFD8
   384                           
   385 ;; *************** function _Display_LigaDigito *****************
   386 ;; Defined at:
   387 ;;		line 60 in file "Display de Leds.c"
   388 ;; Parameters:    Size  Location     Type
   389 ;;  CodigoDoDigi    1    wreg     unsigned char 
   390 ;;  Caractere       1    0[COMRAM] unsigned char 
   391 ;; Auto vars:     Size  Location     Type
   392 ;;  CodigoDoDigi    1    1[COMRAM] unsigned char 
   393 ;; Return value:  Size  Location     Type
   394 ;;                  1    wreg      void 
   395 ;; Registers used:
   396 ;;		wreg
   397 ;; Tracked objects:
   398 ;;		On entry : 0/0
   399 ;;		On exit  : 0/0
   400 ;;		Unchanged: 0/0
   401 ;; Data sizes:     COMRAM   BANK0   BANK1   BANK2   BANK3   BANK4   BANK5   BANK6   BANK7   BANK8   BANK9  BANK10  BANK1
      +1  BANK12  BANK13  BANK14  BANK15
   402 ;;      Params:         1       0       0       0       0       0       0       0       0       0       0       0       
      +0       0       0       0       0
   403 ;;      Locals:         1       0       0       0       0       0       0       0       0       0       0       0       
      +0       0       0       0       0
   404 ;;      Temps:          0       0       0       0       0       0       0       0       0       0       0       0       
      +0       0       0       0       0
   405 ;;      Totals:         2       0       0       0       0       0       0       0       0       0       0       0       
      +0       0       0       0       0
   406 ;;Total ram usage:        2 bytes
   407 ;; Hardware stack levels used:    1
   408 ;; This function calls:
   409 ;;		Nothing
   410 ;; This function is called by:
   411 ;;		_Display_Inicializacao
   412 ;;		_main
   413 ;; This function uses a non-reentrant model
   414 ;;
   415                           
   416                           	psect	text3
   417  0010B8                     __ptext3:
   418                           	opt stack 0
   419  0010B8                     _Display_LigaDigito:
   420                           	opt stack 30
   421                           
   422                           ;incstack = 0
   423                           ;Display_LigaDigito@CodigoDoDigito stored from wreg
   424  0010B8  6E02               	movwf	Display_LigaDigito@CodigoDoDigito,c
   425                           
   426                           ;Display de Leds.c: 62: LATDbits.LATD3 = 1;
   427  0010BA  868C               	bsf	3980,3,c	;volatile
   428                           
   429                           ;Display de Leds.c: 64: LATB = CodigoDoDigito;
   430  0010BC  C002  FF8A         	movff	Display_LigaDigito@CodigoDoDigito,3978	;volatile
   431                           
   432                           ;Display de Leds.c: 65: LATDbits.LATD2 = 1;
   433  0010C0  848C               	bsf	3980,2,c	;volatile
   434                           
   435                           ;Display de Leds.c: 66: __nop();
   436  0010C2  F000               	nop	
   437                           
   438                           ;Display de Leds.c: 67: __nop();
   439  0010C4  F000               	nop	
   440                           
   441                           ;Display de Leds.c: 68: LATDbits.LATD2 = 0;
   442  0010C6  948C               	bcf	3980,2,c	;volatile
   443                           
   444                           ;Display de Leds.c: 70: LATB = Caractere;
   445  0010C8  C001  FF8A         	movff	Display_LigaDigito@Caractere,3978	;volatile
   446                           
   447                           ;Display de Leds.c: 71: LATDbits.LATD3 = 0;
   448  0010CC  968C               	bcf	3980,3,c	;volatile
   449  0010CE  0012               	return		;funcret
   450  0010D0                     __end_of_Display_LigaDigito:
   451                           	opt stack 0
   452                           tblptru	equ	0xFF8
   453                           tblptrh	equ	0xFF7
   454                           tblptrl	equ	0xFF6
   455                           tablat	equ	0xFF5
   456                           prodh	equ	0xFF4
   457                           prodl	equ	0xFF3
   458                           status	equ	0xFD8
   459                           
   460 ;; *************** function _Display_ExibeCaractere *****************
   461 ;; Defined at:
   462 ;;		line 79 in file "Display de Leds.c"
   463 ;; Parameters:    Size  Location     Type
   464 ;;  Caractere       1    wreg     unsigned char 
   465 ;; Auto vars:     Size  Location     Type
   466 ;;  Caractere       1    0[COMRAM] unsigned char 
   467 ;; Return value:  Size  Location     Type
   468 ;;                  1    wreg      void 
   469 ;; Registers used:
   470 ;;		wreg
   471 ;; Tracked objects:
   472 ;;		On entry : 0/0
   473 ;;		On exit  : 0/0
   474 ;;		Unchanged: 0/0
   475 ;; Data sizes:     COMRAM   BANK0   BANK1   BANK2   BANK3   BANK4   BANK5   BANK6   BANK7   BANK8   BANK9  BANK10  BANK1
      +1  BANK12  BANK13  BANK14  BANK15
   476 ;;      Params:         0       0       0       0       0       0       0       0       0       0       0       0       
      +0       0       0       0       0
   477 ;;      Locals:         1       0       0       0       0       0       0       0       0       0       0       0       
      +0       0       0       0       0
   478 ;;      Temps:          0       0       0       0       0       0       0       0       0       0       0       0       
      +0       0       0       0       0
   479 ;;      Totals:         1       0       0       0       0       0       0       0       0       0       0       0       
      +0       0       0       0       0
   480 ;;Total ram usage:        1 bytes
   481 ;; Hardware stack levels used:    1
   482 ;; This function calls:
   483 ;;		Nothing
   484 ;; This function is called by:
   485 ;;		_main
   486 ;; This function uses a non-reentrant model
   487 ;;
   488                           
   489                           	psect	text4
   490  0010F2                     __ptext4:
   491                           	opt stack 0
   492  0010F2                     _Display_ExibeCaractere:
   493                           	opt stack 30
   494                           
   495                           ;incstack = 0
   496                           ;Display_ExibeCaractere@Caractere stored from wreg
   497  0010F2  6E01               	movwf	Display_ExibeCaractere@Caractere,c
   498                           
   499                           ;Display de Leds.c: 81: LATB = Caractere;
   500  0010F4  C001  FF8A         	movff	Display_ExibeCaractere@Caractere,3978	;volatile
   501  0010F8  0012               	return		;funcret
   502  0010FA                     __end_of_Display_ExibeCaractere:
   503                           	opt stack 0
   504                           tblptru	equ	0xFF8
   505                           tblptrh	equ	0xFF7
   506                           tblptrl	equ	0xFF6
   507                           tablat	equ	0xFF5
   508                           prodh	equ	0xFF4
   509                           prodl	equ	0xFF3
   510                           status	equ	0xFD8
   511                           
   512 ;; *************** function _Atrasos_1ms *****************
   513 ;; Defined at:
   514 ;;		line 26 in file "app.c"
   515 ;; Parameters:    Size  Location     Type
   516 ;;  Tempo           2    0[COMRAM] unsigned int 
   517 ;; Auto vars:     Size  Location     Type
   518 ;;		None
   519 ;; Return value:  Size  Location     Type
   520 ;;                  1    wreg      void 
   521 ;; Registers used:
   522 ;;		wreg, status,2, status,0
   523 ;; Tracked objects:
   524 ;;		On entry : 0/0
   525 ;;		On exit  : 0/0
   526 ;;		Unchanged: 0/0
   527 ;; Data sizes:     COMRAM   BANK0   BANK1   BANK2   BANK3   BANK4   BANK5   BANK6   BANK7   BANK8   BANK9  BANK10  BANK1
      +1  BANK12  BANK13  BANK14  BANK15
   528 ;;      Params:         2       0       0       0       0       0       0       0       0       0       0       0       
      +0       0       0       0       0
   529 ;;      Locals:         0       0       0       0       0       0       0       0       0       0       0       0       
      +0       0       0       0       0
   530 ;;      Temps:          1       0       0       0       0       0       0       0       0       0       0       0       
      +0       0       0       0       0
   531 ;;      Totals:         3       0       0       0       0       0       0       0       0       0       0       0       
      +0       0       0       0       0
   532 ;;Total ram usage:        3 bytes
   533 ;; Hardware stack levels used:    1
   534 ;; This function calls:
   535 ;;		Nothing
   536 ;; This function is called by:
   537 ;;		_main
   538 ;; This function uses a non-reentrant model
   539 ;;
   540                           
   541                           	psect	text5
   542  001094                     __ptext5:
   543                           	opt stack 0
   544  001094                     _Atrasos_1ms:
   545                           	opt stack 30
   546                           
   547                           ;app.c: 28: while (Tempo-- > 0)
   548                           
   549                           ;incstack = 0
   550  001094  D008               	goto	l746
   551  001096                     l744:
   552                           
   553                           ;app.c: 29: {
   554                           ;app.c: 30: _delay((unsigned long)((1)*((8000000 * 4)/4000.0)));
   555  001096  0E0B               	movlw	11
   556  001098  6E03               	movwf	??_Atrasos_1ms& (0+255),c
   557  00109A  0E62               	movlw	98
   558  00109C                     u97:
   559  00109C  2EE8               	decfsz	wreg,f,c
   560  00109E  D7FE               	goto	u97
   561  0010A0  2E03               	decfsz	??_Atrasos_1ms& (0+255),f,c
   562  0010A2  D7FC               	goto	u97
   563  0010A4  D000               	nop2	
   564  0010A6                     l746:
   565  0010A6  0601               	decf	Atrasos_1ms@Tempo,f,c
   566  0010A8  A0D8               	btfss	status,0,c
   567  0010AA  0602               	decf	Atrasos_1ms@Tempo+1,f,c
   568  0010AC  2801               	incf	Atrasos_1ms@Tempo,w,c
   569  0010AE  E1F3               	bnz	l744
   570  0010B0  2802               	incf	Atrasos_1ms@Tempo+1,w,c
   571  0010B2  B4D8               	btfsc	status,2,c
   572  0010B4  0012               	return	
   573  0010B6  D7EF               	goto	l744
   574  0010B8                     __end_of_Atrasos_1ms:
   575                           	opt stack 0
   576                           tblptru	equ	0xFF8
   577                           tblptrh	equ	0xFF7
   578                           tblptrl	equ	0xFF6
   579                           tablat	equ	0xFF5
   580                           prodh	equ	0xFF4
   581                           prodl	equ	0xFF3
   582                           wreg	equ	0xFE8
   583                           status	equ	0xFD8
   584                           tblptru	equ	0xFF8
   585                           tblptrh	equ	0xFF7
   586                           tblptrl	equ	0xFF6
   587                           tablat	equ	0xFF5
   588                           prodh	equ	0xFF4
   589                           prodl	equ	0xFF3
   590                           wreg	equ	0xFE8
   591                           status	equ	0xFD8
   592                           
   593                           	psect	rparam
   594  0000                     tblptru	equ	0xFF8
   595                           tblptrh	equ	0xFF7
   596                           tblptrl	equ	0xFF6
   597                           tablat	equ	0xFF5
   598                           prodh	equ	0xFF4
   599                           prodl	equ	0xFF3
   600                           wreg	equ	0xFE8
   601                           status	equ	0xFD8


Data Sizes:
    Strings     0
    Constant    10
    Data        0
    BSS         2
    Persistent  0
    Stack       0

Auto Spaces:
    Space          Size  Autos    Used
    COMRAM           95      3       5
    BANK0           160      0       0
    BANK1           256      0       0
    BANK2           256      0       0
    BANK3           256      0       0
    BANK4           256      0       0
    BANK5           256      0       0
    BANK6           256      0       0
    BANK7           256      0       0
    BANK8           256      0       0
    BANK9           256      0       0
    BANK10          256      0       0
    BANK11          256      0       0
    BANK12          256      0       0
    BANK13          256      0       0
    BANK14          256      0       0
    BANK15           56      0       0

Pointer List with Targets:

    None.

Critical Paths under _main in COMRAM

    _main->_Atrasos_1ms
    _Display_Inicializacao->_Display_LigaDigito

Critical Paths under _main in BANK0

    None.

Critical Paths under _main in BANK1

    None.

Critical Paths under _main in BANK2

    None.

Critical Paths under _main in BANK3

    None.

Critical Paths under _main in BANK4

    None.

Critical Paths under _main in BANK5

    None.

Critical Paths under _main in BANK6

    None.

Critical Paths under _main in BANK7

    None.

Critical Paths under _main in BANK8

    None.

Critical Paths under _main in BANK9

    None.

Critical Paths under _main in BANK10

    None.

Critical Paths under _main in BANK11

    None.

Critical Paths under _main in BANK12

    None.

Critical Paths under _main in BANK13

    None.

Critical Paths under _main in BANK14

    None.

Critical Paths under _main in BANK15

    None.

Call Graph Tables:

 ---------------------------------------------------------------------------------
 (Depth) Function   	        Calls       Base Space   Used Autos Params    Refs
 ---------------------------------------------------------------------------------
 (0) _main                                                 0     0      0     340
                        _Atrasos_1ms
             _Display_ExibeCaractere
              _Display_Inicializacao
                 _Display_LigaDigito
            _Oscilador_Inicializacao
 ---------------------------------------------------------------------------------
 (1) _Oscilador_Inicializacao                              0     0      0       0
 ---------------------------------------------------------------------------------
 (1) _Display_Inicializacao                                0     0      0     130
                 _Display_LigaDigito
 ---------------------------------------------------------------------------------
 (1) _Display_LigaDigito                                   2     1      1     130
                                              0 COMRAM     2     1      1
 ---------------------------------------------------------------------------------
 (1) _Display_ExibeCaractere                               1     1      0      15
                                              0 COMRAM     1     1      0
 ---------------------------------------------------------------------------------
 (1) _Atrasos_1ms                                          3     1      2      65
                                              0 COMRAM     3     1      2
 ---------------------------------------------------------------------------------
 Estimated maximum stack depth 1
 ---------------------------------------------------------------------------------

 Call Graph Graphs:

 _main (ROOT)
   _Atrasos_1ms
   _Display_ExibeCaractere
   _Display_Inicializacao
     _Display_LigaDigito
   _Display_LigaDigito
   _Oscilador_Inicializacao

 Address spaces:
Name               Size   Autos  Total    Cost      Usage
BIGRAM             F37      0       0      37        0.0%
EEDATA             400      0       0       0        0.0%
BITBANK14          100      0       0      33        0.0%
BANK14             100      0       0      34        0.0%
BITBANK13          100      0       0      31        0.0%
BANK13             100      0       0      32        0.0%
BITBANK12          100      0       0      29        0.0%
BANK12             100      0       0      30        0.0%
BITBANK11          100      0       0      27        0.0%
BANK11             100      0       0      28        0.0%
BITBANK10          100      0       0      25        0.0%
BANK10             100      0       0      26        0.0%
BITBANK9           100      0       0      23        0.0%
BANK9              100      0       0      24        0.0%
BITBANK8           100      0       0      21        0.0%
BANK8              100      0       0      22        0.0%
BITBANK7           100      0       0      19        0.0%
BANK7              100      0       0      20        0.0%
BITBANK6           100      0       0      17        0.0%
BANK6              100      0       0      18        0.0%
BITBANK5           100      0       0      15        0.0%
BANK5              100      0       0      16        0.0%
BITBANK4           100      0       0      13        0.0%
BANK4              100      0       0      14        0.0%
BITBANK3           100      0       0      10        0.0%
BANK3              100      0       0      11        0.0%
BITBANK2           100      0       0       8        0.0%
BANK2              100      0       0       9        0.0%
BITBANK1           100      0       0       6        0.0%
BANK1              100      0       0       7        0.0%
BITBANK0            A0      0       0       4        0.0%
BANK0               A0      0       0       5        0.0%
BITCOMRAM           5F      0       0       0        0.0%
COMRAM              5F      3       5       1        5.3%
BITBANK15           38      0       0      35        0.0%
BANK15              38      0       0      36        0.0%
BITSFR_1             0      0       0      40        0.0%
SFR_1                0      0       0      40        0.0%
BITSFR               0      0       0      40        0.0%
SFR                  0      0       0      40        0.0%
STACK                0      0       0       2        0.0%
NULL                 0      0       0       0        0.0%
ABS                  0      0       5      12        0.0%
DATA                 0      0       5       3        0.0%
CODE                 0      0       0       0        0.0%


Microchip Technology PIC18 Macro Assembler V1.36 build -262312587 
Symbol Table                                                                                   Mon Oct 10 19:23:53 2016

                              u97 109C                     ??_Atrasos_1ms 0003  
                             l744 1096                               l746 10A6  
                             l770 1064                               l754 1024  
                             l766 105C                               wreg 000FE8  
                            _LATB 000F8A                              _main 100C  
                            prodh 000FF4                              prodl 000FF3  
                            start 0000                     __CFG_IESO$OFF 000000  
                    ___param_bank 000010                             ?_main 0001  
                           _TRISB 000F93                    __CFG_FCMEN$OFF 000000  
             __end_of_Atrasos_1ms 10B8                             tablat 000FF5  
                           status 000FD8          ?_Oscilador_Inicializacao 0001  
                 __initialization 10D0                      __end_of_main 106A  
                          ??_main 0004                     __activetblptr 000001  
                          _ANSELB 000F39       __size_of_Display_LigaDigito 0018  
  __size_of_Display_Inicializacao 002A     __end_of_Display_Inicializacao 1094  
                Atrasos_1ms@Tempo 0001                       _Atrasos_1ms 1094  
                    __mediumconst 0000                            tblptrh 000FF7  
                          tblptrl 000FF6                            tblptru 000FF8  
         ?_Display_ExibeCaractere 0001                        __accesstop 0060  
         __end_of__initialization 10D4   __end_of_Oscilador_Inicializacao 10F2  
                   ___rparam_used 000001                    __pcstackCOMRAM 0001  
  __end_of_Display_ExibeCaractere 10FA                           __Hparam 0000  
                         __Lparam 0000                      __psmallconst 1000  
                         __pcinit 10D0                           __ramtop 1000  
                         __ptext0 100C                           __ptext1 10E2  
                         __ptext2 106A                           __ptext3 10B8  
                         __ptext4 10F2                           __ptext5 1094  
__size_of_Oscilador_Inicializacao 0010              end_of_initialization 10D4  
Display_LigaDigito@CodigoDoDigito 0002                      ?_Atrasos_1ms 0001  
                       _TRISDbits 000F95        __end_of_Display_LigaDigito 10D0  
           _Display_Inicializacao 106A               start_initialization 10D0  
         _Oscilador_Inicializacao 10E2                       __pbssCOMRAM 0004  
          ?_Display_Inicializacao 0001                  _Codigo7segmentos 1001  
                     __smallconst 1000              __size_of_Atrasos_1ms 0024  
     Display_LigaDigito@Caractere 0001                 _SentidoDaContagem 0005  
                        _LATDbits 000F8C          ??_Display_ExibeCaractere 0001  
       ??_Oscilador_Inicializacao 0001   Display_ExibeCaractere@Caractere 0001  
                        _Contador 0004                _Display_LigaDigito 10B8  
                        __Hrparam 0000                          __Lrparam 0000  
                    __Lsmallconst 1000               ?_Display_LigaDigito 0001  
                      _ANSELDbits 000F3B              ??_Display_LigaDigito 0002  
                   __size_of_main 005E   __size_of_Display_ExibeCaractere 0008  
                     _OSCTUNEbits 000F9B           ??_Display_Inicializacao 0003  
        __end_of_Codigo7segmentos 100B                        _OSCCONbits 000FD3  
          _Display_ExibeCaractere 10F2                 __CFG_FOSC$INTIO67 000000  
