

Microchip Technology PIC18 LITE Macro Assembler V1.36 build -262312587 
                                                                                               Wed Sep 28 11:46:19 2016

Microchip Technology Omniscient Code Generator v1.36 (Free mode) build 201601150325
     1                           	processor	18F46K22
     2                           	fnconf	rparam,??,?,0
     3                           	opt	pw 120
     4                           	opt	lm
     5                           	psect	smallconst,global,reloc=2,class=SMALLCONST,delta=1
     6                           	psect	cinit,global,reloc=2,class=CODE,delta=1
     7                           	psect	bssCOMRAM,global,class=COMRAM,space=1,delta=1
     8                           	psect	cstackCOMRAM,global,class=COMRAM,space=1,delta=1
     9                           	psect	text0,global,reloc=2,class=CODE,delta=1
    10                           	psect	text1,global,reloc=2,class=CODE,delta=1
    11                           	psect	text2,global,reloc=2,class=CODE,delta=1
    12                           	psect	text3,global,reloc=2,class=CODE,delta=1
    13                           	psect	text4,global,reloc=2,class=CODE,delta=1
    14                           	psect	text5,global,reloc=2,class=CODE,delta=1
    15                           	psect	intsave_regs,global,class=BIGRAM,space=1,delta=1
    16                           	psect	rparam,global,class=COMRAM,space=1,delta=1
    17  0000                     
    18                           	psect	smallconst
    19  001000                     __psmallconst:
    20                           	opt stack 0
    21  001000  00                 	db	0
    22  001001                     _Sequencia:
    23                           	opt stack 0
    24  001001  80                 	db	128
    25  001002  01                 	db	1
    26  001003  C0                 	db	192
    27  001004  03                 	db	3
    28  001005  E0                 	db	224
    29  001006  07                 	db	7
    30  001007  F0                 	db	240
    31  001008  0F                 	db	15
    32  001009  FF                 	db	255
    33  00100A                     __end_of_Sequencia:
    34                           	opt stack 0
    35  0000                     _ANSELB	set	3897
    36  0000                     _ANSELDbits	set	3899
    37  0000                     _LATB	set	3978
    38  0000                     _LATDbits	set	3980
    39  0000                     _OSCCONbits	set	4051
    40  0000                     _OSCTUNEbits	set	3995
    41  0000                     _TRISB	set	3987
    42  0000                     _TRISDbits	set	3989
    43                           
    44                           ; #config settings
    45  00100A  00                 	db	0	; dummy byte at the end
    46  0000                     
    47                           	psect	cinit
    48  0010BA                     __pcinit:
    49                           	opt stack 0
    50  0010BA                     start_initialization:
    51                           	opt stack 0
    52  0010BA                     __initialization:
    53                           	opt stack 0
    54                           
    55                           ; Clear objects allocated to COMRAM (1 bytes)
    56  0010BA  6A04               	clrf	__pbssCOMRAM& (0+255),c
    57  0010BC                     end_of_initialization:
    58                           	opt stack 0
    59  0010BC                     __end_of__initialization:
    60                           	opt stack 0
    61  0010BC  0E00               	movlw	low (__Lsmallconst shr (0+16))
    62  0010BE  6EF8               	movwf	tblptru,c
    63  0010C0  0E10               	movlw	high __Lsmallconst
    64  0010C2  6EF7               	movwf	tblptrh,c
    65  0010C4  0100               	movlb	0
    66  0010C6  EF06  F008         	goto	_main	;jump to C main() function
    67                           tblptru	equ	0xFF8
    68                           tblptrh	equ	0xFF7
    69                           
    70                           	psect	bssCOMRAM
    71  000004                     __pbssCOMRAM:
    72                           	opt stack 0
    73  000004                     _Passo:
    74                           	opt stack 0
    75  000004                     	ds	1
    76                           tblptru	equ	0xFF8
    77                           tblptrh	equ	0xFF7
    78                           
    79                           	psect	cstackCOMRAM
    80  000001                     __pcstackCOMRAM:
    81                           	opt stack 0
    82  000001                     Display_LigaDigito@Caractere:
    83                           	opt stack 0
    84  000001                     Display_ExibeCaractere@Caractere:
    85                           	opt stack 0
    86  000001                     Atrasos_1ms@Tempo_ms:
    87                           	opt stack 0
    88                           
    89                           ; 2 bytes @ 0x0
    90  000001                     	ds	1
    91  000002                     Display_LigaDigito@CodigoDoDigito:
    92                           	opt stack 0
    93                           
    94                           ; 1 bytes @ 0x1
    95  000002                     	ds	1
    96  000003                     ??_Atrasos_1ms:
    97                           
    98                           ; 1 bytes @ 0x2
    99  000003                     	ds	1
   100  000004                     tblptru	equ	0xFF8
   101                           tblptrh	equ	0xFF7
   102                           
   103                           ; 1 bytes @ 0x3
   104 ;;
   105 ;;Main: autosize = 0, tempsize = 0, incstack = 0, save=0
   106 ;;
   107 ;; *************** function _main *****************
   108 ;; Defined at:
   109 ;;		line 35 in file "app.c"
   110 ;; Parameters:    Size  Location     Type
   111 ;;		None
   112 ;; Auto vars:     Size  Location     Type
   113 ;;		None
   114 ;; Return value:  Size  Location     Type
   115 ;;                  1    wreg      void 
   116 ;; Registers used:
   117 ;;		wreg, status,2, status,0, tblptrl, tblptrh, tblptru, prodl, prodh, cstack
   118 ;; Tracked objects:
   119 ;;		On entry : 0/0
   120 ;;		On exit  : 0/0
   121 ;;		Unchanged: 0/0
   122 ;; Data sizes:     COMRAM   BANK0   BANK1   BANK2   BANK3   BANK4   BANK5   BANK6   BANK7   BANK8   BANK9  BANK10  BANK1
      +1  BANK12  BANK13  BANK14  BANK15
   123 ;;      Params:         0       0       0       0       0       0       0       0       0       0       0       0       
      +0       0       0       0       0
   124 ;;      Locals:         0       0       0       0       0       0       0       0       0       0       0       0       
      +0       0       0       0       0
   125 ;;      Temps:          0       0       0       0       0       0       0       0       0       0       0       0       
      +0       0       0       0       0
   126 ;;      Totals:         0       0       0       0       0       0       0       0       0       0       0       0       
      +0       0       0       0       0
   127 ;;Total ram usage:        0 bytes
   128 ;; Hardware stack levels required when called:    2
   129 ;; This function calls:
   130 ;;		_Atrasos_1ms
   131 ;;		_Display_ExibeCaractere
   132 ;;		_Display_Inicializacao
   133 ;;		_Display_LigaDigito
   134 ;;		_Oscilador_Inicializacao
   135 ;; This function is called by:
   136 ;;		Startup code after reset
   137 ;; This function uses a non-reentrant model
   138 ;;
   139                           
   140                           	psect	text0
   141  00100C                     __ptext0:
   142                           	opt stack 0
   143  00100C                     _main:
   144                           	opt stack 29
   145                           
   146                           ;app.c: 37: Oscilador_Inicializacao();
   147                           
   148                           ;incstack = 0
   149  00100C  EC65  F008         	call	_Oscilador_Inicializacao	;wreg free
   150                           
   151                           ;app.c: 38: Display_Inicializacao();
   152  001010  EC2A  F008         	call	_Display_Inicializacao	;wreg free
   153                           
   154                           ;app.c: 39: Display_LigaDigito(0b01000000,0b00000000);
   155  001014  0E00               	movlw	0
   156  001016  6E01               	movwf	Display_LigaDigito@Caractere,c
   157  001018  0E40               	movlw	64
   158  00101A  EC51  F008         	call	_Display_LigaDigito
   159  00101E  D017               	goto	l747
   160  001020                     l739:
   161                           
   162                           ;app.c: 44: {
   163                           ;app.c: 45: Display_ExibeCaractere(Sequencia[Passo]);
   164  001020  5004               	movf	_Passo,w,c
   165  001022  0D01               	mullw	1
   166  001024  0E01               	movlw	low _Sequencia
   167  001026  24F3               	addwf	prodl,w,c
   168  001028  6EF6               	movwf	tblptrl,c
   169  00102A  0E10               	movlw	high _Sequencia
   170  00102C  20F4               	addwfc	prodh,w,c
   171  00102E  6EF7               	movwf	tblptrh,c
   172  001030                     	if	0	;There are less than 3 active tblptr bytes
   173  001030                     	endif
   174  001030  0008               	tblrd		*
   175  001032  50F5               	movf	tablat,w,c
   176  001034  EC6D  F008         	call	_Display_ExibeCaractere
   177                           
   178                           ;app.c: 46: Atrasos_1ms(200);
   179  001038  0E00               	movlw	0
   180  00103A  6E02               	movwf	Atrasos_1ms@Tempo_ms+1,c
   181  00103C  0EC8               	movlw	200
   182  00103E  6E01               	movwf	Atrasos_1ms@Tempo_ms,c
   183  001040  EC3F  F008         	call	_Atrasos_1ms	;wreg free
   184                           
   185                           ;app.c: 48: Passo++;
   186  001044  2A04               	incf	_Passo,f,c
   187                           
   188                           ;app.c: 49: if (Passo == 9)Passo = 0;
   189  001046  0E09               	movlw	9
   190  001048  1804               	xorwf	_Passo,w,c
   191  00104A  A4D8               	btfss	status,2,c
   192  00104C  D7E9               	goto	l739
   193  00104E                     l747:
   194  00104E  0E00               	movlw	0
   195  001050  6E04               	movwf	_Passo,c
   196  001052  D7E6               	goto	l739
   197  001054                     __end_of_main:
   198                           	opt stack 0
   199                           tblptru	equ	0xFF8
   200                           tblptrh	equ	0xFF7
   201                           tblptrl	equ	0xFF6
   202                           tablat	equ	0xFF5
   203                           prodh	equ	0xFF4
   204                           prodl	equ	0xFF3
   205                           status	equ	0xFD8
   206                           
   207 ;; *************** function _Oscilador_Inicializacao *****************
   208 ;; Defined at:
   209 ;;		line 33 in file "Oscilador.c"
   210 ;; Parameters:    Size  Location     Type
   211 ;;		None
   212 ;; Auto vars:     Size  Location     Type
   213 ;;		None
   214 ;; Return value:  Size  Location     Type
   215 ;;                  1    wreg      void 
   216 ;; Registers used:
   217 ;;		wreg, status,2
   218 ;; Tracked objects:
   219 ;;		On entry : 0/0
   220 ;;		On exit  : 0/0
   221 ;;		Unchanged: 0/0
   222 ;; Data sizes:     COMRAM   BANK0   BANK1   BANK2   BANK3   BANK4   BANK5   BANK6   BANK7   BANK8   BANK9  BANK10  BANK1
      +1  BANK12  BANK13  BANK14  BANK15
   223 ;;      Params:         0       0       0       0       0       0       0       0       0       0       0       0       
      +0       0       0       0       0
   224 ;;      Locals:         0       0       0       0       0       0       0       0       0       0       0       0       
      +0       0       0       0       0
   225 ;;      Temps:          0       0       0       0       0       0       0       0       0       0       0       0       
      +0       0       0       0       0
   226 ;;      Totals:         0       0       0       0       0       0       0       0       0       0       0       0       
      +0       0       0       0       0
   227 ;;Total ram usage:        0 bytes
   228 ;; Hardware stack levels used:    1
   229 ;; This function calls:
   230 ;;		Nothing
   231 ;; This function is called by:
   232 ;;		_main
   233 ;; This function uses a non-reentrant model
   234 ;;
   235                           
   236                           	psect	text1
   237  0010CA                     __ptext1:
   238                           	opt stack 0
   239  0010CA                     _Oscilador_Inicializacao:
   240                           	opt stack 30
   241                           
   242                           ;Oscilador.c: 35: OSCCONbits.SCS = 0;
   243                           
   244                           ;incstack = 0
   245  0010CA  0EFC               	movlw	-4
   246  0010CC  16D3               	andwf	4051,f,c	;volatile
   247                           
   248                           ;Oscilador.c: 40: OSCCONbits.IRCF = 6;
   249  0010CE  50D3               	movf	4051,w,c	;volatile
   250  0010D0  0B8F               	andlw	-113
   251  0010D2  0960               	iorlw	96
   252  0010D4  6ED3               	movwf	4051,c	;volatile
   253                           
   254                           ;Oscilador.c: 79: OSCTUNEbits.PLLEN= 1;
   255  0010D6  8C9B               	bsf	3995,6,c	;volatile
   256  0010D8  0012               	return		;funcret
   257  0010DA                     __end_of_Oscilador_Inicializacao:
   258                           	opt stack 0
   259                           tblptru	equ	0xFF8
   260                           tblptrh	equ	0xFF7
   261                           tblptrl	equ	0xFF6
   262                           tablat	equ	0xFF5
   263                           prodh	equ	0xFF4
   264                           prodl	equ	0xFF3
   265                           status	equ	0xFD8
   266                           
   267 ;; *************** function _Display_Inicializacao *****************
   268 ;; Defined at:
   269 ;;		line 28 in file "Display de Leds.c"
   270 ;; Parameters:    Size  Location     Type
   271 ;;		None
   272 ;; Auto vars:     Size  Location     Type
   273 ;;		None
   274 ;; Return value:  Size  Location     Type
   275 ;;                  1    wreg      void 
   276 ;; Registers used:
   277 ;;		wreg, status,2, cstack
   278 ;; Tracked objects:
   279 ;;		On entry : 0/0
   280 ;;		On exit  : 0/0
   281 ;;		Unchanged: 0/0
   282 ;; Data sizes:     COMRAM   BANK0   BANK1   BANK2   BANK3   BANK4   BANK5   BANK6   BANK7   BANK8   BANK9  BANK10  BANK1
      +1  BANK12  BANK13  BANK14  BANK15
   283 ;;      Params:         0       0       0       0       0       0       0       0       0       0       0       0       
      +0       0       0       0       0
   284 ;;      Locals:         0       0       0       0       0       0       0       0       0       0       0       0       
      +0       0       0       0       0
   285 ;;      Temps:          0       0       0       0       0       0       0       0       0       0       0       0       
      +0       0       0       0       0
   286 ;;      Totals:         0       0       0       0       0       0       0       0       0       0       0       0       
      +0       0       0       0       0
   287 ;;Total ram usage:        0 bytes
   288 ;; Hardware stack levels used:    1
   289 ;; Hardware stack levels required when called:    1
   290 ;; This function calls:
   291 ;;		_Display_LigaDigito
   292 ;; This function is called by:
   293 ;;		_main
   294 ;; This function uses a non-reentrant model
   295 ;;
   296                           
   297                           	psect	text2
   298  001054                     __ptext2:
   299                           	opt stack 0
   300  001054                     _Display_Inicializacao:
   301                           	opt stack 29
   302                           
   303                           ;Display de Leds.c: 31: ANSELDbits.ANSD3 = 0;
   304                           
   305                           ;incstack = 0
   306  001054  010F               	movlb	15	; () banked
   307  001056  973B               	bcf	59,3,b	;volatile
   308                           
   309                           ;Display de Leds.c: 32: LATDbits.LATD3 = 1;
   310  001058  868C               	bsf	3980,3,c	;volatile
   311                           
   312                           ;Display de Leds.c: 33: TRISDbits.TRISD3 = 0;
   313  00105A  9695               	bcf	3989,3,c	;volatile
   314                           
   315                           ;Display de Leds.c: 36: ANSELDbits.ANSD2 = 0;
   316  00105C  010F               	movlb	15	; () banked
   317  00105E  953B               	bcf	59,2,b	;volatile
   318                           
   319                           ;Display de Leds.c: 37: LATDbits.LATD2 = 0;
   320  001060  948C               	bcf	3980,2,c	;volatile
   321                           
   322                           ;Display de Leds.c: 38: TRISDbits.TRISD2 = 0;
   323  001062  9495               	bcf	3989,2,c	;volatile
   324                           
   325                           ; BSR set to: 15
   326                           ;Display de Leds.c: 41: ANSELB = 0;
   327  001064  0E00               	movlw	0
   328  001066  010F               	movlb	15	; () banked
   329  001068  6F39               	movwf	57,b	;volatile
   330                           
   331                           ;Display de Leds.c: 42: LATB = 0;
   332  00106A  0E00               	movlw	0
   333  00106C  6E8A               	movwf	3978,c	;volatile
   334                           
   335                           ;Display de Leds.c: 43: TRISB = 0;
   336  00106E  0E00               	movlw	0
   337  001070  6E93               	movwf	3987,c	;volatile
   338                           
   339                           ; BSR set to: 15
   340                           ;Display de Leds.c: 46: Display_LigaDigito (0,0);
   341  001072  0E00               	movlw	0
   342  001074  6E01               	movwf	Display_LigaDigito@Caractere,c
   343  001076  0E00               	movlw	0
   344  001078  EC51  F008         	call	_Display_LigaDigito
   345  00107C  0012               	return		;funcret
   346  00107E                     __end_of_Display_Inicializacao:
   347                           	opt stack 0
   348                           tblptru	equ	0xFF8
   349                           tblptrh	equ	0xFF7
   350                           tblptrl	equ	0xFF6
   351                           tablat	equ	0xFF5
   352                           prodh	equ	0xFF4
   353                           prodl	equ	0xFF3
   354                           status	equ	0xFD8
   355                           
   356 ;; *************** function _Display_LigaDigito *****************
   357 ;; Defined at:
   358 ;;		line 60 in file "Display de Leds.c"
   359 ;; Parameters:    Size  Location     Type
   360 ;;  CodigoDoDigi    1    wreg     unsigned char 
   361 ;;  Caractere       1    0[COMRAM] unsigned char 
   362 ;; Auto vars:     Size  Location     Type
   363 ;;  CodigoDoDigi    1    1[COMRAM] unsigned char 
   364 ;; Return value:  Size  Location     Type
   365 ;;                  1    wreg      void 
   366 ;; Registers used:
   367 ;;		wreg
   368 ;; Tracked objects:
   369 ;;		On entry : 0/0
   370 ;;		On exit  : 0/0
   371 ;;		Unchanged: 0/0
   372 ;; Data sizes:     COMRAM   BANK0   BANK1   BANK2   BANK3   BANK4   BANK5   BANK6   BANK7   BANK8   BANK9  BANK10  BANK1
      +1  BANK12  BANK13  BANK14  BANK15
   373 ;;      Params:         1       0       0       0       0       0       0       0       0       0       0       0       
      +0       0       0       0       0
   374 ;;      Locals:         1       0       0       0       0       0       0       0       0       0       0       0       
      +0       0       0       0       0
   375 ;;      Temps:          0       0       0       0       0       0       0       0       0       0       0       0       
      +0       0       0       0       0
   376 ;;      Totals:         2       0       0       0       0       0       0       0       0       0       0       0       
      +0       0       0       0       0
   377 ;;Total ram usage:        2 bytes
   378 ;; Hardware stack levels used:    1
   379 ;; This function calls:
   380 ;;		Nothing
   381 ;; This function is called by:
   382 ;;		_main
   383 ;;		_Display_Inicializacao
   384 ;; This function uses a non-reentrant model
   385 ;;
   386                           
   387                           	psect	text3
   388  0010A2                     __ptext3:
   389                           	opt stack 0
   390  0010A2                     _Display_LigaDigito:
   391                           	opt stack 30
   392                           
   393                           ;incstack = 0
   394                           ;Display_LigaDigito@CodigoDoDigito stored from wreg
   395  0010A2  6E02               	movwf	Display_LigaDigito@CodigoDoDigito,c
   396                           
   397                           ;Display de Leds.c: 62: LATDbits.LATD3 = 1;
   398  0010A4  868C               	bsf	3980,3,c	;volatile
   399                           
   400                           ;Display de Leds.c: 64: LATB = CodigoDoDigito;
   401  0010A6  C002  FF8A         	movff	Display_LigaDigito@CodigoDoDigito,3978	;volatile
   402                           
   403                           ;Display de Leds.c: 65: LATDbits.LATD2 = 1;
   404  0010AA  848C               	bsf	3980,2,c	;volatile
   405                           
   406                           ;Display de Leds.c: 66: __nop();
   407  0010AC  F000               	nop	
   408                           
   409                           ;Display de Leds.c: 67: __nop();
   410  0010AE  F000               	nop	
   411                           
   412                           ;Display de Leds.c: 68: LATDbits.LATD2 = 0;
   413  0010B0  948C               	bcf	3980,2,c	;volatile
   414                           
   415                           ;Display de Leds.c: 70: LATB = Caractere;
   416  0010B2  C001  FF8A         	movff	Display_LigaDigito@Caractere,3978	;volatile
   417                           
   418                           ;Display de Leds.c: 71: LATDbits.LATD3 = 0;
   419  0010B6  968C               	bcf	3980,3,c	;volatile
   420  0010B8  0012               	return		;funcret
   421  0010BA                     __end_of_Display_LigaDigito:
   422                           	opt stack 0
   423                           tblptru	equ	0xFF8
   424                           tblptrh	equ	0xFF7
   425                           tblptrl	equ	0xFF6
   426                           tablat	equ	0xFF5
   427                           prodh	equ	0xFF4
   428                           prodl	equ	0xFF3
   429                           status	equ	0xFD8
   430                           
   431 ;; *************** function _Display_ExibeCaractere *****************
   432 ;; Defined at:
   433 ;;		line 79 in file "Display de Leds.c"
   434 ;; Parameters:    Size  Location     Type
   435 ;;  Caractere       1    wreg     unsigned char 
   436 ;; Auto vars:     Size  Location     Type
   437 ;;  Caractere       1    0[COMRAM] unsigned char 
   438 ;; Return value:  Size  Location     Type
   439 ;;                  1    wreg      void 
   440 ;; Registers used:
   441 ;;		wreg
   442 ;; Tracked objects:
   443 ;;		On entry : 0/0
   444 ;;		On exit  : 0/0
   445 ;;		Unchanged: 0/0
   446 ;; Data sizes:     COMRAM   BANK0   BANK1   BANK2   BANK3   BANK4   BANK5   BANK6   BANK7   BANK8   BANK9  BANK10  BANK1
      +1  BANK12  BANK13  BANK14  BANK15
   447 ;;      Params:         0       0       0       0       0       0       0       0       0       0       0       0       
      +0       0       0       0       0
   448 ;;      Locals:         1       0       0       0       0       0       0       0       0       0       0       0       
      +0       0       0       0       0
   449 ;;      Temps:          0       0       0       0       0       0       0       0       0       0       0       0       
      +0       0       0       0       0
   450 ;;      Totals:         1       0       0       0       0       0       0       0       0       0       0       0       
      +0       0       0       0       0
   451 ;;Total ram usage:        1 bytes
   452 ;; Hardware stack levels used:    1
   453 ;; This function calls:
   454 ;;		Nothing
   455 ;; This function is called by:
   456 ;;		_main
   457 ;; This function uses a non-reentrant model
   458 ;;
   459                           
   460                           	psect	text4
   461  0010DA                     __ptext4:
   462                           	opt stack 0
   463  0010DA                     _Display_ExibeCaractere:
   464                           	opt stack 30
   465                           
   466                           ;incstack = 0
   467                           ;Display_ExibeCaractere@Caractere stored from wreg
   468  0010DA  6E01               	movwf	Display_ExibeCaractere@Caractere,c
   469                           
   470                           ;Display de Leds.c: 81: LATB = Caractere;
   471  0010DC  C001  FF8A         	movff	Display_ExibeCaractere@Caractere,3978	;volatile
   472  0010E0  0012               	return		;funcret
   473  0010E2                     __end_of_Display_ExibeCaractere:
   474                           	opt stack 0
   475                           tblptru	equ	0xFF8
   476                           tblptrh	equ	0xFF7
   477                           tblptrl	equ	0xFF6
   478                           tablat	equ	0xFF5
   479                           prodh	equ	0xFF4
   480                           prodl	equ	0xFF3
   481                           status	equ	0xFD8
   482                           
   483 ;; *************** function _Atrasos_1ms *****************
   484 ;; Defined at:
   485 ;;		line 30 in file "Atrasos.c"
   486 ;; Parameters:    Size  Location     Type
   487 ;;  Tempo_ms        2    0[COMRAM] unsigned int 
   488 ;; Auto vars:     Size  Location     Type
   489 ;;		None
   490 ;; Return value:  Size  Location     Type
   491 ;;                  1    wreg      void 
   492 ;; Registers used:
   493 ;;		wreg, status,2, status,0
   494 ;; Tracked objects:
   495 ;;		On entry : 0/0
   496 ;;		On exit  : 0/0
   497 ;;		Unchanged: 0/0
   498 ;; Data sizes:     COMRAM   BANK0   BANK1   BANK2   BANK3   BANK4   BANK5   BANK6   BANK7   BANK8   BANK9  BANK10  BANK1
      +1  BANK12  BANK13  BANK14  BANK15
   499 ;;      Params:         2       0       0       0       0       0       0       0       0       0       0       0       
      +0       0       0       0       0
   500 ;;      Locals:         0       0       0       0       0       0       0       0       0       0       0       0       
      +0       0       0       0       0
   501 ;;      Temps:          1       0       0       0       0       0       0       0       0       0       0       0       
      +0       0       0       0       0
   502 ;;      Totals:         3       0       0       0       0       0       0       0       0       0       0       0       
      +0       0       0       0       0
   503 ;;Total ram usage:        3 bytes
   504 ;; Hardware stack levels used:    1
   505 ;; This function calls:
   506 ;;		Nothing
   507 ;; This function is called by:
   508 ;;		_main
   509 ;; This function uses a non-reentrant model
   510 ;;
   511                           
   512                           	psect	text5
   513  00107E                     __ptext5:
   514                           	opt stack 0
   515  00107E                     _Atrasos_1ms:
   516                           	opt stack 30
   517                           
   518                           ;Atrasos.c: 32: while(Tempo_ms-- > 0)
   519                           
   520                           ;incstack = 0
   521  00107E  D008               	goto	l733
   522  001080                     l731:
   523                           
   524                           ;Atrasos.c: 33: {
   525                           ;Atrasos.c: 34: _delay((unsigned long)((1)*((8000000 * 4)/4000.0)));
   526  001080  0E0B               	movlw	11
   527  001082  6E03               	movwf	??_Atrasos_1ms& (0+255),c
   528  001084  0E62               	movlw	98
   529  001086                     u57:
   530  001086  2EE8               	decfsz	wreg,f,c
   531  001088  D7FE               	goto	u57
   532  00108A  2E03               	decfsz	??_Atrasos_1ms& (0+255),f,c
   533  00108C  D7FC               	goto	u57
   534  00108E  D000               	nop2	
   535  001090                     l733:
   536  001090  0601               	decf	Atrasos_1ms@Tempo_ms,f,c
   537  001092  A0D8               	btfss	status,0,c
   538  001094  0602               	decf	Atrasos_1ms@Tempo_ms+1,f,c
   539  001096  2801               	incf	Atrasos_1ms@Tempo_ms,w,c
   540  001098  E1F3               	bnz	l731
   541  00109A  2802               	incf	Atrasos_1ms@Tempo_ms+1,w,c
   542  00109C  B4D8               	btfsc	status,2,c
   543  00109E  0012               	return	
   544  0010A0  D7EF               	goto	l731
   545  0010A2                     __end_of_Atrasos_1ms:
   546                           	opt stack 0
   547                           tblptru	equ	0xFF8
   548                           tblptrh	equ	0xFF7
   549                           tblptrl	equ	0xFF6
   550                           tablat	equ	0xFF5
   551                           prodh	equ	0xFF4
   552                           prodl	equ	0xFF3
   553                           wreg	equ	0xFE8
   554                           status	equ	0xFD8
   555                           tblptru	equ	0xFF8
   556                           tblptrh	equ	0xFF7
   557                           tblptrl	equ	0xFF6
   558                           tablat	equ	0xFF5
   559                           prodh	equ	0xFF4
   560                           prodl	equ	0xFF3
   561                           wreg	equ	0xFE8
   562                           status	equ	0xFD8
   563                           
   564                           	psect	rparam
   565  0000                     tblptru	equ	0xFF8
   566                           tblptrh	equ	0xFF7
   567                           tblptrl	equ	0xFF6
   568                           tablat	equ	0xFF5
   569                           prodh	equ	0xFF4
   570                           prodl	equ	0xFF3
   571                           wreg	equ	0xFE8
   572                           status	equ	0xFD8


Data Sizes:
    Strings     0
    Constant    9
    Data        0
    BSS         1
    Persistent  0
    Stack       0

Auto Spaces:
    Space          Size  Autos    Used
    COMRAM           95      3       4
    BANK0           160      0       0
    BANK1           256      0       0
    BANK2           256      0       0
    BANK3           256      0       0
    BANK4           256      0       0
    BANK5           256      0       0
    BANK6           256      0       0
    BANK7           256      0       0
    BANK8           256      0       0
    BANK9           256      0       0
    BANK10          256      0       0
    BANK11          256      0       0
    BANK12          256      0       0
    BANK13          256      0       0
    BANK14          256      0       0
    BANK15           56      0       0

Pointer List with Targets:

    None.

Critical Paths under _main in COMRAM

    _main->_Atrasos_1ms
    _Display_Inicializacao->_Display_LigaDigito

Critical Paths under _main in BANK0

    None.

Critical Paths under _main in BANK1

    None.

Critical Paths under _main in BANK2

    None.

Critical Paths under _main in BANK3

    None.

Critical Paths under _main in BANK4

    None.

Critical Paths under _main in BANK5

    None.

Critical Paths under _main in BANK6

    None.

Critical Paths under _main in BANK7

    None.

Critical Paths under _main in BANK8

    None.

Critical Paths under _main in BANK9

    None.

Critical Paths under _main in BANK10

    None.

Critical Paths under _main in BANK11

    None.

Critical Paths under _main in BANK12

    None.

Critical Paths under _main in BANK13

    None.

Critical Paths under _main in BANK14

    None.

Critical Paths under _main in BANK15

    None.

Call Graph Tables:

 ---------------------------------------------------------------------------------
 (Depth) Function   	        Calls       Base Space   Used Autos Params    Refs
 ---------------------------------------------------------------------------------
 (0) _main                                                 0     0      0     340
                        _Atrasos_1ms
             _Display_ExibeCaractere
              _Display_Inicializacao
                 _Display_LigaDigito
            _Oscilador_Inicializacao
 ---------------------------------------------------------------------------------
 (1) _Oscilador_Inicializacao                              0     0      0       0
 ---------------------------------------------------------------------------------
 (1) _Display_Inicializacao                                0     0      0     130
                 _Display_LigaDigito
 ---------------------------------------------------------------------------------
 (1) _Display_LigaDigito                                   2     1      1     130
                                              0 COMRAM     2     1      1
 ---------------------------------------------------------------------------------
 (1) _Display_ExibeCaractere                               1     1      0      15
                                              0 COMRAM     1     1      0
 ---------------------------------------------------------------------------------
 (1) _Atrasos_1ms                                          3     1      2      65
                                              0 COMRAM     3     1      2
 ---------------------------------------------------------------------------------
 Estimated maximum stack depth 1
 ---------------------------------------------------------------------------------

 Call Graph Graphs:

 _main (ROOT)
   _Atrasos_1ms
   _Display_ExibeCaractere
   _Display_Inicializacao
     _Display_LigaDigito
   _Display_LigaDigito
   _Oscilador_Inicializacao

 Address spaces:
Name               Size   Autos  Total    Cost      Usage
BIGRAM             F37      0       0      37        0.0%
EEDATA             400      0       0       0        0.0%
BITBANK14          100      0       0      33        0.0%
BANK14             100      0       0      34        0.0%
BITBANK13          100      0       0      31        0.0%
BANK13             100      0       0      32        0.0%
BITBANK12          100      0       0      29        0.0%
BANK12             100      0       0      30        0.0%
BITBANK11          100      0       0      27        0.0%
BANK11             100      0       0      28        0.0%
BITBANK10          100      0       0      25        0.0%
BANK10             100      0       0      26        0.0%
BITBANK9           100      0       0      23        0.0%
BANK9              100      0       0      24        0.0%
BITBANK8           100      0       0      21        0.0%
BANK8              100      0       0      22        0.0%
BITBANK7           100      0       0      19        0.0%
BANK7              100      0       0      20        0.0%
BITBANK6           100      0       0      17        0.0%
BANK6              100      0       0      18        0.0%
BITBANK5           100      0       0      15        0.0%
BANK5              100      0       0      16        0.0%
BITBANK4           100      0       0      13        0.0%
BANK4              100      0       0      14        0.0%
BITBANK3           100      0       0      10        0.0%
BANK3              100      0       0      11        0.0%
BITBANK2           100      0       0       8        0.0%
BANK2              100      0       0       9        0.0%
BITBANK1           100      0       0       6        0.0%
BANK1              100      0       0       7        0.0%
BITBANK0            A0      0       0       4        0.0%
BANK0               A0      0       0       5        0.0%
BITCOMRAM           5F      0       0       0        0.0%
COMRAM              5F      3       4       1        4.2%
BITBANK15           38      0       0      35        0.0%
BANK15              38      0       0      36        0.0%
BITSFR_1             0      0       0      40        0.0%
SFR_1                0      0       0      40        0.0%
BITSFR               0      0       0      40        0.0%
SFR                  0      0       0      40        0.0%
STACK                0      0       0       2        0.0%
NULL                 0      0       0       0        0.0%
ABS                  0      0       4      12        0.0%
DATA                 0      0       4       3        0.0%
CODE                 0      0       0       0        0.0%


Microchip Technology PIC18 Macro Assembler V1.36 build -262312587 
Symbol Table                                                                                   Wed Sep 28 11:46:19 2016

                              u57 1086                     ??_Atrasos_1ms 0003  
                             l731 1080                               l733 1090  
                             l747 104E                               l739 1020  
                             wreg 000FE8                              _LATB 000F8A  
                            _main 100C                              prodh 000FF4  
                            prodl 000FF3                              start 0000  
                   __CFG_IESO$OFF 000000                      ___param_bank 000010  
                           ?_main 0001                             _TRISB 000F93  
                  __CFG_FCMEN$OFF 000000                             _Passo 0004  
             __end_of_Atrasos_1ms 10A2                             tablat 000FF5  
                           status 000FD8          ?_Oscilador_Inicializacao 0001  
                 __initialization 10BA                      __end_of_main 1054  
                          ??_main 0004                     __activetblptr 000001  
                          _ANSELB 000F39       __size_of_Display_LigaDigito 0018  
  __size_of_Display_Inicializacao 002A     __end_of_Display_Inicializacao 107E  
                     _Atrasos_1ms 107E                      __mediumconst 0000  
                          tblptrh 000FF7                            tblptrl 000FF6  
                          tblptru 000FF8           ?_Display_ExibeCaractere 0001  
                      __accesstop 0060           __end_of__initialization 10BC  
 __end_of_Oscilador_Inicializacao 10DA                     ___rparam_used 000001  
                  __pcstackCOMRAM 0001    __end_of_Display_ExibeCaractere 10E2  
               __end_of_Sequencia 100A                           __Hparam 0000  
                         __Lparam 0000                      __psmallconst 1000  
                         __pcinit 10BA                           __ramtop 1000  
                         __ptext0 100C                           __ptext1 10CA  
                         __ptext2 1054                           __ptext3 10A2  
                         __ptext4 10DA                           __ptext5 107E  
__size_of_Oscilador_Inicializacao 0010              end_of_initialization 10BC  
Display_LigaDigito@CodigoDoDigito 0002                      ?_Atrasos_1ms 0001  
                       _TRISDbits 000F95        __end_of_Display_LigaDigito 10BA  
           _Display_Inicializacao 1054               start_initialization 10BA  
                       _Sequencia 1001           _Oscilador_Inicializacao 10CA  
                     __pbssCOMRAM 0004               Atrasos_1ms@Tempo_ms 0001  
          ?_Display_Inicializacao 0001                       __smallconst 1000  
            __size_of_Atrasos_1ms 0024       Display_LigaDigito@Caractere 0001  
                        _LATDbits 000F8C          ??_Display_ExibeCaractere 0001  
       ??_Oscilador_Inicializacao 0001   Display_ExibeCaractere@Caractere 0001  
              _Display_LigaDigito 10A2                          __Hrparam 0000  
                        __Lrparam 0000                      __Lsmallconst 1000  
             ?_Display_LigaDigito 0001                        _ANSELDbits 000F3B  
            ??_Display_LigaDigito 0002                     __size_of_main 0048  
 __size_of_Display_ExibeCaractere 0008                       _OSCTUNEbits 000F9B  
         ??_Display_Inicializacao 0003                        _OSCCONbits 000FD3  
          _Display_ExibeCaractere 10DA                 __CFG_FOSC$INTIO67 000000  
