

Microchip Technology PIC18 LITE Macro Assembler V1.42 build -159332390 
                                                                                               Sun Sep 17 08:46:13 2017

Microchip Technology Omniscient Code Generator v1.42 (Free mode) build 201704130522
     1                           	processor	18F46K22
     2                           	fnconf	rparam,??,?,0
     3                           	opt	pw 120
     4                           	opt	lm
     5                           	psect	cinit,global,reloc=2,class=CODE,delta=1
     6                           	psect	cstackCOMRAM,global,class=COMRAM,space=1,delta=1,noexec
     7                           	psect	text0,global,reloc=2,class=CODE,delta=1
     8                           	psect	text1,global,reloc=2,class=CODE,delta=1
     9                           	psect	text2,global,reloc=2,class=CODE,delta=1
    10                           	psect	text3,global,reloc=2,class=CODE,delta=1
    11                           	psect	text4,global,reloc=2,class=CODE,delta=1
    12                           	psect	intsave_regs,global,class=BIGRAM,space=1,delta=1,noexec
    13                           	psect	rparam,global,class=COMRAM,space=1,delta=1,noexec
    14  0000                     
    15                           ; Version 1.42
    16                           ; Generated 13/04/2017 GMT
    17                           ; 
    18                           ; Copyright © 2017, Microchip Technology Inc. and its subsidiaries ("Microchip")
    19                           ; All rights reserved.
    20                           ; 
    21                           ; This software is developed by Microchip Technology Inc. and its subsidiaries ("Microch
      +                          ip").
    22                           ; 
    23                           ; Redistribution and use in source and binary forms, with or without modification, are
    24                           ; permitted provided that the following conditions are met:
    25                           ; 
    26                           ;     1. Redistributions of source code must retain the above copyright notice, this lis
      +                          t of
    27                           ;        conditions and the following disclaimer.
    28                           ; 
    29                           ;     2. Redistributions in binary form must reproduce the above copyright notice, this 
      +                          list
    30                           ;        of conditions and the following disclaimer in the documentation and/or other
    31                           ;        materials provided with the distribution.
    32                           ; 
    33                           ;     3. Microchip's name may not be used to endorse or promote products derived from th
      +                          is
    34                           ;        software without specific prior written permission.
    35                           ; 
    36                           ; THIS SOFTWARE IS PROVIDED BY MICROCHIP "AS IS" AND ANY EXPRESS OR IMPLIED WARRANTIES,
    37                           ; INCLUDING, BUT NOT LIMITED TO, THE IMPLIED WARRANTIES OF MERCHANTABILITY AND FITNESS F
      +                          OR
    38                           ; PURPOSE ARE DISCLAIMED.  IN NO EVENT SHALL MICROCHIP BE LIABLE FOR ANY DIRECT, INDIREC
      +                          T,
    39                           ; INCIDENTAL, SPECIAL, EXEMPLARY, OR CONSEQUENTIAL DAMAGES (INCLUDING BUT NOT LIMITED TO
    40                           ; PROCUREMENT OF SUBSTITUTE GOODS OR SERVICES; LOSS OF USE, DATA OR PROFITS; OR BUSINESS
    41                           ; INTERRUPTION) HOWSOEVER CAUSED AND ON ANY THEORY OF LIABILITY, WHETHER IN CONTRACT, ST
      +                          RICT
    42                           ; LIABILITY, OR TORT (INCLUDING NEGLIGENCE OR OTHERWISE) ARISING IN ANY WAY OUT OF THE U
      +                          SE OF
    43                           ; THIS SOFTWARE, EVEN IF ADVISED OF THE POSSIBILITY OF SUCH DAMAGE.
    44                           ; 
    45                           ; 
    46                           ; Code-generator required, PIC18F46K22 Definitions
    47                           ; 
    48                           ; SFR Addresses
    49  0000                     _ANSELA	set	3896
    50  0000                     _ANSELB	set	3897
    51  0000                     _ANSELDbits	set	3899
    52  0000                     _TRISB	set	3987
    53  0000                     _LATB	set	3978
    54  0000                     _TRISDbits	set	3989
    55  0000                     _LATDbits	set	3980
    56  0000                     _PORTAbits	set	3968
    57                           
    58                           ; #config settings
    59                           
    60                           	psect	cinit
    61  00FB52                     __pcinit:
    62                           	opt stack 0
    63  00FB52                     start_initialization:
    64                           	opt stack 0
    65  00FB52                     __initialization:
    66                           	opt stack 0
    67  00FB52                     end_of_initialization:
    68                           	opt stack 0
    69  00FB52                     __end_of__initialization:
    70                           	opt stack 0
    71  00FB52  0100               	movlb	0
    72  00FB54  EFD5  F07D         	goto	_main	;jump to C main() function
    73                           
    74                           	psect	cstackCOMRAM
    75  000001                     __pcstackCOMRAM:
    76                           	opt stack 0
    77  000001                     Display_LigaDigito@Caractere:
    78                           	opt stack 0
    79  000001                     Display_ExibeCaractere@Caractere:
    80                           	opt stack 0
    81                           
    82                           ; 1 bytes @ 0x0
    83  000001                     	ds	1
    84  000002                     Display_LigaDigito@CodigoDoDigito:
    85                           	opt stack 0
    86                           
    87                           ; 1 bytes @ 0x1
    88  000002                     	ds	1
    89  000003                     
    90                           ; 1 bytes @ 0x2
    91 ;;
    92 ;;Main: autosize = 0, tempsize = 0, incstack = 0, save=0
    93 ;;
    94 ;; *************** function _main *****************
    95 ;; Defined at:
    96 ;;		line 14 in file "App.c"
    97 ;; Parameters:    Size  Location     Type
    98 ;;		None
    99 ;; Auto vars:     Size  Location     Type
   100 ;;		None
   101 ;; Return value:  Size  Location     Type
   102 ;;                  1    wreg      void 
   103 ;; Registers used:
   104 ;;		wreg, status,2, cstack
   105 ;; Tracked objects:
   106 ;;		On entry : 0/0
   107 ;;		On exit  : 0/0
   108 ;;		Unchanged: 0/0
   109 ;; Data sizes:     COMRAM   BANK0   BANK1   BANK2   BANK3   BANK4   BANK5   BANK6   BANK7   BANK8   BANK9  BANK10  BANK1
      +1  BANK12  BANK13  BANK14  BANK15
   110 ;;      Params:         0       0       0       0       0       0       0       0       0       0       0       0       
      +0       0       0       0       0
   111 ;;      Locals:         0       0       0       0       0       0       0       0       0       0       0       0       
      +0       0       0       0       0
   112 ;;      Temps:          0       0       0       0       0       0       0       0       0       0       0       0       
      +0       0       0       0       0
   113 ;;      Totals:         0       0       0       0       0       0       0       0       0       0       0       0       
      +0       0       0       0       0
   114 ;;Total ram usage:        0 bytes
   115 ;; Hardware stack levels required when called:    2
   116 ;; This function calls:
   117 ;;		_Display_ExibeCaractere
   118 ;;		_Display_Inicializacao
   119 ;;		_Display_LigaDigito
   120 ;;		_Teclado_Inicializacao
   121 ;; This function is called by:
   122 ;;		Startup code after reset
   123 ;; This function uses a non-reentrant model
   124 ;;
   125                           
   126                           	psect	text0
   127  00FBAA                     __ptext0:
   128                           	opt stack 0
   129  00FBAA                     _main:
   130                           	opt stack 29
   131                           
   132                           ;App.c: 16: Display_Inicializacao();
   133                           
   134                           ;incstack = 0
   135  00FBAA  ECC0  F07D         	call	_Display_Inicializacao	;wreg free
   136                           
   137                           ;App.c: 17: Teclado_Inicializacao();
   138  00FBAE  ECB0  F07D         	call	_Teclado_Inicializacao	;wreg free
   139                           
   140                           ;App.c: 18: Display_LigaDigito(0b00000100,0b00000000);
   141  00FBB2  0E00               	movlw	0
   142  00FBB4  6E01               	movwf	Display_LigaDigito@Caractere,c
   143  00FBB6  0E04               	movlw	4
   144  00FBB8  ECB4  F07D         	call	_Display_LigaDigito
   145  00FBBC                     l746:
   146                           
   147                           ;App.c: 22: {
   148                           ;App.c: 23: if (PORTAbits.RA0 == 0)Display_ExibeCaractere(0b00000110);
   149  00FBBC  B080               	btfsc	3968,0,c	;volatile
   150  00FBBE  D004               	goto	l16
   151  00FBC0  0E06               	movlw	6
   152  00FBC2  ECAC  F07D         	call	_Display_ExibeCaractere
   153  00FBC6  D7FA               	goto	l746
   154  00FBC8                     l16:
   155                           
   156                           ;App.c: 24: else if (PORTAbits.RA1 == 0)Display_ExibeCaractere(0b01011011);
   157  00FBC8  B280               	btfsc	3968,1,c	;volatile
   158  00FBCA  D004               	goto	l18
   159  00FBCC  0E5B               	movlw	91
   160  00FBCE  ECAC  F07D         	call	_Display_ExibeCaractere
   161  00FBD2  D7F4               	goto	l746
   162  00FBD4                     l18:
   163                           
   164                           ;App.c: 25: else if (PORTAbits.RA3 == 0)Display_ExibeCaractere(0b01001111);
   165  00FBD4  B680               	btfsc	3968,3,c	;volatile
   166  00FBD6  D004               	goto	l20
   167  00FBD8  0E4F               	movlw	79
   168  00FBDA  ECAC  F07D         	call	_Display_ExibeCaractere
   169  00FBDE  D7EE               	goto	l746
   170  00FBE0                     l20:
   171                           
   172                           ;App.c: 26: else if (PORTAbits.RA4 == 0)Display_ExibeCaractere(0b01100110);
   173  00FBE0  B880               	btfsc	3968,4,c	;volatile
   174  00FBE2  D004               	goto	l22
   175  00FBE4  0E66               	movlw	102
   176  00FBE6  ECAC  F07D         	call	_Display_ExibeCaractere
   177  00FBEA  D7E8               	goto	l746
   178  00FBEC                     l22:
   179                           
   180                           ;App.c: 27: else if (PORTAbits.RA5 == 0)Display_ExibeCaractere(0b01101101);
   181  00FBEC  BA80               	btfsc	3968,5,c	;volatile
   182  00FBEE  D004               	goto	l758
   183  00FBF0  0E6D               	movlw	109
   184  00FBF2  ECAC  F07D         	call	_Display_ExibeCaractere
   185  00FBF6  D7E2               	goto	l746
   186  00FBF8                     l758:
   187                           
   188                           ;App.c: 28: else Display_ExibeCaractere(0b01000000);
   189  00FBF8  0E40               	movlw	64
   190  00FBFA  ECAC  F07D         	call	_Display_ExibeCaractere
   191  00FBFE  D7DE               	goto	l746
   192  00FC00                     __end_of_main:
   193                           	opt stack 0
   194                           
   195 ;; *************** function _Teclado_Inicializacao *****************
   196 ;; Defined at:
   197 ;;		line 24 in file "Teclado.c"
   198 ;; Parameters:    Size  Location     Type
   199 ;;		None
   200 ;; Auto vars:     Size  Location     Type
   201 ;;		None
   202 ;; Return value:  Size  Location     Type
   203 ;;                  1    wreg      void 
   204 ;; Registers used:
   205 ;;		wreg, status,2
   206 ;; Tracked objects:
   207 ;;		On entry : 0/0
   208 ;;		On exit  : 0/0
   209 ;;		Unchanged: 0/0
   210 ;; Data sizes:     COMRAM   BANK0   BANK1   BANK2   BANK3   BANK4   BANK5   BANK6   BANK7   BANK8   BANK9  BANK10  BANK1
      +1  BANK12  BANK13  BANK14  BANK15
   211 ;;      Params:         0       0       0       0       0       0       0       0       0       0       0       0       
      +0       0       0       0       0
   212 ;;      Locals:         0       0       0       0       0       0       0       0       0       0       0       0       
      +0       0       0       0       0
   213 ;;      Temps:          0       0       0       0       0       0       0       0       0       0       0       0       
      +0       0       0       0       0
   214 ;;      Totals:         0       0       0       0       0       0       0       0       0       0       0       0       
      +0       0       0       0       0
   215 ;;Total ram usage:        0 bytes
   216 ;; Hardware stack levels used:    1
   217 ;; This function calls:
   218 ;;		Nothing
   219 ;; This function is called by:
   220 ;;		_main
   221 ;; This function uses a non-reentrant model
   222 ;;
   223                           
   224                           	psect	text1
   225  00FB60                     __ptext1:
   226                           	opt stack 0
   227  00FB60                     _Teclado_Inicializacao:
   228                           	opt stack 30
   229                           
   230                           ;Teclado.c: 26: ANSELA = 0;
   231                           
   232                           ;incstack = 0
   233  00FB60  0E00               	movlw	0
   234  00FB62  010F               	movlb	15	; () banked
   235  00FB64  6F38               	movwf	56,b	;volatile
   236                           
   237                           ; BSR set to: 15
   238  00FB66  0012               	return		;funcret
   239  00FB68                     __end_of_Teclado_Inicializacao:
   240                           	opt stack 0
   241                           
   242 ;; *************** function _Display_Inicializacao *****************
   243 ;; Defined at:
   244 ;;		line 29 in file "Display de Leds.c"
   245 ;; Parameters:    Size  Location     Type
   246 ;;		None
   247 ;; Auto vars:     Size  Location     Type
   248 ;;		None
   249 ;; Return value:  Size  Location     Type
   250 ;;                  1    wreg      void 
   251 ;; Registers used:
   252 ;;		wreg, status,2, cstack
   253 ;; Tracked objects:
   254 ;;		On entry : 0/0
   255 ;;		On exit  : 0/0
   256 ;;		Unchanged: 0/0
   257 ;; Data sizes:     COMRAM   BANK0   BANK1   BANK2   BANK3   BANK4   BANK5   BANK6   BANK7   BANK8   BANK9  BANK10  BANK1
      +1  BANK12  BANK13  BANK14  BANK15
   258 ;;      Params:         0       0       0       0       0       0       0       0       0       0       0       0       
      +0       0       0       0       0
   259 ;;      Locals:         0       0       0       0       0       0       0       0       0       0       0       0       
      +0       0       0       0       0
   260 ;;      Temps:          0       0       0       0       0       0       0       0       0       0       0       0       
      +0       0       0       0       0
   261 ;;      Totals:         0       0       0       0       0       0       0       0       0       0       0       0       
      +0       0       0       0       0
   262 ;;Total ram usage:        0 bytes
   263 ;; Hardware stack levels used:    1
   264 ;; Hardware stack levels required when called:    1
   265 ;; This function calls:
   266 ;;		_Display_LigaDigito
   267 ;; This function is called by:
   268 ;;		_main
   269 ;; This function uses a non-reentrant model
   270 ;;
   271                           
   272                           	psect	text2
   273  00FB80                     __ptext2:
   274                           	opt stack 0
   275  00FB80                     _Display_Inicializacao:
   276                           	opt stack 29
   277                           
   278                           ;Display de Leds.c: 32: ANSELDbits.ANSD3 = 0;
   279                           
   280                           ; BSR set to: 15
   281                           ;incstack = 0
   282  00FB80  010F               	movlb	15	; () banked
   283  00FB82  973B               	bcf	59,3,b	;volatile
   284                           
   285                           ;Display de Leds.c: 33: LATDbits.LATD3 = 1;
   286  00FB84  868C               	bsf	3980,3,c	;volatile
   287                           
   288                           ;Display de Leds.c: 34: TRISDbits.TRISD3 = 0;
   289  00FB86  9695               	bcf	3989,3,c	;volatile
   290                           
   291                           ;Display de Leds.c: 37: ANSELDbits.ANSD2 = 0;
   292  00FB88  010F               	movlb	15	; () banked
   293  00FB8A  953B               	bcf	59,2,b	;volatile
   294                           
   295                           ;Display de Leds.c: 38: LATDbits.LATD2 = 0;
   296  00FB8C  948C               	bcf	3980,2,c	;volatile
   297                           
   298                           ;Display de Leds.c: 39: TRISDbits.TRISD2 = 0;
   299  00FB8E  9495               	bcf	3989,2,c	;volatile
   300                           
   301                           ; BSR set to: 15
   302                           ;Display de Leds.c: 42: ANSELB = 0;
   303  00FB90  0E00               	movlw	0
   304  00FB92  010F               	movlb	15	; () banked
   305  00FB94  6F39               	movwf	57,b	;volatile
   306                           
   307                           ;Display de Leds.c: 43: LATB = 0;
   308  00FB96  0E00               	movlw	0
   309  00FB98  6E8A               	movwf	3978,c	;volatile
   310                           
   311                           ;Display de Leds.c: 44: TRISB = 0;
   312  00FB9A  0E00               	movlw	0
   313  00FB9C  6E93               	movwf	3987,c	;volatile
   314                           
   315                           ; BSR set to: 15
   316                           ;Display de Leds.c: 47: Display_LigaDigito (0,0);
   317  00FB9E  0E00               	movlw	0
   318  00FBA0  6E01               	movwf	Display_LigaDigito@Caractere,c
   319  00FBA2  0E00               	movlw	0
   320  00FBA4  ECB4  F07D         	call	_Display_LigaDigito
   321  00FBA8  0012               	return		;funcret
   322  00FBAA                     __end_of_Display_Inicializacao:
   323                           	opt stack 0
   324                           
   325 ;; *************** function _Display_LigaDigito *****************
   326 ;; Defined at:
   327 ;;		line 61 in file "Display de Leds.c"
   328 ;; Parameters:    Size  Location     Type
   329 ;;  CodigoDoDigi    1    wreg     unsigned char 
   330 ;;  Caractere       1    0[COMRAM] unsigned char 
   331 ;; Auto vars:     Size  Location     Type
   332 ;;  CodigoDoDigi    1    1[COMRAM] unsigned char 
   333 ;; Return value:  Size  Location     Type
   334 ;;                  1    wreg      void 
   335 ;; Registers used:
   336 ;;		wreg
   337 ;; Tracked objects:
   338 ;;		On entry : 0/0
   339 ;;		On exit  : 0/0
   340 ;;		Unchanged: 0/0
   341 ;; Data sizes:     COMRAM   BANK0   BANK1   BANK2   BANK3   BANK4   BANK5   BANK6   BANK7   BANK8   BANK9  BANK10  BANK1
      +1  BANK12  BANK13  BANK14  BANK15
   342 ;;      Params:         1       0       0       0       0       0       0       0       0       0       0       0       
      +0       0       0       0       0
   343 ;;      Locals:         1       0       0       0       0       0       0       0       0       0       0       0       
      +0       0       0       0       0
   344 ;;      Temps:          0       0       0       0       0       0       0       0       0       0       0       0       
      +0       0       0       0       0
   345 ;;      Totals:         2       0       0       0       0       0       0       0       0       0       0       0       
      +0       0       0       0       0
   346 ;;Total ram usage:        2 bytes
   347 ;; Hardware stack levels used:    1
   348 ;; This function calls:
   349 ;;		Nothing
   350 ;; This function is called by:
   351 ;;		_main
   352 ;;		_Display_Inicializacao
   353 ;; This function uses a non-reentrant model
   354 ;;
   355                           
   356                           	psect	text3
   357  00FB68                     __ptext3:
   358                           	opt stack 0
   359  00FB68                     _Display_LigaDigito:
   360                           	opt stack 30
   361                           
   362                           ;incstack = 0
   363                           ;Display_LigaDigito@CodigoDoDigito stored from wreg
   364  00FB68  6E02               	movwf	Display_LigaDigito@CodigoDoDigito,c
   365                           
   366                           ;Display de Leds.c: 63: LATDbits.LATD3 = 1;
   367  00FB6A  868C               	bsf	3980,3,c	;volatile
   368                           
   369                           ;Display de Leds.c: 65: LATB = CodigoDoDigito;
   370  00FB6C  C002  FF8A         	movff	Display_LigaDigito@CodigoDoDigito,3978	;volatile
   371                           
   372                           ;Display de Leds.c: 66: LATDbits.LATD2 = 1;
   373  00FB70  848C               	bsf	3980,2,c	;volatile
   374                           
   375                           ;Display de Leds.c: 67: __nop();
   376  00FB72  F000               	nop	
   377                           
   378                           ;Display de Leds.c: 68: __nop();
   379  00FB74  F000               	nop	
   380                           
   381                           ;Display de Leds.c: 69: LATDbits.LATD2 = 0;
   382  00FB76  948C               	bcf	3980,2,c	;volatile
   383                           
   384                           ;Display de Leds.c: 71: LATB = Caractere;
   385  00FB78  C001  FF8A         	movff	Display_LigaDigito@Caractere,3978	;volatile
   386                           
   387                           ;Display de Leds.c: 72: LATDbits.LATD3 = 0;
   388  00FB7C  968C               	bcf	3980,3,c	;volatile
   389  00FB7E  0012               	return		;funcret
   390  00FB80                     __end_of_Display_LigaDigito:
   391                           	opt stack 0
   392                           
   393 ;; *************** function _Display_ExibeCaractere *****************
   394 ;; Defined at:
   395 ;;		line 80 in file "Display de Leds.c"
   396 ;; Parameters:    Size  Location     Type
   397 ;;  Caractere       1    wreg     unsigned char 
   398 ;; Auto vars:     Size  Location     Type
   399 ;;  Caractere       1    0[COMRAM] unsigned char 
   400 ;; Return value:  Size  Location     Type
   401 ;;                  1    wreg      void 
   402 ;; Registers used:
   403 ;;		wreg
   404 ;; Tracked objects:
   405 ;;		On entry : 0/0
   406 ;;		On exit  : 0/0
   407 ;;		Unchanged: 0/0
   408 ;; Data sizes:     COMRAM   BANK0   BANK1   BANK2   BANK3   BANK4   BANK5   BANK6   BANK7   BANK8   BANK9  BANK10  BANK1
      +1  BANK12  BANK13  BANK14  BANK15
   409 ;;      Params:         0       0       0       0       0       0       0       0       0       0       0       0       
      +0       0       0       0       0
   410 ;;      Locals:         1       0       0       0       0       0       0       0       0       0       0       0       
      +0       0       0       0       0
   411 ;;      Temps:          0       0       0       0       0       0       0       0       0       0       0       0       
      +0       0       0       0       0
   412 ;;      Totals:         1       0       0       0       0       0       0       0       0       0       0       0       
      +0       0       0       0       0
   413 ;;Total ram usage:        1 bytes
   414 ;; Hardware stack levels used:    1
   415 ;; This function calls:
   416 ;;		Nothing
   417 ;; This function is called by:
   418 ;;		_main
   419 ;; This function uses a non-reentrant model
   420 ;;
   421                           
   422                           	psect	text4
   423  00FB58                     __ptext4:
   424                           	opt stack 0
   425  00FB58                     _Display_ExibeCaractere:
   426                           	opt stack 30
   427                           
   428                           ;incstack = 0
   429                           ;Display_ExibeCaractere@Caractere stored from wreg
   430  00FB58  6E01               	movwf	Display_ExibeCaractere@Caractere,c
   431                           
   432                           ;Display de Leds.c: 82: LATB = Caractere;
   433  00FB5A  C001  FF8A         	movff	Display_ExibeCaractere@Caractere,3978	;volatile
   434  00FB5E  0012               	return		;funcret
   435  00FB60                     __end_of_Display_ExibeCaractere:
   436                           	opt stack 0
   437  0000                     
   438                           	psect	rparam


Data Sizes:
    Strings     0
    Constant    0
    Data        0
    BSS         0
    Persistent  0
    Stack       0

Auto Spaces:
    Space          Size  Autos    Used
    COMRAM           95      2       2
    BANK0           160      0       0
    BANK1           256      0       0
    BANK2           256      0       0
    BANK3           256      0       0
    BANK4           256      0       0
    BANK5           256      0       0
    BANK6           256      0       0
    BANK7           256      0       0
    BANK8           256      0       0
    BANK9           256      0       0
    BANK10          256      0       0
    BANK11          256      0       0
    BANK12          256      0       0
    BANK13          256      0       0
    BANK14          256      0       0
    BANK15           56      0       0

Pointer List with Targets:

    None.

Critical Paths under _main in COMRAM

    _main->_Display_LigaDigito
    _Display_Inicializacao->_Display_LigaDigito

Critical Paths under _main in BANK0

    None.

Critical Paths under _main in BANK1

    None.

Critical Paths under _main in BANK2

    None.

Critical Paths under _main in BANK3

    None.

Critical Paths under _main in BANK4

    None.

Critical Paths under _main in BANK5

    None.

Critical Paths under _main in BANK6

    None.

Critical Paths under _main in BANK7

    None.

Critical Paths under _main in BANK8

    None.

Critical Paths under _main in BANK9

    None.

Critical Paths under _main in BANK10

    None.

Critical Paths under _main in BANK11

    None.

Critical Paths under _main in BANK12

    None.

Critical Paths under _main in BANK13

    None.

Critical Paths under _main in BANK14

    None.

Critical Paths under _main in BANK15

    None.

Call Graph Tables:

 ---------------------------------------------------------------------------------
 (Depth) Function   	        Calls       Base Space   Used Autos Params    Refs
 ---------------------------------------------------------------------------------
 (0) _main                                                 0     0      0     407
             _Display_ExibeCaractere
              _Display_Inicializacao
                 _Display_LigaDigito
              _Teclado_Inicializacao
 ---------------------------------------------------------------------------------
 (1) _Teclado_Inicializacao                                0     0      0       0
 ---------------------------------------------------------------------------------
 (1) _Display_Inicializacao                                0     0      0     196
                 _Display_LigaDigito
 ---------------------------------------------------------------------------------
 (1) _Display_LigaDigito                                   2     1      1     196
                                              0 COMRAM     2     1      1
 ---------------------------------------------------------------------------------
 (1) _Display_ExibeCaractere                               1     1      0      15
                                              0 COMRAM     1     1      0
 ---------------------------------------------------------------------------------
 Estimated maximum stack depth 1
 ---------------------------------------------------------------------------------

 Call Graph Graphs:

 _main (ROOT)
   _Display_ExibeCaractere
   _Display_Inicializacao
     _Display_LigaDigito
   _Display_LigaDigito
   _Teclado_Inicializacao

 Address spaces:
Name               Size   Autos  Total    Cost      Usage
BITCOMRAM           5F      0       0       0        0.0%
EEDATA             400      0       0       0        0.0%
NULL                 0      0       0       0        0.0%
CODE                 0      0       0       0        0.0%
COMRAM              5F      2       2       1        2.1%
STACK                0      0       0       2        0.0%
DATA                 0      0       0       3        0.0%
BITBANK0            A0      0       0       4        0.0%
BANK0               A0      0       0       5        0.0%
BITBANK1           100      0       0       6        0.0%
BANK1              100      0       0       7        0.0%
BITBANK2           100      0       0       8        0.0%
BANK2              100      0       0       9        0.0%
BITBANK3           100      0       0      10        0.0%
BANK3              100      0       0      11        0.0%
ABS                  0      0       0      12        0.0%
BITBANK4           100      0       0      13        0.0%
BANK4              100      0       0      14        0.0%
BITBANK5           100      0       0      15        0.0%
BANK5              100      0       0      16        0.0%
BITBANK6           100      0       0      17        0.0%
BANK6              100      0       0      18        0.0%
BITBANK7           100      0       0      19        0.0%
BANK7              100      0       0      20        0.0%
BITBANK8           100      0       0      21        0.0%
BANK8              100      0       0      22        0.0%
BITBANK9           100      0       0      23        0.0%
BANK9              100      0       0      24        0.0%
BITBANK10          100      0       0      25        0.0%
BANK10             100      0       0      26        0.0%
BITBANK11          100      0       0      27        0.0%
BANK11             100      0       0      28        0.0%
BITBANK12          100      0       0      29        0.0%
BANK12             100      0       0      30        0.0%
BITBANK13          100      0       0      31        0.0%
BANK13             100      0       0      32        0.0%
BITBANK14          100      0       0      33        0.0%
BANK14             100      0       0      34        0.0%
BITBANK15           38      0       0      35        0.0%
BANK15              38      0       0      36        0.0%
BIGRAM             F37      0       0      37        0.0%
BITSFR_1             0      0       0     200        0.0%
SFR_1                0      0       0     200        0.0%
BITSFR               0      0       0     200        0.0%
SFR                  0      0       0     200        0.0%


Microchip Technology PIC18 Macro Assembler V1.42 build -159332390 
Symbol Table                                                                                   Sun Sep 17 08:46:13 2017

                              l20 FBE0                                l22 FBEC  
                              l16 FBC8                                l18 FBD4  
                             l746 FBBC                               l758 FBF8  
                            _LATB 000F8A                              _main FBAA  
                            start 0000                      ___param_bank 000000  
                           ?_main 0001                             _TRISB 000F93  
                 __initialization FB52                      __end_of_main FC00  
                          ??_main 0003                     __activetblptr 000000  
                          _ANSELA 000F38                            _ANSELB 000F39  
     __size_of_Display_LigaDigito 0018    __size_of_Display_Inicializacao 002A  
   __end_of_Display_Inicializacao FBAA             _Teclado_Inicializacao FB60  
         ?_Display_ExibeCaractere 0001                        __accesstop 0060  
         __end_of__initialization FB52                     ___rparam_used 000001  
                  __pcstackCOMRAM 0001    __end_of_Display_ExibeCaractere FB60  
          ?_Teclado_Inicializacao 0001                           __Hparam 0000  
                         __Lparam 0000                           __pcinit FB52  
                         __ramtop 1000                           __ptext0 FBAA  
                         __ptext1 FB60                           __ptext2 FB80  
                         __ptext3 FB68                           __ptext4 FB58  
            end_of_initialization FB52  Display_LigaDigito@CodigoDoDigito 0002  
                       _PORTAbits 000F80                         _TRISDbits 000F95  
      __end_of_Display_LigaDigito FB80             _Display_Inicializacao FB80  
             start_initialization FB52           ??_Teclado_Inicializacao 0001  
          ?_Display_Inicializacao 0001       Display_LigaDigito@Caractere 0001  
                        _LATDbits 000F8C          ??_Display_ExibeCaractere 0001  
 Display_ExibeCaractere@Caractere 0001                _Display_LigaDigito FB68  
                        __Hrparam 0000                          __Lrparam 0000  
             ?_Display_LigaDigito 0001                        _ANSELDbits 000F3B  
            ??_Display_LigaDigito 0002    __size_of_Teclado_Inicializacao 0008  
   __end_of_Teclado_Inicializacao FB68                     __size_of_main 0056  
 __size_of_Display_ExibeCaractere 0008           ??_Display_Inicializacao 0003  
          _Display_ExibeCaractere FB58  
