

Microchip Technology PIC18 LITE Macro Assembler V1.36 build -262312587 
                                                                                               Wed Jun 15 09:21:44 2016

Microchip Technology Omniscient Code Generator v1.36 (Free mode) build 201601150325
     1                           	processor	18F46K22
     2                           	fnconf	rparam,??,?,0
     3                           	opt	pw 120
     4                           	opt	lm
     5                           	psect	cinit,global,reloc=2,class=CODE,delta=1
     6                           	psect	cstackCOMRAM,global,class=COMRAM,space=1,delta=1
     7                           	psect	text0,global,reloc=2,class=CODE,delta=1
     8                           	psect	text1,global,reloc=2,class=CODE,delta=1
     9                           	psect	text2,global,reloc=2,class=CODE,delta=1
    10                           	psect	text3,global,reloc=2,class=CODE,delta=1
    11                           	psect	text4,global,reloc=2,class=CODE,delta=1
    12                           	psect	intsave_regs,global,class=BIGRAM,space=1,delta=1
    13                           	psect	rparam,global,class=COMRAM,space=1,delta=1
    14  0000                     _ANSELA	set	3896
    15  0000                     _ANSELB	set	3897
    16  0000                     _ANSELDbits	set	3899
    17  0000                     _LATB	set	3978
    18  0000                     _LATDbits	set	3980
    19  0000                     _PORTAbits	set	3968
    20  0000                     _TRISB	set	3987
    21  0000                     _TRISDbits	set	3989
    22                           
    23                           ; #config settings
    24                           
    25                           	psect	cinit
    26  00FB82                     __pcinit:
    27                           	opt stack 0
    28  00FB82                     start_initialization:
    29                           	opt stack 0
    30  00FB82                     __initialization:
    31                           	opt stack 0
    32  00FB82                     end_of_initialization:
    33                           	opt stack 0
    34  00FB82                     __end_of__initialization:
    35                           	opt stack 0
    36  00FB82  0100               	movlb	0
    37  00FB84  EFD8  F07D         	goto	_main	;jump to C main() function
    38                           
    39                           	psect	cstackCOMRAM
    40  000001                     __pcstackCOMRAM:
    41                           	opt stack 0
    42  000001                     Display_LigaDigito@Caractere:
    43                           	opt stack 0
    44  000001                     Display_ExibeCaractere@Caractere:
    45                           	opt stack 0
    46                           
    47                           ; 1 bytes @ 0x0
    48  000001                     	ds	1
    49  000002                     Display_LigaDigito@CodigoDoDigito:
    50                           	opt stack 0
    51                           
    52                           ; 1 bytes @ 0x1
    53  000002                     	ds	1
    54  000003                     
    55                           ; 1 bytes @ 0x2
    56 ;;
    57 ;;Main: autosize = 0, tempsize = 0, incstack = 0, save=0
    58 ;;
    59 ;; *************** function _main *****************
    60 ;; Defined at:
    61 ;;		line 14 in file "App.c"
    62 ;; Parameters:    Size  Location     Type
    63 ;;		None
    64 ;; Auto vars:     Size  Location     Type
    65 ;;		None
    66 ;; Return value:  Size  Location     Type
    67 ;;                  1    wreg      void 
    68 ;; Registers used:
    69 ;;		wreg, status,2, cstack
    70 ;; Tracked objects:
    71 ;;		On entry : 0/0
    72 ;;		On exit  : 0/0
    73 ;;		Unchanged: 0/0
    74 ;; Data sizes:     COMRAM   BANK0   BANK1   BANK2   BANK3   BANK4   BANK5   BANK6   BANK7   BANK8   BANK9  BANK10  BANK1
      +1  BANK12  BANK13  BANK14  BANK15
    75 ;;      Params:         0       0       0       0       0       0       0       0       0       0       0       0       
      +0       0       0       0       0
    76 ;;      Locals:         0       0       0       0       0       0       0       0       0       0       0       0       
      +0       0       0       0       0
    77 ;;      Temps:          0       0       0       0       0       0       0       0       0       0       0       0       
      +0       0       0       0       0
    78 ;;      Totals:         0       0       0       0       0       0       0       0       0       0       0       0       
      +0       0       0       0       0
    79 ;;Total ram usage:        0 bytes
    80 ;; Hardware stack levels required when called:    2
    81 ;; This function calls:
    82 ;;		_Display_ExibeCaractere
    83 ;;		_Display_Inicializacao
    84 ;;		_Display_LigaDigito
    85 ;;		_Teclado_Inicializacao
    86 ;; This function is called by:
    87 ;;		Startup code after reset
    88 ;; This function uses a non-reentrant model
    89 ;;
    90                           
    91                           	psect	text0
    92  00FBB0                     __ptext0:
    93                           	opt stack 0
    94  00FBB0                     _main:
    95                           	opt stack 29
    96                           
    97                           ;App.c: 16: Display_Inicializacao();
    98                           
    99                           ;incstack = 0
   100  00FBB0  ECEB  F07D         	call	_Display_Inicializacao	;wreg free
   101                           
   102                           ;App.c: 17: Teclado_Inicializacao();
   103  00FBB4  ECC8  F07D         	call	_Teclado_Inicializacao	;wreg free
   104                           
   105                           ;App.c: 18: Display_LigaDigito(0b01000000,0b00000000);
   106  00FBB8  0E00               	movlw	0
   107  00FBBA  6E01               	movwf	Display_LigaDigito@Caractere,c
   108  00FBBC  0E40               	movlw	64
   109  00FBBE  ECCC  F07D         	call	_Display_LigaDigito
   110  00FBC2                     l704:
   111                           
   112                           ;App.c: 22: {
   113                           ;App.c: 23: if(PORTAbits.RA0 == 0)Display_ExibeCaractere(0b00001111);
   114  00FBC2  B080               	btfsc	3968,0,c	;volatile
   115  00FBC4  D004               	goto	l708
   116  00FBC6  0E0F               	movlw	15
   117  00FBC8  ECC4  F07D         	call	_Display_ExibeCaractere
   118  00FBCC  D7FA               	goto	l704
   119  00FBCE                     l708:
   120                           
   121                           ;App.c: 24: else Display_ExibeCaractere(0b11110000);
   122  00FBCE  0EF0               	movlw	240
   123  00FBD0  ECC4  F07D         	call	_Display_ExibeCaractere
   124  00FBD4  D7F6               	goto	l704
   125  00FBD6                     __end_of_main:
   126                           	opt stack 0
   127                           
   128 ;; *************** function _Teclado_Inicializacao *****************
   129 ;; Defined at:
   130 ;;		line 24 in file "Teclado.c"
   131 ;; Parameters:    Size  Location     Type
   132 ;;		None
   133 ;; Auto vars:     Size  Location     Type
   134 ;;		None
   135 ;; Return value:  Size  Location     Type
   136 ;;                  1    wreg      void 
   137 ;; Registers used:
   138 ;;		wreg, status,2
   139 ;; Tracked objects:
   140 ;;		On entry : 0/0
   141 ;;		On exit  : 0/0
   142 ;;		Unchanged: 0/0
   143 ;; Data sizes:     COMRAM   BANK0   BANK1   BANK2   BANK3   BANK4   BANK5   BANK6   BANK7   BANK8   BANK9  BANK10  BANK1
      +1  BANK12  BANK13  BANK14  BANK15
   144 ;;      Params:         0       0       0       0       0       0       0       0       0       0       0       0       
      +0       0       0       0       0
   145 ;;      Locals:         0       0       0       0       0       0       0       0       0       0       0       0       
      +0       0       0       0       0
   146 ;;      Temps:          0       0       0       0       0       0       0       0       0       0       0       0       
      +0       0       0       0       0
   147 ;;      Totals:         0       0       0       0       0       0       0       0       0       0       0       0       
      +0       0       0       0       0
   148 ;;Total ram usage:        0 bytes
   149 ;; Hardware stack levels used:    1
   150 ;; This function calls:
   151 ;;		Nothing
   152 ;; This function is called by:
   153 ;;		_main
   154 ;; This function uses a non-reentrant model
   155 ;;
   156                           
   157                           	psect	text1
   158  00FB90                     __ptext1:
   159                           	opt stack 0
   160  00FB90                     _Teclado_Inicializacao:
   161                           	opt stack 30
   162                           
   163                           ;Teclado.c: 26: ANSELA = 0;
   164                           
   165                           ;incstack = 0
   166  00FB90  0E00               	movlw	0
   167  00FB92  010F               	movlb	15	; () banked
   168  00FB94  6F38               	movwf	56,b	;volatile
   169                           
   170                           ; BSR set to: 15
   171  00FB96  0012               	return		;funcret
   172  00FB98                     __end_of_Teclado_Inicializacao:
   173                           	opt stack 0
   174                           
   175 ;; *************** function _Display_Inicializacao *****************
   176 ;; Defined at:
   177 ;;		line 29 in file "Display de Leds.c"
   178 ;; Parameters:    Size  Location     Type
   179 ;;		None
   180 ;; Auto vars:     Size  Location     Type
   181 ;;		None
   182 ;; Return value:  Size  Location     Type
   183 ;;                  1    wreg      void 
   184 ;; Registers used:
   185 ;;		wreg, status,2, cstack
   186 ;; Tracked objects:
   187 ;;		On entry : 0/0
   188 ;;		On exit  : 0/0
   189 ;;		Unchanged: 0/0
   190 ;; Data sizes:     COMRAM   BANK0   BANK1   BANK2   BANK3   BANK4   BANK5   BANK6   BANK7   BANK8   BANK9  BANK10  BANK1
      +1  BANK12  BANK13  BANK14  BANK15
   191 ;;      Params:         0       0       0       0       0       0       0       0       0       0       0       0       
      +0       0       0       0       0
   192 ;;      Locals:         0       0       0       0       0       0       0       0       0       0       0       0       
      +0       0       0       0       0
   193 ;;      Temps:          0       0       0       0       0       0       0       0       0       0       0       0       
      +0       0       0       0       0
   194 ;;      Totals:         0       0       0       0       0       0       0       0       0       0       0       0       
      +0       0       0       0       0
   195 ;;Total ram usage:        0 bytes
   196 ;; Hardware stack levels used:    1
   197 ;; Hardware stack levels required when called:    1
   198 ;; This function calls:
   199 ;;		_Display_LigaDigito
   200 ;; This function is called by:
   201 ;;		_main
   202 ;; This function uses a non-reentrant model
   203 ;;
   204                           
   205                           	psect	text2
   206  00FBD6                     __ptext2:
   207                           	opt stack 0
   208  00FBD6                     _Display_Inicializacao:
   209                           	opt stack 29
   210                           
   211                           ;Display de Leds.c: 32: ANSELDbits.ANSD3 = 0;
   212                           
   213                           ; BSR set to: 15
   214                           ;incstack = 0
   215  00FBD6  010F               	movlb	15	; () banked
   216  00FBD8  973B               	bcf	59,3,b	;volatile
   217                           
   218                           ;Display de Leds.c: 33: LATDbits.LATD3 = 1;
   219  00FBDA  868C               	bsf	3980,3,c	;volatile
   220                           
   221                           ;Display de Leds.c: 34: TRISDbits.TRISD3 = 0;
   222  00FBDC  9695               	bcf	3989,3,c	;volatile
   223                           
   224                           ;Display de Leds.c: 37: ANSELDbits.ANSD2 = 0;
   225  00FBDE  010F               	movlb	15	; () banked
   226  00FBE0  953B               	bcf	59,2,b	;volatile
   227                           
   228                           ;Display de Leds.c: 38: LATDbits.LATD2 = 0;
   229  00FBE2  948C               	bcf	3980,2,c	;volatile
   230                           
   231                           ;Display de Leds.c: 39: TRISDbits.TRISD2 = 0;
   232  00FBE4  9495               	bcf	3989,2,c	;volatile
   233                           
   234                           ; BSR set to: 15
   235                           ;Display de Leds.c: 42: ANSELB = 0;
   236  00FBE6  0E00               	movlw	0
   237  00FBE8  010F               	movlb	15	; () banked
   238  00FBEA  6F39               	movwf	57,b	;volatile
   239                           
   240                           ;Display de Leds.c: 43: LATB = 0;
   241  00FBEC  0E00               	movlw	0
   242  00FBEE  6E8A               	movwf	3978,c	;volatile
   243                           
   244                           ;Display de Leds.c: 44: TRISB = 0;
   245  00FBF0  0E00               	movlw	0
   246  00FBF2  6E93               	movwf	3987,c	;volatile
   247                           
   248                           ; BSR set to: 15
   249                           ;Display de Leds.c: 47: Display_LigaDigito (0,0);
   250  00FBF4  0E00               	movlw	0
   251  00FBF6  6E01               	movwf	Display_LigaDigito@Caractere,c
   252  00FBF8  0E00               	movlw	0
   253  00FBFA  ECCC  F07D         	call	_Display_LigaDigito
   254  00FBFE  0012               	return		;funcret
   255  00FC00                     __end_of_Display_Inicializacao:
   256                           	opt stack 0
   257                           
   258 ;; *************** function _Display_LigaDigito *****************
   259 ;; Defined at:
   260 ;;		line 61 in file "Display de Leds.c"
   261 ;; Parameters:    Size  Location     Type
   262 ;;  CodigoDoDigi    1    wreg     unsigned char 
   263 ;;  Caractere       1    0[COMRAM] unsigned char 
   264 ;; Auto vars:     Size  Location     Type
   265 ;;  CodigoDoDigi    1    1[COMRAM] unsigned char 
   266 ;; Return value:  Size  Location     Type
   267 ;;                  1    wreg      void 
   268 ;; Registers used:
   269 ;;		wreg
   270 ;; Tracked objects:
   271 ;;		On entry : 0/0
   272 ;;		On exit  : 0/0
   273 ;;		Unchanged: 0/0
   274 ;; Data sizes:     COMRAM   BANK0   BANK1   BANK2   BANK3   BANK4   BANK5   BANK6   BANK7   BANK8   BANK9  BANK10  BANK1
      +1  BANK12  BANK13  BANK14  BANK15
   275 ;;      Params:         1       0       0       0       0       0       0       0       0       0       0       0       
      +0       0       0       0       0
   276 ;;      Locals:         1       0       0       0       0       0       0       0       0       0       0       0       
      +0       0       0       0       0
   277 ;;      Temps:          0       0       0       0       0       0       0       0       0       0       0       0       
      +0       0       0       0       0
   278 ;;      Totals:         2       0       0       0       0       0       0       0       0       0       0       0       
      +0       0       0       0       0
   279 ;;Total ram usage:        2 bytes
   280 ;; Hardware stack levels used:    1
   281 ;; This function calls:
   282 ;;		Nothing
   283 ;; This function is called by:
   284 ;;		_main
   285 ;;		_Display_Inicializacao
   286 ;; This function uses a non-reentrant model
   287 ;;
   288                           
   289                           	psect	text3
   290  00FB98                     __ptext3:
   291                           	opt stack 0
   292  00FB98                     _Display_LigaDigito:
   293                           	opt stack 30
   294                           
   295                           ;incstack = 0
   296                           ;Display_LigaDigito@CodigoDoDigito stored from wreg
   297  00FB98  6E02               	movwf	Display_LigaDigito@CodigoDoDigito,c
   298                           
   299                           ;Display de Leds.c: 63: LATDbits.LATD3 = 1;
   300  00FB9A  868C               	bsf	3980,3,c	;volatile
   301                           
   302                           ;Display de Leds.c: 65: LATB = CodigoDoDigito;
   303  00FB9C  C002  FF8A         	movff	Display_LigaDigito@CodigoDoDigito,3978	;volatile
   304                           
   305                           ;Display de Leds.c: 66: LATDbits.LATD2 = 1;
   306  00FBA0  848C               	bsf	3980,2,c	;volatile
   307                           
   308                           ;Display de Leds.c: 67: __nop();
   309  00FBA2  F000               	nop	
   310                           
   311                           ;Display de Leds.c: 68: __nop();
   312  00FBA4  F000               	nop	
   313                           
   314                           ;Display de Leds.c: 69: LATDbits.LATD2 = 0;
   315  00FBA6  948C               	bcf	3980,2,c	;volatile
   316                           
   317                           ;Display de Leds.c: 71: LATB = Caractere;
   318  00FBA8  C001  FF8A         	movff	Display_LigaDigito@Caractere,3978	;volatile
   319                           
   320                           ;Display de Leds.c: 72: LATDbits.LATD3 = 0;
   321  00FBAC  968C               	bcf	3980,3,c	;volatile
   322  00FBAE  0012               	return		;funcret
   323  00FBB0                     __end_of_Display_LigaDigito:
   324                           	opt stack 0
   325                           
   326 ;; *************** function _Display_ExibeCaractere *****************
   327 ;; Defined at:
   328 ;;		line 80 in file "Display de Leds.c"
   329 ;; Parameters:    Size  Location     Type
   330 ;;  Caractere       1    wreg     unsigned char 
   331 ;; Auto vars:     Size  Location     Type
   332 ;;  Caractere       1    0[COMRAM] unsigned char 
   333 ;; Return value:  Size  Location     Type
   334 ;;                  1    wreg      void 
   335 ;; Registers used:
   336 ;;		wreg
   337 ;; Tracked objects:
   338 ;;		On entry : 0/0
   339 ;;		On exit  : 0/0
   340 ;;		Unchanged: 0/0
   341 ;; Data sizes:     COMRAM   BANK0   BANK1   BANK2   BANK3   BANK4   BANK5   BANK6   BANK7   BANK8   BANK9  BANK10  BANK1
      +1  BANK12  BANK13  BANK14  BANK15
   342 ;;      Params:         0       0       0       0       0       0       0       0       0       0       0       0       
      +0       0       0       0       0
   343 ;;      Locals:         1       0       0       0       0       0       0       0       0       0       0       0       
      +0       0       0       0       0
   344 ;;      Temps:          0       0       0       0       0       0       0       0       0       0       0       0       
      +0       0       0       0       0
   345 ;;      Totals:         1       0       0       0       0       0       0       0       0       0       0       0       
      +0       0       0       0       0
   346 ;;Total ram usage:        1 bytes
   347 ;; Hardware stack levels used:    1
   348 ;; This function calls:
   349 ;;		Nothing
   350 ;; This function is called by:
   351 ;;		_main
   352 ;; This function uses a non-reentrant model
   353 ;;
   354                           
   355                           	psect	text4
   356  00FB88                     __ptext4:
   357                           	opt stack 0
   358  00FB88                     _Display_ExibeCaractere:
   359                           	opt stack 30
   360                           
   361                           ;incstack = 0
   362                           ;Display_ExibeCaractere@Caractere stored from wreg
   363  00FB88  6E01               	movwf	Display_ExibeCaractere@Caractere,c
   364                           
   365                           ;Display de Leds.c: 82: LATB = Caractere;
   366  00FB8A  C001  FF8A         	movff	Display_ExibeCaractere@Caractere,3978	;volatile
   367  00FB8E  0012               	return		;funcret
   368  00FB90                     __end_of_Display_ExibeCaractere:
   369                           	opt stack 0
   370  0000                     
   371                           	psect	rparam


Data Sizes:
    Strings     0
    Constant    0
    Data        0
    BSS         0
    Persistent  0
    Stack       0

Auto Spaces:
    Space          Size  Autos    Used
    COMRAM           95      2       2
    BANK0           160      0       0
    BANK1           256      0       0
    BANK2           256      0       0
    BANK3           256      0       0
    BANK4           256      0       0
    BANK5           256      0       0
    BANK6           256      0       0
    BANK7           256      0       0
    BANK8           256      0       0
    BANK9           256      0       0
    BANK10          256      0       0
    BANK11          256      0       0
    BANK12          256      0       0
    BANK13          256      0       0
    BANK14          256      0       0
    BANK15           56      0       0

Pointer List with Targets:

    None.

Critical Paths under _main in COMRAM

    _main->_Display_LigaDigito
    _Display_Inicializacao->_Display_LigaDigito

Critical Paths under _main in BANK0

    None.

Critical Paths under _main in BANK1

    None.

Critical Paths under _main in BANK2

    None.

Critical Paths under _main in BANK3

    None.

Critical Paths under _main in BANK4

    None.

Critical Paths under _main in BANK5

    None.

Critical Paths under _main in BANK6

    None.

Critical Paths under _main in BANK7

    None.

Critical Paths under _main in BANK8

    None.

Critical Paths under _main in BANK9

    None.

Critical Paths under _main in BANK10

    None.

Critical Paths under _main in BANK11

    None.

Critical Paths under _main in BANK12

    None.

Critical Paths under _main in BANK13

    None.

Critical Paths under _main in BANK14

    None.

Critical Paths under _main in BANK15

    None.

Call Graph Tables:

 ---------------------------------------------------------------------------------
 (Depth) Function   	        Calls       Base Space   Used Autos Params    Refs
 ---------------------------------------------------------------------------------
 (0) _main                                                 0     0      0     275
             _Display_ExibeCaractere
              _Display_Inicializacao
                 _Display_LigaDigito
              _Teclado_Inicializacao
 ---------------------------------------------------------------------------------
 (1) _Teclado_Inicializacao                                0     0      0       0
 ---------------------------------------------------------------------------------
 (1) _Display_Inicializacao                                0     0      0     130
                 _Display_LigaDigito
 ---------------------------------------------------------------------------------
 (1) _Display_LigaDigito                                   2     1      1     130
                                              0 COMRAM     2     1      1
 ---------------------------------------------------------------------------------
 (1) _Display_ExibeCaractere                               1     1      0      15
                                              0 COMRAM     1     1      0
 ---------------------------------------------------------------------------------
 Estimated maximum stack depth 1
 ---------------------------------------------------------------------------------

 Call Graph Graphs:

 _main (ROOT)
   _Display_ExibeCaractere
   _Display_Inicializacao
     _Display_LigaDigito
   _Display_LigaDigito
   _Teclado_Inicializacao

 Address spaces:
Name               Size   Autos  Total    Cost      Usage
BITCOMRAM           5F      0       0       0        0.0%
EEDATA             400      0       0       0        0.0%
NULL                 0      0       0       0        0.0%
CODE                 0      0       0       0        0.0%
COMRAM              5F      2       2       1        2.1%
STACK                0      0       0       2        0.0%
DATA                 0      0       0       3        0.0%
BITBANK0            A0      0       0       4        0.0%
BANK0               A0      0       0       5        0.0%
BITBANK1           100      0       0       6        0.0%
BANK1              100      0       0       7        0.0%
BITBANK2           100      0       0       8        0.0%
BANK2              100      0       0       9        0.0%
BITBANK3           100      0       0      10        0.0%
BANK3              100      0       0      11        0.0%
ABS                  0      0       0      12        0.0%
BITBANK4           100      0       0      13        0.0%
BANK4              100      0       0      14        0.0%
BITBANK5           100      0       0      15        0.0%
BANK5              100      0       0      16        0.0%
BITBANK6           100      0       0      17        0.0%
BANK6              100      0       0      18        0.0%
BITBANK7           100      0       0      19        0.0%
BANK7              100      0       0      20        0.0%
BITBANK8           100      0       0      21        0.0%
BANK8              100      0       0      22        0.0%
BITBANK9           100      0       0      23        0.0%
BANK9              100      0       0      24        0.0%
BITBANK10          100      0       0      25        0.0%
BANK10             100      0       0      26        0.0%
BITBANK11          100      0       0      27        0.0%
BANK11             100      0       0      28        0.0%
BITBANK12          100      0       0      29        0.0%
BANK12             100      0       0      30        0.0%
BITBANK13          100      0       0      31        0.0%
BANK13             100      0       0      32        0.0%
BITBANK14          100      0       0      33        0.0%
BANK14             100      0       0      34        0.0%
BITBANK15           38      0       0      35        0.0%
BANK15              38      0       0      36        0.0%
BIGRAM             F37      0       0      37        0.0%
BITSFR_1             0      0       0      40        0.0%
SFR_1                0      0       0      40        0.0%
BITSFR               0      0       0      40        0.0%
SFR                  0      0       0      40        0.0%


Microchip Technology PIC18 Macro Assembler V1.36 build -262312587 
Symbol Table                                                                                   Wed Jun 15 09:21:44 2016

                             l704 FBC2                               l708 FBCE  
                            _LATB 000F8A                              _main FBB0  
                            start 0000                      ___param_bank 000010  
                           ?_main 0001                             _TRISB 000F93  
                 __initialization FB82                      __end_of_main FBD6  
                          ??_main 0003                     __activetblptr 000000  
                          _ANSELA 000F38                            _ANSELB 000F39  
     __size_of_Display_LigaDigito 0018    __size_of_Display_Inicializacao 002A  
   __end_of_Display_Inicializacao FC00             _Teclado_Inicializacao FB90  
         ?_Display_ExibeCaractere 0001                        __accesstop 0060  
         __end_of__initialization FB82                     ___rparam_used 000001  
                  __pcstackCOMRAM 0001    __end_of_Display_ExibeCaractere FB90  
          ?_Teclado_Inicializacao 0001                           __Hparam 0000  
                         __Lparam 0000                           __pcinit FB82  
                         __ramtop 1000                           __ptext0 FBB0  
                         __ptext1 FB90                           __ptext2 FBD6  
                         __ptext3 FB98                           __ptext4 FB88  
            end_of_initialization FB82  Display_LigaDigito@CodigoDoDigito 0002  
                       _PORTAbits 000F80                         _TRISDbits 000F95  
      __end_of_Display_LigaDigito FBB0             _Display_Inicializacao FBD6  
             start_initialization FB82           ??_Teclado_Inicializacao 0001  
          ?_Display_Inicializacao 0001       Display_LigaDigito@Caractere 0001  
                        _LATDbits 000F8C          ??_Display_ExibeCaractere 0001  
 Display_ExibeCaractere@Caractere 0001                _Display_LigaDigito FB98  
                        __Hrparam 0000                          __Lrparam 0000  
             ?_Display_LigaDigito 0001                        _ANSELDbits 000F3B  
            ??_Display_LigaDigito 0002    __size_of_Teclado_Inicializacao 0008  
   __end_of_Teclado_Inicializacao FB98                     __size_of_main 0026  
 __size_of_Display_ExibeCaractere 0008           ??_Display_Inicializacao 0003  
          _Display_ExibeCaractere FB88  
