

Microchip Technology PIC18 LITE Macro Assembler V1.36 build -262312587 
                                                                                               Sat Feb 13 13:02:18 2016

Microchip Technology Omniscient Code Generator v1.36 (Free mode) build 201601150325
     1                           	processor	18F46K22
     2                           	fnconf	rparam,??,?,0
     3                           	opt	pw 120
     4                           	opt	lm
     5                           	psect	cinit,global,reloc=2,class=CODE,delta=1
     6                           	psect	cstackCOMRAM,global,class=COMRAM,space=1,delta=1
     7                           	psect	text0,global,reloc=2,class=CODE,delta=1
     8                           	psect	text1,global,reloc=2,class=CODE,delta=1
     9                           	psect	text2,global,reloc=2,class=CODE,delta=1
    10                           	psect	text3,global,reloc=2,class=CODE,delta=1
    11                           	psect	text4,global,reloc=2,class=CODE,delta=1
    12                           	psect	text5,global,reloc=2,class=CODE,delta=1
    13                           	psect	intsave_regs,global,class=BIGRAM,space=1,delta=1
    14                           	psect	rparam,global,class=COMRAM,space=1,delta=1
    15  0000                     _ANSELA	set	3896
    16  0000                     _ANSELB	set	3897
    17  0000                     _ANSELDbits	set	3899
    18  0000                     _LATB	set	3978
    19  0000                     _LATDbits	set	3980
    20  0000                     _PORTAbits	set	3968
    21  0000                     _TRISB	set	3987
    22  0000                     _TRISDbits	set	3989
    23                           
    24                           ; #config settings
    25                           
    26                           	psect	cinit
    27  00FB4E                     __pcinit:
    28                           	opt stack 0
    29  00FB4E                     start_initialization:
    30                           	opt stack 0
    31  00FB4E                     __initialization:
    32                           	opt stack 0
    33  00FB4E                     end_of_initialization:
    34                           	opt stack 0
    35  00FB4E                     __end_of__initialization:
    36                           	opt stack 0
    37  00FB4E  0100               	movlb	0
    38  00FB50  EFE2  F07D         	goto	_main	;jump to C main() function
    39                           
    40                           	psect	cstackCOMRAM
    41  000001                     __pcstackCOMRAM:
    42                           	opt stack 0
    43  000001                     Latch_EscreveValor@Valor:
    44                           	opt stack 0
    45                           
    46                           ; 1 bytes @ 0x0
    47  000001                     	ds	1
    48  000002                     Latch_Inicializacao@Valor:
    49                           	opt stack 0
    50  000002                     Display_LigaDigito@Digito:
    51                           	opt stack 0
    52                           
    53                           ; 1 bytes @ 0x1
    54  000002                     	ds	1
    55  000003                     Display_LigaDigito@Valor:
    56                           	opt stack 0
    57                           
    58                           ; 1 bytes @ 0x2
    59  000003                     	ds	1
    60  000004                     Display_Inicializacao@Digito:
    61                           	opt stack 0
    62                           
    63                           ; 1 bytes @ 0x3
    64  000004                     	ds	1
    65  000005                     Display_Inicializacao@Valor:
    66                           	opt stack 0
    67                           
    68                           ; 1 bytes @ 0x4
    69  000005                     	ds	1
    70  000006                     
    71                           ; 2 bytes @ 0x5
    72  000006                     	ds	2
    73  000008                     
    74                           ; 3 bytes @ 0x7
    75  000008                     	ds	3
    76  00000B                     
    77                           ; 1 bytes @ 0xA
    78 ;;
    79 ;;Main: autosize = 0, tempsize = 0, incstack = 0, save=0
    80 ;;
    81 ;; *************** function _main *****************
    82 ;; Defined at:
    83 ;;		line 52 in file "App.c"
    84 ;; Parameters:    Size  Location     Type
    85 ;;  argc            2    5[COMRAM] int 
    86 ;;  argv            3    7[COMRAM] PTR PTR unsigned char 
    87 ;; Auto vars:     Size  Location     Type
    88 ;;		None
    89 ;; Return value:  Size  Location     Type
    90 ;;                  2    5[COMRAM] int 
    91 ;; Registers used:
    92 ;;		wreg, status,2, cstack
    93 ;; Tracked objects:
    94 ;;		On entry : 0/0
    95 ;;		On exit  : 0/0
    96 ;;		Unchanged: 0/0
    97 ;; Data sizes:     COMRAM   BANK0   BANK1   BANK2   BANK3   BANK4   BANK5   BANK6   BANK7   BANK8   BANK9  BANK10  BANK1
      +1  BANK12  BANK13  BANK14  BANK15
    98 ;;      Params:         5       0       0       0       0       0       0       0       0       0       0       0       
      +0       0       0       0       0
    99 ;;      Locals:         0       0       0       0       0       0       0       0       0       0       0       0       
      +0       0       0       0       0
   100 ;;      Temps:          0       0       0       0       0       0       0       0       0       0       0       0       
      +0       0       0       0       0
   101 ;;      Totals:         5       0       0       0       0       0       0       0       0       0       0       0       
      +0       0       0       0       0
   102 ;;Total ram usage:        5 bytes
   103 ;; Hardware stack levels required when called:    3
   104 ;; This function calls:
   105 ;;		_Display_Inicializacao
   106 ;;		_Teclado_Inicializacao
   107 ;; This function is called by:
   108 ;;		Startup code after reset
   109 ;; This function uses a non-reentrant model
   110 ;;
   111                           
   112                           	psect	text0
   113  00FBC4                     __ptext0:
   114                           	opt stack 0
   115  00FBC4                     _main:
   116                           	opt stack 28
   117                           
   118                           ;App.c: 54: Display_Inicializacao(0,0b00000001);
   119                           
   120                           ;incstack = 0
   121  00FBC4  0E01               	movlw	1
   122  00FBC6  6E04               	movwf	Display_Inicializacao@Digito,c
   123  00FBC8  0E00               	movlw	0
   124  00FBCA  ECC1  F07D         	call	_Display_Inicializacao
   125                           
   126                           ;App.c: 55: Teclado_Inicializacao();
   127  00FBCE  ECAA  F07D         	call	_Teclado_Inicializacao	;wreg free
   128  00FBD2                     l719:
   129                           
   130                           ;App.c: 58: {
   131                           ;App.c: 59: if (PORTAbits.RA0 == 0) LATB = 0b00000110;
   132  00FBD2  B080               	btfsc	3968,0,c	;volatile
   133  00FBD4  D002               	goto	l30
   134  00FBD6  0E06               	movlw	6
   135  00FBD8  D011               	goto	L5
   136  00FBDA                     l30:
   137                           
   138                           ;App.c: 60: else if (PORTAbits.RA1 == 0) LATB = 0b01011011;
   139  00FBDA  B280               	btfsc	3968,1,c	;volatile
   140  00FBDC  D002               	goto	l32
   141  00FBDE  0E5B               	movlw	91
   142  00FBE0  D00D               	goto	L5
   143  00FBE2                     l32:
   144                           
   145                           ;App.c: 61: else if (PORTAbits.RA3 == 0) LATB = 0b01001111;
   146  00FBE2  B680               	btfsc	3968,3,c	;volatile
   147  00FBE4  D002               	goto	l34
   148  00FBE6  0E4F               	movlw	79
   149  00FBE8  D009               	goto	L5
   150  00FBEA                     l34:
   151                           
   152                           ;App.c: 62: else if (PORTAbits.RA4 == 0) LATB = 0b01100110;
   153  00FBEA  B880               	btfsc	3968,4,c	;volatile
   154  00FBEC  D002               	goto	l36
   155  00FBEE  0E66               	movlw	102
   156  00FBF0  D005               	goto	L5
   157  00FBF2                     l36:
   158                           
   159                           ;App.c: 63: else if (PORTAbits.RA5 == 0) LATB = 0b01101101;
   160  00FBF2  BA80               	btfsc	3968,5,c	;volatile
   161  00FBF4  D002               	goto	l731
   162  00FBF6  0E6D               	movlw	109
   163  00FBF8  D001               	goto	L5
   164  00FBFA                     l731:
   165                           
   166                           ;App.c: 64: else LATB = 0b01000000;
   167  00FBFA  0E40               	movlw	64
   168  00FBFC                     L5:
   169  00FBFC  6E8A               	movwf	3978,c	;volatile
   170  00FBFE  D7E9               	goto	l719
   171  00FC00                     __end_of_main:
   172                           	opt stack 0
   173                           
   174 ;; *************** function _Teclado_Inicializacao *****************
   175 ;; Defined at:
   176 ;;		line 147 in file "App.c"
   177 ;; Parameters:    Size  Location     Type
   178 ;;		None
   179 ;; Auto vars:     Size  Location     Type
   180 ;;		None
   181 ;; Return value:  Size  Location     Type
   182 ;;                  1    wreg      void 
   183 ;; Registers used:
   184 ;;		wreg, status,2
   185 ;; Tracked objects:
   186 ;;		On entry : 0/0
   187 ;;		On exit  : 0/0
   188 ;;		Unchanged: 0/0
   189 ;; Data sizes:     COMRAM   BANK0   BANK1   BANK2   BANK3   BANK4   BANK5   BANK6   BANK7   BANK8   BANK9  BANK10  BANK1
      +1  BANK12  BANK13  BANK14  BANK15
   190 ;;      Params:         0       0       0       0       0       0       0       0       0       0       0       0       
      +0       0       0       0       0
   191 ;;      Locals:         0       0       0       0       0       0       0       0       0       0       0       0       
      +0       0       0       0       0
   192 ;;      Temps:          0       0       0       0       0       0       0       0       0       0       0       0       
      +0       0       0       0       0
   193 ;;      Totals:         0       0       0       0       0       0       0       0       0       0       0       0       
      +0       0       0       0       0
   194 ;;Total ram usage:        0 bytes
   195 ;; Hardware stack levels used:    1
   196 ;; This function calls:
   197 ;;		Nothing
   198 ;; This function is called by:
   199 ;;		_main
   200 ;; This function uses a non-reentrant model
   201 ;;
   202                           
   203                           	psect	text1
   204  00FB54                     __ptext1:
   205                           	opt stack 0
   206  00FB54                     _Teclado_Inicializacao:
   207                           	opt stack 30
   208                           
   209                           ;App.c: 149: ANSELA = 0b00000100;
   210                           
   211                           ;incstack = 0
   212  00FB54  0E04               	movlw	4
   213  00FB56  010F               	movlb	15	; () banked
   214  00FB58  6F38               	movwf	56,b	;volatile
   215                           
   216                           ; BSR set to: 15
   217  00FB5A  0012               	return		;funcret
   218  00FB5C                     __end_of_Teclado_Inicializacao:
   219                           	opt stack 0
   220                           
   221 ;; *************** function _Display_Inicializacao *****************
   222 ;; Defined at:
   223 ;;		line 123 in file "App.c"
   224 ;; Parameters:    Size  Location     Type
   225 ;;  Valor           1    wreg     unsigned char 
   226 ;;  Digito          1    3[COMRAM] unsigned char 
   227 ;; Auto vars:     Size  Location     Type
   228 ;;  Valor           1    4[COMRAM] unsigned char 
   229 ;; Return value:  Size  Location     Type
   230 ;;                  1    wreg      void 
   231 ;; Registers used:
   232 ;;		wreg, status,2, cstack
   233 ;; Tracked objects:
   234 ;;		On entry : 0/0
   235 ;;		On exit  : 0/0
   236 ;;		Unchanged: 0/0
   237 ;; Data sizes:     COMRAM   BANK0   BANK1   BANK2   BANK3   BANK4   BANK5   BANK6   BANK7   BANK8   BANK9  BANK10  BANK1
      +1  BANK12  BANK13  BANK14  BANK15
   238 ;;      Params:         1       0       0       0       0       0       0       0       0       0       0       0       
      +0       0       0       0       0
   239 ;;      Locals:         1       0       0       0       0       0       0       0       0       0       0       0       
      +0       0       0       0       0
   240 ;;      Temps:          0       0       0       0       0       0       0       0       0       0       0       0       
      +0       0       0       0       0
   241 ;;      Totals:         2       0       0       0       0       0       0       0       0       0       0       0       
      +0       0       0       0       0
   242 ;;Total ram usage:        2 bytes
   243 ;; Hardware stack levels used:    1
   244 ;; Hardware stack levels required when called:    2
   245 ;; This function calls:
   246 ;;		_Display_LigaDigito
   247 ;;		_Latch_Inicializacao
   248 ;; This function is called by:
   249 ;;		_main
   250 ;; This function uses a non-reentrant model
   251 ;;
   252                           
   253                           	psect	text2
   254  00FB82                     __ptext2:
   255                           	opt stack 0
   256  00FB82                     _Display_Inicializacao:
   257                           	opt stack 28
   258                           
   259                           ; BSR set to: 15
   260                           ;incstack = 0
   261                           ;Display_Inicializacao@Valor stored from wreg
   262  00FB82  6E05               	movwf	Display_Inicializacao@Valor,c
   263                           
   264                           ;App.c: 125: Latch_Inicializacao(0);
   265  00FB84  0E00               	movlw	0
   266  00FB86  ECCB  F07D         	call	_Latch_Inicializacao
   267                           
   268                           ;App.c: 126: Display_LigaDigito(Valor,Digito);
   269  00FB8A  C004  F002         	movff	Display_Inicializacao@Digito,Display_LigaDigito@Digito
   270  00FB8E  5005               	movf	Display_Inicializacao@Valor,w,c
   271  00FB90  ECAE  F07D         	call	_Display_LigaDigito
   272  00FB94  0012               	return		;funcret
   273  00FB96                     __end_of_Display_Inicializacao:
   274                           	opt stack 0
   275                           
   276 ;; *************** function _Latch_Inicializacao *****************
   277 ;; Defined at:
   278 ;;		line 78 in file "App.c"
   279 ;; Parameters:    Size  Location     Type
   280 ;;  Valor           1    wreg     unsigned char 
   281 ;; Auto vars:     Size  Location     Type
   282 ;;  Valor           1    1[COMRAM] unsigned char 
   283 ;; Return value:  Size  Location     Type
   284 ;;                  1    wreg      void 
   285 ;; Registers used:
   286 ;;		wreg, status,2, cstack
   287 ;; Tracked objects:
   288 ;;		On entry : 0/0
   289 ;;		On exit  : 0/0
   290 ;;		Unchanged: 0/0
   291 ;; Data sizes:     COMRAM   BANK0   BANK1   BANK2   BANK3   BANK4   BANK5   BANK6   BANK7   BANK8   BANK9  BANK10  BANK1
      +1  BANK12  BANK13  BANK14  BANK15
   292 ;;      Params:         0       0       0       0       0       0       0       0       0       0       0       0       
      +0       0       0       0       0
   293 ;;      Locals:         1       0       0       0       0       0       0       0       0       0       0       0       
      +0       0       0       0       0
   294 ;;      Temps:          0       0       0       0       0       0       0       0       0       0       0       0       
      +0       0       0       0       0
   295 ;;      Totals:         1       0       0       0       0       0       0       0       0       0       0       0       
      +0       0       0       0       0
   296 ;;Total ram usage:        1 bytes
   297 ;; Hardware stack levels used:    1
   298 ;; Hardware stack levels required when called:    1
   299 ;; This function calls:
   300 ;;		_Latch_EscreveValor
   301 ;; This function is called by:
   302 ;;		_Display_Inicializacao
   303 ;; This function uses a non-reentrant model
   304 ;;
   305                           
   306                           	psect	text3
   307  00FB96                     __ptext3:
   308                           	opt stack 0
   309  00FB96                     _Latch_Inicializacao:
   310                           	opt stack 28
   311                           
   312                           ;incstack = 0
   313                           ;Latch_Inicializacao@Valor stored from wreg
   314  00FB96  6E02               	movwf	Latch_Inicializacao@Valor,c
   315                           
   316                           ;App.c: 82: LATDbits.LATD3 = 1;
   317  00FB98  868C               	bsf	3980,3,c	;volatile
   318                           
   319                           ;App.c: 83: TRISDbits.TRISD3 = 0;
   320  00FB9A  9695               	bcf	3989,3,c	;volatile
   321                           
   322                           ;App.c: 84: ANSELDbits.ANSD3 = 0;
   323  00FB9C  010F               	movlb	15	; () banked
   324  00FB9E  973B               	bcf	59,3,b	;volatile
   325                           
   326                           ;App.c: 88: LATDbits.LATD2 = 0;
   327  00FBA0  948C               	bcf	3980,2,c	;volatile
   328                           
   329                           ;App.c: 89: TRISDbits.TRISD2 = 0;
   330  00FBA2  9495               	bcf	3989,2,c	;volatile
   331                           
   332                           ;App.c: 90: ANSELDbits.ANSD2 = 0;
   333  00FBA4  010F               	movlb	15	; () banked
   334  00FBA6  953B               	bcf	59,2,b	;volatile
   335                           
   336                           ; BSR set to: 15
   337                           ;App.c: 93: LATB = 0;
   338  00FBA8  0E00               	movlw	0
   339  00FBAA  6E8A               	movwf	3978,c	;volatile
   340                           
   341                           ;App.c: 94: TRISB = 0;
   342  00FBAC  0E00               	movlw	0
   343  00FBAE  6E93               	movwf	3987,c	;volatile
   344                           
   345                           ;App.c: 95: ANSELB = 0;
   346  00FBB0  0E00               	movlw	0
   347  00FBB2  010F               	movlb	15	; () banked
   348  00FBB4  6F39               	movwf	57,b	;volatile
   349                           
   350                           ; BSR set to: 15
   351                           ;App.c: 97: Latch_EscreveValor(Valor);
   352  00FBB6  5002               	movf	Latch_Inicializacao@Valor,w,c
   353  00FBB8  ECB7  F07D         	call	_Latch_EscreveValor
   354                           
   355                           ;App.c: 99: LATB = 0;
   356  00FBBC  0E00               	movlw	0
   357  00FBBE  6E8A               	movwf	3978,c	;volatile
   358                           
   359                           ;App.c: 100: LATDbits.LATD3 = 0;
   360  00FBC0  968C               	bcf	3980,3,c	;volatile
   361  00FBC2  0012               	return		;funcret
   362  00FBC4                     __end_of_Latch_Inicializacao:
   363                           	opt stack 0
   364                           
   365 ;; *************** function _Display_LigaDigito *****************
   366 ;; Defined at:
   367 ;;		line 135 in file "App.c"
   368 ;; Parameters:    Size  Location     Type
   369 ;;  Valor           1    wreg     unsigned char 
   370 ;;  Digito          1    1[COMRAM] unsigned char 
   371 ;; Auto vars:     Size  Location     Type
   372 ;;  Valor           1    2[COMRAM] unsigned char 
   373 ;; Return value:  Size  Location     Type
   374 ;;                  1    wreg      void 
   375 ;; Registers used:
   376 ;;		wreg, status,2, cstack
   377 ;; Tracked objects:
   378 ;;		On entry : 0/0
   379 ;;		On exit  : 0/0
   380 ;;		Unchanged: 0/0
   381 ;; Data sizes:     COMRAM   BANK0   BANK1   BANK2   BANK3   BANK4   BANK5   BANK6   BANK7   BANK8   BANK9  BANK10  BANK1
      +1  BANK12  BANK13  BANK14  BANK15
   382 ;;      Params:         1       0       0       0       0       0       0       0       0       0       0       0       
      +0       0       0       0       0
   383 ;;      Locals:         1       0       0       0       0       0       0       0       0       0       0       0       
      +0       0       0       0       0
   384 ;;      Temps:          0       0       0       0       0       0       0       0       0       0       0       0       
      +0       0       0       0       0
   385 ;;      Totals:         2       0       0       0       0       0       0       0       0       0       0       0       
      +0       0       0       0       0
   386 ;;Total ram usage:        2 bytes
   387 ;; Hardware stack levels used:    1
   388 ;; Hardware stack levels required when called:    1
   389 ;; This function calls:
   390 ;;		_Latch_EscreveValor
   391 ;; This function is called by:
   392 ;;		_Display_Inicializacao
   393 ;; This function uses a non-reentrant model
   394 ;;
   395                           
   396                           	psect	text4
   397  00FB5C                     __ptext4:
   398                           	opt stack 0
   399  00FB5C                     _Display_LigaDigito:
   400                           	opt stack 28
   401                           
   402                           ;incstack = 0
   403                           ;Display_LigaDigito@Valor stored from wreg
   404  00FB5C  6E03               	movwf	Display_LigaDigito@Valor,c
   405                           
   406                           ;App.c: 137: LATDbits.LATD3 = 1;
   407  00FB5E  868C               	bsf	3980,3,c	;volatile
   408                           
   409                           ;App.c: 138: Latch_EscreveValor (Digito);
   410  00FB60  5002               	movf	Display_LigaDigito@Digito,w,c
   411  00FB62  ECB7  F07D         	call	_Latch_EscreveValor
   412                           
   413                           ;App.c: 139: LATB = Valor;
   414  00FB66  C003  FF8A         	movff	Display_LigaDigito@Valor,3978	;volatile
   415                           
   416                           ;App.c: 140: LATDbits.LATD3 = 0;
   417  00FB6A  968C               	bcf	3980,3,c	;volatile
   418  00FB6C  0012               	return		;funcret
   419  00FB6E                     __end_of_Display_LigaDigito:
   420                           	opt stack 0
   421                           
   422 ;; *************** function _Latch_EscreveValor *****************
   423 ;; Defined at:
   424 ;;		line 107 in file "App.c"
   425 ;; Parameters:    Size  Location     Type
   426 ;;  Valor           1    wreg     unsigned char 
   427 ;; Auto vars:     Size  Location     Type
   428 ;;  Valor           1    0[COMRAM] unsigned char 
   429 ;; Return value:  Size  Location     Type
   430 ;;                  1    wreg      void 
   431 ;; Registers used:
   432 ;;		wreg
   433 ;; Tracked objects:
   434 ;;		On entry : 0/0
   435 ;;		On exit  : 0/0
   436 ;;		Unchanged: 0/0
   437 ;; Data sizes:     COMRAM   BANK0   BANK1   BANK2   BANK3   BANK4   BANK5   BANK6   BANK7   BANK8   BANK9  BANK10  BANK1
      +1  BANK12  BANK13  BANK14  BANK15
   438 ;;      Params:         0       0       0       0       0       0       0       0       0       0       0       0       
      +0       0       0       0       0
   439 ;;      Locals:         1       0       0       0       0       0       0       0       0       0       0       0       
      +0       0       0       0       0
   440 ;;      Temps:          0       0       0       0       0       0       0       0       0       0       0       0       
      +0       0       0       0       0
   441 ;;      Totals:         1       0       0       0       0       0       0       0       0       0       0       0       
      +0       0       0       0       0
   442 ;;Total ram usage:        1 bytes
   443 ;; Hardware stack levels used:    1
   444 ;; This function calls:
   445 ;;		Nothing
   446 ;; This function is called by:
   447 ;;		_Latch_Inicializacao
   448 ;;		_Display_LigaDigito
   449 ;; This function uses a non-reentrant model
   450 ;;
   451                           
   452                           	psect	text5
   453  00FB6E                     __ptext5:
   454                           	opt stack 0
   455  00FB6E                     _Latch_EscreveValor:
   456                           	opt stack 28
   457                           
   458                           ;incstack = 0
   459                           ;Latch_EscreveValor@Valor stored from wreg
   460  00FB6E  6E01               	movwf	Latch_EscreveValor@Valor,c
   461                           
   462                           ;App.c: 109: LATB = Valor;
   463  00FB70  C001  FF8A         	movff	Latch_EscreveValor@Valor,3978	;volatile
   464                           
   465                           ;App.c: 112: LATDbits.LATD2 = 1;
   466  00FB74  848C               	bsf	3980,2,c	;volatile
   467                           
   468                           ;App.c: 113: __nop();
   469  00FB76  F000               	nop	
   470                           
   471                           ;App.c: 114: __nop();
   472  00FB78  F000               	nop	
   473                           
   474                           ;App.c: 115: __nop();
   475  00FB7A  F000               	nop	
   476                           
   477                           ;App.c: 116: __nop();
   478  00FB7C  F000               	nop	
   479                           
   480                           ;App.c: 117: LATDbits.LATD2 = 0;
   481  00FB7E  948C               	bcf	3980,2,c	;volatile
   482  00FB80  0012               	return		;funcret
   483  00FB82                     __end_of_Latch_EscreveValor:
   484                           	opt stack 0
   485  0000                     
   486                           	psect	rparam


Data Sizes:
    Strings     0
    Constant    0
    Data        0
    BSS         0
    Persistent  0
    Stack       0

Auto Spaces:
    Space          Size  Autos    Used
    COMRAM           95     10      10
    BANK0           160      0       0
    BANK1           256      0       0
    BANK2           256      0       0
    BANK3           256      0       0
    BANK4           256      0       0
    BANK5           256      0       0
    BANK6           256      0       0
    BANK7           256      0       0
    BANK8           256      0       0
    BANK9           256      0       0
    BANK10          256      0       0
    BANK11          256      0       0
    BANK12          256      0       0
    BANK13          256      0       0
    BANK14          256      0       0
    BANK15           56      0       0

Pointer List with Targets:

    None.

Critical Paths under _main in COMRAM

    _main->_Display_Inicializacao
    _Display_Inicializacao->_Display_LigaDigito
    _Latch_Inicializacao->_Latch_EscreveValor
    _Display_LigaDigito->_Latch_EscreveValor

Critical Paths under _main in BANK0

    None.

Critical Paths under _main in BANK1

    None.

Critical Paths under _main in BANK2

    None.

Critical Paths under _main in BANK3

    None.

Critical Paths under _main in BANK4

    None.

Critical Paths under _main in BANK5

    None.

Critical Paths under _main in BANK6

    None.

Critical Paths under _main in BANK7

    None.

Critical Paths under _main in BANK8

    None.

Critical Paths under _main in BANK9

    None.

Critical Paths under _main in BANK10

    None.

Critical Paths under _main in BANK11

    None.

Critical Paths under _main in BANK12

    None.

Critical Paths under _main in BANK13

    None.

Critical Paths under _main in BANK14

    None.

Critical Paths under _main in BANK15

    None.

Call Graph Tables:

 ---------------------------------------------------------------------------------
 (Depth) Function   	        Calls       Base Space   Used Autos Params    Refs
 ---------------------------------------------------------------------------------
 (0) _main                                                 5     0      5     219
                                              5 COMRAM     5     0      5
              _Display_Inicializacao
              _Teclado_Inicializacao
 ---------------------------------------------------------------------------------
 (1) _Teclado_Inicializacao                                0     0      0       0
 ---------------------------------------------------------------------------------
 (1) _Display_Inicializacao                                2     1      1     219
                                              3 COMRAM     2     1      1
                 _Display_LigaDigito
                _Latch_Inicializacao
 ---------------------------------------------------------------------------------
 (2) _Latch_Inicializacao                                  1     1      0      30
                                              1 COMRAM     1     1      0
                 _Latch_EscreveValor
 ---------------------------------------------------------------------------------
 (2) _Display_LigaDigito                                   2     1      1     102
                                              1 COMRAM     2     1      1
                 _Latch_EscreveValor
 ---------------------------------------------------------------------------------
 (3) _Latch_EscreveValor                                   1     1      0      15
                                              0 COMRAM     1     1      0
 ---------------------------------------------------------------------------------
 Estimated maximum stack depth 3
 ---------------------------------------------------------------------------------

 Call Graph Graphs:

 _main (ROOT)
   _Display_Inicializacao
     _Display_LigaDigito
       _Latch_EscreveValor
     _Latch_Inicializacao
       _Latch_EscreveValor
   _Teclado_Inicializacao

 Address spaces:
Name               Size   Autos  Total    Cost      Usage
BITCOMRAM           5F      0       0       0        0.0%
EEDATA             400      0       0       0        0.0%
NULL                 0      0       0       0        0.0%
CODE                 0      0       0       0        0.0%
COMRAM              5F      A       A       1       10.5%
STACK                0      0       0       2        0.0%
DATA                 0      0       0       3        0.0%
BITBANK0            A0      0       0       4        0.0%
BANK0               A0      0       0       5        0.0%
BITBANK1           100      0       0       6        0.0%
BANK1              100      0       0       7        0.0%
BITBANK2           100      0       0       8        0.0%
BANK2              100      0       0       9        0.0%
BITBANK3           100      0       0      10        0.0%
BANK3              100      0       0      11        0.0%
ABS                  0      0       0      12        0.0%
BITBANK4           100      0       0      13        0.0%
BANK4              100      0       0      14        0.0%
BITBANK5           100      0       0      15        0.0%
BANK5              100      0       0      16        0.0%
BITBANK6           100      0       0      17        0.0%
BANK6              100      0       0      18        0.0%
BITBANK7           100      0       0      19        0.0%
BANK7              100      0       0      20        0.0%
BITBANK8           100      0       0      21        0.0%
BANK8              100      0       0      22        0.0%
BITBANK9           100      0       0      23        0.0%
BANK9              100      0       0      24        0.0%
BITBANK10          100      0       0      25        0.0%
BANK10             100      0       0      26        0.0%
BITBANK11          100      0       0      27        0.0%
BANK11             100      0       0      28        0.0%
BITBANK12          100      0       0      29        0.0%
BANK12             100      0       0      30        0.0%
BITBANK13          100      0       0      31        0.0%
BANK13             100      0       0      32        0.0%
BITBANK14          100      0       0      33        0.0%
BANK14             100      0       0      34        0.0%
BITBANK15           38      0       0      35        0.0%
BANK15              38      0       0      36        0.0%
BIGRAM             F37      0       0      37        0.0%
BITSFR_1             0      0       0      40        0.0%
SFR_1                0      0       0      40        0.0%
BITSFR               0      0       0      40        0.0%
SFR                  0      0       0      40        0.0%


Microchip Technology PIC18 Macro Assembler V1.36 build -262312587 
Symbol Table                                                                                   Sat Feb 13 13:02:18 2016

                            l30 FBDA                              l32 FBE2                              l34 FBEA  
                            l36 FBF2                             l731 FBFA                             l719 FBD2  
   __size_of_Latch_EscreveValor 0014                            _LATB 000F8A                            _main FBC4  
                          start 0000                    ___param_bank 000010                           ?_main 0006  
                         _TRISB 000F93      Display_Inicializacao@Valor 0005    __size_of_Latch_Inicializacao 002E  
               __initialization FB4E                    __end_of_main FC00                          ??_main 000B  
                 __activetblptr 000000                          _ANSELA 000F38                          _ANSELB 000F39  
   __size_of_Display_LigaDigito 0012  __size_of_Display_Inicializacao 0014   __end_of_Display_Inicializacao FB96  
         _Teclado_Inicializacao FB54                      __accesstop 0060         __end_of__initialization FB4E  
                 ___rparam_used 000001                  __pcstackCOMRAM 0001        Latch_Inicializacao@Valor 0002  
        ?_Teclado_Inicializacao 0001      __end_of_Latch_EscreveValor FB82             _Latch_Inicializacao FB96  
          ?_Latch_Inicializacao 0001                         __Hparam 0000                         __Lparam 0000  
                       __pcinit FB4E                         __ramtop 1000                         __ptext0 FBC4  
                       __ptext1 FB54                         __ptext2 FB82                         __ptext3 FB96  
                       __ptext4 FB5C                         __ptext5 FB6E         Display_LigaDigito@Valor 0003  
          end_of_initialization FB4E           ??_Latch_Inicializacao 0002                       _PORTAbits 000F80  
                     _TRISDbits 000F95      __end_of_Display_LigaDigito FB6E           _Display_Inicializacao FB82  
           start_initialization FB4E         ??_Teclado_Inicializacao 0001              _Latch_EscreveValor FB6E  
        ?_Display_Inicializacao 0004             ?_Latch_EscreveValor 0001            ??_Latch_EscreveValor 0001  
                      _LATDbits 000F8C     Display_Inicializacao@Digito 0004     __end_of_Latch_Inicializacao FBC4  
            _Display_LigaDigito FB5C                        __Hrparam 0000                        __Lrparam 0000  
           ?_Display_LigaDigito 0002                      _ANSELDbits 000F3B            ??_Display_LigaDigito 0003  
      Display_LigaDigito@Digito 0002  __size_of_Teclado_Inicializacao 0008   __end_of_Teclado_Inicializacao FB5C  
                 __size_of_main 003C                        main@argc 0006                        main@argv 0008  
       Latch_EscreveValor@Valor 0001         ??_Display_Inicializacao 0005  
