

Microchip Technology PIC18 LITE Macro Assembler V1.35 build -356382666 
                                                                                               Wed Feb 10 18:21:45 2016

Microchip Technology Omniscient Code Generator v1.35 (Free mode) build 201507080246
     1                           	processor	18F46K22
     2                           	fnconf	rparam,??,?,0
     3                           	opt	pw 120
     4                           	opt	lm
     5                           	psect	cinit,global,reloc=2,class=CODE,delta=1
     6                           	psect	cstackCOMRAM,global,class=COMRAM,space=1,delta=1
     7                           	psect	text0,global,reloc=2,class=CODE,delta=1
     8                           	psect	intsave_regs,global,class=BIGRAM,space=1,delta=1
     9                           	psect	rparam,global,class=COMRAM,space=1,delta=1
    10  0000                     _ANSELB	set	3897
    11  0000                     _ANSELDbits	set	3899
    12  0000                     _LATB	set	3978
    13  0000                     _LATBbits	set	3978
    14  0000                     _LATDbits	set	3980
    15  0000                     _TRISB	set	3987
    16  0000                     _TRISDbits	set	3989
    17                           
    18                           ; #config settings
    19                           
    20                           	psect	cinit
    21  00FBC6                     __pcinit:
    22                           	opt stack 0
    23  00FBC6                     start_initialization:
    24                           	opt stack 0
    25  00FBC6                     __initialization:
    26                           	opt stack 0
    27  00FBC6                     end_of_initialization:
    28                           	opt stack 0
    29  00FBC6                     __end_of__initialization:
    30                           	opt stack 0
    31  00FBC6  0100               	movlb	0
    32  00FBC8  EFE6  F07D         	goto	_main	;jump to C main() function
    33                           
    34                           	psect	cstackCOMRAM
    35  000001                     __pcstackCOMRAM:
    36                           	opt stack 0
    37  000001                     
    38                           ; 2 bytes @ 0x0
    39  000001                     	ds	2
    40  000003                     
    41                           ; 3 bytes @ 0x2
    42  000003                     	ds	3
    43  000006                     
    44                           ; 0 bytes @ 0x5
    45 ;;
    46 ;;Main: autosize = 0, tempsize = 0, incstack = 0, save=0
    47 ;;
    48 ;; *************** function _main *****************
    49 ;; Defined at:
    50 ;;		line 12 in file "App.c"
    51 ;; Parameters:    Size  Location     Type
    52 ;;  argc            2    0[COMRAM] int 
    53 ;;  argv            3    2[COMRAM] PTR PTR unsigned char 
    54 ;; Auto vars:     Size  Location     Type
    55 ;;		None
    56 ;; Return value:  Size  Location     Type
    57 ;;                  2    0[COMRAM] int 
    58 ;; Registers used:
    59 ;;		wreg, status,2
    60 ;; Tracked objects:
    61 ;;		On entry : 0/0
    62 ;;		On exit  : 0/0
    63 ;;		Unchanged: 0/0
    64 ;; Data sizes:     COMRAM   BANK0   BANK1   BANK2   BANK3   BANK4   BANK5   BANK6   BANK7   BANK8   BANK9  BANK10  BANK1
      +1  BANK12  BANK13  BANK14  BANK15
    65 ;;      Params:         5       0       0       0       0       0       0       0       0       0       0       0       
      +0       0       0       0       0
    66 ;;      Locals:         0       0       0       0       0       0       0       0       0       0       0       0       
      +0       0       0       0       0
    67 ;;      Temps:          0       0       0       0       0       0       0       0       0       0       0       0       
      +0       0       0       0       0
    68 ;;      Totals:         5       0       0       0       0       0       0       0       0       0       0       0       
      +0       0       0       0       0
    69 ;;Total ram usage:        5 bytes
    70 ;; This function calls:
    71 ;;		Nothing
    72 ;; This function is called by:
    73 ;;		Startup code after reset
    74 ;; This function uses a non-reentrant model
    75 ;;
    76                           
    77                           	psect	text0
    78  00FBCC                     __ptext0:
    79                           	opt stack 0
    80  00FBCC                     _main:
    81                           	opt stack 31
    82                           
    83                           ;App.c: 16: LATDbits.LATD3 = 1;
    84                           
    85                           ;incstack = 0
    86  00FBCC  868C               	bsf	3980,3,c	;volatile
    87                           
    88                           ;App.c: 17: TRISDbits.TRISD3 = 0;
    89  00FBCE  9695               	bcf	3989,3,c	;volatile
    90                           
    91                           ;App.c: 18: ANSELDbits.ANSD3 = 0;
    92  00FBD0  010F               	movlb	15	; () banked
    93  00FBD2  973B               	bcf	59,3,b	;volatile
    94                           
    95                           ;App.c: 22: LATDbits.LATD2 = 0;
    96  00FBD4  948C               	bcf	3980,2,c	;volatile
    97                           
    98                           ;App.c: 23: TRISDbits.TRISD2 = 0;
    99  00FBD6  9495               	bcf	3989,2,c	;volatile
   100                           
   101                           ;App.c: 24: ANSELDbits.ANSD2 = 0;
   102  00FBD8  010F               	movlb	15	; () banked
   103  00FBDA  953B               	bcf	59,2,b	;volatile
   104                           
   105                           ; BSR set to: 15
   106                           ;App.c: 27: LATB = 0;
   107  00FBDC  0E00               	movlw	0
   108  00FBDE  6E8A               	movwf	3978,c	;volatile
   109                           
   110                           ;App.c: 28: TRISB = 0;
   111  00FBE0  0E00               	movlw	0
   112  00FBE2  6E93               	movwf	3987,c	;volatile
   113                           
   114                           ;App.c: 29: ANSELB = 0;
   115  00FBE4  0E00               	movlw	0
   116  00FBE6  010F               	movlb	15	; () banked
   117  00FBE8  6F39               	movwf	57,b	;volatile
   118                           
   119                           ; BSR set to: 15
   120                           ;App.c: 32: LATBbits.LATB6 = 1;
   121  00FBEA  8C8A               	bsf	3978,6,c	;volatile
   122                           
   123                           ; BSR set to: 15
   124                           ;App.c: 33: LATDbits.LATD2 = 1;
   125  00FBEC  848C               	bsf	3980,2,c	;volatile
   126                           
   127                           ; BSR set to: 15
   128                           ;App.c: 34: __nop();
   129  00FBEE  F000               	nop	
   130                           
   131                           ;App.c: 35: __nop();
   132  00FBF0  F000               	nop	
   133                           
   134                           ;App.c: 36: __nop();
   135  00FBF2  F000               	nop	
   136                           
   137                           ;App.c: 37: __nop();
   138  00FBF4  F000               	nop	
   139                           
   140                           ;App.c: 38: LATDbits.LATD2 = 1;
   141  00FBF6  848C               	bsf	3980,2,c	;volatile
   142                           
   143                           ;App.c: 42: LATB = 0b11110000;
   144  00FBF8  0EF0               	movlw	240
   145  00FBFA  6E8A               	movwf	3978,c	;volatile
   146                           
   147                           ;App.c: 46: LATDbits.LATD3 = 0;
   148  00FBFC  968C               	bcf	3980,3,c	;volatile
   149  00FBFE  D7FF               	goto	l20
   150  00FC00                     __end_of_main:
   151                           	opt stack 0
   152  0000                     
   153                           	psect	rparam


Data Sizes:
    Strings     0
    Constant    0
    Data        0
    BSS         0
    Persistent  0
    Stack       0

Auto Spaces:
    Space          Size  Autos    Used
    COMRAM           95      5       5
    BANK0           160      0       0
    BANK1           256      0       0
    BANK2           256      0       0
    BANK3           256      0       0
    BANK4           256      0       0
    BANK5           256      0       0
    BANK6           256      0       0
    BANK7           256      0       0
    BANK8           256      0       0
    BANK9           256      0       0
    BANK10          256      0       0
    BANK11          256      0       0
    BANK12          256      0       0
    BANK13          256      0       0
    BANK14          256      0       0
    BANK15           56      0       0

Pointer List with Targets:

    None.

Critical Paths under _main in COMRAM

    None.

Critical Paths under _main in BANK0

    None.

Critical Paths under _main in BANK1

    None.

Critical Paths under _main in BANK2

    None.

Critical Paths under _main in BANK3

    None.

Critical Paths under _main in BANK4

    None.

Critical Paths under _main in BANK5

    None.

Critical Paths under _main in BANK6

    None.

Critical Paths under _main in BANK7

    None.

Critical Paths under _main in BANK8

    None.

Critical Paths under _main in BANK9

    None.

Critical Paths under _main in BANK10

    None.

Critical Paths under _main in BANK11

    None.

Critical Paths under _main in BANK12

    None.

Critical Paths under _main in BANK13

    None.

Critical Paths under _main in BANK14

    None.

Critical Paths under _main in BANK15

    None.

Call Graph Tables:

 ---------------------------------------------------------------------------------
 (Depth) Function   	        Calls       Base Space   Used Autos Params    Refs
 ---------------------------------------------------------------------------------
 (0) _main                                                 5     0      5       0
                                              0 COMRAM     5     0      5
 ---------------------------------------------------------------------------------
 Estimated maximum stack depth 0
 ---------------------------------------------------------------------------------

 Call Graph Graphs:

 _main (ROOT)

 Address spaces:
Name               Size   Autos  Total    Cost      Usage
BITCOMRAM           5F      0       0       0        0.0%
EEDATA             400      0       0       0        0.0%
NULL                 0      0       0       0        0.0%
CODE                 0      0       0       0        0.0%
COMRAM              5F      5       5       1        5.3%
STACK                0      0       0       2        0.0%
DATA                 0      0       0       3        0.0%
BITBANK0            A0      0       0       4        0.0%
BANK0               A0      0       0       5        0.0%
BITBANK1           100      0       0       6        0.0%
BANK1              100      0       0       7        0.0%
BITBANK2           100      0       0       8        0.0%
BANK2              100      0       0       9        0.0%
BITBANK3           100      0       0      10        0.0%
BANK3              100      0       0      11        0.0%
ABS                  0      0       0      12        0.0%
BITBANK4           100      0       0      13        0.0%
BANK4              100      0       0      14        0.0%
BITBANK5           100      0       0      15        0.0%
BANK5              100      0       0      16        0.0%
BITBANK6           100      0       0      17        0.0%
BANK6              100      0       0      18        0.0%
BITBANK7           100      0       0      19        0.0%
BANK7              100      0       0      20        0.0%
BITBANK8           100      0       0      21        0.0%
BANK8              100      0       0      22        0.0%
BITBANK9           100      0       0      23        0.0%
BANK9              100      0       0      24        0.0%
BITBANK10          100      0       0      25        0.0%
BANK10             100      0       0      26        0.0%
BITBANK11          100      0       0      27        0.0%
BANK11             100      0       0      28        0.0%
BITBANK12          100      0       0      29        0.0%
BANK12             100      0       0      30        0.0%
BITBANK13          100      0       0      31        0.0%
BANK13             100      0       0      32        0.0%
BITBANK14          100      0       0      33        0.0%
BANK14             100      0       0      34        0.0%
BITBANK15           38      0       0      35        0.0%
BANK15              38      0       0      36        0.0%
BIGRAM             F37      0       0      37        0.0%
BITSFR_1             0      0       0      40        0.0%
SFR_1                0      0       0      40        0.0%
BITSFR               0      0       0      40        0.0%
SFR                  0      0       0      40        0.0%


Microchip Technology PIC18 Macro Assembler V1.35 build -356382666 
Symbol Table                                                                                   Wed Feb 10 18:21:45 2016

                     l20 FBFE                     _LATB 000F8A                     _main FBCC  
                   start 0000             ___param_bank 000010                    ?_main 0001  
                  _TRISB 000F93          __initialization FBC6             __end_of_main FC00  
                 ??_main 0006            __activetblptr 000000                   _ANSELB 000F39  
             __accesstop 0060  __end_of__initialization FBC6            ___rparam_used 000001  
         __pcstackCOMRAM 0001                  __Hparam 0000                  __Lparam 0000  
                __pcinit FBC6                  __ramtop 1000                  __ptext0 FBCC  
   end_of_initialization FBC6                _TRISDbits 000F95      start_initialization FBC6  
               _LATBbits 000F8A                 _LATDbits 000F8C                 __Hrparam 0000  
               __Lrparam 0000               _ANSELDbits 000F3B            __size_of_main 0034  
               main@argc 0001                 main@argv 0003  
