

Microchip Technology PIC18 LITE Macro Assembler V1.36 build -262312587 
                                                                                               Fri Feb 26 11:37:18 2016

Microchip Technology Omniscient Code Generator v1.36 (Free mode) build 201601150325
     1                           	processor	18F46K22
     2                           	fnconf	rparam,??,?,0
     3                           	opt	pw 120
     4                           	opt	lm
     5                           	psect	smallconst,global,reloc=2,class=SMALLCONST,delta=1
     6                           	psect	cinit,global,reloc=2,class=CODE,delta=1
     7                           	psect	bssCOMRAM,global,class=COMRAM,space=1,delta=1
     8                           	psect	cstackCOMRAM,global,class=COMRAM,space=1,delta=1
     9                           	psect	text0,global,reloc=2,class=CODE,delta=1
    10                           	psect	text1,global,reloc=2,class=CODE,delta=1
    11                           	psect	text2,global,reloc=2,class=CODE,delta=1
    12                           	psect	text3,global,reloc=2,class=CODE,delta=1
    13                           	psect	text4,global,reloc=2,class=CODE,delta=1
    14                           	psect	intsave_regs,global,class=BIGRAM,space=1,delta=1
    15                           	psect	rparam,global,class=COMRAM,space=1,delta=1
    16  0000                     
    17                           	psect	smallconst
    18  001000                     __psmallconst:
    19                           	opt stack 0
    20  001000  00                 	db	0
    21  001001                     _Codigo_Seq:
    22                           	opt stack 0
    23  001001  01                 	db	1
    24  001002  02                 	db	2
    25  001003  04                 	db	4
    26  001004  08                 	db	8
    27  001005  10                 	db	16
    28  001006  20                 	db	32
    29  001007  40                 	db	64
    30  001008  80                 	db	128
    31  001009  C0                 	db	192
    32  00100A  E0                 	db	224
    33  00100B  F0                 	db	240
    34  00100C  F8                 	db	248
    35  00100D  FC                 	db	252
    36  00100E  FE                 	db	254
    37  00100F  FF                 	db	255
    38  001010  7F                 	db	127
    39  001011  3F                 	db	63
    40  001012  1F                 	db	31
    41  001013  0F                 	db	15
    42  001014  07                 	db	7
    43  001015  03                 	db	3
    44  001016  01                 	db	1
    45  001017                     __end_of_Codigo_Seq:
    46                           	opt stack 0
    47  0000                     _ANSELA	set	3896
    48  0000                     _ANSELB	set	3897
    49  0000                     _ANSELDbits	set	3899
    50  0000                     _LATB	set	3978
    51  0000                     _LATDbits	set	3980
    52  0000                     _TRISB	set	3987
    53  0000                     _TRISDbits	set	3989
    54  001017  00                 	db	0	; dummy byte at the end
    55  0000                     
    56                           ; #config settings
    57                           
    58                           	psect	cinit
    59  0010C2                     __pcinit:
    60                           	opt stack 0
    61  0010C2                     start_initialization:
    62                           	opt stack 0
    63  0010C2                     __initialization:
    64                           	opt stack 0
    65                           
    66                           ; Clear objects allocated to COMRAM (1 bytes)
    67  0010C2  6A0C               	clrf	__pbssCOMRAM& (0+255),c
    68  0010C4                     end_of_initialization:
    69                           	opt stack 0
    70  0010C4                     __end_of__initialization:
    71                           	opt stack 0
    72  0010C4  0E00               	movlw	low (__Lsmallconst shr (0+16))
    73  0010C6  6EF8               	movwf	tblptru,c
    74  0010C8  0E10               	movlw	high __Lsmallconst
    75  0010CA  6EF7               	movwf	tblptrh,c
    76  0010CC  0100               	movlb	0
    77  0010CE  EF0C  F008         	goto	_main	;jump to C main() function
    78                           tblptru	equ	0xFF8
    79                           tblptrh	equ	0xFF7
    80                           
    81                           	psect	bssCOMRAM
    82  00000C                     __pbssCOMRAM:
    83                           	opt stack 0
    84  00000C                     _Sequencia:
    85                           	opt stack 0
    86  00000C                     	ds	1
    87                           tblptru	equ	0xFF8
    88                           tblptrh	equ	0xFF7
    89                           
    90                           	psect	cstackCOMRAM
    91  000001                     __pcstackCOMRAM:
    92                           	opt stack 0
    93  000001                     Latch_EscreveValor@Valor:
    94                           	opt stack 0
    95                           
    96                           ; 1 bytes @ 0x0
    97  000001                     	ds	1
    98  000002                     Latch_Inicializacao@Valor:
    99                           	opt stack 0
   100  000002                     Display_LigaDigito@Digito:
   101                           	opt stack 0
   102                           
   103                           ; 1 bytes @ 0x1
   104  000002                     	ds	1
   105  000003                     Display_LigaDigito@Valor:
   106                           	opt stack 0
   107                           
   108                           ; 1 bytes @ 0x2
   109  000003                     	ds	1
   110  000004                     Display_Inicializacao@Digito:
   111                           	opt stack 0
   112                           
   113                           ; 1 bytes @ 0x3
   114  000004                     	ds	1
   115  000005                     Display_Inicializacao@Valor:
   116                           	opt stack 0
   117                           
   118                           ; 1 bytes @ 0x4
   119  000005                     	ds	1
   120  000006                     
   121                           ; 2 bytes @ 0x5
   122  000006                     	ds	2
   123  000008                     
   124                           ; 3 bytes @ 0x7
   125  000008                     	ds	3
   126  00000B                     ??_main:
   127                           
   128                           ; 1 bytes @ 0xA
   129  00000B                     	ds	1
   130                           tblptru	equ	0xFF8
   131                           tblptrh	equ	0xFF7
   132                           
   133 ;;
   134 ;;Main: autosize = 0, tempsize = 1, incstack = 0, save=0
   135 ;;
   136 ;; *************** function _main *****************
   137 ;; Defined at:
   138 ;;		line 49 in file "App.c"
   139 ;; Parameters:    Size  Location     Type
   140 ;;  argc            2    5[COMRAM] int 
   141 ;;  argv            3    7[COMRAM] PTR PTR unsigned char 
   142 ;; Auto vars:     Size  Location     Type
   143 ;;		None
   144 ;; Return value:  Size  Location     Type
   145 ;;                  2    5[COMRAM] int 
   146 ;; Registers used:
   147 ;;		wreg, status,2, status,0, tblptrl, tblptrh, tblptru, prodl, prodh, cstack
   148 ;; Tracked objects:
   149 ;;		On entry : 0/0
   150 ;;		On exit  : 0/0
   151 ;;		Unchanged: 0/0
   152 ;; Data sizes:     COMRAM   BANK0   BANK1   BANK2   BANK3   BANK4   BANK5   BANK6   BANK7   BANK8   BANK9  BANK10  BANK1
      +1  BANK12  BANK13  BANK14  BANK15
   153 ;;      Params:         5       0       0       0       0       0       0       0       0       0       0       0       
      +0       0       0       0       0
   154 ;;      Locals:         0       0       0       0       0       0       0       0       0       0       0       0       
      +0       0       0       0       0
   155 ;;      Temps:          1       0       0       0       0       0       0       0       0       0       0       0       
      +0       0       0       0       0
   156 ;;      Totals:         6       0       0       0       0       0       0       0       0       0       0       0       
      +0       0       0       0       0
   157 ;;Total ram usage:        6 bytes
   158 ;; Hardware stack levels required when called:    3
   159 ;; This function calls:
   160 ;;		_Display_Inicializacao
   161 ;; This function is called by:
   162 ;;		Startup code after reset
   163 ;; This function uses a non-reentrant model
   164 ;;
   165                           
   166                           	psect	text0
   167  001018                     __ptext0:
   168                           	opt stack 0
   169  001018                     _main:
   170                           	opt stack 28
   171                           
   172                           ;App.c: 51: Display_Inicializacao(0,0b01000000);
   173                           
   174                           ;incstack = 0
   175  001018  0E40               	movlw	64
   176  00101A  6E04               	movwf	Display_Inicializacao@Digito,c
   177  00101C  0E00               	movlw	0
   178  00101E  EC44  F008         	call	_Display_Inicializacao
   179  001022  D018               	goto	l718
   180  001024                     l712:
   181                           
   182                           ;App.c: 55: {
   183                           ;App.c: 56: LATB = Codigo_Seq[Sequencia];
   184  001024  500C               	movf	_Sequencia,w,c
   185  001026  0D01               	mullw	1
   186  001028  0E01               	movlw	low _Codigo_Seq
   187  00102A  24F3               	addwf	prodl,w,c
   188  00102C  6EF6               	movwf	tblptrl,c
   189  00102E  0E10               	movlw	high _Codigo_Seq
   190  001030  20F4               	addwfc	prodh,w,c
   191  001032  6EF7               	movwf	tblptrh,c
   192  001034                     	if	0	;There are less than 3 active tblptr bytes
   193  001034                     	endif
   194  001034  0008               	tblrd		*
   195  001036  CFF5 FF8A          	movff	tablat,3978	;volatile
   196                           
   197                           ;App.c: 58: _delay((unsigned long)((100)*(1000000/4000.0)));
   198  00103A  0E21               	movlw	33
   199  00103C  6E0B               	movwf	??_main& (0+255),c
   200  00103E  0E76               	movlw	118
   201  001040                     u37:
   202  001040  2EE8               	decfsz	wreg,f,c
   203  001042  D7FE               	goto	u37
   204  001044  2E0B               	decfsz	??_main& (0+255),f,c
   205  001046  D7FC               	goto	u37
   206  001048  D000               	nop2	
   207                           
   208                           ;App.c: 60: if(++Sequencia == 22) Sequencia = 0;
   209  00104A  2A0C               	incf	_Sequencia,f,c
   210  00104C  0E16               	movlw	22
   211  00104E  180C               	xorwf	_Sequencia,w,c
   212  001050  A4D8               	btfss	status,2,c
   213  001052  D7E8               	goto	l712
   214  001054                     l718:
   215  001054  0E00               	movlw	0
   216  001056  6E0C               	movwf	_Sequencia,c
   217  001058  D7E5               	goto	l712
   218  00105A                     __end_of_main:
   219                           	opt stack 0
   220                           tblptru	equ	0xFF8
   221                           tblptrh	equ	0xFF7
   222                           tblptrl	equ	0xFF6
   223                           tablat	equ	0xFF5
   224                           prodh	equ	0xFF4
   225                           prodl	equ	0xFF3
   226                           wreg	equ	0xFE8
   227                           status	equ	0xFD8
   228                           
   229 ;; *************** function _Display_Inicializacao *****************
   230 ;; Defined at:
   231 ;;		line 70 in file "Base_1.c"
   232 ;; Parameters:    Size  Location     Type
   233 ;;  Valor           1    wreg     unsigned char 
   234 ;;  Digito          1    3[COMRAM] unsigned char 
   235 ;; Auto vars:     Size  Location     Type
   236 ;;  Valor           1    4[COMRAM] unsigned char 
   237 ;; Return value:  Size  Location     Type
   238 ;;                  1    wreg      void 
   239 ;; Registers used:
   240 ;;		wreg, status,2, cstack
   241 ;; Tracked objects:
   242 ;;		On entry : 0/0
   243 ;;		On exit  : 0/0
   244 ;;		Unchanged: 0/0
   245 ;; Data sizes:     COMRAM   BANK0   BANK1   BANK2   BANK3   BANK4   BANK5   BANK6   BANK7   BANK8   BANK9  BANK10  BANK1
      +1  BANK12  BANK13  BANK14  BANK15
   246 ;;      Params:         1       0       0       0       0       0       0       0       0       0       0       0       
      +0       0       0       0       0
   247 ;;      Locals:         1       0       0       0       0       0       0       0       0       0       0       0       
      +0       0       0       0       0
   248 ;;      Temps:          0       0       0       0       0       0       0       0       0       0       0       0       
      +0       0       0       0       0
   249 ;;      Totals:         2       0       0       0       0       0       0       0       0       0       0       0       
      +0       0       0       0       0
   250 ;;Total ram usage:        2 bytes
   251 ;; Hardware stack levels used:    1
   252 ;; Hardware stack levels required when called:    2
   253 ;; This function calls:
   254 ;;		_Display_LigaDigito
   255 ;;		_Latch_Inicializacao
   256 ;; This function is called by:
   257 ;;		_main
   258 ;; This function uses a non-reentrant model
   259 ;;
   260                           
   261                           	psect	text1
   262  001088                     __ptext1:
   263                           	opt stack 0
   264  001088                     _Display_Inicializacao:
   265                           	opt stack 28
   266                           
   267                           ;incstack = 0
   268                           ;Display_Inicializacao@Valor stored from wreg
   269  001088  6E05               	movwf	Display_Inicializacao@Valor,c
   270                           
   271                           ;Base_1.c: 72: Latch_Inicializacao(0);
   272  00108A  0E00               	movlw	0
   273  00108C  EC2D  F008         	call	_Latch_Inicializacao
   274                           
   275                           ;Base_1.c: 73: Display_LigaDigito(Valor,Digito);
   276  001090  C004  F002         	movff	Display_Inicializacao@Digito,Display_LigaDigito@Digito
   277  001094  5005               	movf	Display_Inicializacao@Valor,w,c
   278  001096  EC58  F008         	call	_Display_LigaDigito
   279  00109A  0012               	return		;funcret
   280  00109C                     __end_of_Display_Inicializacao:
   281                           	opt stack 0
   282                           tblptru	equ	0xFF8
   283                           tblptrh	equ	0xFF7
   284                           tblptrl	equ	0xFF6
   285                           tablat	equ	0xFF5
   286                           prodh	equ	0xFF4
   287                           prodl	equ	0xFF3
   288                           wreg	equ	0xFE8
   289                           status	equ	0xFD8
   290                           
   291 ;; *************** function _Latch_Inicializacao *****************
   292 ;; Defined at:
   293 ;;		line 25 in file "Base_1.c"
   294 ;; Parameters:    Size  Location     Type
   295 ;;  Valor           1    wreg     unsigned char 
   296 ;; Auto vars:     Size  Location     Type
   297 ;;  Valor           1    1[COMRAM] unsigned char 
   298 ;; Return value:  Size  Location     Type
   299 ;;                  1    wreg      void 
   300 ;; Registers used:
   301 ;;		wreg, status,2, cstack
   302 ;; Tracked objects:
   303 ;;		On entry : 0/0
   304 ;;		On exit  : 0/0
   305 ;;		Unchanged: 0/0
   306 ;; Data sizes:     COMRAM   BANK0   BANK1   BANK2   BANK3   BANK4   BANK5   BANK6   BANK7   BANK8   BANK9  BANK10  BANK1
      +1  BANK12  BANK13  BANK14  BANK15
   307 ;;      Params:         0       0       0       0       0       0       0       0       0       0       0       0       
      +0       0       0       0       0
   308 ;;      Locals:         1       0       0       0       0       0       0       0       0       0       0       0       
      +0       0       0       0       0
   309 ;;      Temps:          0       0       0       0       0       0       0       0       0       0       0       0       
      +0       0       0       0       0
   310 ;;      Totals:         1       0       0       0       0       0       0       0       0       0       0       0       
      +0       0       0       0       0
   311 ;;Total ram usage:        1 bytes
   312 ;; Hardware stack levels used:    1
   313 ;; Hardware stack levels required when called:    1
   314 ;; This function calls:
   315 ;;		_Latch_EscreveValor
   316 ;; This function is called by:
   317 ;;		_Display_Inicializacao
   318 ;; This function uses a non-reentrant model
   319 ;;
   320                           
   321                           	psect	text2
   322  00105A                     __ptext2:
   323                           	opt stack 0
   324  00105A                     _Latch_Inicializacao:
   325                           	opt stack 28
   326                           
   327                           ;incstack = 0
   328                           ;Latch_Inicializacao@Valor stored from wreg
   329  00105A  6E02               	movwf	Latch_Inicializacao@Valor,c
   330                           
   331                           ;Base_1.c: 29: LATDbits.LATD3 = 1;
   332  00105C  868C               	bsf	3980,3,c	;volatile
   333                           
   334                           ;Base_1.c: 30: TRISDbits.TRISD3 = 0;
   335  00105E  9695               	bcf	3989,3,c	;volatile
   336                           
   337                           ;Base_1.c: 31: ANSELDbits.ANSD3 = 0;
   338  001060  010F               	movlb	15	; () banked
   339  001062  973B               	bcf	59,3,b	;volatile
   340                           
   341                           ;Base_1.c: 35: LATDbits.LATD2 = 0;
   342  001064  948C               	bcf	3980,2,c	;volatile
   343                           
   344                           ;Base_1.c: 36: TRISDbits.TRISD2 = 0;
   345  001066  9495               	bcf	3989,2,c	;volatile
   346                           
   347                           ;Base_1.c: 37: ANSELDbits.ANSD2 = 0;
   348  001068  010F               	movlb	15	; () banked
   349  00106A  953B               	bcf	59,2,b	;volatile
   350                           
   351                           ; BSR set to: 15
   352                           ;Base_1.c: 40: LATB = 0;
   353  00106C  0E00               	movlw	0
   354  00106E  6E8A               	movwf	3978,c	;volatile
   355                           
   356                           ;Base_1.c: 41: TRISB = 0;
   357  001070  0E00               	movlw	0
   358  001072  6E93               	movwf	3987,c	;volatile
   359                           
   360                           ;Base_1.c: 42: ANSELB = 0;
   361  001074  0E00               	movlw	0
   362  001076  010F               	movlb	15	; () banked
   363  001078  6F39               	movwf	57,b	;volatile
   364                           
   365                           ; BSR set to: 15
   366                           ;Base_1.c: 44: Latch_EscreveValor(Valor);
   367  00107A  5002               	movf	Latch_Inicializacao@Valor,w,c
   368  00107C  EC4E  F008         	call	_Latch_EscreveValor
   369                           
   370                           ;Base_1.c: 46: LATB = 0;
   371  001080  0E00               	movlw	0
   372  001082  6E8A               	movwf	3978,c	;volatile
   373                           
   374                           ;Base_1.c: 47: LATDbits.LATD3 = 0;
   375  001084  968C               	bcf	3980,3,c	;volatile
   376  001086  0012               	return		;funcret
   377  001088                     __end_of_Latch_Inicializacao:
   378                           	opt stack 0
   379                           tblptru	equ	0xFF8
   380                           tblptrh	equ	0xFF7
   381                           tblptrl	equ	0xFF6
   382                           tablat	equ	0xFF5
   383                           prodh	equ	0xFF4
   384                           prodl	equ	0xFF3
   385                           wreg	equ	0xFE8
   386                           status	equ	0xFD8
   387                           
   388 ;; *************** function _Display_LigaDigito *****************
   389 ;; Defined at:
   390 ;;		line 82 in file "Base_1.c"
   391 ;; Parameters:    Size  Location     Type
   392 ;;  Valor           1    wreg     unsigned char 
   393 ;;  Digito          1    1[COMRAM] unsigned char 
   394 ;; Auto vars:     Size  Location     Type
   395 ;;  Valor           1    2[COMRAM] unsigned char 
   396 ;; Return value:  Size  Location     Type
   397 ;;                  1    wreg      void 
   398 ;; Registers used:
   399 ;;		wreg, status,2, cstack
   400 ;; Tracked objects:
   401 ;;		On entry : 0/0
   402 ;;		On exit  : 0/0
   403 ;;		Unchanged: 0/0
   404 ;; Data sizes:     COMRAM   BANK0   BANK1   BANK2   BANK3   BANK4   BANK5   BANK6   BANK7   BANK8   BANK9  BANK10  BANK1
      +1  BANK12  BANK13  BANK14  BANK15
   405 ;;      Params:         1       0       0       0       0       0       0       0       0       0       0       0       
      +0       0       0       0       0
   406 ;;      Locals:         1       0       0       0       0       0       0       0       0       0       0       0       
      +0       0       0       0       0
   407 ;;      Temps:          0       0       0       0       0       0       0       0       0       0       0       0       
      +0       0       0       0       0
   408 ;;      Totals:         2       0       0       0       0       0       0       0       0       0       0       0       
      +0       0       0       0       0
   409 ;;Total ram usage:        2 bytes
   410 ;; Hardware stack levels used:    1
   411 ;; Hardware stack levels required when called:    1
   412 ;; This function calls:
   413 ;;		_Latch_EscreveValor
   414 ;; This function is called by:
   415 ;;		_Display_Inicializacao
   416 ;; This function uses a non-reentrant model
   417 ;;
   418                           
   419                           	psect	text3
   420  0010B0                     __ptext3:
   421                           	opt stack 0
   422  0010B0                     _Display_LigaDigito:
   423                           	opt stack 28
   424                           
   425                           ;incstack = 0
   426                           ;Display_LigaDigito@Valor stored from wreg
   427  0010B0  6E03               	movwf	Display_LigaDigito@Valor,c
   428                           
   429                           ;Base_1.c: 84: LATDbits.LATD3 = 1;
   430  0010B2  868C               	bsf	3980,3,c	;volatile
   431                           
   432                           ;Base_1.c: 85: Latch_EscreveValor (Digito);
   433  0010B4  5002               	movf	Display_LigaDigito@Digito,w,c
   434  0010B6  EC4E  F008         	call	_Latch_EscreveValor
   435                           
   436                           ;Base_1.c: 86: LATB = Valor;
   437  0010BA  C003  FF8A         	movff	Display_LigaDigito@Valor,3978	;volatile
   438                           
   439                           ;Base_1.c: 87: LATDbits.LATD3 = 0;
   440  0010BE  968C               	bcf	3980,3,c	;volatile
   441  0010C0  0012               	return		;funcret
   442  0010C2                     __end_of_Display_LigaDigito:
   443                           	opt stack 0
   444                           tblptru	equ	0xFF8
   445                           tblptrh	equ	0xFF7
   446                           tblptrl	equ	0xFF6
   447                           tablat	equ	0xFF5
   448                           prodh	equ	0xFF4
   449                           prodl	equ	0xFF3
   450                           wreg	equ	0xFE8
   451                           status	equ	0xFD8
   452                           
   453 ;; *************** function _Latch_EscreveValor *****************
   454 ;; Defined at:
   455 ;;		line 54 in file "Base_1.c"
   456 ;; Parameters:    Size  Location     Type
   457 ;;  Valor           1    wreg     unsigned char 
   458 ;; Auto vars:     Size  Location     Type
   459 ;;  Valor           1    0[COMRAM] unsigned char 
   460 ;; Return value:  Size  Location     Type
   461 ;;                  1    wreg      void 
   462 ;; Registers used:
   463 ;;		wreg
   464 ;; Tracked objects:
   465 ;;		On entry : 0/0
   466 ;;		On exit  : 0/0
   467 ;;		Unchanged: 0/0
   468 ;; Data sizes:     COMRAM   BANK0   BANK1   BANK2   BANK3   BANK4   BANK5   BANK6   BANK7   BANK8   BANK9  BANK10  BANK1
      +1  BANK12  BANK13  BANK14  BANK15
   469 ;;      Params:         0       0       0       0       0       0       0       0       0       0       0       0       
      +0       0       0       0       0
   470 ;;      Locals:         1       0       0       0       0       0       0       0       0       0       0       0       
      +0       0       0       0       0
   471 ;;      Temps:          0       0       0       0       0       0       0       0       0       0       0       0       
      +0       0       0       0       0
   472 ;;      Totals:         1       0       0       0       0       0       0       0       0       0       0       0       
      +0       0       0       0       0
   473 ;;Total ram usage:        1 bytes
   474 ;; Hardware stack levels used:    1
   475 ;; This function calls:
   476 ;;		Nothing
   477 ;; This function is called by:
   478 ;;		_Latch_Inicializacao
   479 ;;		_Display_LigaDigito
   480 ;; This function uses a non-reentrant model
   481 ;;
   482                           
   483                           	psect	text4
   484  00109C                     __ptext4:
   485                           	opt stack 0
   486  00109C                     _Latch_EscreveValor:
   487                           	opt stack 28
   488                           
   489                           ;incstack = 0
   490                           ;Latch_EscreveValor@Valor stored from wreg
   491  00109C  6E01               	movwf	Latch_EscreveValor@Valor,c
   492                           
   493                           ;Base_1.c: 56: LATB = Valor;
   494  00109E  C001  FF8A         	movff	Latch_EscreveValor@Valor,3978	;volatile
   495                           
   496                           ;Base_1.c: 59: LATDbits.LATD2 = 1;
   497  0010A2  848C               	bsf	3980,2,c	;volatile
   498                           
   499                           ;Base_1.c: 60: __nop();
   500  0010A4  F000               	nop	
   501                           
   502                           ;Base_1.c: 61: __nop();
   503  0010A6  F000               	nop	
   504                           
   505                           ;Base_1.c: 62: __nop();
   506  0010A8  F000               	nop	
   507                           
   508                           ;Base_1.c: 63: __nop();
   509  0010AA  F000               	nop	
   510                           
   511                           ;Base_1.c: 64: LATDbits.LATD2 = 0;
   512  0010AC  948C               	bcf	3980,2,c	;volatile
   513  0010AE  0012               	return		;funcret
   514  0010B0                     __end_of_Latch_EscreveValor:
   515                           	opt stack 0
   516                           tblptru	equ	0xFF8
   517                           tblptrh	equ	0xFF7
   518                           tblptrl	equ	0xFF6
   519                           tablat	equ	0xFF5
   520                           prodh	equ	0xFF4
   521                           prodl	equ	0xFF3
   522                           wreg	equ	0xFE8
   523                           status	equ	0xFD8
   524                           tblptru	equ	0xFF8
   525                           tblptrh	equ	0xFF7
   526                           tblptrl	equ	0xFF6
   527                           tablat	equ	0xFF5
   528                           prodh	equ	0xFF4
   529                           prodl	equ	0xFF3
   530                           wreg	equ	0xFE8
   531                           status	equ	0xFD8
   532                           
   533                           	psect	rparam
   534  0000                     tblptru	equ	0xFF8
   535                           tblptrh	equ	0xFF7
   536                           tblptrl	equ	0xFF6
   537                           tablat	equ	0xFF5
   538                           prodh	equ	0xFF4
   539                           prodl	equ	0xFF3
   540                           wreg	equ	0xFE8
   541                           status	equ	0xFD8


Data Sizes:
    Strings     0
    Constant    22
    Data        0
    BSS         1
    Persistent  0
    Stack       0

Auto Spaces:
    Space          Size  Autos    Used
    COMRAM           95     11      12
    BANK0           160      0       0
    BANK1           256      0       0
    BANK2           256      0       0
    BANK3           256      0       0
    BANK4           256      0       0
    BANK5           256      0       0
    BANK6           256      0       0
    BANK7           256      0       0
    BANK8           256      0       0
    BANK9           256      0       0
    BANK10          256      0       0
    BANK11          256      0       0
    BANK12          256      0       0
    BANK13          256      0       0
    BANK14          256      0       0
    BANK15           56      0       0

Pointer List with Targets:

    None.

Critical Paths under _main in COMRAM

    _main->_Display_Inicializacao
    _Display_Inicializacao->_Display_LigaDigito
    _Latch_Inicializacao->_Latch_EscreveValor
    _Display_LigaDigito->_Latch_EscreveValor

Critical Paths under _main in BANK0

    None.

Critical Paths under _main in BANK1

    None.

Critical Paths under _main in BANK2

    None.

Critical Paths under _main in BANK3

    None.

Critical Paths under _main in BANK4

    None.

Critical Paths under _main in BANK5

    None.

Critical Paths under _main in BANK6

    None.

Critical Paths under _main in BANK7

    None.

Critical Paths under _main in BANK8

    None.

Critical Paths under _main in BANK9

    None.

Critical Paths under _main in BANK10

    None.

Critical Paths under _main in BANK11

    None.

Critical Paths under _main in BANK12

    None.

Critical Paths under _main in BANK13

    None.

Critical Paths under _main in BANK14

    None.

Critical Paths under _main in BANK15

    None.

Call Graph Tables:

 ---------------------------------------------------------------------------------
 (Depth) Function   	        Calls       Base Space   Used Autos Params    Refs
 ---------------------------------------------------------------------------------
 (0) _main                                                 6     1      5     219
                                              5 COMRAM     6     1      5
              _Display_Inicializacao
 ---------------------------------------------------------------------------------
 (1) _Display_Inicializacao                                2     1      1     219
                                              3 COMRAM     2     1      1
                 _Display_LigaDigito
                _Latch_Inicializacao
 ---------------------------------------------------------------------------------
 (2) _Latch_Inicializacao                                  1     1      0      30
                                              1 COMRAM     1     1      0
                 _Latch_EscreveValor
 ---------------------------------------------------------------------------------
 (2) _Display_LigaDigito                                   2     1      1     102
                                              1 COMRAM     2     1      1
                 _Latch_EscreveValor
 ---------------------------------------------------------------------------------
 (3) _Latch_EscreveValor                                   1     1      0      15
                                              0 COMRAM     1     1      0
 ---------------------------------------------------------------------------------
 Estimated maximum stack depth 3
 ---------------------------------------------------------------------------------

 Call Graph Graphs:

 _main (ROOT)
   _Display_Inicializacao
     _Display_LigaDigito
       _Latch_EscreveValor
     _Latch_Inicializacao
       _Latch_EscreveValor

 Address spaces:
Name               Size   Autos  Total    Cost      Usage
BIGRAM             F37      0       0      37        0.0%
EEDATA             400      0       0       0        0.0%
BITBANK14          100      0       0      33        0.0%
BANK14             100      0       0      34        0.0%
BITBANK13          100      0       0      31        0.0%
BANK13             100      0       0      32        0.0%
BITBANK12          100      0       0      29        0.0%
BANK12             100      0       0      30        0.0%
BITBANK11          100      0       0      27        0.0%
BANK11             100      0       0      28        0.0%
BITBANK10          100      0       0      25        0.0%
BANK10             100      0       0      26        0.0%
BITBANK9           100      0       0      23        0.0%
BANK9              100      0       0      24        0.0%
BITBANK8           100      0       0      21        0.0%
BANK8              100      0       0      22        0.0%
BITBANK7           100      0       0      19        0.0%
BANK7              100      0       0      20        0.0%
BITBANK6           100      0       0      17        0.0%
BANK6              100      0       0      18        0.0%
BITBANK5           100      0       0      15        0.0%
BANK5              100      0       0      16        0.0%
BITBANK4           100      0       0      13        0.0%
BANK4              100      0       0      14        0.0%
BITBANK3           100      0       0      10        0.0%
BANK3              100      0       0      11        0.0%
BITBANK2           100      0       0       8        0.0%
BANK2              100      0       0       9        0.0%
BITBANK1           100      0       0       6        0.0%
BANK1              100      0       0       7        0.0%
BITBANK0            A0      0       0       4        0.0%
BANK0               A0      0       0       5        0.0%
BITCOMRAM           5F      0       0       0        0.0%
COMRAM              5F      B       C       1       12.6%
BITBANK15           38      0       0      35        0.0%
BANK15              38      0       0      36        0.0%
BITSFR_1             0      0       0      40        0.0%
SFR_1                0      0       0      40        0.0%
BITSFR               0      0       0      40        0.0%
SFR                  0      0       0      40        0.0%
STACK                0      0       0       2        0.0%
NULL                 0      0       0       0        0.0%
ABS                  0      0       C      12        0.0%
DATA                 0      0       C       3        0.0%
CODE                 0      0       0       0        0.0%


Microchip Technology PIC18 Macro Assembler V1.36 build -262312587 
Symbol Table                                                                                   Fri Feb 26 11:37:18 2016

                            u37 1040                             l712 1024                             l718 1054  
   __size_of_Latch_EscreveValor 0014                             wreg 000FE8                            _LATB 000F8A  
                          _main 1018                            prodh 000FF4                            prodl 000FF3  
                          start 0000                    ___param_bank 000010                      _Codigo_Seq 1001  
                         ?_main 0006                           _TRISB 000F93      Display_Inicializacao@Valor 0005  
                         tablat 000FF5                           status 000FD8    __size_of_Latch_Inicializacao 002E  
               __initialization 10C2                    __end_of_main 105A                          ??_main 000B  
                 __activetblptr 000001                          _ANSELA 000F38                          _ANSELB 000F39  
   __size_of_Display_LigaDigito 0012  __size_of_Display_Inicializacao 0014   __end_of_Display_Inicializacao 109C  
                  __mediumconst 0000                          tblptrh 000FF7                          tblptrl 000FF6  
                        tblptru 000FF8                      __accesstop 0060         __end_of__initialization 10C4  
                 ___rparam_used 000001                  __pcstackCOMRAM 0001        Latch_Inicializacao@Valor 0002  
    __end_of_Latch_EscreveValor 10B0             _Latch_Inicializacao 105A            ?_Latch_Inicializacao 0001  
                       __Hparam 0000                         __Lparam 0000                    __psmallconst 1000  
                       __pcinit 10C2                         __ramtop 1000                         __ptext0 1018  
                       __ptext1 1088                         __ptext2 105A                         __ptext3 10B0  
                       __ptext4 109C         Display_LigaDigito@Valor 0003            end_of_initialization 10C4  
         ??_Latch_Inicializacao 0002                       _TRISDbits 000F95      __end_of_Display_LigaDigito 10C2  
            __end_of_Codigo_Seq 1017           _Display_Inicializacao 1088             start_initialization 10C2  
                     _Sequencia 000C                     __pbssCOMRAM 000C              _Latch_EscreveValor 109C  
        ?_Display_Inicializacao 0004             ?_Latch_EscreveValor 0001                     __smallconst 1000  
          ??_Latch_EscreveValor 0001                        _LATDbits 000F8C     Display_Inicializacao@Digito 0004  
   __end_of_Latch_Inicializacao 1088              _Display_LigaDigito 10B0                        __Hrparam 0000  
                      __Lrparam 0000                    __Lsmallconst 1000             ?_Display_LigaDigito 0002  
                    _ANSELDbits 000F3B            ??_Display_LigaDigito 0003        Display_LigaDigito@Digito 0002  
                 __size_of_main 0042                        main@argc 0006                        main@argv 0008  
       Latch_EscreveValor@Valor 0001         ??_Display_Inicializacao 0005  
