

Microchip Technology PIC18 LITE Macro Assembler V1.36 build -262312587 
                                                                                               Wed Aug 31 07:23:30 2016

Microchip Technology Omniscient Code Generator v1.36 (Free mode) build 201601150325
     1                           	processor	18F46K22
     2                           	fnconf	rparam,??,?,0
     3                           	opt	pw 120
     4                           	opt	lm
     5                           	psect	smallconst,global,reloc=2,class=SMALLCONST,delta=1
     6                           	psect	cinit,global,reloc=2,class=CODE,delta=1
     7                           	psect	bssCOMRAM,global,class=COMRAM,space=1,delta=1
     8                           	psect	cstackCOMRAM,global,class=COMRAM,space=1,delta=1
     9                           	psect	text0,global,reloc=2,class=CODE,delta=1
    10                           	psect	text1,global,reloc=2,class=CODE,delta=1
    11                           	psect	text2,global,reloc=2,class=CODE,delta=1
    12                           	psect	text3,global,reloc=2,class=CODE,delta=1
    13                           	psect	text4,global,reloc=2,class=CODE,delta=1
    14                           	psect	text5,global,reloc=2,class=CODE,delta=1
    15                           	psect	text6,global,reloc=2,class=CODE,delta=1
    16                           	psect	intsave_regs,global,class=BIGRAM,space=1,delta=1
    17                           	psect	rparam,global,class=COMRAM,space=1,delta=1
    18  0000                     
    19                           	psect	smallconst
    20  001000                     __psmallconst:
    21                           	opt stack 0
    22  001000  00                 	db	0
    23  001001                     _Codigo7segmentos:
    24                           	opt stack 0
    25  001001  3F                 	db	63
    26  001002  06                 	db	6
    27  001003  5B                 	db	91
    28  001004  4F                 	db	79
    29  001005  66                 	db	102
    30  001006  6D                 	db	109
    31  001007  7D                 	db	125
    32  001008  07                 	db	7
    33  001009  7F                 	db	127
    34  00100A  6F                 	db	111
    35  00100B                     __end_of_Codigo7segmentos:
    36                           	opt stack 0
    37  0000                     _ANSELA	set	3896
    38  0000                     _ANSELB	set	3897
    39  0000                     _ANSELDbits	set	3899
    40  0000                     _LATB	set	3978
    41  0000                     _LATDbits	set	3980
    42  0000                     _OSCCONbits	set	4051
    43  0000                     _OSCTUNEbits	set	3995
    44  0000                     _TRISB	set	3987
    45  0000                     _TRISDbits	set	3989
    46                           
    47                           ; #config settings
    48  00100B  00                 	db	0	; dummy byte at the end
    49  0000                     
    50                           	psect	cinit
    51  0010BC                     __pcinit:
    52                           	opt stack 0
    53  0010BC                     start_initialization:
    54                           	opt stack 0
    55  0010BC                     __initialization:
    56                           	opt stack 0
    57                           
    58                           ; Clear objects allocated to COMRAM (1 bytes)
    59  0010BC  6A04               	clrf	__pbssCOMRAM& (0+255),c
    60  0010BE                     end_of_initialization:
    61                           	opt stack 0
    62  0010BE                     __end_of__initialization:
    63                           	opt stack 0
    64  0010BE  0E00               	movlw	low (__Lsmallconst shr (0+16))
    65  0010C0  6EF8               	movwf	tblptru,c
    66  0010C2  0E10               	movlw	high __Lsmallconst
    67  0010C4  6EF7               	movwf	tblptrh,c
    68  0010C6  0100               	movlb	0
    69  0010C8  EF06  F008         	goto	_main	;jump to C main() function
    70                           tblptru	equ	0xFF8
    71                           tblptrh	equ	0xFF7
    72                           
    73                           	psect	bssCOMRAM
    74  000004                     __pbssCOMRAM:
    75                           	opt stack 0
    76  000004                     _Contador:
    77                           	opt stack 0
    78  000004                     	ds	1
    79                           tblptru	equ	0xFF8
    80                           tblptrh	equ	0xFF7
    81                           
    82                           	psect	cstackCOMRAM
    83  000001                     __pcstackCOMRAM:
    84                           	opt stack 0
    85  000001                     Display_LigaDigito@Caractere:
    86                           	opt stack 0
    87  000001                     Display_ExibeCaractere@Caractere:
    88                           	opt stack 0
    89  000001                     Atrasos_ms@Tempo:
    90                           	opt stack 0
    91                           
    92                           ; 2 bytes @ 0x0
    93  000001                     	ds	1
    94  000002                     Display_LigaDigito@CodigoDoDigito:
    95                           	opt stack 0
    96                           
    97                           ; 1 bytes @ 0x1
    98  000002                     	ds	1
    99  000003                     ??_Atrasos_ms:
   100                           
   101                           ; 1 bytes @ 0x2
   102  000003                     	ds	1
   103  000004                     tblptru	equ	0xFF8
   104                           tblptrh	equ	0xFF7
   105                           
   106                           ; 1 bytes @ 0x3
   107 ;;
   108 ;;Main: autosize = 0, tempsize = 0, incstack = 0, save=0
   109 ;;
   110 ;; *************** function _main *****************
   111 ;; Defined at:
   112 ;;		line 28 in file "App.c"
   113 ;; Parameters:    Size  Location     Type
   114 ;;		None
   115 ;; Auto vars:     Size  Location     Type
   116 ;;		None
   117 ;; Return value:  Size  Location     Type
   118 ;;                  1    wreg      void 
   119 ;; Registers used:
   120 ;;		wreg, status,2, status,0, tblptrl, tblptrh, tblptru, prodl, prodh, cstack
   121 ;; Tracked objects:
   122 ;;		On entry : 0/0
   123 ;;		On exit  : 0/0
   124 ;;		Unchanged: 0/0
   125 ;; Data sizes:     COMRAM   BANK0   BANK1   BANK2   BANK3   BANK4   BANK5   BANK6   BANK7   BANK8   BANK9  BANK10  BANK1
      +1  BANK12  BANK13  BANK14  BANK15
   126 ;;      Params:         0       0       0       0       0       0       0       0       0       0       0       0       
      +0       0       0       0       0
   127 ;;      Locals:         0       0       0       0       0       0       0       0       0       0       0       0       
      +0       0       0       0       0
   128 ;;      Temps:          0       0       0       0       0       0       0       0       0       0       0       0       
      +0       0       0       0       0
   129 ;;      Totals:         0       0       0       0       0       0       0       0       0       0       0       0       
      +0       0       0       0       0
   130 ;;Total ram usage:        0 bytes
   131 ;; Hardware stack levels required when called:    2
   132 ;; This function calls:
   133 ;;		_Atrasos_ms
   134 ;;		_Display_ExibeCaractere
   135 ;;		_Display_Inicializacao
   136 ;;		_Display_LigaDigito
   137 ;;		_Oscilador_Inicializacao
   138 ;;		_Teclado_Inicializacao
   139 ;; This function is called by:
   140 ;;		Startup code after reset
   141 ;; This function uses a non-reentrant model
   142 ;;
   143                           
   144                           	psect	text0
   145  00100C                     __ptext0:
   146                           	opt stack 0
   147  00100C                     _main:
   148                           	opt stack 29
   149                           
   150                           ;App.c: 30: Oscilador_Inicializacao();
   151                           
   152                           ;incstack = 0
   153  00100C  EC66  F008         	call	_Oscilador_Inicializacao	;wreg free
   154                           
   155                           ;App.c: 31: Display_Inicializacao();
   156  001010  EC2B  F008         	call	_Display_Inicializacao	;wreg free
   157                           
   158                           ;App.c: 32: Teclado_Inicializacao();
   159  001014  EC6E  F008         	call	_Teclado_Inicializacao	;wreg free
   160                           
   161                           ;App.c: 33: Display_LigaDigito(0b00100000,0b00000000);
   162  001018  0E00               	movlw	0
   163  00101A  6E01               	movwf	Display_LigaDigito@Caractere,c
   164  00101C  0E20               	movlw	32
   165  00101E  EC52  F008         	call	_Display_LigaDigito
   166  001022  D016               	goto	l754
   167  001024                     l746:
   168                           
   169                           ;App.c: 38: {
   170                           ;App.c: 39: Display_ExibeCaractere(Codigo7segmentos[Contador]);
   171  001024  5004               	movf	_Contador,w,c
   172  001026  0D01               	mullw	1
   173  001028  0E01               	movlw	low _Codigo7segmentos
   174  00102A  24F3               	addwf	prodl,w,c
   175  00102C  6EF6               	movwf	tblptrl,c
   176  00102E  0E10               	movlw	high _Codigo7segmentos
   177  001030  20F4               	addwfc	prodh,w,c
   178  001032  6EF7               	movwf	tblptrh,c
   179  001034                     	if	0	;There are less than 3 active tblptr bytes
   180  001034                     	endif
   181  001034  0008               	tblrd		*
   182  001036  50F5               	movf	tablat,w,c
   183  001038  EC72  F008         	call	_Display_ExibeCaractere
   184                           
   185                           ;App.c: 41: Atrasos_ms(1000);
   186  00103C  0E03               	movlw	3
   187  00103E  6E02               	movwf	Atrasos_ms@Tempo+1,c
   188  001040  0EE8               	movlw	232
   189  001042  6E01               	movwf	Atrasos_ms@Tempo,c
   190  001044  EC40  F008         	call	_Atrasos_ms	;wreg free
   191                           
   192                           ;App.c: 43: Contador--;
   193  001048  0604               	decf	_Contador,f,c
   194                           
   195                           ;App.c: 45: if (Contador == -1) Contador = 9;
   196  00104A  2804               	incf	_Contador,w,c
   197  00104C  A4D8               	btfss	status,2,c
   198  00104E  D7EA               	goto	l746
   199  001050                     l754:
   200  001050  0E09               	movlw	9
   201  001052  6E04               	movwf	_Contador,c
   202  001054  D7E7               	goto	l746
   203  001056                     __end_of_main:
   204                           	opt stack 0
   205                           tblptru	equ	0xFF8
   206                           tblptrh	equ	0xFF7
   207                           tblptrl	equ	0xFF6
   208                           tablat	equ	0xFF5
   209                           prodh	equ	0xFF4
   210                           prodl	equ	0xFF3
   211                           status	equ	0xFD8
   212                           
   213 ;; *************** function _Teclado_Inicializacao *****************
   214 ;; Defined at:
   215 ;;		line 24 in file "Teclado.c"
   216 ;; Parameters:    Size  Location     Type
   217 ;;		None
   218 ;; Auto vars:     Size  Location     Type
   219 ;;		None
   220 ;; Return value:  Size  Location     Type
   221 ;;                  1    wreg      void 
   222 ;; Registers used:
   223 ;;		wreg, status,2
   224 ;; Tracked objects:
   225 ;;		On entry : 0/0
   226 ;;		On exit  : 0/0
   227 ;;		Unchanged: 0/0
   228 ;; Data sizes:     COMRAM   BANK0   BANK1   BANK2   BANK3   BANK4   BANK5   BANK6   BANK7   BANK8   BANK9  BANK10  BANK1
      +1  BANK12  BANK13  BANK14  BANK15
   229 ;;      Params:         0       0       0       0       0       0       0       0       0       0       0       0       
      +0       0       0       0       0
   230 ;;      Locals:         0       0       0       0       0       0       0       0       0       0       0       0       
      +0       0       0       0       0
   231 ;;      Temps:          0       0       0       0       0       0       0       0       0       0       0       0       
      +0       0       0       0       0
   232 ;;      Totals:         0       0       0       0       0       0       0       0       0       0       0       0       
      +0       0       0       0       0
   233 ;;Total ram usage:        0 bytes
   234 ;; Hardware stack levels used:    1
   235 ;; This function calls:
   236 ;;		Nothing
   237 ;; This function is called by:
   238 ;;		_main
   239 ;; This function uses a non-reentrant model
   240 ;;
   241                           
   242                           	psect	text1
   243  0010DC                     __ptext1:
   244                           	opt stack 0
   245  0010DC                     _Teclado_Inicializacao:
   246                           	opt stack 30
   247                           
   248                           ;Teclado.c: 26: ANSELA = 0;
   249                           
   250                           ;incstack = 0
   251  0010DC  0E00               	movlw	0
   252  0010DE  010F               	movlb	15	; () banked
   253  0010E0  6F38               	movwf	56,b	;volatile
   254                           
   255                           ; BSR set to: 15
   256  0010E2  0012               	return		;funcret
   257  0010E4                     __end_of_Teclado_Inicializacao:
   258                           	opt stack 0
   259                           tblptru	equ	0xFF8
   260                           tblptrh	equ	0xFF7
   261                           tblptrl	equ	0xFF6
   262                           tablat	equ	0xFF5
   263                           prodh	equ	0xFF4
   264                           prodl	equ	0xFF3
   265                           status	equ	0xFD8
   266                           
   267 ;; *************** function _Oscilador_Inicializacao *****************
   268 ;; Defined at:
   269 ;;		line 33 in file "Oscilador.c"
   270 ;; Parameters:    Size  Location     Type
   271 ;;		None
   272 ;; Auto vars:     Size  Location     Type
   273 ;;		None
   274 ;; Return value:  Size  Location     Type
   275 ;;                  1    wreg      void 
   276 ;; Registers used:
   277 ;;		wreg, status,2
   278 ;; Tracked objects:
   279 ;;		On entry : 0/0
   280 ;;		On exit  : 0/0
   281 ;;		Unchanged: 0/0
   282 ;; Data sizes:     COMRAM   BANK0   BANK1   BANK2   BANK3   BANK4   BANK5   BANK6   BANK7   BANK8   BANK9  BANK10  BANK1
      +1  BANK12  BANK13  BANK14  BANK15
   283 ;;      Params:         0       0       0       0       0       0       0       0       0       0       0       0       
      +0       0       0       0       0
   284 ;;      Locals:         0       0       0       0       0       0       0       0       0       0       0       0       
      +0       0       0       0       0
   285 ;;      Temps:          0       0       0       0       0       0       0       0       0       0       0       0       
      +0       0       0       0       0
   286 ;;      Totals:         0       0       0       0       0       0       0       0       0       0       0       0       
      +0       0       0       0       0
   287 ;;Total ram usage:        0 bytes
   288 ;; Hardware stack levels used:    1
   289 ;; This function calls:
   290 ;;		Nothing
   291 ;; This function is called by:
   292 ;;		_main
   293 ;; This function uses a non-reentrant model
   294 ;;
   295                           
   296                           	psect	text2
   297  0010CC                     __ptext2:
   298                           	opt stack 0
   299  0010CC                     _Oscilador_Inicializacao:
   300                           	opt stack 30
   301                           
   302                           ;Oscilador.c: 35: OSCCONbits.SCS = 0;
   303                           
   304                           ; BSR set to: 15
   305                           ;incstack = 0
   306  0010CC  0EFC               	movlw	-4
   307  0010CE  16D3               	andwf	4051,f,c	;volatile
   308                           
   309                           ;Oscilador.c: 40: OSCCONbits.IRCF = 6;
   310  0010D0  50D3               	movf	4051,w,c	;volatile
   311  0010D2  0B8F               	andlw	-113
   312  0010D4  0960               	iorlw	96
   313  0010D6  6ED3               	movwf	4051,c	;volatile
   314                           
   315                           ;Oscilador.c: 79: OSCTUNEbits.PLLEN= 1;
   316  0010D8  8C9B               	bsf	3995,6,c	;volatile
   317  0010DA  0012               	return		;funcret
   318  0010DC                     __end_of_Oscilador_Inicializacao:
   319                           	opt stack 0
   320                           tblptru	equ	0xFF8
   321                           tblptrh	equ	0xFF7
   322                           tblptrl	equ	0xFF6
   323                           tablat	equ	0xFF5
   324                           prodh	equ	0xFF4
   325                           prodl	equ	0xFF3
   326                           status	equ	0xFD8
   327                           
   328 ;; *************** function _Display_Inicializacao *****************
   329 ;; Defined at:
   330 ;;		line 29 in file "Display de Leds.c"
   331 ;; Parameters:    Size  Location     Type
   332 ;;		None
   333 ;; Auto vars:     Size  Location     Type
   334 ;;		None
   335 ;; Return value:  Size  Location     Type
   336 ;;                  1    wreg      void 
   337 ;; Registers used:
   338 ;;		wreg, status,2, cstack
   339 ;; Tracked objects:
   340 ;;		On entry : 0/0
   341 ;;		On exit  : 0/0
   342 ;;		Unchanged: 0/0
   343 ;; Data sizes:     COMRAM   BANK0   BANK1   BANK2   BANK3   BANK4   BANK5   BANK6   BANK7   BANK8   BANK9  BANK10  BANK1
      +1  BANK12  BANK13  BANK14  BANK15
   344 ;;      Params:         0       0       0       0       0       0       0       0       0       0       0       0       
      +0       0       0       0       0
   345 ;;      Locals:         0       0       0       0       0       0       0       0       0       0       0       0       
      +0       0       0       0       0
   346 ;;      Temps:          0       0       0       0       0       0       0       0       0       0       0       0       
      +0       0       0       0       0
   347 ;;      Totals:         0       0       0       0       0       0       0       0       0       0       0       0       
      +0       0       0       0       0
   348 ;;Total ram usage:        0 bytes
   349 ;; Hardware stack levels used:    1
   350 ;; Hardware stack levels required when called:    1
   351 ;; This function calls:
   352 ;;		_Display_LigaDigito
   353 ;; This function is called by:
   354 ;;		_main
   355 ;; This function uses a non-reentrant model
   356 ;;
   357                           
   358                           	psect	text3
   359  001056                     __ptext3:
   360                           	opt stack 0
   361  001056                     _Display_Inicializacao:
   362                           	opt stack 29
   363                           
   364                           ;Display de Leds.c: 32: ANSELDbits.ANSD3 = 0;
   365                           
   366                           ;incstack = 0
   367  001056  010F               	movlb	15	; () banked
   368  001058  973B               	bcf	59,3,b	;volatile
   369                           
   370                           ;Display de Leds.c: 33: LATDbits.LATD3 = 1;
   371  00105A  868C               	bsf	3980,3,c	;volatile
   372                           
   373                           ;Display de Leds.c: 34: TRISDbits.TRISD3 = 0;
   374  00105C  9695               	bcf	3989,3,c	;volatile
   375                           
   376                           ;Display de Leds.c: 37: ANSELDbits.ANSD2 = 0;
   377  00105E  010F               	movlb	15	; () banked
   378  001060  953B               	bcf	59,2,b	;volatile
   379                           
   380                           ;Display de Leds.c: 38: LATDbits.LATD2 = 0;
   381  001062  948C               	bcf	3980,2,c	;volatile
   382                           
   383                           ;Display de Leds.c: 39: TRISDbits.TRISD2 = 0;
   384  001064  9495               	bcf	3989,2,c	;volatile
   385                           
   386                           ; BSR set to: 15
   387                           ;Display de Leds.c: 42: ANSELB = 0;
   388  001066  0E00               	movlw	0
   389  001068  010F               	movlb	15	; () banked
   390  00106A  6F39               	movwf	57,b	;volatile
   391                           
   392                           ;Display de Leds.c: 43: LATB = 0;
   393  00106C  0E00               	movlw	0
   394  00106E  6E8A               	movwf	3978,c	;volatile
   395                           
   396                           ;Display de Leds.c: 44: TRISB = 0;
   397  001070  0E00               	movlw	0
   398  001072  6E93               	movwf	3987,c	;volatile
   399                           
   400                           ; BSR set to: 15
   401                           ;Display de Leds.c: 47: Display_LigaDigito (0,0);
   402  001074  0E00               	movlw	0
   403  001076  6E01               	movwf	Display_LigaDigito@Caractere,c
   404  001078  0E00               	movlw	0
   405  00107A  EC52  F008         	call	_Display_LigaDigito
   406  00107E  0012               	return		;funcret
   407  001080                     __end_of_Display_Inicializacao:
   408                           	opt stack 0
   409                           tblptru	equ	0xFF8
   410                           tblptrh	equ	0xFF7
   411                           tblptrl	equ	0xFF6
   412                           tablat	equ	0xFF5
   413                           prodh	equ	0xFF4
   414                           prodl	equ	0xFF3
   415                           status	equ	0xFD8
   416                           
   417 ;; *************** function _Display_LigaDigito *****************
   418 ;; Defined at:
   419 ;;		line 61 in file "Display de Leds.c"
   420 ;; Parameters:    Size  Location     Type
   421 ;;  CodigoDoDigi    1    wreg     unsigned char 
   422 ;;  Caractere       1    0[COMRAM] unsigned char 
   423 ;; Auto vars:     Size  Location     Type
   424 ;;  CodigoDoDigi    1    1[COMRAM] unsigned char 
   425 ;; Return value:  Size  Location     Type
   426 ;;                  1    wreg      void 
   427 ;; Registers used:
   428 ;;		wreg
   429 ;; Tracked objects:
   430 ;;		On entry : 0/0
   431 ;;		On exit  : 0/0
   432 ;;		Unchanged: 0/0
   433 ;; Data sizes:     COMRAM   BANK0   BANK1   BANK2   BANK3   BANK4   BANK5   BANK6   BANK7   BANK8   BANK9  BANK10  BANK1
      +1  BANK12  BANK13  BANK14  BANK15
   434 ;;      Params:         1       0       0       0       0       0       0       0       0       0       0       0       
      +0       0       0       0       0
   435 ;;      Locals:         1       0       0       0       0       0       0       0       0       0       0       0       
      +0       0       0       0       0
   436 ;;      Temps:          0       0       0       0       0       0       0       0       0       0       0       0       
      +0       0       0       0       0
   437 ;;      Totals:         2       0       0       0       0       0       0       0       0       0       0       0       
      +0       0       0       0       0
   438 ;;Total ram usage:        2 bytes
   439 ;; Hardware stack levels used:    1
   440 ;; This function calls:
   441 ;;		Nothing
   442 ;; This function is called by:
   443 ;;		_main
   444 ;;		_Display_Inicializacao
   445 ;; This function uses a non-reentrant model
   446 ;;
   447                           
   448                           	psect	text4
   449  0010A4                     __ptext4:
   450                           	opt stack 0
   451  0010A4                     _Display_LigaDigito:
   452                           	opt stack 30
   453                           
   454                           ;incstack = 0
   455                           ;Display_LigaDigito@CodigoDoDigito stored from wreg
   456  0010A4  6E02               	movwf	Display_LigaDigito@CodigoDoDigito,c
   457                           
   458                           ;Display de Leds.c: 63: LATDbits.LATD3 = 1;
   459  0010A6  868C               	bsf	3980,3,c	;volatile
   460                           
   461                           ;Display de Leds.c: 65: LATB = CodigoDoDigito;
   462  0010A8  C002  FF8A         	movff	Display_LigaDigito@CodigoDoDigito,3978	;volatile
   463                           
   464                           ;Display de Leds.c: 66: LATDbits.LATD2 = 1;
   465  0010AC  848C               	bsf	3980,2,c	;volatile
   466                           
   467                           ;Display de Leds.c: 67: __nop();
   468  0010AE  F000               	nop	
   469                           
   470                           ;Display de Leds.c: 68: __nop();
   471  0010B0  F000               	nop	
   472                           
   473                           ;Display de Leds.c: 69: LATDbits.LATD2 = 0;
   474  0010B2  948C               	bcf	3980,2,c	;volatile
   475                           
   476                           ;Display de Leds.c: 71: LATB = Caractere;
   477  0010B4  C001  FF8A         	movff	Display_LigaDigito@Caractere,3978	;volatile
   478                           
   479                           ;Display de Leds.c: 72: LATDbits.LATD3 = 0;
   480  0010B8  968C               	bcf	3980,3,c	;volatile
   481  0010BA  0012               	return		;funcret
   482  0010BC                     __end_of_Display_LigaDigito:
   483                           	opt stack 0
   484                           tblptru	equ	0xFF8
   485                           tblptrh	equ	0xFF7
   486                           tblptrl	equ	0xFF6
   487                           tablat	equ	0xFF5
   488                           prodh	equ	0xFF4
   489                           prodl	equ	0xFF3
   490                           status	equ	0xFD8
   491                           
   492 ;; *************** function _Display_ExibeCaractere *****************
   493 ;; Defined at:
   494 ;;		line 80 in file "Display de Leds.c"
   495 ;; Parameters:    Size  Location     Type
   496 ;;  Caractere       1    wreg     unsigned char 
   497 ;; Auto vars:     Size  Location     Type
   498 ;;  Caractere       1    0[COMRAM] unsigned char 
   499 ;; Return value:  Size  Location     Type
   500 ;;                  1    wreg      void 
   501 ;; Registers used:
   502 ;;		wreg
   503 ;; Tracked objects:
   504 ;;		On entry : 0/0
   505 ;;		On exit  : 0/0
   506 ;;		Unchanged: 0/0
   507 ;; Data sizes:     COMRAM   BANK0   BANK1   BANK2   BANK3   BANK4   BANK5   BANK6   BANK7   BANK8   BANK9  BANK10  BANK1
      +1  BANK12  BANK13  BANK14  BANK15
   508 ;;      Params:         0       0       0       0       0       0       0       0       0       0       0       0       
      +0       0       0       0       0
   509 ;;      Locals:         1       0       0       0       0       0       0       0       0       0       0       0       
      +0       0       0       0       0
   510 ;;      Temps:          0       0       0       0       0       0       0       0       0       0       0       0       
      +0       0       0       0       0
   511 ;;      Totals:         1       0       0       0       0       0       0       0       0       0       0       0       
      +0       0       0       0       0
   512 ;;Total ram usage:        1 bytes
   513 ;; Hardware stack levels used:    1
   514 ;; This function calls:
   515 ;;		Nothing
   516 ;; This function is called by:
   517 ;;		_main
   518 ;; This function uses a non-reentrant model
   519 ;;
   520                           
   521                           	psect	text5
   522  0010E4                     __ptext5:
   523                           	opt stack 0
   524  0010E4                     _Display_ExibeCaractere:
   525                           	opt stack 30
   526                           
   527                           ;incstack = 0
   528                           ;Display_ExibeCaractere@Caractere stored from wreg
   529  0010E4  6E01               	movwf	Display_ExibeCaractere@Caractere,c
   530                           
   531                           ;Display de Leds.c: 82: LATB = Caractere;
   532  0010E6  C001  FF8A         	movff	Display_ExibeCaractere@Caractere,3978	;volatile
   533  0010EA  0012               	return		;funcret
   534  0010EC                     __end_of_Display_ExibeCaractere:
   535                           	opt stack 0
   536                           tblptru	equ	0xFF8
   537                           tblptrh	equ	0xFF7
   538                           tblptrl	equ	0xFF6
   539                           tablat	equ	0xFF5
   540                           prodh	equ	0xFF4
   541                           prodl	equ	0xFF3
   542                           status	equ	0xFD8
   543                           
   544 ;; *************** function _Atrasos_ms *****************
   545 ;; Defined at:
   546 ;;		line 20 in file "App.c"
   547 ;; Parameters:    Size  Location     Type
   548 ;;  Tempo           2    0[COMRAM] unsigned int 
   549 ;; Auto vars:     Size  Location     Type
   550 ;;		None
   551 ;; Return value:  Size  Location     Type
   552 ;;                  1    wreg      void 
   553 ;; Registers used:
   554 ;;		wreg, status,2, status,0
   555 ;; Tracked objects:
   556 ;;		On entry : 0/0
   557 ;;		On exit  : 0/0
   558 ;;		Unchanged: 0/0
   559 ;; Data sizes:     COMRAM   BANK0   BANK1   BANK2   BANK3   BANK4   BANK5   BANK6   BANK7   BANK8   BANK9  BANK10  BANK1
      +1  BANK12  BANK13  BANK14  BANK15
   560 ;;      Params:         2       0       0       0       0       0       0       0       0       0       0       0       
      +0       0       0       0       0
   561 ;;      Locals:         0       0       0       0       0       0       0       0       0       0       0       0       
      +0       0       0       0       0
   562 ;;      Temps:          1       0       0       0       0       0       0       0       0       0       0       0       
      +0       0       0       0       0
   563 ;;      Totals:         3       0       0       0       0       0       0       0       0       0       0       0       
      +0       0       0       0       0
   564 ;;Total ram usage:        3 bytes
   565 ;; Hardware stack levels used:    1
   566 ;; This function calls:
   567 ;;		Nothing
   568 ;; This function is called by:
   569 ;;		_main
   570 ;; This function uses a non-reentrant model
   571 ;;
   572                           
   573                           	psect	text6
   574  001080                     __ptext6:
   575                           	opt stack 0
   576  001080                     _Atrasos_ms:
   577                           	opt stack 30
   578                           
   579                           ;App.c: 22: while (Tempo-- > 0)
   580                           
   581                           ;incstack = 0
   582  001080  D008               	goto	l734
   583  001082                     l732:
   584                           
   585                           ;App.c: 23: {
   586                           ;App.c: 24: _delay((unsigned long)((1)*((8000000 * 4)/4000.0)));
   587  001082  0E0B               	movlw	11
   588  001084  6E03               	movwf	??_Atrasos_ms& (0+255),c
   589  001086  0E62               	movlw	98
   590  001088                     u57:
   591  001088  2EE8               	decfsz	wreg,f,c
   592  00108A  D7FE               	goto	u57
   593  00108C  2E03               	decfsz	??_Atrasos_ms& (0+255),f,c
   594  00108E  D7FC               	goto	u57
   595  001090  D000               	nop2	
   596  001092                     l734:
   597  001092  0601               	decf	Atrasos_ms@Tempo,f,c
   598  001094  A0D8               	btfss	status,0,c
   599  001096  0602               	decf	Atrasos_ms@Tempo+1,f,c
   600  001098  2801               	incf	Atrasos_ms@Tempo,w,c
   601  00109A  E1F3               	bnz	l732
   602  00109C  2802               	incf	Atrasos_ms@Tempo+1,w,c
   603  00109E  B4D8               	btfsc	status,2,c
   604  0010A0  0012               	return	
   605  0010A2  D7EF               	goto	l732
   606  0010A4                     __end_of_Atrasos_ms:
   607                           	opt stack 0
   608                           tblptru	equ	0xFF8
   609                           tblptrh	equ	0xFF7
   610                           tblptrl	equ	0xFF6
   611                           tablat	equ	0xFF5
   612                           prodh	equ	0xFF4
   613                           prodl	equ	0xFF3
   614                           wreg	equ	0xFE8
   615                           status	equ	0xFD8
   616                           tblptru	equ	0xFF8
   617                           tblptrh	equ	0xFF7
   618                           tblptrl	equ	0xFF6
   619                           tablat	equ	0xFF5
   620                           prodh	equ	0xFF4
   621                           prodl	equ	0xFF3
   622                           wreg	equ	0xFE8
   623                           status	equ	0xFD8
   624                           
   625                           	psect	rparam
   626  0000                     tblptru	equ	0xFF8
   627                           tblptrh	equ	0xFF7
   628                           tblptrl	equ	0xFF6
   629                           tablat	equ	0xFF5
   630                           prodh	equ	0xFF4
   631                           prodl	equ	0xFF3
   632                           wreg	equ	0xFE8
   633                           status	equ	0xFD8


Data Sizes:
    Strings     0
    Constant    10
    Data        0
    BSS         1
    Persistent  0
    Stack       0

Auto Spaces:
    Space          Size  Autos    Used
    COMRAM           95      3       4
    BANK0           160      0       0
    BANK1           256      0       0
    BANK2           256      0       0
    BANK3           256      0       0
    BANK4           256      0       0
    BANK5           256      0       0
    BANK6           256      0       0
    BANK7           256      0       0
    BANK8           256      0       0
    BANK9           256      0       0
    BANK10          256      0       0
    BANK11          256      0       0
    BANK12          256      0       0
    BANK13          256      0       0
    BANK14          256      0       0
    BANK15           56      0       0

Pointer List with Targets:

    None.

Critical Paths under _main in COMRAM

    _main->_Atrasos_ms
    _Display_Inicializacao->_Display_LigaDigito

Critical Paths under _main in BANK0

    None.

Critical Paths under _main in BANK1

    None.

Critical Paths under _main in BANK2

    None.

Critical Paths under _main in BANK3

    None.

Critical Paths under _main in BANK4

    None.

Critical Paths under _main in BANK5

    None.

Critical Paths under _main in BANK6

    None.

Critical Paths under _main in BANK7

    None.

Critical Paths under _main in BANK8

    None.

Critical Paths under _main in BANK9

    None.

Critical Paths under _main in BANK10

    None.

Critical Paths under _main in BANK11

    None.

Critical Paths under _main in BANK12

    None.

Critical Paths under _main in BANK13

    None.

Critical Paths under _main in BANK14

    None.

Critical Paths under _main in BANK15

    None.

Call Graph Tables:

 ---------------------------------------------------------------------------------
 (Depth) Function   	        Calls       Base Space   Used Autos Params    Refs
 ---------------------------------------------------------------------------------
 (0) _main                                                 0     0      0     340
                         _Atrasos_ms
             _Display_ExibeCaractere
              _Display_Inicializacao
                 _Display_LigaDigito
            _Oscilador_Inicializacao
              _Teclado_Inicializacao
 ---------------------------------------------------------------------------------
 (1) _Teclado_Inicializacao                                0     0      0       0
 ---------------------------------------------------------------------------------
 (1) _Oscilador_Inicializacao                              0     0      0       0
 ---------------------------------------------------------------------------------
 (1) _Display_Inicializacao                                0     0      0     130
                 _Display_LigaDigito
 ---------------------------------------------------------------------------------
 (1) _Display_LigaDigito                                   2     1      1     130
                                              0 COMRAM     2     1      1
 ---------------------------------------------------------------------------------
 (1) _Display_ExibeCaractere                               1     1      0      15
                                              0 COMRAM     1     1      0
 ---------------------------------------------------------------------------------
 (1) _Atrasos_ms                                           3     1      2      65
                                              0 COMRAM     3     1      2
 ---------------------------------------------------------------------------------
 Estimated maximum stack depth 1
 ---------------------------------------------------------------------------------

 Call Graph Graphs:

 _main (ROOT)
   _Atrasos_ms
   _Display_ExibeCaractere
   _Display_Inicializacao
     _Display_LigaDigito
   _Display_LigaDigito
   _Oscilador_Inicializacao
   _Teclado_Inicializacao

 Address spaces:
Name               Size   Autos  Total    Cost      Usage
BIGRAM             F37      0       0      37        0.0%
EEDATA             400      0       0       0        0.0%
BITBANK14          100      0       0      33        0.0%
BANK14             100      0       0      34        0.0%
BITBANK13          100      0       0      31        0.0%
BANK13             100      0       0      32        0.0%
BITBANK12          100      0       0      29        0.0%
BANK12             100      0       0      30        0.0%
BITBANK11          100      0       0      27        0.0%
BANK11             100      0       0      28        0.0%
BITBANK10          100      0       0      25        0.0%
BANK10             100      0       0      26        0.0%
BITBANK9           100      0       0      23        0.0%
BANK9              100      0       0      24        0.0%
BITBANK8           100      0       0      21        0.0%
BANK8              100      0       0      22        0.0%
BITBANK7           100      0       0      19        0.0%
BANK7              100      0       0      20        0.0%
BITBANK6           100      0       0      17        0.0%
BANK6              100      0       0      18        0.0%
BITBANK5           100      0       0      15        0.0%
BANK5              100      0       0      16        0.0%
BITBANK4           100      0       0      13        0.0%
BANK4              100      0       0      14        0.0%
BITBANK3           100      0       0      10        0.0%
BANK3              100      0       0      11        0.0%
BITBANK2           100      0       0       8        0.0%
BANK2              100      0       0       9        0.0%
BITBANK1           100      0       0       6        0.0%
BANK1              100      0       0       7        0.0%
BITBANK0            A0      0       0       4        0.0%
BANK0               A0      0       0       5        0.0%
BITCOMRAM           5F      0       0       0        0.0%
COMRAM              5F      3       4       1        4.2%
BITBANK15           38      0       0      35        0.0%
BANK15              38      0       0      36        0.0%
BITSFR_1             0      0       0      40        0.0%
SFR_1                0      0       0      40        0.0%
BITSFR               0      0       0      40        0.0%
SFR                  0      0       0      40        0.0%
STACK                0      0       0       2        0.0%
NULL                 0      0       0       0        0.0%
ABS                  0      0       4      12        0.0%
DATA                 0      0       4       3        0.0%
CODE                 0      0       0       0        0.0%


Microchip Technology PIC18 Macro Assembler V1.36 build -262312587 
Symbol Table                                                                                   Wed Aug 31 07:23:30 2016

                              u57 1088                               l732 1082  
                             l734 1092                               l754 1050  
                             l746 1024                               wreg 000FE8  
                            _LATB 000F8A                              _main 100C  
                            prodh 000FF4                              prodl 000FF3  
                            start 0000                     __CFG_IESO$OFF 000000  
                    ___param_bank 000010                             ?_main 0001  
                           _TRISB 000F93                    __CFG_FCMEN$OFF 000000  
                      _Atrasos_ms 1080                             tablat 000FF5  
                           status 000FD8          ?_Oscilador_Inicializacao 0001  
                 __initialization 10BC                      __end_of_main 1056  
                          ??_main 0004                     __activetblptr 000001  
                          _ANSELA 000F38                            _ANSELB 000F39  
     __size_of_Display_LigaDigito 0018    __size_of_Display_Inicializacao 002A  
   __end_of_Display_Inicializacao 1080             _Teclado_Inicializacao 10DC  
                 Atrasos_ms@Tempo 0001                      __mediumconst 0000  
                          tblptrh 000FF7                            tblptrl 000FF6  
                          tblptru 000FF8           ?_Display_ExibeCaractere 0001  
                     ?_Atrasos_ms 0001                        __accesstop 0060  
         __end_of__initialization 10BE   __end_of_Oscilador_Inicializacao 10DC  
                   ___rparam_used 000001                    __pcstackCOMRAM 0001  
  __end_of_Display_ExibeCaractere 10EC            ?_Teclado_Inicializacao 0001  
             __size_of_Atrasos_ms 0024                           __Hparam 0000  
                         __Lparam 0000                      __psmallconst 1000  
                         __pcinit 10BC                           __ramtop 1000  
                         __ptext0 100C                           __ptext1 10DC  
                         __ptext2 10CC                           __ptext3 1056  
                         __ptext4 10A4                           __ptext5 10E4  
                         __ptext6 1080  __size_of_Oscilador_Inicializacao 0010  
            end_of_initialization 10BE  Display_LigaDigito@CodigoDoDigito 0002  
                       _TRISDbits 000F95        __end_of_Display_LigaDigito 10BC  
                    ??_Atrasos_ms 0003             _Display_Inicializacao 1056  
              __end_of_Atrasos_ms 10A4               start_initialization 10BC  
         ??_Teclado_Inicializacao 0001           _Oscilador_Inicializacao 10CC  
                     __pbssCOMRAM 0004            ?_Display_Inicializacao 0001  
                _Codigo7segmentos 1001                       __smallconst 1000  
     Display_LigaDigito@Caractere 0001                          _LATDbits 000F8C  
        ??_Display_ExibeCaractere 0001         ??_Oscilador_Inicializacao 0001  
 Display_ExibeCaractere@Caractere 0001                          _Contador 0004  
              _Display_LigaDigito 10A4                          __Hrparam 0000  
                        __Lrparam 0000                      __Lsmallconst 1000  
             ?_Display_LigaDigito 0001                        _ANSELDbits 000F3B  
            ??_Display_LigaDigito 0002    __size_of_Teclado_Inicializacao 0008  
   __end_of_Teclado_Inicializacao 10E4                     __size_of_main 004A  
 __size_of_Display_ExibeCaractere 0008                       _OSCTUNEbits 000F9B  
         ??_Display_Inicializacao 0003          __end_of_Codigo7segmentos 100B  
                      _OSCCONbits 000FD3            _Display_ExibeCaractere 10E4  
               __CFG_FOSC$INTIO67 000000  
