

Microchip Technology PIC18 LITE Macro Assembler V1.36 build -262312587 
                                                                                               Wed Aug 24 12:16:18 2016

Microchip Technology Omniscient Code Generator v1.36 (Free mode) build 201601150325
     1                           	processor	18F46K22
     2                           	fnconf	rparam,??,?,0
     3                           	opt	pw 120
     4                           	opt	lm
     5                           	psect	smallconst,global,reloc=2,class=SMALLCONST,delta=1
     6                           	psect	cinit,global,reloc=2,class=CODE,delta=1
     7                           	psect	bssCOMRAM,global,class=COMRAM,space=1,delta=1
     8                           	psect	cstackCOMRAM,global,class=COMRAM,space=1,delta=1
     9                           	psect	text0,global,reloc=2,class=CODE,delta=1
    10                           	psect	text1,global,reloc=2,class=CODE,delta=1
    11                           	psect	text2,global,reloc=2,class=CODE,delta=1
    12                           	psect	text3,global,reloc=2,class=CODE,delta=1
    13                           	psect	text4,global,reloc=2,class=CODE,delta=1
    14                           	psect	text5,global,reloc=2,class=CODE,delta=1
    15                           	psect	text6,global,reloc=2,class=CODE,delta=1
    16                           	psect	intsave_regs,global,class=BIGRAM,space=1,delta=1
    17                           	psect	rparam,global,class=COMRAM,space=1,delta=1
    18  0000                     
    19                           	psect	smallconst
    20  001000                     __psmallconst:
    21                           	opt stack 0
    22  001000  00                 	db	0
    23  001001                     _Codigo7segmentos:
    24                           	opt stack 0
    25  001001  3F                 	db	63
    26  001002  06                 	db	6
    27  001003  5B                 	db	91
    28  001004  4F                 	db	79
    29  001005  66                 	db	102
    30  001006  6D                 	db	109
    31  001007  7D                 	db	125
    32  001008  07                 	db	7
    33  001009  7F                 	db	127
    34  00100A  6F                 	db	111
    35  00100B                     __end_of_Codigo7segmentos:
    36                           	opt stack 0
    37  0000                     _ANSELA	set	3896
    38  0000                     _ANSELB	set	3897
    39  0000                     _ANSELDbits	set	3899
    40  0000                     _LATB	set	3978
    41  0000                     _LATDbits	set	3980
    42  0000                     _OSCCONbits	set	4051
    43  0000                     _OSCTUNEbits	set	3995
    44  0000                     _TRISB	set	3987
    45  0000                     _TRISDbits	set	3989
    46                           
    47                           ; #config settings
    48  00100B  00                 	db	0	; dummy byte at the end
    49  0000                     
    50                           	psect	cinit
    51  0010BE                     __pcinit:
    52                           	opt stack 0
    53  0010BE                     start_initialization:
    54                           	opt stack 0
    55  0010BE                     __initialization:
    56                           	opt stack 0
    57                           
    58                           ; Clear objects allocated to COMRAM (1 bytes)
    59  0010BE  6A04               	clrf	__pbssCOMRAM& (0+255),c
    60  0010C0                     end_of_initialization:
    61                           	opt stack 0
    62  0010C0                     __end_of__initialization:
    63                           	opt stack 0
    64  0010C0  0E00               	movlw	low (__Lsmallconst shr (0+16))
    65  0010C2  6EF8               	movwf	tblptru,c
    66  0010C4  0E10               	movlw	high __Lsmallconst
    67  0010C6  6EF7               	movwf	tblptrh,c
    68  0010C8  0100               	movlb	0
    69  0010CA  EF06  F008         	goto	_main	;jump to C main() function
    70                           tblptru	equ	0xFF8
    71                           tblptrh	equ	0xFF7
    72                           
    73                           	psect	bssCOMRAM
    74  000004                     __pbssCOMRAM:
    75                           	opt stack 0
    76  000004                     _Contador:
    77                           	opt stack 0
    78  000004                     	ds	1
    79                           tblptru	equ	0xFF8
    80                           tblptrh	equ	0xFF7
    81                           
    82                           	psect	cstackCOMRAM
    83  000001                     __pcstackCOMRAM:
    84                           	opt stack 0
    85  000001                     Display_LigaDigito@Caractere:
    86                           	opt stack 0
    87  000001                     Display_ExibeCaractere@Caractere:
    88                           	opt stack 0
    89  000001                     Atrasos_ms@Tempo:
    90                           	opt stack 0
    91                           
    92                           ; 2 bytes @ 0x0
    93  000001                     	ds	1
    94  000002                     Display_LigaDigito@CodigoDoDigito:
    95                           	opt stack 0
    96                           
    97                           ; 1 bytes @ 0x1
    98  000002                     	ds	1
    99  000003                     ??_Atrasos_ms:
   100                           
   101                           ; 1 bytes @ 0x2
   102  000003                     	ds	1
   103  000004                     tblptru	equ	0xFF8
   104                           tblptrh	equ	0xFF7
   105                           
   106                           ; 1 bytes @ 0x3
   107 ;;
   108 ;;Main: autosize = 0, tempsize = 0, incstack = 0, save=0
   109 ;;
   110 ;; *************** function _main *****************
   111 ;; Defined at:
   112 ;;		line 28 in file "App.c"
   113 ;; Parameters:    Size  Location     Type
   114 ;;		None
   115 ;; Auto vars:     Size  Location     Type
   116 ;;		None
   117 ;; Return value:  Size  Location     Type
   118 ;;                  1    wreg      void 
   119 ;; Registers used:
   120 ;;		wreg, status,2, status,0, tblptrl, tblptrh, tblptru, prodl, prodh, cstack
   121 ;; Tracked objects:
   122 ;;		On entry : 0/0
   123 ;;		On exit  : 0/0
   124 ;;		Unchanged: 0/0
   125 ;; Data sizes:     COMRAM   BANK0   BANK1   BANK2   BANK3   BANK4   BANK5   BANK6   BANK7   BANK8   BANK9  BANK10  BANK1
      +1  BANK12  BANK13  BANK14  BANK15
   126 ;;      Params:         0       0       0       0       0       0       0       0       0       0       0       0       
      +0       0       0       0       0
   127 ;;      Locals:         0       0       0       0       0       0       0       0       0       0       0       0       
      +0       0       0       0       0
   128 ;;      Temps:          0       0       0       0       0       0       0       0       0       0       0       0       
      +0       0       0       0       0
   129 ;;      Totals:         0       0       0       0       0       0       0       0       0       0       0       0       
      +0       0       0       0       0
   130 ;;Total ram usage:        0 bytes
   131 ;; Hardware stack levels required when called:    2
   132 ;; This function calls:
   133 ;;		_Atrasos_ms
   134 ;;		_Display_ExibeCaractere
   135 ;;		_Display_Inicializacao
   136 ;;		_Display_LigaDigito
   137 ;;		_Oscilador_Inicializacao
   138 ;;		_Teclado_Inicializacao
   139 ;; This function is called by:
   140 ;;		Startup code after reset
   141 ;; This function uses a non-reentrant model
   142 ;;
   143                           
   144                           	psect	text0
   145  00100C                     __ptext0:
   146                           	opt stack 0
   147  00100C                     _main:
   148                           	opt stack 29
   149                           
   150                           ;App.c: 30: Oscilador_Inicializacao();
   151                           
   152                           ;incstack = 0
   153  00100C  EC67  F008         	call	_Oscilador_Inicializacao	;wreg free
   154                           
   155                           ;App.c: 31: Display_Inicializacao();
   156  001010  EC2C  F008         	call	_Display_Inicializacao	;wreg free
   157                           
   158                           ;App.c: 32: Teclado_Inicializacao();
   159  001014  EC6F  F008         	call	_Teclado_Inicializacao	;wreg free
   160                           
   161                           ;App.c: 33: Display_LigaDigito(0b00100000,0b00000000);
   162  001018  0E00               	movlw	0
   163  00101A  6E01               	movwf	Display_LigaDigito@Caractere,c
   164  00101C  0E20               	movlw	32
   165  00101E  EC53  F008         	call	_Display_LigaDigito
   166  001022  D017               	goto	l754
   167  001024                     l746:
   168                           
   169                           ;App.c: 38: {
   170                           ;App.c: 39: Display_ExibeCaractere(Codigo7segmentos[Contador]);
   171  001024  5004               	movf	_Contador,w,c
   172  001026  0D01               	mullw	1
   173  001028  0E01               	movlw	low _Codigo7segmentos
   174  00102A  24F3               	addwf	prodl,w,c
   175  00102C  6EF6               	movwf	tblptrl,c
   176  00102E  0E10               	movlw	high _Codigo7segmentos
   177  001030  20F4               	addwfc	prodh,w,c
   178  001032  6EF7               	movwf	tblptrh,c
   179  001034                     	if	0	;There are less than 3 active tblptr bytes
   180  001034                     	endif
   181  001034  0008               	tblrd		*
   182  001036  50F5               	movf	tablat,w,c
   183  001038  EC73  F008         	call	_Display_ExibeCaractere
   184                           
   185                           ;App.c: 41: Atrasos_ms(1000);
   186  00103C  0E03               	movlw	3
   187  00103E  6E02               	movwf	Atrasos_ms@Tempo+1,c
   188  001040  0EE8               	movlw	232
   189  001042  6E01               	movwf	Atrasos_ms@Tempo,c
   190  001044  EC41  F008         	call	_Atrasos_ms	;wreg free
   191                           
   192                           ;App.c: 43: Contador++;
   193  001048  2A04               	incf	_Contador,f,c
   194                           
   195                           ;App.c: 45: if (Contador == 10) Contador = 0;
   196  00104A  0E0A               	movlw	10
   197  00104C  1804               	xorwf	_Contador,w,c
   198  00104E  A4D8               	btfss	status,2,c
   199  001050  D7E9               	goto	l746
   200  001052                     l754:
   201  001052  0E00               	movlw	0
   202  001054  6E04               	movwf	_Contador,c
   203  001056  D7E6               	goto	l746
   204  001058                     __end_of_main:
   205                           	opt stack 0
   206                           tblptru	equ	0xFF8
   207                           tblptrh	equ	0xFF7
   208                           tblptrl	equ	0xFF6
   209                           tablat	equ	0xFF5
   210                           prodh	equ	0xFF4
   211                           prodl	equ	0xFF3
   212                           status	equ	0xFD8
   213                           
   214 ;; *************** function _Teclado_Inicializacao *****************
   215 ;; Defined at:
   216 ;;		line 24 in file "Teclado.c"
   217 ;; Parameters:    Size  Location     Type
   218 ;;		None
   219 ;; Auto vars:     Size  Location     Type
   220 ;;		None
   221 ;; Return value:  Size  Location     Type
   222 ;;                  1    wreg      void 
   223 ;; Registers used:
   224 ;;		wreg, status,2
   225 ;; Tracked objects:
   226 ;;		On entry : 0/0
   227 ;;		On exit  : 0/0
   228 ;;		Unchanged: 0/0
   229 ;; Data sizes:     COMRAM   BANK0   BANK1   BANK2   BANK3   BANK4   BANK5   BANK6   BANK7   BANK8   BANK9  BANK10  BANK1
      +1  BANK12  BANK13  BANK14  BANK15
   230 ;;      Params:         0       0       0       0       0       0       0       0       0       0       0       0       
      +0       0       0       0       0
   231 ;;      Locals:         0       0       0       0       0       0       0       0       0       0       0       0       
      +0       0       0       0       0
   232 ;;      Temps:          0       0       0       0       0       0       0       0       0       0       0       0       
      +0       0       0       0       0
   233 ;;      Totals:         0       0       0       0       0       0       0       0       0       0       0       0       
      +0       0       0       0       0
   234 ;;Total ram usage:        0 bytes
   235 ;; Hardware stack levels used:    1
   236 ;; This function calls:
   237 ;;		Nothing
   238 ;; This function is called by:
   239 ;;		_main
   240 ;; This function uses a non-reentrant model
   241 ;;
   242                           
   243                           	psect	text1
   244  0010DE                     __ptext1:
   245                           	opt stack 0
   246  0010DE                     _Teclado_Inicializacao:
   247                           	opt stack 30
   248                           
   249                           ;Teclado.c: 26: ANSELA = 0;
   250                           
   251                           ;incstack = 0
   252  0010DE  0E00               	movlw	0
   253  0010E0  010F               	movlb	15	; () banked
   254  0010E2  6F38               	movwf	56,b	;volatile
   255                           
   256                           ; BSR set to: 15
   257  0010E4  0012               	return		;funcret
   258  0010E6                     __end_of_Teclado_Inicializacao:
   259                           	opt stack 0
   260                           tblptru	equ	0xFF8
   261                           tblptrh	equ	0xFF7
   262                           tblptrl	equ	0xFF6
   263                           tablat	equ	0xFF5
   264                           prodh	equ	0xFF4
   265                           prodl	equ	0xFF3
   266                           status	equ	0xFD8
   267                           
   268 ;; *************** function _Oscilador_Inicializacao *****************
   269 ;; Defined at:
   270 ;;		line 33 in file "Oscilador.c"
   271 ;; Parameters:    Size  Location     Type
   272 ;;		None
   273 ;; Auto vars:     Size  Location     Type
   274 ;;		None
   275 ;; Return value:  Size  Location     Type
   276 ;;                  1    wreg      void 
   277 ;; Registers used:
   278 ;;		wreg, status,2
   279 ;; Tracked objects:
   280 ;;		On entry : 0/0
   281 ;;		On exit  : 0/0
   282 ;;		Unchanged: 0/0
   283 ;; Data sizes:     COMRAM   BANK0   BANK1   BANK2   BANK3   BANK4   BANK5   BANK6   BANK7   BANK8   BANK9  BANK10  BANK1
      +1  BANK12  BANK13  BANK14  BANK15
   284 ;;      Params:         0       0       0       0       0       0       0       0       0       0       0       0       
      +0       0       0       0       0
   285 ;;      Locals:         0       0       0       0       0       0       0       0       0       0       0       0       
      +0       0       0       0       0
   286 ;;      Temps:          0       0       0       0       0       0       0       0       0       0       0       0       
      +0       0       0       0       0
   287 ;;      Totals:         0       0       0       0       0       0       0       0       0       0       0       0       
      +0       0       0       0       0
   288 ;;Total ram usage:        0 bytes
   289 ;; Hardware stack levels used:    1
   290 ;; This function calls:
   291 ;;		Nothing
   292 ;; This function is called by:
   293 ;;		_main
   294 ;; This function uses a non-reentrant model
   295 ;;
   296                           
   297                           	psect	text2
   298  0010CE                     __ptext2:
   299                           	opt stack 0
   300  0010CE                     _Oscilador_Inicializacao:
   301                           	opt stack 30
   302                           
   303                           ;Oscilador.c: 35: OSCCONbits.SCS = 0;
   304                           
   305                           ; BSR set to: 15
   306                           ;incstack = 0
   307  0010CE  0EFC               	movlw	-4
   308  0010D0  16D3               	andwf	4051,f,c	;volatile
   309                           
   310                           ;Oscilador.c: 40: OSCCONbits.IRCF = 6;
   311  0010D2  50D3               	movf	4051,w,c	;volatile
   312  0010D4  0B8F               	andlw	-113
   313  0010D6  0960               	iorlw	96
   314  0010D8  6ED3               	movwf	4051,c	;volatile
   315                           
   316                           ;Oscilador.c: 79: OSCTUNEbits.PLLEN= 1;
   317  0010DA  8C9B               	bsf	3995,6,c	;volatile
   318  0010DC  0012               	return		;funcret
   319  0010DE                     __end_of_Oscilador_Inicializacao:
   320                           	opt stack 0
   321                           tblptru	equ	0xFF8
   322                           tblptrh	equ	0xFF7
   323                           tblptrl	equ	0xFF6
   324                           tablat	equ	0xFF5
   325                           prodh	equ	0xFF4
   326                           prodl	equ	0xFF3
   327                           status	equ	0xFD8
   328                           
   329 ;; *************** function _Display_Inicializacao *****************
   330 ;; Defined at:
   331 ;;		line 29 in file "Display de Leds.c"
   332 ;; Parameters:    Size  Location     Type
   333 ;;		None
   334 ;; Auto vars:     Size  Location     Type
   335 ;;		None
   336 ;; Return value:  Size  Location     Type
   337 ;;                  1    wreg      void 
   338 ;; Registers used:
   339 ;;		wreg, status,2, cstack
   340 ;; Tracked objects:
   341 ;;		On entry : 0/0
   342 ;;		On exit  : 0/0
   343 ;;		Unchanged: 0/0
   344 ;; Data sizes:     COMRAM   BANK0   BANK1   BANK2   BANK3   BANK4   BANK5   BANK6   BANK7   BANK8   BANK9  BANK10  BANK1
      +1  BANK12  BANK13  BANK14  BANK15
   345 ;;      Params:         0       0       0       0       0       0       0       0       0       0       0       0       
      +0       0       0       0       0
   346 ;;      Locals:         0       0       0       0       0       0       0       0       0       0       0       0       
      +0       0       0       0       0
   347 ;;      Temps:          0       0       0       0       0       0       0       0       0       0       0       0       
      +0       0       0       0       0
   348 ;;      Totals:         0       0       0       0       0       0       0       0       0       0       0       0       
      +0       0       0       0       0
   349 ;;Total ram usage:        0 bytes
   350 ;; Hardware stack levels used:    1
   351 ;; Hardware stack levels required when called:    1
   352 ;; This function calls:
   353 ;;		_Display_LigaDigito
   354 ;; This function is called by:
   355 ;;		_main
   356 ;; This function uses a non-reentrant model
   357 ;;
   358                           
   359                           	psect	text3
   360  001058                     __ptext3:
   361                           	opt stack 0
   362  001058                     _Display_Inicializacao:
   363                           	opt stack 29
   364                           
   365                           ;Display de Leds.c: 32: ANSELDbits.ANSD3 = 0;
   366                           
   367                           ;incstack = 0
   368  001058  010F               	movlb	15	; () banked
   369  00105A  973B               	bcf	59,3,b	;volatile
   370                           
   371                           ;Display de Leds.c: 33: LATDbits.LATD3 = 1;
   372  00105C  868C               	bsf	3980,3,c	;volatile
   373                           
   374                           ;Display de Leds.c: 34: TRISDbits.TRISD3 = 0;
   375  00105E  9695               	bcf	3989,3,c	;volatile
   376                           
   377                           ;Display de Leds.c: 37: ANSELDbits.ANSD2 = 0;
   378  001060  010F               	movlb	15	; () banked
   379  001062  953B               	bcf	59,2,b	;volatile
   380                           
   381                           ;Display de Leds.c: 38: LATDbits.LATD2 = 0;
   382  001064  948C               	bcf	3980,2,c	;volatile
   383                           
   384                           ;Display de Leds.c: 39: TRISDbits.TRISD2 = 0;
   385  001066  9495               	bcf	3989,2,c	;volatile
   386                           
   387                           ; BSR set to: 15
   388                           ;Display de Leds.c: 42: ANSELB = 0;
   389  001068  0E00               	movlw	0
   390  00106A  010F               	movlb	15	; () banked
   391  00106C  6F39               	movwf	57,b	;volatile
   392                           
   393                           ;Display de Leds.c: 43: LATB = 0;
   394  00106E  0E00               	movlw	0
   395  001070  6E8A               	movwf	3978,c	;volatile
   396                           
   397                           ;Display de Leds.c: 44: TRISB = 0;
   398  001072  0E00               	movlw	0
   399  001074  6E93               	movwf	3987,c	;volatile
   400                           
   401                           ; BSR set to: 15
   402                           ;Display de Leds.c: 47: Display_LigaDigito (0,0);
   403  001076  0E00               	movlw	0
   404  001078  6E01               	movwf	Display_LigaDigito@Caractere,c
   405  00107A  0E00               	movlw	0
   406  00107C  EC53  F008         	call	_Display_LigaDigito
   407  001080  0012               	return		;funcret
   408  001082                     __end_of_Display_Inicializacao:
   409                           	opt stack 0
   410                           tblptru	equ	0xFF8
   411                           tblptrh	equ	0xFF7
   412                           tblptrl	equ	0xFF6
   413                           tablat	equ	0xFF5
   414                           prodh	equ	0xFF4
   415                           prodl	equ	0xFF3
   416                           status	equ	0xFD8
   417                           
   418 ;; *************** function _Display_LigaDigito *****************
   419 ;; Defined at:
   420 ;;		line 61 in file "Display de Leds.c"
   421 ;; Parameters:    Size  Location     Type
   422 ;;  CodigoDoDigi    1    wreg     unsigned char 
   423 ;;  Caractere       1    0[COMRAM] unsigned char 
   424 ;; Auto vars:     Size  Location     Type
   425 ;;  CodigoDoDigi    1    1[COMRAM] unsigned char 
   426 ;; Return value:  Size  Location     Type
   427 ;;                  1    wreg      void 
   428 ;; Registers used:
   429 ;;		wreg
   430 ;; Tracked objects:
   431 ;;		On entry : 0/0
   432 ;;		On exit  : 0/0
   433 ;;		Unchanged: 0/0
   434 ;; Data sizes:     COMRAM   BANK0   BANK1   BANK2   BANK3   BANK4   BANK5   BANK6   BANK7   BANK8   BANK9  BANK10  BANK1
      +1  BANK12  BANK13  BANK14  BANK15
   435 ;;      Params:         1       0       0       0       0       0       0       0       0       0       0       0       
      +0       0       0       0       0
   436 ;;      Locals:         1       0       0       0       0       0       0       0       0       0       0       0       
      +0       0       0       0       0
   437 ;;      Temps:          0       0       0       0       0       0       0       0       0       0       0       0       
      +0       0       0       0       0
   438 ;;      Totals:         2       0       0       0       0       0       0       0       0       0       0       0       
      +0       0       0       0       0
   439 ;;Total ram usage:        2 bytes
   440 ;; Hardware stack levels used:    1
   441 ;; This function calls:
   442 ;;		Nothing
   443 ;; This function is called by:
   444 ;;		_main
   445 ;;		_Display_Inicializacao
   446 ;; This function uses a non-reentrant model
   447 ;;
   448                           
   449                           	psect	text4
   450  0010A6                     __ptext4:
   451                           	opt stack 0
   452  0010A6                     _Display_LigaDigito:
   453                           	opt stack 30
   454                           
   455                           ;incstack = 0
   456                           ;Display_LigaDigito@CodigoDoDigito stored from wreg
   457  0010A6  6E02               	movwf	Display_LigaDigito@CodigoDoDigito,c
   458                           
   459                           ;Display de Leds.c: 63: LATDbits.LATD3 = 1;
   460  0010A8  868C               	bsf	3980,3,c	;volatile
   461                           
   462                           ;Display de Leds.c: 65: LATB = CodigoDoDigito;
   463  0010AA  C002  FF8A         	movff	Display_LigaDigito@CodigoDoDigito,3978	;volatile
   464                           
   465                           ;Display de Leds.c: 66: LATDbits.LATD2 = 1;
   466  0010AE  848C               	bsf	3980,2,c	;volatile
   467                           
   468                           ;Display de Leds.c: 67: __nop();
   469  0010B0  F000               	nop	
   470                           
   471                           ;Display de Leds.c: 68: __nop();
   472  0010B2  F000               	nop	
   473                           
   474                           ;Display de Leds.c: 69: LATDbits.LATD2 = 0;
   475  0010B4  948C               	bcf	3980,2,c	;volatile
   476                           
   477                           ;Display de Leds.c: 71: LATB = Caractere;
   478  0010B6  C001  FF8A         	movff	Display_LigaDigito@Caractere,3978	;volatile
   479                           
   480                           ;Display de Leds.c: 72: LATDbits.LATD3 = 0;
   481  0010BA  968C               	bcf	3980,3,c	;volatile
   482  0010BC  0012               	return		;funcret
   483  0010BE                     __end_of_Display_LigaDigito:
   484                           	opt stack 0
   485                           tblptru	equ	0xFF8
   486                           tblptrh	equ	0xFF7
   487                           tblptrl	equ	0xFF6
   488                           tablat	equ	0xFF5
   489                           prodh	equ	0xFF4
   490                           prodl	equ	0xFF3
   491                           status	equ	0xFD8
   492                           
   493 ;; *************** function _Display_ExibeCaractere *****************
   494 ;; Defined at:
   495 ;;		line 80 in file "Display de Leds.c"
   496 ;; Parameters:    Size  Location     Type
   497 ;;  Caractere       1    wreg     unsigned char 
   498 ;; Auto vars:     Size  Location     Type
   499 ;;  Caractere       1    0[COMRAM] unsigned char 
   500 ;; Return value:  Size  Location     Type
   501 ;;                  1    wreg      void 
   502 ;; Registers used:
   503 ;;		wreg
   504 ;; Tracked objects:
   505 ;;		On entry : 0/0
   506 ;;		On exit  : 0/0
   507 ;;		Unchanged: 0/0
   508 ;; Data sizes:     COMRAM   BANK0   BANK1   BANK2   BANK3   BANK4   BANK5   BANK6   BANK7   BANK8   BANK9  BANK10  BANK1
      +1  BANK12  BANK13  BANK14  BANK15
   509 ;;      Params:         0       0       0       0       0       0       0       0       0       0       0       0       
      +0       0       0       0       0
   510 ;;      Locals:         1       0       0       0       0       0       0       0       0       0       0       0       
      +0       0       0       0       0
   511 ;;      Temps:          0       0       0       0       0       0       0       0       0       0       0       0       
      +0       0       0       0       0
   512 ;;      Totals:         1       0       0       0       0       0       0       0       0       0       0       0       
      +0       0       0       0       0
   513 ;;Total ram usage:        1 bytes
   514 ;; Hardware stack levels used:    1
   515 ;; This function calls:
   516 ;;		Nothing
   517 ;; This function is called by:
   518 ;;		_main
   519 ;; This function uses a non-reentrant model
   520 ;;
   521                           
   522                           	psect	text5
   523  0010E6                     __ptext5:
   524                           	opt stack 0
   525  0010E6                     _Display_ExibeCaractere:
   526                           	opt stack 30
   527                           
   528                           ;incstack = 0
   529                           ;Display_ExibeCaractere@Caractere stored from wreg
   530  0010E6  6E01               	movwf	Display_ExibeCaractere@Caractere,c
   531                           
   532                           ;Display de Leds.c: 82: LATB = Caractere;
   533  0010E8  C001  FF8A         	movff	Display_ExibeCaractere@Caractere,3978	;volatile
   534  0010EC  0012               	return		;funcret
   535  0010EE                     __end_of_Display_ExibeCaractere:
   536                           	opt stack 0
   537                           tblptru	equ	0xFF8
   538                           tblptrh	equ	0xFF7
   539                           tblptrl	equ	0xFF6
   540                           tablat	equ	0xFF5
   541                           prodh	equ	0xFF4
   542                           prodl	equ	0xFF3
   543                           status	equ	0xFD8
   544                           
   545 ;; *************** function _Atrasos_ms *****************
   546 ;; Defined at:
   547 ;;		line 20 in file "App.c"
   548 ;; Parameters:    Size  Location     Type
   549 ;;  Tempo           2    0[COMRAM] unsigned int 
   550 ;; Auto vars:     Size  Location     Type
   551 ;;		None
   552 ;; Return value:  Size  Location     Type
   553 ;;                  1    wreg      void 
   554 ;; Registers used:
   555 ;;		wreg, status,2, status,0
   556 ;; Tracked objects:
   557 ;;		On entry : 0/0
   558 ;;		On exit  : 0/0
   559 ;;		Unchanged: 0/0
   560 ;; Data sizes:     COMRAM   BANK0   BANK1   BANK2   BANK3   BANK4   BANK5   BANK6   BANK7   BANK8   BANK9  BANK10  BANK1
      +1  BANK12  BANK13  BANK14  BANK15
   561 ;;      Params:         2       0       0       0       0       0       0       0       0       0       0       0       
      +0       0       0       0       0
   562 ;;      Locals:         0       0       0       0       0       0       0       0       0       0       0       0       
      +0       0       0       0       0
   563 ;;      Temps:          1       0       0       0       0       0       0       0       0       0       0       0       
      +0       0       0       0       0
   564 ;;      Totals:         3       0       0       0       0       0       0       0       0       0       0       0       
      +0       0       0       0       0
   565 ;;Total ram usage:        3 bytes
   566 ;; Hardware stack levels used:    1
   567 ;; This function calls:
   568 ;;		Nothing
   569 ;; This function is called by:
   570 ;;		_main
   571 ;; This function uses a non-reentrant model
   572 ;;
   573                           
   574                           	psect	text6
   575  001082                     __ptext6:
   576                           	opt stack 0
   577  001082                     _Atrasos_ms:
   578                           	opt stack 30
   579                           
   580                           ;App.c: 22: while (Tempo-- > 0)
   581                           
   582                           ;incstack = 0
   583  001082  D008               	goto	l734
   584  001084                     l732:
   585                           
   586                           ;App.c: 23: {
   587                           ;App.c: 24: _delay((unsigned long)((1)*((8000000 * 4)/4000.0)));
   588  001084  0E0B               	movlw	11
   589  001086  6E03               	movwf	??_Atrasos_ms& (0+255),c
   590  001088  0E62               	movlw	98
   591  00108A                     u57:
   592  00108A  2EE8               	decfsz	wreg,f,c
   593  00108C  D7FE               	goto	u57
   594  00108E  2E03               	decfsz	??_Atrasos_ms& (0+255),f,c
   595  001090  D7FC               	goto	u57
   596  001092  D000               	nop2	
   597  001094                     l734:
   598  001094  0601               	decf	Atrasos_ms@Tempo,f,c
   599  001096  A0D8               	btfss	status,0,c
   600  001098  0602               	decf	Atrasos_ms@Tempo+1,f,c
   601  00109A  2801               	incf	Atrasos_ms@Tempo,w,c
   602  00109C  E1F3               	bnz	l732
   603  00109E  2802               	incf	Atrasos_ms@Tempo+1,w,c
   604  0010A0  B4D8               	btfsc	status,2,c
   605  0010A2  0012               	return	
   606  0010A4  D7EF               	goto	l732
   607  0010A6                     __end_of_Atrasos_ms:
   608                           	opt stack 0
   609                           tblptru	equ	0xFF8
   610                           tblptrh	equ	0xFF7
   611                           tblptrl	equ	0xFF6
   612                           tablat	equ	0xFF5
   613                           prodh	equ	0xFF4
   614                           prodl	equ	0xFF3
   615                           wreg	equ	0xFE8
   616                           status	equ	0xFD8
   617                           tblptru	equ	0xFF8
   618                           tblptrh	equ	0xFF7
   619                           tblptrl	equ	0xFF6
   620                           tablat	equ	0xFF5
   621                           prodh	equ	0xFF4
   622                           prodl	equ	0xFF3
   623                           wreg	equ	0xFE8
   624                           status	equ	0xFD8
   625                           
   626                           	psect	rparam
   627  0000                     tblptru	equ	0xFF8
   628                           tblptrh	equ	0xFF7
   629                           tblptrl	equ	0xFF6
   630                           tablat	equ	0xFF5
   631                           prodh	equ	0xFF4
   632                           prodl	equ	0xFF3
   633                           wreg	equ	0xFE8
   634                           status	equ	0xFD8


Data Sizes:
    Strings     0
    Constant    10
    Data        0
    BSS         1
    Persistent  0
    Stack       0

Auto Spaces:
    Space          Size  Autos    Used
    COMRAM           95      3       4
    BANK0           160      0       0
    BANK1           256      0       0
    BANK2           256      0       0
    BANK3           256      0       0
    BANK4           256      0       0
    BANK5           256      0       0
    BANK6           256      0       0
    BANK7           256      0       0
    BANK8           256      0       0
    BANK9           256      0       0
    BANK10          256      0       0
    BANK11          256      0       0
    BANK12          256      0       0
    BANK13          256      0       0
    BANK14          256      0       0
    BANK15           56      0       0

Pointer List with Targets:

    None.

Critical Paths under _main in COMRAM

    _main->_Atrasos_ms
    _Display_Inicializacao->_Display_LigaDigito

Critical Paths under _main in BANK0

    None.

Critical Paths under _main in BANK1

    None.

Critical Paths under _main in BANK2

    None.

Critical Paths under _main in BANK3

    None.

Critical Paths under _main in BANK4

    None.

Critical Paths under _main in BANK5

    None.

Critical Paths under _main in BANK6

    None.

Critical Paths under _main in BANK7

    None.

Critical Paths under _main in BANK8

    None.

Critical Paths under _main in BANK9

    None.

Critical Paths under _main in BANK10

    None.

Critical Paths under _main in BANK11

    None.

Critical Paths under _main in BANK12

    None.

Critical Paths under _main in BANK13

    None.

Critical Paths under _main in BANK14

    None.

Critical Paths under _main in BANK15

    None.

Call Graph Tables:

 ---------------------------------------------------------------------------------
 (Depth) Function   	        Calls       Base Space   Used Autos Params    Refs
 ---------------------------------------------------------------------------------
 (0) _main                                                 0     0      0     340
                         _Atrasos_ms
             _Display_ExibeCaractere
              _Display_Inicializacao
                 _Display_LigaDigito
            _Oscilador_Inicializacao
              _Teclado_Inicializacao
 ---------------------------------------------------------------------------------
 (1) _Teclado_Inicializacao                                0     0      0       0
 ---------------------------------------------------------------------------------
 (1) _Oscilador_Inicializacao                              0     0      0       0
 ---------------------------------------------------------------------------------
 (1) _Display_Inicializacao                                0     0      0     130
                 _Display_LigaDigito
 ---------------------------------------------------------------------------------
 (1) _Display_LigaDigito                                   2     1      1     130
                                              0 COMRAM     2     1      1
 ---------------------------------------------------------------------------------
 (1) _Display_ExibeCaractere                               1     1      0      15
                                              0 COMRAM     1     1      0
 ---------------------------------------------------------------------------------
 (1) _Atrasos_ms                                           3     1      2      65
                                              0 COMRAM     3     1      2
 ---------------------------------------------------------------------------------
 Estimated maximum stack depth 1
 ---------------------------------------------------------------------------------

 Call Graph Graphs:

 _main (ROOT)
   _Atrasos_ms
   _Display_ExibeCaractere
   _Display_Inicializacao
     _Display_LigaDigito
   _Display_LigaDigito
   _Oscilador_Inicializacao
   _Teclado_Inicializacao

 Address spaces:
Name               Size   Autos  Total    Cost      Usage
BIGRAM             F37      0       0      37        0.0%
EEDATA             400      0       0       0        0.0%
BITBANK14          100      0       0      33        0.0%
BANK14             100      0       0      34        0.0%
BITBANK13          100      0       0      31        0.0%
BANK13             100      0       0      32        0.0%
BITBANK12          100      0       0      29        0.0%
BANK12             100      0       0      30        0.0%
BITBANK11          100      0       0      27        0.0%
BANK11             100      0       0      28        0.0%
BITBANK10          100      0       0      25        0.0%
BANK10             100      0       0      26        0.0%
BITBANK9           100      0       0      23        0.0%
BANK9              100      0       0      24        0.0%
BITBANK8           100      0       0      21        0.0%
BANK8              100      0       0      22        0.0%
BITBANK7           100      0       0      19        0.0%
BANK7              100      0       0      20        0.0%
BITBANK6           100      0       0      17        0.0%
BANK6              100      0       0      18        0.0%
BITBANK5           100      0       0      15        0.0%
BANK5              100      0       0      16        0.0%
BITBANK4           100      0       0      13        0.0%
BANK4              100      0       0      14        0.0%
BITBANK3           100      0       0      10        0.0%
BANK3              100      0       0      11        0.0%
BITBANK2           100      0       0       8        0.0%
BANK2              100      0       0       9        0.0%
BITBANK1           100      0       0       6        0.0%
BANK1              100      0       0       7        0.0%
BITBANK0            A0      0       0       4        0.0%
BANK0               A0      0       0       5        0.0%
BITCOMRAM           5F      0       0       0        0.0%
COMRAM              5F      3       4       1        4.2%
BITBANK15           38      0       0      35        0.0%
BANK15              38      0       0      36        0.0%
BITSFR_1             0      0       0      40        0.0%
SFR_1                0      0       0      40        0.0%
BITSFR               0      0       0      40        0.0%
SFR                  0      0       0      40        0.0%
STACK                0      0       0       2        0.0%
NULL                 0      0       0       0        0.0%
ABS                  0      0       4      12        0.0%
DATA                 0      0       4       3        0.0%
CODE                 0      0       0       0        0.0%


Microchip Technology PIC18 Macro Assembler V1.36 build -262312587 
Symbol Table                                                                                   Wed Aug 24 12:16:18 2016

                              u57 108A                               l732 1084  
                             l734 1094                               l754 1052  
                             l746 1024                               wreg 000FE8  
                            _LATB 000F8A                              _main 100C  
                            prodh 000FF4                              prodl 000FF3  
                            start 0000                     __CFG_IESO$OFF 000000  
                    ___param_bank 000010                             ?_main 0001  
                           _TRISB 000F93                    __CFG_FCMEN$OFF 000000  
                      _Atrasos_ms 1082                             tablat 000FF5  
                           status 000FD8          ?_Oscilador_Inicializacao 0001  
                 __initialization 10BE                      __end_of_main 1058  
                          ??_main 0004                     __activetblptr 000001  
                          _ANSELA 000F38                            _ANSELB 000F39  
     __size_of_Display_LigaDigito 0018    __size_of_Display_Inicializacao 002A  
   __end_of_Display_Inicializacao 1082             _Teclado_Inicializacao 10DE  
                 Atrasos_ms@Tempo 0001                      __mediumconst 0000  
                          tblptrh 000FF7                            tblptrl 000FF6  
                          tblptru 000FF8           ?_Display_ExibeCaractere 0001  
                     ?_Atrasos_ms 0001                        __accesstop 0060  
         __end_of__initialization 10C0   __end_of_Oscilador_Inicializacao 10DE  
                   ___rparam_used 000001                    __pcstackCOMRAM 0001  
  __end_of_Display_ExibeCaractere 10EE            ?_Teclado_Inicializacao 0001  
             __size_of_Atrasos_ms 0024                           __Hparam 0000  
                         __Lparam 0000                      __psmallconst 1000  
                         __pcinit 10BE                           __ramtop 1000  
                         __ptext0 100C                           __ptext1 10DE  
                         __ptext2 10CE                           __ptext3 1058  
                         __ptext4 10A6                           __ptext5 10E6  
                         __ptext6 1082  __size_of_Oscilador_Inicializacao 0010  
            end_of_initialization 10C0  Display_LigaDigito@CodigoDoDigito 0002  
                       _TRISDbits 000F95        __end_of_Display_LigaDigito 10BE  
                    ??_Atrasos_ms 0003             _Display_Inicializacao 1058  
              __end_of_Atrasos_ms 10A6               start_initialization 10BE  
         ??_Teclado_Inicializacao 0001           _Oscilador_Inicializacao 10CE  
                     __pbssCOMRAM 0004            ?_Display_Inicializacao 0001  
                _Codigo7segmentos 1001                       __smallconst 1000  
     Display_LigaDigito@Caractere 0001                          _LATDbits 000F8C  
        ??_Display_ExibeCaractere 0001         ??_Oscilador_Inicializacao 0001  
 Display_ExibeCaractere@Caractere 0001                          _Contador 0004  
              _Display_LigaDigito 10A6                          __Hrparam 0000  
                        __Lrparam 0000                      __Lsmallconst 1000  
             ?_Display_LigaDigito 0001                        _ANSELDbits 000F3B  
            ??_Display_LigaDigito 0002    __size_of_Teclado_Inicializacao 0008  
   __end_of_Teclado_Inicializacao 10E6                     __size_of_main 004C  
 __size_of_Display_ExibeCaractere 0008                       _OSCTUNEbits 000F9B  
         ??_Display_Inicializacao 0003          __end_of_Codigo7segmentos 100B  
                      _OSCCONbits 000FD3            _Display_ExibeCaractere 10E6  
               __CFG_FOSC$INTIO67 000000  
