

Microchip Technology PIC18 LITE Macro Assembler V1.36 build -262312587 
                                                                                               Tue Oct 04 21:45:41 2016

Microchip Technology Omniscient Code Generator v1.36 (Free mode) build 201601150325
     1                           	processor	18F46K22
     2                           	fnconf	rparam,??,?,0
     3                           	opt	pw 120
     4                           	opt	lm
     5                           	psect	smallconst,global,reloc=2,class=SMALLCONST,delta=1
     6                           	psect	cinit,global,reloc=2,class=CODE,delta=1
     7                           	psect	bssCOMRAM,global,class=COMRAM,space=1,delta=1
     8                           	psect	cstackCOMRAM,global,class=COMRAM,space=1,delta=1
     9                           	psect	text0,global,reloc=2,class=CODE,delta=1
    10                           	psect	text1,global,reloc=2,class=CODE,delta=1
    11                           	psect	text2,global,reloc=2,class=CODE,delta=1
    12                           	psect	text3,global,reloc=2,class=CODE,delta=1
    13                           	psect	text4,global,reloc=2,class=CODE,delta=1
    14                           	psect	text5,global,reloc=2,class=CODE,delta=1
    15                           	psect	intsave_regs,global,class=BIGRAM,space=1,delta=1
    16                           	psect	rparam,global,class=COMRAM,space=1,delta=1
    17  0000                     
    18                           	psect	smallconst
    19  001000                     __psmallconst:
    20                           	opt stack 0
    21  001000  00                 	db	0
    22  001001                     _Codigo7segmentos:
    23                           	opt stack 0
    24  001001  3F                 	db	63
    25  001002  06                 	db	6
    26  001003  5B                 	db	91
    27  001004  4F                 	db	79
    28  001005  66                 	db	102
    29  001006  6D                 	db	109
    30  001007  7D                 	db	125
    31  001008  07                 	db	7
    32  001009  7F                 	db	127
    33  00100A  6F                 	db	111
    34  00100B                     __end_of_Codigo7segmentos:
    35                           	opt stack 0
    36  0000                     _ANSELB	set	3897
    37  0000                     _ANSELDbits	set	3899
    38  0000                     _LATB	set	3978
    39  0000                     _LATDbits	set	3980
    40  0000                     _OSCCONbits	set	4051
    41  0000                     _OSCTUNEbits	set	3995
    42  0000                     _TRISB	set	3987
    43  0000                     _TRISDbits	set	3989
    44                           
    45                           ; #config settings
    46  00100B  00                 	db	0	; dummy byte at the end
    47  0000                     
    48                           	psect	cinit
    49  0010BA                     __pcinit:
    50                           	opt stack 0
    51  0010BA                     start_initialization:
    52                           	opt stack 0
    53  0010BA                     __initialization:
    54                           	opt stack 0
    55                           
    56                           ; Clear objects allocated to COMRAM (1 bytes)
    57  0010BA  6A04               	clrf	__pbssCOMRAM& (0+255),c
    58  0010BC                     end_of_initialization:
    59                           	opt stack 0
    60  0010BC                     __end_of__initialization:
    61                           	opt stack 0
    62  0010BC  0E00               	movlw	low (__Lsmallconst shr (0+16))
    63  0010BE  6EF8               	movwf	tblptru,c
    64  0010C0  0E10               	movlw	high __Lsmallconst
    65  0010C2  6EF7               	movwf	tblptrh,c
    66  0010C4  0100               	movlb	0
    67  0010C6  EF06  F008         	goto	_main	;jump to C main() function
    68                           tblptru	equ	0xFF8
    69                           tblptrh	equ	0xFF7
    70                           
    71                           	psect	bssCOMRAM
    72  000004                     __pbssCOMRAM:
    73                           	opt stack 0
    74  000004                     _Contador:
    75                           	opt stack 0
    76  000004                     	ds	1
    77                           tblptru	equ	0xFF8
    78                           tblptrh	equ	0xFF7
    79                           
    80                           	psect	cstackCOMRAM
    81  000001                     __pcstackCOMRAM:
    82                           	opt stack 0
    83  000001                     Display_LigaDigito@Caractere:
    84                           	opt stack 0
    85  000001                     Display_ExibeCaractere@Caractere:
    86                           	opt stack 0
    87  000001                     Atrasos_1ms@Tempo:
    88                           	opt stack 0
    89                           
    90                           ; 2 bytes @ 0x0
    91  000001                     	ds	1
    92  000002                     Display_LigaDigito@CodigoDoDigito:
    93                           	opt stack 0
    94                           
    95                           ; 1 bytes @ 0x1
    96  000002                     	ds	1
    97  000003                     ??_Atrasos_1ms:
    98                           
    99                           ; 1 bytes @ 0x2
   100  000003                     	ds	1
   101  000004                     tblptru	equ	0xFF8
   102                           tblptrh	equ	0xFF7
   103                           
   104                           ; 1 bytes @ 0x3
   105 ;;
   106 ;;Main: autosize = 0, tempsize = 0, incstack = 0, save=0
   107 ;;
   108 ;; *************** function _main *****************
   109 ;; Defined at:
   110 ;;		line 28 in file "app.c"
   111 ;; Parameters:    Size  Location     Type
   112 ;;		None
   113 ;; Auto vars:     Size  Location     Type
   114 ;;		None
   115 ;; Return value:  Size  Location     Type
   116 ;;                  1    wreg      void 
   117 ;; Registers used:
   118 ;;		wreg, status,2, status,0, tblptrl, tblptrh, tblptru, prodl, prodh, cstack
   119 ;; Tracked objects:
   120 ;;		On entry : 0/0
   121 ;;		On exit  : 0/0
   122 ;;		Unchanged: 0/0
   123 ;; Data sizes:     COMRAM   BANK0   BANK1   BANK2   BANK3   BANK4   BANK5   BANK6   BANK7   BANK8   BANK9  BANK10  BANK1
      +1  BANK12  BANK13  BANK14  BANK15
   124 ;;      Params:         0       0       0       0       0       0       0       0       0       0       0       0       
      +0       0       0       0       0
   125 ;;      Locals:         0       0       0       0       0       0       0       0       0       0       0       0       
      +0       0       0       0       0
   126 ;;      Temps:          0       0       0       0       0       0       0       0       0       0       0       0       
      +0       0       0       0       0
   127 ;;      Totals:         0       0       0       0       0       0       0       0       0       0       0       0       
      +0       0       0       0       0
   128 ;;Total ram usage:        0 bytes
   129 ;; Hardware stack levels required when called:    2
   130 ;; This function calls:
   131 ;;		_Atrasos_1ms
   132 ;;		_Display_ExibeCaractere
   133 ;;		_Display_Inicializacao
   134 ;;		_Display_LigaDigito
   135 ;;		_Oscilador_Inicializacao
   136 ;; This function is called by:
   137 ;;		Startup code after reset
   138 ;; This function uses a non-reentrant model
   139 ;;
   140                           
   141                           	psect	text0
   142  00100C                     __ptext0:
   143                           	opt stack 0
   144  00100C                     _main:
   145                           	opt stack 29
   146                           
   147                           ;app.c: 30: Oscilador_Inicializacao();
   148                           
   149                           ;incstack = 0
   150  00100C  EC65  F008         	call	_Oscilador_Inicializacao	;wreg free
   151                           
   152                           ;app.c: 31: Display_Inicializacao();
   153  001010  EC2A  F008         	call	_Display_Inicializacao	;wreg free
   154                           
   155                           ;app.c: 32: Display_LigaDigito(0b00100000,0b00000000);
   156  001014  0E00               	movlw	0
   157  001016  6E01               	movwf	Display_LigaDigito@Caractere,c
   158  001018  0E20               	movlw	32
   159  00101A  EC51  F008         	call	_Display_LigaDigito
   160                           
   161                           ;app.c: 34: Contador = 0;
   162  00101E  0E00               	movlw	0
   163  001020  D017               	goto	L1
   164  001022                     l737:
   165                           
   166                           ;app.c: 37: {
   167                           ;app.c: 38: Display_ExibeCaractere(Codigo7segmentos[Contador]);
   168  001022  5004               	movf	_Contador,w,c
   169  001024  0D01               	mullw	1
   170  001026  0E01               	movlw	low _Codigo7segmentos
   171  001028  24F3               	addwf	prodl,w,c
   172  00102A  6EF6               	movwf	tblptrl,c
   173  00102C  0E10               	movlw	high _Codigo7segmentos
   174  00102E  20F4               	addwfc	prodh,w,c
   175  001030  6EF7               	movwf	tblptrh,c
   176  001032                     	if	0	;There are less than 3 active tblptr bytes
   177  001032                     	endif
   178  001032  0008               	tblrd		*
   179  001034  50F5               	movf	tablat,w,c
   180  001036  EC6D  F008         	call	_Display_ExibeCaractere
   181                           
   182                           ;app.c: 40: Atrasos_1ms(1000);
   183  00103A  0E03               	movlw	3
   184  00103C  6E02               	movwf	Atrasos_1ms@Tempo+1,c
   185  00103E  0EE8               	movlw	232
   186  001040  6E01               	movwf	Atrasos_1ms@Tempo,c
   187  001042  EC3F  F008         	call	_Atrasos_1ms	;wreg free
   188                           
   189                           ;app.c: 42: Contador++;
   190  001046  2A04               	incf	_Contador,f,c
   191                           
   192                           ;app.c: 43: if (Contador == -1) Contador = 9;
   193  001048  2804               	incf	_Contador,w,c
   194  00104A  A4D8               	btfss	status,2,c
   195  00104C  D7EA               	goto	l737
   196  00104E  0E09               	movlw	9
   197  001050                     L1:
   198  001050  6E04               	movwf	_Contador,c
   199  001052  D7E7               	goto	l737
   200  001054                     __end_of_main:
   201                           	opt stack 0
   202                           tblptru	equ	0xFF8
   203                           tblptrh	equ	0xFF7
   204                           tblptrl	equ	0xFF6
   205                           tablat	equ	0xFF5
   206                           prodh	equ	0xFF4
   207                           prodl	equ	0xFF3
   208                           status	equ	0xFD8
   209                           
   210 ;; *************** function _Oscilador_Inicializacao *****************
   211 ;; Defined at:
   212 ;;		line 33 in file "Oscilador.c"
   213 ;; Parameters:    Size  Location     Type
   214 ;;		None
   215 ;; Auto vars:     Size  Location     Type
   216 ;;		None
   217 ;; Return value:  Size  Location     Type
   218 ;;                  1    wreg      void 
   219 ;; Registers used:
   220 ;;		wreg, status,2
   221 ;; Tracked objects:
   222 ;;		On entry : 0/0
   223 ;;		On exit  : 0/0
   224 ;;		Unchanged: 0/0
   225 ;; Data sizes:     COMRAM   BANK0   BANK1   BANK2   BANK3   BANK4   BANK5   BANK6   BANK7   BANK8   BANK9  BANK10  BANK1
      +1  BANK12  BANK13  BANK14  BANK15
   226 ;;      Params:         0       0       0       0       0       0       0       0       0       0       0       0       
      +0       0       0       0       0
   227 ;;      Locals:         0       0       0       0       0       0       0       0       0       0       0       0       
      +0       0       0       0       0
   228 ;;      Temps:          0       0       0       0       0       0       0       0       0       0       0       0       
      +0       0       0       0       0
   229 ;;      Totals:         0       0       0       0       0       0       0       0       0       0       0       0       
      +0       0       0       0       0
   230 ;;Total ram usage:        0 bytes
   231 ;; Hardware stack levels used:    1
   232 ;; This function calls:
   233 ;;		Nothing
   234 ;; This function is called by:
   235 ;;		_main
   236 ;; This function uses a non-reentrant model
   237 ;;
   238                           
   239                           	psect	text1
   240  0010CA                     __ptext1:
   241                           	opt stack 0
   242  0010CA                     _Oscilador_Inicializacao:
   243                           	opt stack 30
   244                           
   245                           ;Oscilador.c: 35: OSCCONbits.SCS = 0;
   246                           
   247                           ;incstack = 0
   248  0010CA  0EFC               	movlw	-4
   249  0010CC  16D3               	andwf	4051,f,c	;volatile
   250                           
   251                           ;Oscilador.c: 40: OSCCONbits.IRCF = 6;
   252  0010CE  50D3               	movf	4051,w,c	;volatile
   253  0010D0  0B8F               	andlw	-113
   254  0010D2  0960               	iorlw	96
   255  0010D4  6ED3               	movwf	4051,c	;volatile
   256                           
   257                           ;Oscilador.c: 79: OSCTUNEbits.PLLEN= 1;
   258  0010D6  8C9B               	bsf	3995,6,c	;volatile
   259  0010D8  0012               	return		;funcret
   260  0010DA                     __end_of_Oscilador_Inicializacao:
   261                           	opt stack 0
   262                           tblptru	equ	0xFF8
   263                           tblptrh	equ	0xFF7
   264                           tblptrl	equ	0xFF6
   265                           tablat	equ	0xFF5
   266                           prodh	equ	0xFF4
   267                           prodl	equ	0xFF3
   268                           status	equ	0xFD8
   269                           
   270 ;; *************** function _Display_Inicializacao *****************
   271 ;; Defined at:
   272 ;;		line 28 in file "Display de Leds.c"
   273 ;; Parameters:    Size  Location     Type
   274 ;;		None
   275 ;; Auto vars:     Size  Location     Type
   276 ;;		None
   277 ;; Return value:  Size  Location     Type
   278 ;;                  1    wreg      void 
   279 ;; Registers used:
   280 ;;		wreg, status,2, cstack
   281 ;; Tracked objects:
   282 ;;		On entry : 0/0
   283 ;;		On exit  : 0/0
   284 ;;		Unchanged: 0/0
   285 ;; Data sizes:     COMRAM   BANK0   BANK1   BANK2   BANK3   BANK4   BANK5   BANK6   BANK7   BANK8   BANK9  BANK10  BANK1
      +1  BANK12  BANK13  BANK14  BANK15
   286 ;;      Params:         0       0       0       0       0       0       0       0       0       0       0       0       
      +0       0       0       0       0
   287 ;;      Locals:         0       0       0       0       0       0       0       0       0       0       0       0       
      +0       0       0       0       0
   288 ;;      Temps:          0       0       0       0       0       0       0       0       0       0       0       0       
      +0       0       0       0       0
   289 ;;      Totals:         0       0       0       0       0       0       0       0       0       0       0       0       
      +0       0       0       0       0
   290 ;;Total ram usage:        0 bytes
   291 ;; Hardware stack levels used:    1
   292 ;; Hardware stack levels required when called:    1
   293 ;; This function calls:
   294 ;;		_Display_LigaDigito
   295 ;; This function is called by:
   296 ;;		_main
   297 ;; This function uses a non-reentrant model
   298 ;;
   299                           
   300                           	psect	text2
   301  001054                     __ptext2:
   302                           	opt stack 0
   303  001054                     _Display_Inicializacao:
   304                           	opt stack 29
   305                           
   306                           ;Display de Leds.c: 31: ANSELDbits.ANSD3 = 0;
   307                           
   308                           ;incstack = 0
   309  001054  010F               	movlb	15	; () banked
   310  001056  973B               	bcf	59,3,b	;volatile
   311                           
   312                           ;Display de Leds.c: 32: LATDbits.LATD3 = 1;
   313  001058  868C               	bsf	3980,3,c	;volatile
   314                           
   315                           ;Display de Leds.c: 33: TRISDbits.TRISD3 = 0;
   316  00105A  9695               	bcf	3989,3,c	;volatile
   317                           
   318                           ;Display de Leds.c: 36: ANSELDbits.ANSD2 = 0;
   319  00105C  010F               	movlb	15	; () banked
   320  00105E  953B               	bcf	59,2,b	;volatile
   321                           
   322                           ;Display de Leds.c: 37: LATDbits.LATD2 = 0;
   323  001060  948C               	bcf	3980,2,c	;volatile
   324                           
   325                           ;Display de Leds.c: 38: TRISDbits.TRISD2 = 0;
   326  001062  9495               	bcf	3989,2,c	;volatile
   327                           
   328                           ; BSR set to: 15
   329                           ;Display de Leds.c: 41: ANSELB = 0;
   330  001064  0E00               	movlw	0
   331  001066  010F               	movlb	15	; () banked
   332  001068  6F39               	movwf	57,b	;volatile
   333                           
   334                           ;Display de Leds.c: 42: LATB = 0;
   335  00106A  0E00               	movlw	0
   336  00106C  6E8A               	movwf	3978,c	;volatile
   337                           
   338                           ;Display de Leds.c: 43: TRISB = 0;
   339  00106E  0E00               	movlw	0
   340  001070  6E93               	movwf	3987,c	;volatile
   341                           
   342                           ; BSR set to: 15
   343                           ;Display de Leds.c: 46: Display_LigaDigito (0,0);
   344  001072  0E00               	movlw	0
   345  001074  6E01               	movwf	Display_LigaDigito@Caractere,c
   346  001076  0E00               	movlw	0
   347  001078  EC51  F008         	call	_Display_LigaDigito
   348  00107C  0012               	return		;funcret
   349  00107E                     __end_of_Display_Inicializacao:
   350                           	opt stack 0
   351                           tblptru	equ	0xFF8
   352                           tblptrh	equ	0xFF7
   353                           tblptrl	equ	0xFF6
   354                           tablat	equ	0xFF5
   355                           prodh	equ	0xFF4
   356                           prodl	equ	0xFF3
   357                           status	equ	0xFD8
   358                           
   359 ;; *************** function _Display_LigaDigito *****************
   360 ;; Defined at:
   361 ;;		line 60 in file "Display de Leds.c"
   362 ;; Parameters:    Size  Location     Type
   363 ;;  CodigoDoDigi    1    wreg     unsigned char 
   364 ;;  Caractere       1    0[COMRAM] unsigned char 
   365 ;; Auto vars:     Size  Location     Type
   366 ;;  CodigoDoDigi    1    1[COMRAM] unsigned char 
   367 ;; Return value:  Size  Location     Type
   368 ;;                  1    wreg      void 
   369 ;; Registers used:
   370 ;;		wreg
   371 ;; Tracked objects:
   372 ;;		On entry : 0/0
   373 ;;		On exit  : 0/0
   374 ;;		Unchanged: 0/0
   375 ;; Data sizes:     COMRAM   BANK0   BANK1   BANK2   BANK3   BANK4   BANK5   BANK6   BANK7   BANK8   BANK9  BANK10  BANK1
      +1  BANK12  BANK13  BANK14  BANK15
   376 ;;      Params:         1       0       0       0       0       0       0       0       0       0       0       0       
      +0       0       0       0       0
   377 ;;      Locals:         1       0       0       0       0       0       0       0       0       0       0       0       
      +0       0       0       0       0
   378 ;;      Temps:          0       0       0       0       0       0       0       0       0       0       0       0       
      +0       0       0       0       0
   379 ;;      Totals:         2       0       0       0       0       0       0       0       0       0       0       0       
      +0       0       0       0       0
   380 ;;Total ram usage:        2 bytes
   381 ;; Hardware stack levels used:    1
   382 ;; This function calls:
   383 ;;		Nothing
   384 ;; This function is called by:
   385 ;;		_Display_Inicializacao
   386 ;;		_main
   387 ;; This function uses a non-reentrant model
   388 ;;
   389                           
   390                           	psect	text3
   391  0010A2                     __ptext3:
   392                           	opt stack 0
   393  0010A2                     _Display_LigaDigito:
   394                           	opt stack 30
   395                           
   396                           ;incstack = 0
   397                           ;Display_LigaDigito@CodigoDoDigito stored from wreg
   398  0010A2  6E02               	movwf	Display_LigaDigito@CodigoDoDigito,c
   399                           
   400                           ;Display de Leds.c: 62: LATDbits.LATD3 = 1;
   401  0010A4  868C               	bsf	3980,3,c	;volatile
   402                           
   403                           ;Display de Leds.c: 64: LATB = CodigoDoDigito;
   404  0010A6  C002  FF8A         	movff	Display_LigaDigito@CodigoDoDigito,3978	;volatile
   405                           
   406                           ;Display de Leds.c: 65: LATDbits.LATD2 = 1;
   407  0010AA  848C               	bsf	3980,2,c	;volatile
   408                           
   409                           ;Display de Leds.c: 66: __nop();
   410  0010AC  F000               	nop	
   411                           
   412                           ;Display de Leds.c: 67: __nop();
   413  0010AE  F000               	nop	
   414                           
   415                           ;Display de Leds.c: 68: LATDbits.LATD2 = 0;
   416  0010B0  948C               	bcf	3980,2,c	;volatile
   417                           
   418                           ;Display de Leds.c: 70: LATB = Caractere;
   419  0010B2  C001  FF8A         	movff	Display_LigaDigito@Caractere,3978	;volatile
   420                           
   421                           ;Display de Leds.c: 71: LATDbits.LATD3 = 0;
   422  0010B6  968C               	bcf	3980,3,c	;volatile
   423  0010B8  0012               	return		;funcret
   424  0010BA                     __end_of_Display_LigaDigito:
   425                           	opt stack 0
   426                           tblptru	equ	0xFF8
   427                           tblptrh	equ	0xFF7
   428                           tblptrl	equ	0xFF6
   429                           tablat	equ	0xFF5
   430                           prodh	equ	0xFF4
   431                           prodl	equ	0xFF3
   432                           status	equ	0xFD8
   433                           
   434 ;; *************** function _Display_ExibeCaractere *****************
   435 ;; Defined at:
   436 ;;		line 79 in file "Display de Leds.c"
   437 ;; Parameters:    Size  Location     Type
   438 ;;  Caractere       1    wreg     unsigned char 
   439 ;; Auto vars:     Size  Location     Type
   440 ;;  Caractere       1    0[COMRAM] unsigned char 
   441 ;; Return value:  Size  Location     Type
   442 ;;                  1    wreg      void 
   443 ;; Registers used:
   444 ;;		wreg
   445 ;; Tracked objects:
   446 ;;		On entry : 0/0
   447 ;;		On exit  : 0/0
   448 ;;		Unchanged: 0/0
   449 ;; Data sizes:     COMRAM   BANK0   BANK1   BANK2   BANK3   BANK4   BANK5   BANK6   BANK7   BANK8   BANK9  BANK10  BANK1
      +1  BANK12  BANK13  BANK14  BANK15
   450 ;;      Params:         0       0       0       0       0       0       0       0       0       0       0       0       
      +0       0       0       0       0
   451 ;;      Locals:         1       0       0       0       0       0       0       0       0       0       0       0       
      +0       0       0       0       0
   452 ;;      Temps:          0       0       0       0       0       0       0       0       0       0       0       0       
      +0       0       0       0       0
   453 ;;      Totals:         1       0       0       0       0       0       0       0       0       0       0       0       
      +0       0       0       0       0
   454 ;;Total ram usage:        1 bytes
   455 ;; Hardware stack levels used:    1
   456 ;; This function calls:
   457 ;;		Nothing
   458 ;; This function is called by:
   459 ;;		_main
   460 ;; This function uses a non-reentrant model
   461 ;;
   462                           
   463                           	psect	text4
   464  0010DA                     __ptext4:
   465                           	opt stack 0
   466  0010DA                     _Display_ExibeCaractere:
   467                           	opt stack 30
   468                           
   469                           ;incstack = 0
   470                           ;Display_ExibeCaractere@Caractere stored from wreg
   471  0010DA  6E01               	movwf	Display_ExibeCaractere@Caractere,c
   472                           
   473                           ;Display de Leds.c: 81: LATB = Caractere;
   474  0010DC  C001  FF8A         	movff	Display_ExibeCaractere@Caractere,3978	;volatile
   475  0010E0  0012               	return		;funcret
   476  0010E2                     __end_of_Display_ExibeCaractere:
   477                           	opt stack 0
   478                           tblptru	equ	0xFF8
   479                           tblptrh	equ	0xFF7
   480                           tblptrl	equ	0xFF6
   481                           tablat	equ	0xFF5
   482                           prodh	equ	0xFF4
   483                           prodl	equ	0xFF3
   484                           status	equ	0xFD8
   485                           
   486 ;; *************** function _Atrasos_1ms *****************
   487 ;; Defined at:
   488 ;;		line 20 in file "app.c"
   489 ;; Parameters:    Size  Location     Type
   490 ;;  Tempo           2    0[COMRAM] unsigned int 
   491 ;; Auto vars:     Size  Location     Type
   492 ;;		None
   493 ;; Return value:  Size  Location     Type
   494 ;;                  1    wreg      void 
   495 ;; Registers used:
   496 ;;		wreg, status,2, status,0
   497 ;; Tracked objects:
   498 ;;		On entry : 0/0
   499 ;;		On exit  : 0/0
   500 ;;		Unchanged: 0/0
   501 ;; Data sizes:     COMRAM   BANK0   BANK1   BANK2   BANK3   BANK4   BANK5   BANK6   BANK7   BANK8   BANK9  BANK10  BANK1
      +1  BANK12  BANK13  BANK14  BANK15
   502 ;;      Params:         2       0       0       0       0       0       0       0       0       0       0       0       
      +0       0       0       0       0
   503 ;;      Locals:         0       0       0       0       0       0       0       0       0       0       0       0       
      +0       0       0       0       0
   504 ;;      Temps:          1       0       0       0       0       0       0       0       0       0       0       0       
      +0       0       0       0       0
   505 ;;      Totals:         3       0       0       0       0       0       0       0       0       0       0       0       
      +0       0       0       0       0
   506 ;;Total ram usage:        3 bytes
   507 ;; Hardware stack levels used:    1
   508 ;; This function calls:
   509 ;;		Nothing
   510 ;; This function is called by:
   511 ;;		_main
   512 ;; This function uses a non-reentrant model
   513 ;;
   514                           
   515                           	psect	text5
   516  00107E                     __ptext5:
   517                           	opt stack 0
   518  00107E                     _Atrasos_1ms:
   519                           	opt stack 30
   520                           
   521                           ;app.c: 22: while (Tempo-- > 0)
   522                           
   523                           ;incstack = 0
   524  00107E  D008               	goto	l731
   525  001080                     l729:
   526                           
   527                           ;app.c: 23: {
   528                           ;app.c: 24: _delay((unsigned long)((1)*((8000000 * 4)/4000.0)));
   529  001080  0E0B               	movlw	11
   530  001082  6E03               	movwf	??_Atrasos_1ms& (0+255),c
   531  001084  0E62               	movlw	98
   532  001086                     u57:
   533  001086  2EE8               	decfsz	wreg,f,c
   534  001088  D7FE               	goto	u57
   535  00108A  2E03               	decfsz	??_Atrasos_1ms& (0+255),f,c
   536  00108C  D7FC               	goto	u57
   537  00108E  D000               	nop2	
   538  001090                     l731:
   539  001090  0601               	decf	Atrasos_1ms@Tempo,f,c
   540  001092  A0D8               	btfss	status,0,c
   541  001094  0602               	decf	Atrasos_1ms@Tempo+1,f,c
   542  001096  2801               	incf	Atrasos_1ms@Tempo,w,c
   543  001098  E1F3               	bnz	l729
   544  00109A  2802               	incf	Atrasos_1ms@Tempo+1,w,c
   545  00109C  B4D8               	btfsc	status,2,c
   546  00109E  0012               	return	
   547  0010A0  D7EF               	goto	l729
   548  0010A2                     __end_of_Atrasos_1ms:
   549                           	opt stack 0
   550                           tblptru	equ	0xFF8
   551                           tblptrh	equ	0xFF7
   552                           tblptrl	equ	0xFF6
   553                           tablat	equ	0xFF5
   554                           prodh	equ	0xFF4
   555                           prodl	equ	0xFF3
   556                           wreg	equ	0xFE8
   557                           status	equ	0xFD8
   558                           tblptru	equ	0xFF8
   559                           tblptrh	equ	0xFF7
   560                           tblptrl	equ	0xFF6
   561                           tablat	equ	0xFF5
   562                           prodh	equ	0xFF4
   563                           prodl	equ	0xFF3
   564                           wreg	equ	0xFE8
   565                           status	equ	0xFD8
   566                           
   567                           	psect	rparam
   568  0000                     tblptru	equ	0xFF8
   569                           tblptrh	equ	0xFF7
   570                           tblptrl	equ	0xFF6
   571                           tablat	equ	0xFF5
   572                           prodh	equ	0xFF4
   573                           prodl	equ	0xFF3
   574                           wreg	equ	0xFE8
   575                           status	equ	0xFD8


Data Sizes:
    Strings     0
    Constant    10
    Data        0
    BSS         1
    Persistent  0
    Stack       0

Auto Spaces:
    Space          Size  Autos    Used
    COMRAM           95      3       4
    BANK0           160      0       0
    BANK1           256      0       0
    BANK2           256      0       0
    BANK3           256      0       0
    BANK4           256      0       0
    BANK5           256      0       0
    BANK6           256      0       0
    BANK7           256      0       0
    BANK8           256      0       0
    BANK9           256      0       0
    BANK10          256      0       0
    BANK11          256      0       0
    BANK12          256      0       0
    BANK13          256      0       0
    BANK14          256      0       0
    BANK15           56      0       0

Pointer List with Targets:

    None.

Critical Paths under _main in COMRAM

    _main->_Atrasos_1ms
    _Display_Inicializacao->_Display_LigaDigito

Critical Paths under _main in BANK0

    None.

Critical Paths under _main in BANK1

    None.

Critical Paths under _main in BANK2

    None.

Critical Paths under _main in BANK3

    None.

Critical Paths under _main in BANK4

    None.

Critical Paths under _main in BANK5

    None.

Critical Paths under _main in BANK6

    None.

Critical Paths under _main in BANK7

    None.

Critical Paths under _main in BANK8

    None.

Critical Paths under _main in BANK9

    None.

Critical Paths under _main in BANK10

    None.

Critical Paths under _main in BANK11

    None.

Critical Paths under _main in BANK12

    None.

Critical Paths under _main in BANK13

    None.

Critical Paths under _main in BANK14

    None.

Critical Paths under _main in BANK15

    None.

Call Graph Tables:

 ---------------------------------------------------------------------------------
 (Depth) Function   	        Calls       Base Space   Used Autos Params    Refs
 ---------------------------------------------------------------------------------
 (0) _main                                                 0     0      0     340
                        _Atrasos_1ms
             _Display_ExibeCaractere
              _Display_Inicializacao
                 _Display_LigaDigito
            _Oscilador_Inicializacao
 ---------------------------------------------------------------------------------
 (1) _Oscilador_Inicializacao                              0     0      0       0
 ---------------------------------------------------------------------------------
 (1) _Display_Inicializacao                                0     0      0     130
                 _Display_LigaDigito
 ---------------------------------------------------------------------------------
 (1) _Display_LigaDigito                                   2     1      1     130
                                              0 COMRAM     2     1      1
 ---------------------------------------------------------------------------------
 (1) _Display_ExibeCaractere                               1     1      0      15
                                              0 COMRAM     1     1      0
 ---------------------------------------------------------------------------------
 (1) _Atrasos_1ms                                          3     1      2      65
                                              0 COMRAM     3     1      2
 ---------------------------------------------------------------------------------
 Estimated maximum stack depth 1
 ---------------------------------------------------------------------------------

 Call Graph Graphs:

 _main (ROOT)
   _Atrasos_1ms
   _Display_ExibeCaractere
   _Display_Inicializacao
     _Display_LigaDigito
   _Display_LigaDigito
   _Oscilador_Inicializacao

 Address spaces:
Name               Size   Autos  Total    Cost      Usage
BIGRAM             F37      0       0      37        0.0%
EEDATA             400      0       0       0        0.0%
BITBANK14          100      0       0      33        0.0%
BANK14             100      0       0      34        0.0%
BITBANK13          100      0       0      31        0.0%
BANK13             100      0       0      32        0.0%
BITBANK12          100      0       0      29        0.0%
BANK12             100      0       0      30        0.0%
BITBANK11          100      0       0      27        0.0%
BANK11             100      0       0      28        0.0%
BITBANK10          100      0       0      25        0.0%
BANK10             100      0       0      26        0.0%
BITBANK9           100      0       0      23        0.0%
BANK9              100      0       0      24        0.0%
BITBANK8           100      0       0      21        0.0%
BANK8              100      0       0      22        0.0%
BITBANK7           100      0       0      19        0.0%
BANK7              100      0       0      20        0.0%
BITBANK6           100      0       0      17        0.0%
BANK6              100      0       0      18        0.0%
BITBANK5           100      0       0      15        0.0%
BANK5              100      0       0      16        0.0%
BITBANK4           100      0       0      13        0.0%
BANK4              100      0       0      14        0.0%
BITBANK3           100      0       0      10        0.0%
BANK3              100      0       0      11        0.0%
BITBANK2           100      0       0       8        0.0%
BANK2              100      0       0       9        0.0%
BITBANK1           100      0       0       6        0.0%
BANK1              100      0       0       7        0.0%
BITBANK0            A0      0       0       4        0.0%
BANK0               A0      0       0       5        0.0%
BITCOMRAM           5F      0       0       0        0.0%
COMRAM              5F      3       4       1        4.2%
BITBANK15           38      0       0      35        0.0%
BANK15              38      0       0      36        0.0%
BITSFR_1             0      0       0      40        0.0%
SFR_1                0      0       0      40        0.0%
BITSFR               0      0       0      40        0.0%
SFR                  0      0       0      40        0.0%
STACK                0      0       0       2        0.0%
NULL                 0      0       0       0        0.0%
ABS                  0      0       4      12        0.0%
DATA                 0      0       4       3        0.0%
CODE                 0      0       0       0        0.0%


Microchip Technology PIC18 Macro Assembler V1.36 build -262312587 
Symbol Table                                                                                   Tue Oct 04 21:45:41 2016

                              u57 1086                     ??_Atrasos_1ms 0003  
                             l731 1090                               l729 1080  
                             l737 1022                               wreg 000FE8  
                            _LATB 000F8A                              _main 100C  
                            prodh 000FF4                              prodl 000FF3  
                            start 0000                     __CFG_IESO$OFF 000000  
                    ___param_bank 000010                             ?_main 0001  
                           _TRISB 000F93                    __CFG_FCMEN$OFF 000000  
             __end_of_Atrasos_1ms 10A2                             tablat 000FF5  
                           status 000FD8          ?_Oscilador_Inicializacao 0001  
                 __initialization 10BA                      __end_of_main 1054  
                          ??_main 0004                     __activetblptr 000001  
                          _ANSELB 000F39       __size_of_Display_LigaDigito 0018  
  __size_of_Display_Inicializacao 002A     __end_of_Display_Inicializacao 107E  
                Atrasos_1ms@Tempo 0001                       _Atrasos_1ms 107E  
                    __mediumconst 0000                            tblptrh 000FF7  
                          tblptrl 000FF6                            tblptru 000FF8  
         ?_Display_ExibeCaractere 0001                        __accesstop 0060  
         __end_of__initialization 10BC   __end_of_Oscilador_Inicializacao 10DA  
                   ___rparam_used 000001                    __pcstackCOMRAM 0001  
  __end_of_Display_ExibeCaractere 10E2                           __Hparam 0000  
                         __Lparam 0000                      __psmallconst 1000  
                         __pcinit 10BA                           __ramtop 1000  
                         __ptext0 100C                           __ptext1 10CA  
                         __ptext2 1054                           __ptext3 10A2  
                         __ptext4 10DA                           __ptext5 107E  
__size_of_Oscilador_Inicializacao 0010              end_of_initialization 10BC  
Display_LigaDigito@CodigoDoDigito 0002                      ?_Atrasos_1ms 0001  
                       _TRISDbits 000F95        __end_of_Display_LigaDigito 10BA  
           _Display_Inicializacao 1054               start_initialization 10BA  
         _Oscilador_Inicializacao 10CA                       __pbssCOMRAM 0004  
          ?_Display_Inicializacao 0001                  _Codigo7segmentos 1001  
                     __smallconst 1000              __size_of_Atrasos_1ms 0024  
     Display_LigaDigito@Caractere 0001                          _LATDbits 000F8C  
        ??_Display_ExibeCaractere 0001         ??_Oscilador_Inicializacao 0001  
 Display_ExibeCaractere@Caractere 0001                          _Contador 0004  
              _Display_LigaDigito 10A2                          __Hrparam 0000  
                        __Lrparam 0000                      __Lsmallconst 1000  
             ?_Display_LigaDigito 0001                        _ANSELDbits 000F3B  
            ??_Display_LigaDigito 0002                     __size_of_main 0048  
 __size_of_Display_ExibeCaractere 0008                       _OSCTUNEbits 000F9B  
         ??_Display_Inicializacao 0003          __end_of_Codigo7segmentos 100B  
                      _OSCCONbits 000FD3            _Display_ExibeCaractere 10DA  
               __CFG_FOSC$INTIO67 000000  
