

Microchip Technology PIC18 LITE Macro Assembler V1.36 build -262312587 
                                                                                               Wed Apr 13 08:09:41 2016

Microchip Technology Omniscient Code Generator v1.36 (Free mode) build 201601150325
     1                           	processor	18F46K22
     2                           	fnconf	rparam,??,?,0
     3                           	opt	pw 120
     4                           	opt	lm
     5                           	psect	cinit,global,reloc=2,class=CODE,delta=1
     6                           	psect	cstackCOMRAM,global,class=COMRAM,space=1,delta=1
     7                           	psect	text0,global,reloc=2,class=CODE,delta=1
     8                           	psect	intsave_regs,global,class=BIGRAM,space=1,delta=1
     9                           	psect	rparam,global,class=COMRAM,space=1,delta=1
    10  0000                     _ANSELB	set	3897
    11  0000                     _LATB	set	3978
    12  0000                     _TRISB	set	3987
    13                           
    14                           ; #config settings
    15                           
    16                           	psect	cinit
    17  00FBEA                     __pcinit:
    18                           	opt stack 0
    19  00FBEA                     start_initialization:
    20                           	opt stack 0
    21  00FBEA                     __initialization:
    22                           	opt stack 0
    23  00FBEA                     end_of_initialization:
    24                           	opt stack 0
    25  00FBEA                     __end_of__initialization:
    26                           	opt stack 0
    27  00FBEA  0100               	movlb	0
    28  00FBEC  EFF8  F07D         	goto	_main	;jump to C main() function
    29                           
    30                           	psect	cstackCOMRAM
    31  000001                     __pcstackCOMRAM:
    32                           	opt stack 0
    33  000001                     
    34                           ; 2 bytes @ 0x0
    35  000001                     	ds	2
    36  000003                     
    37                           ; 3 bytes @ 0x2
    38  000003                     	ds	3
    39  000006                     
    40                           ; 1 bytes @ 0x5
    41 ;;
    42 ;;Main: autosize = 0, tempsize = 0, incstack = 0, save=0
    43 ;;
    44 ;; *************** function _main *****************
    45 ;; Defined at:
    46 ;;		line 13 in file "App.c"
    47 ;; Parameters:    Size  Location     Type
    48 ;;  argc            2    0[COMRAM] int 
    49 ;;  argv            3    2[COMRAM] PTR PTR unsigned char 
    50 ;; Auto vars:     Size  Location     Type
    51 ;;		None
    52 ;; Return value:  Size  Location     Type
    53 ;;                  2    0[COMRAM] int 
    54 ;; Registers used:
    55 ;;		wreg, status,2
    56 ;; Tracked objects:
    57 ;;		On entry : 0/0
    58 ;;		On exit  : 0/0
    59 ;;		Unchanged: 0/0
    60 ;; Data sizes:     COMRAM   BANK0   BANK1   BANK2   BANK3   BANK4   BANK5   BANK6   BANK7   BANK8   BANK9  BANK10  BANK1
      +1  BANK12  BANK13  BANK14  BANK15
    61 ;;      Params:         5       0       0       0       0       0       0       0       0       0       0       0       
      +0       0       0       0       0
    62 ;;      Locals:         0       0       0       0       0       0       0       0       0       0       0       0       
      +0       0       0       0       0
    63 ;;      Temps:          0       0       0       0       0       0       0       0       0       0       0       0       
      +0       0       0       0       0
    64 ;;      Totals:         5       0       0       0       0       0       0       0       0       0       0       0       
      +0       0       0       0       0
    65 ;;Total ram usage:        5 bytes
    66 ;; This function calls:
    67 ;;		Nothing
    68 ;; This function is called by:
    69 ;;		Startup code after reset
    70 ;; This function uses a non-reentrant model
    71 ;;
    72                           
    73                           	psect	text0
    74  00FBF0                     __ptext0:
    75                           	opt stack 0
    76  00FBF0                     _main:
    77                           	opt stack 31
    78                           
    79                           ;App.c: 15: ANSELB = 0;
    80                           
    81                           ;incstack = 0
    82  00FBF0  0E00               	movlw	0
    83  00FBF2  010F               	movlb	15	; () banked
    84  00FBF4  6F39               	movwf	57,b	;volatile
    85                           
    86                           ;App.c: 16: LATB = 0b10101010;
    87  00FBF6  0EAA               	movlw	170
    88  00FBF8  6E8A               	movwf	3978,c	;volatile
    89                           
    90                           ;App.c: 17: TRISB = 0;
    91  00FBFA  0E00               	movlw	0
    92  00FBFC  6E93               	movwf	3987,c	;volatile
    93  00FBFE                     l9:
    94                           
    95                           ;App.c: 20: {
    96  00FBFE  D7FF               	goto	l9
    97  00FC00                     __end_of_main:
    98                           	opt stack 0
    99  0000                     
   100                           	psect	rparam


Data Sizes:
    Strings     0
    Constant    0
    Data        0
    BSS         0
    Persistent  0
    Stack       0

Auto Spaces:
    Space          Size  Autos    Used
    COMRAM           95      5       5
    BANK0           160      0       0
    BANK1           256      0       0
    BANK2           256      0       0
    BANK3           256      0       0
    BANK4           256      0       0
    BANK5           256      0       0
    BANK6           256      0       0
    BANK7           256      0       0
    BANK8           256      0       0
    BANK9           256      0       0
    BANK10          256      0       0
    BANK11          256      0       0
    BANK12          256      0       0
    BANK13          256      0       0
    BANK14          256      0       0
    BANK15           56      0       0

Pointer List with Targets:

    None.

Critical Paths under _main in COMRAM

    None.

Critical Paths under _main in BANK0

    None.

Critical Paths under _main in BANK1

    None.

Critical Paths under _main in BANK2

    None.

Critical Paths under _main in BANK3

    None.

Critical Paths under _main in BANK4

    None.

Critical Paths under _main in BANK5

    None.

Critical Paths under _main in BANK6

    None.

Critical Paths under _main in BANK7

    None.

Critical Paths under _main in BANK8

    None.

Critical Paths under _main in BANK9

    None.

Critical Paths under _main in BANK10

    None.

Critical Paths under _main in BANK11

    None.

Critical Paths under _main in BANK12

    None.

Critical Paths under _main in BANK13

    None.

Critical Paths under _main in BANK14

    None.

Critical Paths under _main in BANK15

    None.

Call Graph Tables:

 ---------------------------------------------------------------------------------
 (Depth) Function   	        Calls       Base Space   Used Autos Params    Refs
 ---------------------------------------------------------------------------------
 (0) _main                                                 5     0      5       0
                                              0 COMRAM     5     0      5
 ---------------------------------------------------------------------------------
 Estimated maximum stack depth 0
 ---------------------------------------------------------------------------------

 Call Graph Graphs:

 _main (ROOT)

 Address spaces:
Name               Size   Autos  Total    Cost      Usage
BITCOMRAM           5F      0       0       0        0.0%
EEDATA             400      0       0       0        0.0%
NULL                 0      0       0       0        0.0%
CODE                 0      0       0       0        0.0%
COMRAM              5F      5       5       1        5.3%
STACK                0      0       0       2        0.0%
DATA                 0      0       0       3        0.0%
BITBANK0            A0      0       0       4        0.0%
BANK0               A0      0       0       5        0.0%
BITBANK1           100      0       0       6        0.0%
BANK1              100      0       0       7        0.0%
BITBANK2           100      0       0       8        0.0%
BANK2              100      0       0       9        0.0%
BITBANK3           100      0       0      10        0.0%
BANK3              100      0       0      11        0.0%
ABS                  0      0       0      12        0.0%
BITBANK4           100      0       0      13        0.0%
BANK4              100      0       0      14        0.0%
BITBANK5           100      0       0      15        0.0%
BANK5              100      0       0      16        0.0%
BITBANK6           100      0       0      17        0.0%
BANK6              100      0       0      18        0.0%
BITBANK7           100      0       0      19        0.0%
BANK7              100      0       0      20        0.0%
BITBANK8           100      0       0      21        0.0%
BANK8              100      0       0      22        0.0%
BITBANK9           100      0       0      23        0.0%
BANK9              100      0       0      24        0.0%
BITBANK10          100      0       0      25        0.0%
BANK10             100      0       0      26        0.0%
BITBANK11          100      0       0      27        0.0%
BANK11             100      0       0      28        0.0%
BITBANK12          100      0       0      29        0.0%
BANK12             100      0       0      30        0.0%
BITBANK13          100      0       0      31        0.0%
BANK13             100      0       0      32        0.0%
BITBANK14          100      0       0      33        0.0%
BANK14             100      0       0      34        0.0%
BITBANK15           38      0       0      35        0.0%
BANK15              38      0       0      36        0.0%
BIGRAM             F37      0       0      37        0.0%
BITSFR_1             0      0       0      40        0.0%
SFR_1                0      0       0      40        0.0%
BITSFR               0      0       0      40        0.0%
SFR                  0      0       0      40        0.0%


Microchip Technology PIC18 Macro Assembler V1.36 build -262312587 
Symbol Table                                                                                   Wed Apr 13 08:09:41 2016

                      l9 FBFE                     _LATB 000F8A                     _main FBF0  
                   start 0000             ___param_bank 000010                    ?_main 0001  
                  _TRISB 000F93          __initialization FBEA             __end_of_main FC00  
                 ??_main 0006            __activetblptr 000000                   _ANSELB 000F39  
             __accesstop 0060  __end_of__initialization FBEA            ___rparam_used 000001  
         __pcstackCOMRAM 0001                  __Hparam 0000                  __Lparam 0000  
                __pcinit FBEA                  __ramtop 1000                  __ptext0 FBF0  
   end_of_initialization FBEA      start_initialization FBEA                 __Hrparam 0000  
               __Lrparam 0000            __size_of_main 0010                 main@argc 0001  
               main@argv 0003  
