

Microchip Technology PIC18 LITE Macro Assembler V1.36 build -262312587 
                                                                                               Tue Sep 27 22:28:53 2016

Microchip Technology Omniscient Code Generator v1.36 (Free mode) build 201601150325
     1                           	processor	18F46K22
     2                           	fnconf	rparam,??,?,0
     3                           	opt	pw 120
     4                           	opt	lm
     5                           	psect	smallconst,global,reloc=2,class=SMALLCONST,delta=1
     6                           	psect	cinit,global,reloc=2,class=CODE,delta=1
     7                           	psect	bssCOMRAM,global,class=COMRAM,space=1,delta=1
     8                           	psect	cstackCOMRAM,global,class=COMRAM,space=1,delta=1
     9                           	psect	text0,global,reloc=2,class=CODE,delta=1
    10                           	psect	text1,global,reloc=2,class=CODE,delta=1
    11                           	psect	text2,global,reloc=2,class=CODE,delta=1
    12                           	psect	text3,global,reloc=2,class=CODE,delta=1
    13                           	psect	text4,global,reloc=2,class=CODE,delta=1
    14                           	psect	intsave_regs,global,class=BIGRAM,space=1,delta=1
    15                           	psect	rparam,global,class=COMRAM,space=1,delta=1
    16  0000                     
    17                           	psect	smallconst
    18  001000                     __psmallconst:
    19                           	opt stack 0
    20  001000  00                 	db	0
    21  001001                     _Codigo7segmentos:
    22                           	opt stack 0
    23  001001  3F                 	db	63
    24  001002  06                 	db	6
    25  001003  5B                 	db	91
    26  001004  4F                 	db	79
    27  001005  66                 	db	102
    28  001006  6D                 	db	109
    29  001007  7D                 	db	125
    30  001008  07                 	db	7
    31  001009  7F                 	db	127
    32  00100A  6F                 	db	111
    33  00100B                     __end_of_Codigo7segmentos:
    34                           	opt stack 0
    35  0000                     _ANSELA	set	3896
    36  0000                     _ANSELB	set	3897
    37  0000                     _ANSELDbits	set	3899
    38  0000                     _LATB	set	3978
    39  0000                     _LATDbits	set	3980
    40  0000                     _PORTAbits	set	3968
    41  0000                     _TRISB	set	3987
    42  0000                     _TRISDbits	set	3989
    43  00100B  00                 	db	0	; dummy byte at the end
    44  0000                     
    45                           ; #config settings
    46                           
    47                           	psect	cinit
    48  001092                     __pcinit:
    49                           	opt stack 0
    50  001092                     start_initialization:
    51                           	opt stack 0
    52  001092                     __initialization:
    53                           	opt stack 0
    54                           
    55                           ; Clear objects allocated to COMRAM (1 bytes)
    56  001092  6A03               	clrf	__pbssCOMRAM& (0+255),c
    57  001094                     end_of_initialization:
    58                           	opt stack 0
    59  001094                     __end_of__initialization:
    60                           	opt stack 0
    61  001094  0E00               	movlw	low (__Lsmallconst shr (0+16))
    62  001096  6EF8               	movwf	tblptru,c
    63  001098  0E10               	movlw	high __Lsmallconst
    64  00109A  6EF7               	movwf	tblptrh,c
    65  00109C  0100               	movlb	0
    66  00109E  EF06  F008         	goto	_main	;jump to C main() function
    67                           tblptru	equ	0xFF8
    68                           tblptrh	equ	0xFF7
    69                           
    70                           	psect	bssCOMRAM
    71  000003                     __pbssCOMRAM:
    72                           	opt stack 0
    73  000003                     _Contador:
    74                           	opt stack 0
    75  000003                     	ds	1
    76                           tblptru	equ	0xFF8
    77                           tblptrh	equ	0xFF7
    78                           
    79                           	psect	cstackCOMRAM
    80  000001                     __pcstackCOMRAM:
    81                           	opt stack 0
    82  000001                     Display_LigaDigito@Caractere:
    83                           	opt stack 0
    84  000001                     Display_ExibeCaractere@Caractere:
    85                           	opt stack 0
    86                           
    87                           ; 1 bytes @ 0x0
    88  000001                     	ds	1
    89  000002                     Display_LigaDigito@CodigoDoDigito:
    90                           	opt stack 0
    91                           
    92                           ; 1 bytes @ 0x1
    93  000002                     	ds	1
    94  000003                     tblptru	equ	0xFF8
    95                           tblptrh	equ	0xFF7
    96                           
    97                           ; 1 bytes @ 0x2
    98 ;;
    99 ;;Main: autosize = 0, tempsize = 0, incstack = 0, save=0
   100 ;;
   101 ;; *************** function _main *****************
   102 ;; Defined at:
   103 ;;		line 18 in file "app.c"
   104 ;; Parameters:    Size  Location     Type
   105 ;;		None
   106 ;; Auto vars:     Size  Location     Type
   107 ;;		None
   108 ;; Return value:  Size  Location     Type
   109 ;;                  1    wreg      void 
   110 ;; Registers used:
   111 ;;		wreg, status,2, status,0, tblptrl, tblptrh, tblptru, prodl, prodh, cstack
   112 ;; Tracked objects:
   113 ;;		On entry : 0/0
   114 ;;		On exit  : 0/0
   115 ;;		Unchanged: 0/0
   116 ;; Data sizes:     COMRAM   BANK0   BANK1   BANK2   BANK3   BANK4   BANK5   BANK6   BANK7   BANK8   BANK9  BANK10  BANK1
      +1  BANK12  BANK13  BANK14  BANK15
   117 ;;      Params:         0       0       0       0       0       0       0       0       0       0       0       0       
      +0       0       0       0       0
   118 ;;      Locals:         0       0       0       0       0       0       0       0       0       0       0       0       
      +0       0       0       0       0
   119 ;;      Temps:          0       0       0       0       0       0       0       0       0       0       0       0       
      +0       0       0       0       0
   120 ;;      Totals:         0       0       0       0       0       0       0       0       0       0       0       0       
      +0       0       0       0       0
   121 ;;Total ram usage:        0 bytes
   122 ;; Hardware stack levels required when called:    2
   123 ;; This function calls:
   124 ;;		_Display_ExibeCaractere
   125 ;;		_Display_Inicializacao
   126 ;;		_Display_LigaDigito
   127 ;;		_Teclado_Inicializacao
   128 ;; This function is called by:
   129 ;;		Startup code after reset
   130 ;; This function uses a non-reentrant model
   131 ;;
   132                           
   133                           	psect	text0
   134  00100C                     __ptext0:
   135                           	opt stack 0
   136  00100C                     _main:
   137                           	opt stack 29
   138                           
   139                           ;app.c: 20: Display_Inicializacao();
   140                           
   141                           ;incstack = 0
   142  00100C  EC28  F008         	call	_Display_Inicializacao	;wreg free
   143                           
   144                           ;app.c: 21: Display_LigaDigito(0b00100000,0b00000000);
   145  001010  0E00               	movlw	0
   146  001012  6E01               	movwf	Display_LigaDigito@Caractere,c
   147  001014  0E20               	movlw	32
   148  001016  EC3D  F008         	call	_Display_LigaDigito
   149                           
   150                           ;app.c: 22: Teclado_Inicializacao();
   151  00101A  EC51  F008         	call	_Teclado_Inicializacao	;wreg free
   152  00101E                     l729:
   153                           
   154                           ;app.c: 25: {
   155                           ;app.c: 26: Contador = 0;
   156  00101E  0E00               	movlw	0
   157  001020  6E03               	movwf	_Contador,c
   158                           
   159                           ;app.c: 28: if (PORTAbits.RA0 == 0) Contador++;
   160  001022  A080               	btfss	3968,0,c	;volatile
   161  001024  2A03               	incf	_Contador,f,c
   162                           
   163                           ;app.c: 29: if (PORTAbits.RA1 == 0) Contador++;
   164  001026  A280               	btfss	3968,1,c	;volatile
   165  001028  2A03               	incf	_Contador,f,c
   166                           
   167                           ;app.c: 30: if (PORTAbits.RA3 == 0) Contador++;
   168  00102A  A680               	btfss	3968,3,c	;volatile
   169  00102C  2A03               	incf	_Contador,f,c
   170                           
   171                           ;app.c: 31: if (PORTAbits.RA4 == 0) Contador++;
   172  00102E  A880               	btfss	3968,4,c	;volatile
   173  001030  2A03               	incf	_Contador,f,c
   174                           
   175                           ;app.c: 32: if (PORTAbits.RA5 == 0) Contador++;
   176  001032  AA80               	btfss	3968,5,c	;volatile
   177  001034  2A03               	incf	_Contador,f,c
   178                           
   179                           ;app.c: 34: Display_ExibeCaractere(Codigo7segmentos[Contador]);
   180  001036  5003               	movf	_Contador,w,c
   181  001038  0D01               	mullw	1
   182  00103A  0E01               	movlw	low _Codigo7segmentos
   183  00103C  24F3               	addwf	prodl,w,c
   184  00103E  6EF6               	movwf	tblptrl,c
   185  001040  0E10               	movlw	high _Codigo7segmentos
   186  001042  20F4               	addwfc	prodh,w,c
   187  001044  6EF7               	movwf	tblptrh,c
   188  001046                     	if	0	;There are less than 3 active tblptr bytes
   189  001046                     	endif
   190  001046  0008               	tblrd		*
   191  001048  50F5               	movf	tablat,w,c
   192  00104A  EC55  F008         	call	_Display_ExibeCaractere
   193  00104E  D7E7               	goto	l729
   194  001050                     __end_of_main:
   195                           	opt stack 0
   196                           tblptru	equ	0xFF8
   197                           tblptrh	equ	0xFF7
   198                           tblptrl	equ	0xFF6
   199                           tablat	equ	0xFF5
   200                           prodh	equ	0xFF4
   201                           prodl	equ	0xFF3
   202                           
   203 ;; *************** function _Teclado_Inicializacao *****************
   204 ;; Defined at:
   205 ;;		line 28 in file "Teclado.c"
   206 ;; Parameters:    Size  Location     Type
   207 ;;		None
   208 ;; Auto vars:     Size  Location     Type
   209 ;;		None
   210 ;; Return value:  Size  Location     Type
   211 ;;                  1    wreg      void 
   212 ;; Registers used:
   213 ;;		wreg, status,2
   214 ;; Tracked objects:
   215 ;;		On entry : 0/0
   216 ;;		On exit  : 0/0
   217 ;;		Unchanged: 0/0
   218 ;; Data sizes:     COMRAM   BANK0   BANK1   BANK2   BANK3   BANK4   BANK5   BANK6   BANK7   BANK8   BANK9  BANK10  BANK1
      +1  BANK12  BANK13  BANK14  BANK15
   219 ;;      Params:         0       0       0       0       0       0       0       0       0       0       0       0       
      +0       0       0       0       0
   220 ;;      Locals:         0       0       0       0       0       0       0       0       0       0       0       0       
      +0       0       0       0       0
   221 ;;      Temps:          0       0       0       0       0       0       0       0       0       0       0       0       
      +0       0       0       0       0
   222 ;;      Totals:         0       0       0       0       0       0       0       0       0       0       0       0       
      +0       0       0       0       0
   223 ;;Total ram usage:        0 bytes
   224 ;; Hardware stack levels used:    1
   225 ;; This function calls:
   226 ;;		Nothing
   227 ;; This function is called by:
   228 ;;		_main
   229 ;; This function uses a non-reentrant model
   230 ;;
   231                           
   232                           	psect	text1
   233  0010A2                     __ptext1:
   234                           	opt stack 0
   235  0010A2                     _Teclado_Inicializacao:
   236                           	opt stack 30
   237                           
   238                           ;Teclado.c: 30: ANSELA = 0;
   239                           
   240                           ;incstack = 0
   241  0010A2  0E00               	movlw	0
   242  0010A4  010F               	movlb	15	; () banked
   243  0010A6  6F38               	movwf	56,b	;volatile
   244                           
   245                           ; BSR set to: 15
   246  0010A8  0012               	return		;funcret
   247  0010AA                     __end_of_Teclado_Inicializacao:
   248                           	opt stack 0
   249                           tblptru	equ	0xFF8
   250                           tblptrh	equ	0xFF7
   251                           tblptrl	equ	0xFF6
   252                           tablat	equ	0xFF5
   253                           prodh	equ	0xFF4
   254                           prodl	equ	0xFF3
   255                           
   256 ;; *************** function _Display_Inicializacao *****************
   257 ;; Defined at:
   258 ;;		line 28 in file "Display de Leds.c"
   259 ;; Parameters:    Size  Location     Type
   260 ;;		None
   261 ;; Auto vars:     Size  Location     Type
   262 ;;		None
   263 ;; Return value:  Size  Location     Type
   264 ;;                  1    wreg      void 
   265 ;; Registers used:
   266 ;;		wreg, status,2, cstack
   267 ;; Tracked objects:
   268 ;;		On entry : 0/0
   269 ;;		On exit  : 0/0
   270 ;;		Unchanged: 0/0
   271 ;; Data sizes:     COMRAM   BANK0   BANK1   BANK2   BANK3   BANK4   BANK5   BANK6   BANK7   BANK8   BANK9  BANK10  BANK1
      +1  BANK12  BANK13  BANK14  BANK15
   272 ;;      Params:         0       0       0       0       0       0       0       0       0       0       0       0       
      +0       0       0       0       0
   273 ;;      Locals:         0       0       0       0       0       0       0       0       0       0       0       0       
      +0       0       0       0       0
   274 ;;      Temps:          0       0       0       0       0       0       0       0       0       0       0       0       
      +0       0       0       0       0
   275 ;;      Totals:         0       0       0       0       0       0       0       0       0       0       0       0       
      +0       0       0       0       0
   276 ;;Total ram usage:        0 bytes
   277 ;; Hardware stack levels used:    1
   278 ;; Hardware stack levels required when called:    1
   279 ;; This function calls:
   280 ;;		_Display_LigaDigito
   281 ;; This function is called by:
   282 ;;		_main
   283 ;; This function uses a non-reentrant model
   284 ;;
   285                           
   286                           	psect	text2
   287  001050                     __ptext2:
   288                           	opt stack 0
   289  001050                     _Display_Inicializacao:
   290                           	opt stack 29
   291                           
   292                           ;Display de Leds.c: 31: ANSELDbits.ANSD3 = 0;
   293                           
   294                           ; BSR set to: 15
   295                           ;incstack = 0
   296  001050  010F               	movlb	15	; () banked
   297  001052  973B               	bcf	59,3,b	;volatile
   298                           
   299                           ;Display de Leds.c: 32: LATDbits.LATD3 = 1;
   300  001054  868C               	bsf	3980,3,c	;volatile
   301                           
   302                           ;Display de Leds.c: 33: TRISDbits.TRISD3 = 0;
   303  001056  9695               	bcf	3989,3,c	;volatile
   304                           
   305                           ;Display de Leds.c: 36: ANSELDbits.ANSD2 = 0;
   306  001058  010F               	movlb	15	; () banked
   307  00105A  953B               	bcf	59,2,b	;volatile
   308                           
   309                           ;Display de Leds.c: 37: LATDbits.LATD2 = 0;
   310  00105C  948C               	bcf	3980,2,c	;volatile
   311                           
   312                           ;Display de Leds.c: 38: TRISDbits.TRISD2 = 0;
   313  00105E  9495               	bcf	3989,2,c	;volatile
   314                           
   315                           ; BSR set to: 15
   316                           ;Display de Leds.c: 41: ANSELB = 0;
   317  001060  0E00               	movlw	0
   318  001062  010F               	movlb	15	; () banked
   319  001064  6F39               	movwf	57,b	;volatile
   320                           
   321                           ;Display de Leds.c: 42: LATB = 0;
   322  001066  0E00               	movlw	0
   323  001068  6E8A               	movwf	3978,c	;volatile
   324                           
   325                           ;Display de Leds.c: 43: TRISB = 0;
   326  00106A  0E00               	movlw	0
   327  00106C  6E93               	movwf	3987,c	;volatile
   328                           
   329                           ; BSR set to: 15
   330                           ;Display de Leds.c: 46: Display_LigaDigito (0,0);
   331  00106E  0E00               	movlw	0
   332  001070  6E01               	movwf	Display_LigaDigito@Caractere,c
   333  001072  0E00               	movlw	0
   334  001074  EC3D  F008         	call	_Display_LigaDigito
   335  001078  0012               	return		;funcret
   336  00107A                     __end_of_Display_Inicializacao:
   337                           	opt stack 0
   338                           tblptru	equ	0xFF8
   339                           tblptrh	equ	0xFF7
   340                           tblptrl	equ	0xFF6
   341                           tablat	equ	0xFF5
   342                           prodh	equ	0xFF4
   343                           prodl	equ	0xFF3
   344                           
   345 ;; *************** function _Display_LigaDigito *****************
   346 ;; Defined at:
   347 ;;		line 60 in file "Display de Leds.c"
   348 ;; Parameters:    Size  Location     Type
   349 ;;  CodigoDoDigi    1    wreg     unsigned char 
   350 ;;  Caractere       1    0[COMRAM] unsigned char 
   351 ;; Auto vars:     Size  Location     Type
   352 ;;  CodigoDoDigi    1    1[COMRAM] unsigned char 
   353 ;; Return value:  Size  Location     Type
   354 ;;                  1    wreg      void 
   355 ;; Registers used:
   356 ;;		wreg
   357 ;; Tracked objects:
   358 ;;		On entry : 0/0
   359 ;;		On exit  : 0/0
   360 ;;		Unchanged: 0/0
   361 ;; Data sizes:     COMRAM   BANK0   BANK1   BANK2   BANK3   BANK4   BANK5   BANK6   BANK7   BANK8   BANK9  BANK10  BANK1
      +1  BANK12  BANK13  BANK14  BANK15
   362 ;;      Params:         1       0       0       0       0       0       0       0       0       0       0       0       
      +0       0       0       0       0
   363 ;;      Locals:         1       0       0       0       0       0       0       0       0       0       0       0       
      +0       0       0       0       0
   364 ;;      Temps:          0       0       0       0       0       0       0       0       0       0       0       0       
      +0       0       0       0       0
   365 ;;      Totals:         2       0       0       0       0       0       0       0       0       0       0       0       
      +0       0       0       0       0
   366 ;;Total ram usage:        2 bytes
   367 ;; Hardware stack levels used:    1
   368 ;; This function calls:
   369 ;;		Nothing
   370 ;; This function is called by:
   371 ;;		_Display_Inicializacao
   372 ;;		_main
   373 ;; This function uses a non-reentrant model
   374 ;;
   375                           
   376                           	psect	text3
   377  00107A                     __ptext3:
   378                           	opt stack 0
   379  00107A                     _Display_LigaDigito:
   380                           	opt stack 30
   381                           
   382                           ;incstack = 0
   383                           ;Display_LigaDigito@CodigoDoDigito stored from wreg
   384  00107A  6E02               	movwf	Display_LigaDigito@CodigoDoDigito,c
   385                           
   386                           ;Display de Leds.c: 62: LATDbits.LATD3 = 1;
   387  00107C  868C               	bsf	3980,3,c	;volatile
   388                           
   389                           ;Display de Leds.c: 64: LATB = CodigoDoDigito;
   390  00107E  C002  FF8A         	movff	Display_LigaDigito@CodigoDoDigito,3978	;volatile
   391                           
   392                           ;Display de Leds.c: 65: LATDbits.LATD2 = 1;
   393  001082  848C               	bsf	3980,2,c	;volatile
   394                           
   395                           ;Display de Leds.c: 66: __nop();
   396  001084  F000               	nop	
   397                           
   398                           ;Display de Leds.c: 67: __nop();
   399  001086  F000               	nop	
   400                           
   401                           ;Display de Leds.c: 68: LATDbits.LATD2 = 0;
   402  001088  948C               	bcf	3980,2,c	;volatile
   403                           
   404                           ;Display de Leds.c: 70: LATB = Caractere;
   405  00108A  C001  FF8A         	movff	Display_LigaDigito@Caractere,3978	;volatile
   406                           
   407                           ;Display de Leds.c: 71: LATDbits.LATD3 = 0;
   408  00108E  968C               	bcf	3980,3,c	;volatile
   409  001090  0012               	return		;funcret
   410  001092                     __end_of_Display_LigaDigito:
   411                           	opt stack 0
   412                           tblptru	equ	0xFF8
   413                           tblptrh	equ	0xFF7
   414                           tblptrl	equ	0xFF6
   415                           tablat	equ	0xFF5
   416                           prodh	equ	0xFF4
   417                           prodl	equ	0xFF3
   418                           
   419 ;; *************** function _Display_ExibeCaractere *****************
   420 ;; Defined at:
   421 ;;		line 79 in file "Display de Leds.c"
   422 ;; Parameters:    Size  Location     Type
   423 ;;  Caractere       1    wreg     unsigned char 
   424 ;; Auto vars:     Size  Location     Type
   425 ;;  Caractere       1    0[COMRAM] unsigned char 
   426 ;; Return value:  Size  Location     Type
   427 ;;                  1    wreg      void 
   428 ;; Registers used:
   429 ;;		wreg
   430 ;; Tracked objects:
   431 ;;		On entry : 0/0
   432 ;;		On exit  : 0/0
   433 ;;		Unchanged: 0/0
   434 ;; Data sizes:     COMRAM   BANK0   BANK1   BANK2   BANK3   BANK4   BANK5   BANK6   BANK7   BANK8   BANK9  BANK10  BANK1
      +1  BANK12  BANK13  BANK14  BANK15
   435 ;;      Params:         0       0       0       0       0       0       0       0       0       0       0       0       
      +0       0       0       0       0
   436 ;;      Locals:         1       0       0       0       0       0       0       0       0       0       0       0       
      +0       0       0       0       0
   437 ;;      Temps:          0       0       0       0       0       0       0       0       0       0       0       0       
      +0       0       0       0       0
   438 ;;      Totals:         1       0       0       0       0       0       0       0       0       0       0       0       
      +0       0       0       0       0
   439 ;;Total ram usage:        1 bytes
   440 ;; Hardware stack levels used:    1
   441 ;; This function calls:
   442 ;;		Nothing
   443 ;; This function is called by:
   444 ;;		_main
   445 ;; This function uses a non-reentrant model
   446 ;;
   447                           
   448                           	psect	text4
   449  0010AA                     __ptext4:
   450                           	opt stack 0
   451  0010AA                     _Display_ExibeCaractere:
   452                           	opt stack 30
   453                           
   454                           ;incstack = 0
   455                           ;Display_ExibeCaractere@Caractere stored from wreg
   456  0010AA  6E01               	movwf	Display_ExibeCaractere@Caractere,c
   457                           
   458                           ;Display de Leds.c: 81: LATB = Caractere;
   459  0010AC  C001  FF8A         	movff	Display_ExibeCaractere@Caractere,3978	;volatile
   460  0010B0  0012               	return		;funcret
   461  0010B2                     __end_of_Display_ExibeCaractere:
   462                           	opt stack 0
   463                           tblptru	equ	0xFF8
   464                           tblptrh	equ	0xFF7
   465                           tblptrl	equ	0xFF6
   466                           tablat	equ	0xFF5
   467                           prodh	equ	0xFF4
   468                           prodl	equ	0xFF3
   469                           tblptru	equ	0xFF8
   470                           tblptrh	equ	0xFF7
   471                           tblptrl	equ	0xFF6
   472                           tablat	equ	0xFF5
   473                           prodh	equ	0xFF4
   474                           prodl	equ	0xFF3
   475                           
   476                           	psect	rparam
   477  0000                     tblptru	equ	0xFF8
   478                           tblptrh	equ	0xFF7
   479                           tblptrl	equ	0xFF6
   480                           tablat	equ	0xFF5
   481                           prodh	equ	0xFF4
   482                           prodl	equ	0xFF3


Data Sizes:
    Strings     0
    Constant    10
    Data        0
    BSS         1
    Persistent  0
    Stack       0

Auto Spaces:
    Space          Size  Autos    Used
    COMRAM           95      2       3
    BANK0           160      0       0
    BANK1           256      0       0
    BANK2           256      0       0
    BANK3           256      0       0
    BANK4           256      0       0
    BANK5           256      0       0
    BANK6           256      0       0
    BANK7           256      0       0
    BANK8           256      0       0
    BANK9           256      0       0
    BANK10          256      0       0
    BANK11          256      0       0
    BANK12          256      0       0
    BANK13          256      0       0
    BANK14          256      0       0
    BANK15           56      0       0

Pointer List with Targets:

    None.

Critical Paths under _main in COMRAM

    _main->_Display_LigaDigito
    _Display_Inicializacao->_Display_LigaDigito

Critical Paths under _main in BANK0

    None.

Critical Paths under _main in BANK1

    None.

Critical Paths under _main in BANK2

    None.

Critical Paths under _main in BANK3

    None.

Critical Paths under _main in BANK4

    None.

Critical Paths under _main in BANK5

    None.

Critical Paths under _main in BANK6

    None.

Critical Paths under _main in BANK7

    None.

Critical Paths under _main in BANK8

    None.

Critical Paths under _main in BANK9

    None.

Critical Paths under _main in BANK10

    None.

Critical Paths under _main in BANK11

    None.

Critical Paths under _main in BANK12

    None.

Critical Paths under _main in BANK13

    None.

Critical Paths under _main in BANK14

    None.

Critical Paths under _main in BANK15

    None.

Call Graph Tables:

 ---------------------------------------------------------------------------------
 (Depth) Function   	        Calls       Base Space   Used Autos Params    Refs
 ---------------------------------------------------------------------------------
 (0) _main                                                 0     0      0     275
             _Display_ExibeCaractere
              _Display_Inicializacao
                 _Display_LigaDigito
              _Teclado_Inicializacao
 ---------------------------------------------------------------------------------
 (1) _Teclado_Inicializacao                                0     0      0       0
 ---------------------------------------------------------------------------------
 (1) _Display_Inicializacao                                0     0      0     130
                 _Display_LigaDigito
 ---------------------------------------------------------------------------------
 (1) _Display_LigaDigito                                   2     1      1     130
                                              0 COMRAM     2     1      1
 ---------------------------------------------------------------------------------
 (1) _Display_ExibeCaractere                               1     1      0      15
                                              0 COMRAM     1     1      0
 ---------------------------------------------------------------------------------
 Estimated maximum stack depth 1
 ---------------------------------------------------------------------------------

 Call Graph Graphs:

 _main (ROOT)
   _Display_ExibeCaractere
   _Display_Inicializacao
     _Display_LigaDigito
   _Display_LigaDigito
   _Teclado_Inicializacao

 Address spaces:
Name               Size   Autos  Total    Cost      Usage
BIGRAM             F37      0       0      37        0.0%
EEDATA             400      0       0       0        0.0%
BITBANK14          100      0       0      33        0.0%
BANK14             100      0       0      34        0.0%
BITBANK13          100      0       0      31        0.0%
BANK13             100      0       0      32        0.0%
BITBANK12          100      0       0      29        0.0%
BANK12             100      0       0      30        0.0%
BITBANK11          100      0       0      27        0.0%
BANK11             100      0       0      28        0.0%
BITBANK10          100      0       0      25        0.0%
BANK10             100      0       0      26        0.0%
BITBANK9           100      0       0      23        0.0%
BANK9              100      0       0      24        0.0%
BITBANK8           100      0       0      21        0.0%
BANK8              100      0       0      22        0.0%
BITBANK7           100      0       0      19        0.0%
BANK7              100      0       0      20        0.0%
BITBANK6           100      0       0      17        0.0%
BANK6              100      0       0      18        0.0%
BITBANK5           100      0       0      15        0.0%
BANK5              100      0       0      16        0.0%
BITBANK4           100      0       0      13        0.0%
BANK4              100      0       0      14        0.0%
BITBANK3           100      0       0      10        0.0%
BANK3              100      0       0      11        0.0%
BITBANK2           100      0       0       8        0.0%
BANK2              100      0       0       9        0.0%
BITBANK1           100      0       0       6        0.0%
BANK1              100      0       0       7        0.0%
BITBANK0            A0      0       0       4        0.0%
BANK0               A0      0       0       5        0.0%
BITCOMRAM           5F      0       0       0        0.0%
COMRAM              5F      2       3       1        3.2%
BITBANK15           38      0       0      35        0.0%
BANK15              38      0       0      36        0.0%
BITSFR_1             0      0       0      40        0.0%
SFR_1                0      0       0      40        0.0%
BITSFR               0      0       0      40        0.0%
SFR                  0      0       0      40        0.0%
STACK                0      0       0       2        0.0%
NULL                 0      0       0       0        0.0%
ABS                  0      0       3      12        0.0%
DATA                 0      0       3       3        0.0%
CODE                 0      0       0       0        0.0%


Microchip Technology PIC18 Macro Assembler V1.36 build -262312587 
Symbol Table                                                                                   Tue Sep 27 22:28:53 2016

                             l729 101E                              _LATB 000F8A  
                            _main 100C                              prodh 000FF4  
                            prodl 000FF3                              start 0000  
                    ___param_bank 000010                             ?_main 0001  
                           _TRISB 000F93                             tablat 000FF5  
                 __initialization 1092                      __end_of_main 1050  
                          ??_main 0003                     __activetblptr 000001  
                          _ANSELA 000F38                            _ANSELB 000F39  
     __size_of_Display_LigaDigito 0018    __size_of_Display_Inicializacao 002A  
   __end_of_Display_Inicializacao 107A             _Teclado_Inicializacao 10A2  
                    __mediumconst 0000                            tblptrh 000FF7  
                          tblptrl 000FF6                            tblptru 000FF8  
         ?_Display_ExibeCaractere 0001                        __accesstop 0060  
         __end_of__initialization 1094                     ___rparam_used 000001  
                  __pcstackCOMRAM 0001    __end_of_Display_ExibeCaractere 10B2  
          ?_Teclado_Inicializacao 0001                           __Hparam 0000  
                         __Lparam 0000                      __psmallconst 1000  
                         __pcinit 1092                           __ramtop 1000  
                         __ptext0 100C                           __ptext1 10A2  
                         __ptext2 1050                           __ptext3 107A  
                         __ptext4 10AA              end_of_initialization 1094  
Display_LigaDigito@CodigoDoDigito 0002                         _PORTAbits 000F80  
                       _TRISDbits 000F95        __end_of_Display_LigaDigito 1092  
           _Display_Inicializacao 1050               start_initialization 1092  
         ??_Teclado_Inicializacao 0001                       __pbssCOMRAM 0003  
          ?_Display_Inicializacao 0001                  _Codigo7segmentos 1001  
                     __smallconst 1000       Display_LigaDigito@Caractere 0001  
                        _LATDbits 000F8C          ??_Display_ExibeCaractere 0001  
 Display_ExibeCaractere@Caractere 0001                          _Contador 0003  
              _Display_LigaDigito 107A                          __Hrparam 0000  
                        __Lrparam 0000                      __Lsmallconst 1000  
             ?_Display_LigaDigito 0001                        _ANSELDbits 000F3B  
            ??_Display_LigaDigito 0002    __size_of_Teclado_Inicializacao 0008  
   __end_of_Teclado_Inicializacao 10AA                     __size_of_main 0044  
 __size_of_Display_ExibeCaractere 0008           ??_Display_Inicializacao 0003  
        __end_of_Codigo7segmentos 100B            _Display_ExibeCaractere 10AA  
