

Microchip Technology PIC18 LITE Macro Assembler V1.42 build -159332390 
                                                                                               Sun Sep 17 16:19:45 2017

Microchip Technology Omniscient Code Generator v1.42 (Free mode) build 201704130522
     1                           	processor	18F46K22
     2                           	fnconf	rparam,??,?,0
     3                           	opt	pw 120
     4                           	opt	lm
     5                           	psect	smallconst,global,reloc=2,class=SMALLCONST,delta=1,noexec
     6                           	psect	cinit,global,reloc=2,class=CODE,delta=1
     7                           	psect	bssCOMRAM,global,class=COMRAM,space=1,delta=1,noexec
     8                           	psect	cstackCOMRAM,global,class=COMRAM,space=1,delta=1,noexec
     9                           	psect	text0,global,reloc=2,class=CODE,delta=1
    10                           	psect	text1,global,reloc=2,class=CODE,delta=1
    11                           	psect	text2,global,reloc=2,class=CODE,delta=1
    12                           	psect	text3,global,reloc=2,class=CODE,delta=1
    13                           	psect	text4,global,reloc=2,class=CODE,delta=1
    14                           	psect	text5,global,reloc=2,class=CODE,delta=1
    15                           	psect	intsave_regs,global,class=BIGRAM,space=1,delta=1,noexec
    16                           	psect	rparam,global,class=COMRAM,space=1,delta=1,noexec
    17  0000                     
    18                           ; Version 1.42
    19                           ; Generated 13/04/2017 GMT
    20                           ; 
    21                           ; Copyright © 2017, Microchip Technology Inc. and its subsidiaries ("Microchip")
    22                           ; All rights reserved.
    23                           ; 
    24                           ; This software is developed by Microchip Technology Inc. and its subsidiaries ("Microch
      +                          ip").
    25                           ; 
    26                           ; Redistribution and use in source and binary forms, with or without modification, are
    27                           ; permitted provided that the following conditions are met:
    28                           ; 
    29                           ;     1. Redistributions of source code must retain the above copyright notice, this lis
      +                          t of
    30                           ;        conditions and the following disclaimer.
    31                           ; 
    32                           ;     2. Redistributions in binary form must reproduce the above copyright notice, this 
      +                          list
    33                           ;        of conditions and the following disclaimer in the documentation and/or other
    34                           ;        materials provided with the distribution.
    35                           ; 
    36                           ;     3. Microchip's name may not be used to endorse or promote products derived from th
      +                          is
    37                           ;        software without specific prior written permission.
    38                           ; 
    39                           ; THIS SOFTWARE IS PROVIDED BY MICROCHIP "AS IS" AND ANY EXPRESS OR IMPLIED WARRANTIES,
    40                           ; INCLUDING, BUT NOT LIMITED TO, THE IMPLIED WARRANTIES OF MERCHANTABILITY AND FITNESS F
      +                          OR
    41                           ; PURPOSE ARE DISCLAIMED.  IN NO EVENT SHALL MICROCHIP BE LIABLE FOR ANY DIRECT, INDIREC
      +                          T,
    42                           ; INCIDENTAL, SPECIAL, EXEMPLARY, OR CONSEQUENTIAL DAMAGES (INCLUDING BUT NOT LIMITED TO
    43                           ; PROCUREMENT OF SUBSTITUTE GOODS OR SERVICES; LOSS OF USE, DATA OR PROFITS; OR BUSINESS
    44                           ; INTERRUPTION) HOWSOEVER CAUSED AND ON ANY THEORY OF LIABILITY, WHETHER IN CONTRACT, ST
      +                          RICT
    45                           ; LIABILITY, OR TORT (INCLUDING NEGLIGENCE OR OTHERWISE) ARISING IN ANY WAY OUT OF THE U
      +                          SE OF
    46                           ; THIS SOFTWARE, EVEN IF ADVISED OF THE POSSIBILITY OF SUCH DAMAGE.
    47                           ; 
    48                           ; 
    49                           ; Code-generator required, PIC18F46K22 Definitions
    50                           ; 
    51                           ; SFR Addresses
    52  0000                     
    53                           	psect	smallconst
    54  001000                     __psmallconst:
    55                           	opt stack 0
    56  001000  00                 	db	0
    57  001001                     _Codigo7segmentos:
    58                           	opt stack 0
    59  001001  3F                 	db	63
    60  001002  06                 	db	6
    61  001003  5B                 	db	91
    62  001004  4F                 	db	79
    63  001005  66                 	db	102
    64  001006  6D                 	db	109
    65  001007  7D                 	db	125
    66  001008  07                 	db	7
    67  001009  7F                 	db	127
    68  00100A  6F                 	db	111
    69  00100B                     __end_of_Codigo7segmentos:
    70                           	opt stack 0
    71  0000                     _ANSELB	set	3897
    72  0000                     _ANSELDbits	set	3899
    73  0000                     _TRISB	set	3987
    74  0000                     _LATB	set	3978
    75  0000                     _TRISDbits	set	3989
    76  0000                     _LATDbits	set	3980
    77  0000                     _OSCTUNEbits	set	3995
    78  0000                     _OSCCONbits	set	4051
    79                           
    80                           ; #config settings
    81  00100B  00                 	db	0	; dummy byte at the end
    82  0000                     
    83                           	psect	cinit
    84  0010D0                     __pcinit:
    85                           	opt stack 0
    86  0010D0                     start_initialization:
    87                           	opt stack 0
    88  0010D0                     __initialization:
    89                           	opt stack 0
    90                           
    91                           ; Clear objects allocated to COMRAM (2 bytes)
    92  0010D0  6A05               	clrf	(__pbssCOMRAM+1)& (0+255),c
    93  0010D2  6A04               	clrf	__pbssCOMRAM& (0+255),c
    94  0010D4                     end_of_initialization:
    95                           	opt stack 0
    96  0010D4                     __end_of__initialization:
    97                           	opt stack 0
    98  0010D4  0E00               	movlw	low (__Lsmallconst shr (0+16))
    99  0010D6  6EF8               	movwf	tblptru,c
   100  0010D8  0E10               	movlw	high __Lsmallconst
   101  0010DA  6EF7               	movwf	tblptrh,c
   102  0010DC  0100               	movlb	0
   103  0010DE  EF06  F008         	goto	_main	;jump to C main() function
   104                           tblptru	equ	0xFF8
   105                           tblptrh	equ	0xFF7
   106                           
   107                           	psect	bssCOMRAM
   108  000004                     __pbssCOMRAM:
   109                           	opt stack 0
   110  000004                     _SentidoDaContagem:
   111                           	opt stack 0
   112  000004                     	ds	1
   113  000005                     _Contador:
   114                           	opt stack 0
   115  000005                     	ds	1
   116                           tblptru	equ	0xFF8
   117                           tblptrh	equ	0xFF7
   118                           
   119                           	psect	cstackCOMRAM
   120  000001                     __pcstackCOMRAM:
   121                           	opt stack 0
   122  000001                     Display_LigaDigito@Caractere:
   123                           	opt stack 0
   124  000001                     Display_ExibeCaractere@Caractere:
   125                           	opt stack 0
   126  000001                     Atrasos_1ms@Tempo:
   127                           	opt stack 0
   128                           
   129                           ; 2 bytes @ 0x0
   130  000001                     	ds	1
   131  000002                     Display_LigaDigito@CodigoDoDigito:
   132                           	opt stack 0
   133                           
   134                           ; 1 bytes @ 0x1
   135  000002                     	ds	1
   136  000003                     ??_Atrasos_1ms:
   137                           
   138                           ; 1 bytes @ 0x2
   139  000003                     	ds	1
   140  000004                     tblptru	equ	0xFF8
   141                           tblptrh	equ	0xFF7
   142                           
   143                           ; 1 bytes @ 0x3
   144 ;;
   145 ;;Main: autosize = 0, tempsize = 0, incstack = 0, save=0
   146 ;;
   147 ;; *************** function _main *****************
   148 ;; Defined at:
   149 ;;		line 35 in file "app.c"
   150 ;; Parameters:    Size  Location     Type
   151 ;;		None
   152 ;; Auto vars:     Size  Location     Type
   153 ;;		None
   154 ;; Return value:  Size  Location     Type
   155 ;;                  1    wreg      void 
   156 ;; Registers used:
   157 ;;		wreg, status,2, status,0, tblptrl, tblptrh, tblptru, prodl, prodh, cstack
   158 ;; Tracked objects:
   159 ;;		On entry : 0/0
   160 ;;		On exit  : 0/0
   161 ;;		Unchanged: 0/0
   162 ;; Data sizes:     COMRAM   BANK0   BANK1   BANK2   BANK3   BANK4   BANK5   BANK6   BANK7   BANK8   BANK9  BANK10  BANK1
      +1  BANK12  BANK13  BANK14  BANK15
   163 ;;      Params:         0       0       0       0       0       0       0       0       0       0       0       0       
      +0       0       0       0       0
   164 ;;      Locals:         0       0       0       0       0       0       0       0       0       0       0       0       
      +0       0       0       0       0
   165 ;;      Temps:          0       0       0       0       0       0       0       0       0       0       0       0       
      +0       0       0       0       0
   166 ;;      Totals:         0       0       0       0       0       0       0       0       0       0       0       0       
      +0       0       0       0       0
   167 ;;Total ram usage:        0 bytes
   168 ;; Hardware stack levels required when called:    2
   169 ;; This function calls:
   170 ;;		_Atrasos_1ms
   171 ;;		_Display_ExibeCaractere
   172 ;;		_Display_Inicializacao
   173 ;;		_Display_LigaDigito
   174 ;;		_Oscilador_Inicializacao
   175 ;; This function is called by:
   176 ;;		Startup code after reset
   177 ;; This function uses a non-reentrant model
   178 ;;
   179                           
   180                           	psect	text0
   181  00100C                     __ptext0:
   182                           	opt stack 0
   183  00100C                     _main:
   184                           	opt stack 29
   185                           
   186                           ;app.c: 37: Oscilador_Inicializacao();
   187                           
   188                           ;incstack = 0
   189  00100C  EC71  F008         	call	_Oscilador_Inicializacao	;wreg free
   190                           
   191                           ;app.c: 38: Display_Inicializacao();
   192  001010  EC35  F008         	call	_Display_Inicializacao	;wreg free
   193                           
   194                           ;app.c: 39: Display_LigaDigito(0b00100000,0b00000000);
   195  001014  0E00               	movlw	0
   196  001016  6E01               	movwf	Display_LigaDigito@Caractere,c
   197  001018  0E20               	movlw	32
   198  00101A  EC5C  F008         	call	_Display_LigaDigito
   199                           
   200                           ;app.c: 41: Contador = 0;
   201  00101E  0E00               	movlw	0
   202  001020  6E05               	movwf	_Contador,c
   203  001022  D020               	goto	l796
   204  001024                     l780:
   205                           
   206                           ;app.c: 45: {
   207                           ;app.c: 46: Display_ExibeCaractere(Codigo7segmentos[Contador]);
   208  001024  5005               	movf	_Contador,w,c
   209  001026  0D01               	mullw	1
   210  001028  0E01               	movlw	low _Codigo7segmentos
   211  00102A  24F3               	addwf	prodl,w,c
   212  00102C  6EF6               	movwf	tblptrl,c
   213  00102E  0E10               	movlw	high _Codigo7segmentos
   214  001030  20F4               	addwfc	prodh,w,c
   215  001032  6EF7               	movwf	tblptrh,c
   216  001034                     	if	0	;There are less than 3 active tblptr bytes
   217  001034                     	endif
   218  001034  0008               	tblrd		*
   219  001036  50F5               	movf	tablat,w,c
   220  001038  EC79  F008         	call	_Display_ExibeCaractere
   221                           
   222                           ;app.c: 48: Atrasos_1ms(1000);
   223  00103C  0E03               	movlw	3
   224  00103E  6E02               	movwf	Atrasos_1ms@Tempo+1,c
   225  001040  0EE8               	movlw	232
   226  001042  6E01               	movwf	Atrasos_1ms@Tempo,c
   227  001044  EC4A  F008         	call	_Atrasos_1ms	;wreg free
   228                           
   229                           ;app.c: 50: if (SentidoDaContagem == 0)
   230  001048  5004               	movf	_SentidoDaContagem,w,c
   231  00104A  A4D8               	btfss	status,2,c
   232  00104C  D007               	goto	l792
   233                           
   234                           ;app.c: 51: {
   235                           ;app.c: 52: Contador++;
   236  00104E  2A05               	incf	_Contador,f,c
   237                           
   238                           ;app.c: 53: if (Contador == 9)SentidoDaContagem = 1;
   239  001050  0E09               	movlw	9
   240  001052  1805               	xorwf	_Contador,w,c
   241  001054  A4D8               	btfss	status,2,c
   242  001056  D7E6               	goto	l780
   243  001058  0E01               	movlw	1
   244  00105A  D005               	goto	L2
   245  00105C                     l792:
   246                           
   247                           ;app.c: 55: else
   248                           ;app.c: 56: {
   249                           ;app.c: 57: Contador--;
   250  00105C  0605               	decf	_Contador,f,c
   251                           
   252                           ;app.c: 58: if (Contador == 0)SentidoDaContagem = 0;
   253  00105E  5005               	movf	_Contador,w,c
   254  001060  A4D8               	btfss	status,2,c
   255  001062  D7E0               	goto	l780
   256  001064                     l796:
   257  001064  0E00               	movlw	0
   258  001066                     L2:
   259  001066  6E04               	movwf	_SentidoDaContagem,c
   260  001068  D7DD               	goto	l780
   261  00106A                     __end_of_main:
   262                           	opt stack 0
   263                           tblptru	equ	0xFF8
   264                           tblptrh	equ	0xFF7
   265                           tblptrl	equ	0xFF6
   266                           tablat	equ	0xFF5
   267                           prodh	equ	0xFF4
   268                           prodl	equ	0xFF3
   269                           status	equ	0xFD8
   270                           
   271 ;; *************** function _Oscilador_Inicializacao *****************
   272 ;; Defined at:
   273 ;;		line 33 in file "Oscilador.c"
   274 ;; Parameters:    Size  Location     Type
   275 ;;		None
   276 ;; Auto vars:     Size  Location     Type
   277 ;;		None
   278 ;; Return value:  Size  Location     Type
   279 ;;                  1    wreg      void 
   280 ;; Registers used:
   281 ;;		wreg, status,2
   282 ;; Tracked objects:
   283 ;;		On entry : 0/0
   284 ;;		On exit  : 0/0
   285 ;;		Unchanged: 0/0
   286 ;; Data sizes:     COMRAM   BANK0   BANK1   BANK2   BANK3   BANK4   BANK5   BANK6   BANK7   BANK8   BANK9  BANK10  BANK1
      +1  BANK12  BANK13  BANK14  BANK15
   287 ;;      Params:         0       0       0       0       0       0       0       0       0       0       0       0       
      +0       0       0       0       0
   288 ;;      Locals:         0       0       0       0       0       0       0       0       0       0       0       0       
      +0       0       0       0       0
   289 ;;      Temps:          0       0       0       0       0       0       0       0       0       0       0       0       
      +0       0       0       0       0
   290 ;;      Totals:         0       0       0       0       0       0       0       0       0       0       0       0       
      +0       0       0       0       0
   291 ;;Total ram usage:        0 bytes
   292 ;; Hardware stack levels used:    1
   293 ;; This function calls:
   294 ;;		Nothing
   295 ;; This function is called by:
   296 ;;		_main
   297 ;; This function uses a non-reentrant model
   298 ;;
   299                           
   300                           	psect	text1
   301  0010E2                     __ptext1:
   302                           	opt stack 0
   303  0010E2                     _Oscilador_Inicializacao:
   304                           	opt stack 30
   305                           
   306                           ;Oscilador.c: 35: OSCCONbits.SCS = 0;
   307                           
   308                           ;incstack = 0
   309  0010E2  0EFC               	movlw	-4
   310  0010E4  16D3               	andwf	4051,f,c	;volatile
   311                           
   312                           ;Oscilador.c: 40: OSCCONbits.IRCF = 6;
   313  0010E6  50D3               	movf	4051,w,c	;volatile
   314  0010E8  0B8F               	andlw	-113
   315  0010EA  0960               	iorlw	96
   316  0010EC  6ED3               	movwf	4051,c	;volatile
   317                           
   318                           ;Oscilador.c: 79: OSCTUNEbits.PLLEN= 1;
   319  0010EE  8C9B               	bsf	3995,6,c	;volatile
   320  0010F0  0012               	return		;funcret
   321  0010F2                     __end_of_Oscilador_Inicializacao:
   322                           	opt stack 0
   323                           tblptru	equ	0xFF8
   324                           tblptrh	equ	0xFF7
   325                           tblptrl	equ	0xFF6
   326                           tablat	equ	0xFF5
   327                           prodh	equ	0xFF4
   328                           prodl	equ	0xFF3
   329                           status	equ	0xFD8
   330                           
   331 ;; *************** function _Display_Inicializacao *****************
   332 ;; Defined at:
   333 ;;		line 28 in file "Display de Leds.c"
   334 ;; Parameters:    Size  Location     Type
   335 ;;		None
   336 ;; Auto vars:     Size  Location     Type
   337 ;;		None
   338 ;; Return value:  Size  Location     Type
   339 ;;                  1    wreg      void 
   340 ;; Registers used:
   341 ;;		wreg, status,2, cstack
   342 ;; Tracked objects:
   343 ;;		On entry : 0/0
   344 ;;		On exit  : 0/0
   345 ;;		Unchanged: 0/0
   346 ;; Data sizes:     COMRAM   BANK0   BANK1   BANK2   BANK3   BANK4   BANK5   BANK6   BANK7   BANK8   BANK9  BANK10  BANK1
      +1  BANK12  BANK13  BANK14  BANK15
   347 ;;      Params:         0       0       0       0       0       0       0       0       0       0       0       0       
      +0       0       0       0       0
   348 ;;      Locals:         0       0       0       0       0       0       0       0       0       0       0       0       
      +0       0       0       0       0
   349 ;;      Temps:          0       0       0       0       0       0       0       0       0       0       0       0       
      +0       0       0       0       0
   350 ;;      Totals:         0       0       0       0       0       0       0       0       0       0       0       0       
      +0       0       0       0       0
   351 ;;Total ram usage:        0 bytes
   352 ;; Hardware stack levels used:    1
   353 ;; Hardware stack levels required when called:    1
   354 ;; This function calls:
   355 ;;		_Display_LigaDigito
   356 ;; This function is called by:
   357 ;;		_main
   358 ;; This function uses a non-reentrant model
   359 ;;
   360                           
   361                           	psect	text2
   362  00106A                     __ptext2:
   363                           	opt stack 0
   364  00106A                     _Display_Inicializacao:
   365                           	opt stack 29
   366                           
   367                           ;Display de Leds.c: 31: ANSELDbits.ANSD3 = 0;
   368                           
   369                           ;incstack = 0
   370  00106A  010F               	movlb	15	; () banked
   371  00106C  973B               	bcf	59,3,b	;volatile
   372                           
   373                           ;Display de Leds.c: 32: LATDbits.LATD3 = 1;
   374  00106E  868C               	bsf	3980,3,c	;volatile
   375                           
   376                           ;Display de Leds.c: 33: TRISDbits.TRISD3 = 0;
   377  001070  9695               	bcf	3989,3,c	;volatile
   378                           
   379                           ;Display de Leds.c: 36: ANSELDbits.ANSD2 = 0;
   380  001072  010F               	movlb	15	; () banked
   381  001074  953B               	bcf	59,2,b	;volatile
   382                           
   383                           ;Display de Leds.c: 37: LATDbits.LATD2 = 0;
   384  001076  948C               	bcf	3980,2,c	;volatile
   385                           
   386                           ;Display de Leds.c: 38: TRISDbits.TRISD2 = 0;
   387  001078  9495               	bcf	3989,2,c	;volatile
   388                           
   389                           ; BSR set to: 15
   390                           ;Display de Leds.c: 41: ANSELB = 0;
   391  00107A  0E00               	movlw	0
   392  00107C  010F               	movlb	15	; () banked
   393  00107E  6F39               	movwf	57,b	;volatile
   394                           
   395                           ;Display de Leds.c: 42: LATB = 0;
   396  001080  0E00               	movlw	0
   397  001082  6E8A               	movwf	3978,c	;volatile
   398                           
   399                           ;Display de Leds.c: 43: TRISB = 0;
   400  001084  0E00               	movlw	0
   401  001086  6E93               	movwf	3987,c	;volatile
   402                           
   403                           ; BSR set to: 15
   404                           ;Display de Leds.c: 46: Display_LigaDigito (0,0);
   405  001088  0E00               	movlw	0
   406  00108A  6E01               	movwf	Display_LigaDigito@Caractere,c
   407  00108C  0E00               	movlw	0
   408  00108E  EC5C  F008         	call	_Display_LigaDigito
   409  001092  0012               	return		;funcret
   410  001094                     __end_of_Display_Inicializacao:
   411                           	opt stack 0
   412                           tblptru	equ	0xFF8
   413                           tblptrh	equ	0xFF7
   414                           tblptrl	equ	0xFF6
   415                           tablat	equ	0xFF5
   416                           prodh	equ	0xFF4
   417                           prodl	equ	0xFF3
   418                           status	equ	0xFD8
   419                           
   420 ;; *************** function _Display_LigaDigito *****************
   421 ;; Defined at:
   422 ;;		line 60 in file "Display de Leds.c"
   423 ;; Parameters:    Size  Location     Type
   424 ;;  CodigoDoDigi    1    wreg     unsigned char 
   425 ;;  Caractere       1    0[COMRAM] unsigned char 
   426 ;; Auto vars:     Size  Location     Type
   427 ;;  CodigoDoDigi    1    1[COMRAM] unsigned char 
   428 ;; Return value:  Size  Location     Type
   429 ;;                  1    wreg      void 
   430 ;; Registers used:
   431 ;;		wreg
   432 ;; Tracked objects:
   433 ;;		On entry : 0/0
   434 ;;		On exit  : 0/0
   435 ;;		Unchanged: 0/0
   436 ;; Data sizes:     COMRAM   BANK0   BANK1   BANK2   BANK3   BANK4   BANK5   BANK6   BANK7   BANK8   BANK9  BANK10  BANK1
      +1  BANK12  BANK13  BANK14  BANK15
   437 ;;      Params:         1       0       0       0       0       0       0       0       0       0       0       0       
      +0       0       0       0       0
   438 ;;      Locals:         1       0       0       0       0       0       0       0       0       0       0       0       
      +0       0       0       0       0
   439 ;;      Temps:          0       0       0       0       0       0       0       0       0       0       0       0       
      +0       0       0       0       0
   440 ;;      Totals:         2       0       0       0       0       0       0       0       0       0       0       0       
      +0       0       0       0       0
   441 ;;Total ram usage:        2 bytes
   442 ;; Hardware stack levels used:    1
   443 ;; This function calls:
   444 ;;		Nothing
   445 ;; This function is called by:
   446 ;;		_Display_Inicializacao
   447 ;;		_main
   448 ;; This function uses a non-reentrant model
   449 ;;
   450                           
   451                           	psect	text3
   452  0010B8                     __ptext3:
   453                           	opt stack 0
   454  0010B8                     _Display_LigaDigito:
   455                           	opt stack 30
   456                           
   457                           ;incstack = 0
   458                           ;Display_LigaDigito@CodigoDoDigito stored from wreg
   459  0010B8  6E02               	movwf	Display_LigaDigito@CodigoDoDigito,c
   460                           
   461                           ;Display de Leds.c: 62: LATDbits.LATD3 = 1;
   462  0010BA  868C               	bsf	3980,3,c	;volatile
   463                           
   464                           ;Display de Leds.c: 64: LATB = CodigoDoDigito;
   465  0010BC  C002  FF8A         	movff	Display_LigaDigito@CodigoDoDigito,3978	;volatile
   466                           
   467                           ;Display de Leds.c: 65: LATDbits.LATD2 = 1;
   468  0010C0  848C               	bsf	3980,2,c	;volatile
   469                           
   470                           ;Display de Leds.c: 66: __nop();
   471  0010C2  F000               	nop	
   472                           
   473                           ;Display de Leds.c: 67: __nop();
   474  0010C4  F000               	nop	
   475                           
   476                           ;Display de Leds.c: 68: LATDbits.LATD2 = 0;
   477  0010C6  948C               	bcf	3980,2,c	;volatile
   478                           
   479                           ;Display de Leds.c: 70: LATB = Caractere;
   480  0010C8  C001  FF8A         	movff	Display_LigaDigito@Caractere,3978	;volatile
   481                           
   482                           ;Display de Leds.c: 71: LATDbits.LATD3 = 0;
   483  0010CC  968C               	bcf	3980,3,c	;volatile
   484  0010CE  0012               	return		;funcret
   485  0010D0                     __end_of_Display_LigaDigito:
   486                           	opt stack 0
   487                           tblptru	equ	0xFF8
   488                           tblptrh	equ	0xFF7
   489                           tblptrl	equ	0xFF6
   490                           tablat	equ	0xFF5
   491                           prodh	equ	0xFF4
   492                           prodl	equ	0xFF3
   493                           status	equ	0xFD8
   494                           
   495 ;; *************** function _Display_ExibeCaractere *****************
   496 ;; Defined at:
   497 ;;		line 79 in file "Display de Leds.c"
   498 ;; Parameters:    Size  Location     Type
   499 ;;  Caractere       1    wreg     unsigned char 
   500 ;; Auto vars:     Size  Location     Type
   501 ;;  Caractere       1    0[COMRAM] unsigned char 
   502 ;; Return value:  Size  Location     Type
   503 ;;                  1    wreg      void 
   504 ;; Registers used:
   505 ;;		wreg
   506 ;; Tracked objects:
   507 ;;		On entry : 0/0
   508 ;;		On exit  : 0/0
   509 ;;		Unchanged: 0/0
   510 ;; Data sizes:     COMRAM   BANK0   BANK1   BANK2   BANK3   BANK4   BANK5   BANK6   BANK7   BANK8   BANK9  BANK10  BANK1
      +1  BANK12  BANK13  BANK14  BANK15
   511 ;;      Params:         0       0       0       0       0       0       0       0       0       0       0       0       
      +0       0       0       0       0
   512 ;;      Locals:         1       0       0       0       0       0       0       0       0       0       0       0       
      +0       0       0       0       0
   513 ;;      Temps:          0       0       0       0       0       0       0       0       0       0       0       0       
      +0       0       0       0       0
   514 ;;      Totals:         1       0       0       0       0       0       0       0       0       0       0       0       
      +0       0       0       0       0
   515 ;;Total ram usage:        1 bytes
   516 ;; Hardware stack levels used:    1
   517 ;; This function calls:
   518 ;;		Nothing
   519 ;; This function is called by:
   520 ;;		_main
   521 ;; This function uses a non-reentrant model
   522 ;;
   523                           
   524                           	psect	text4
   525  0010F2                     __ptext4:
   526                           	opt stack 0
   527  0010F2                     _Display_ExibeCaractere:
   528                           	opt stack 30
   529                           
   530                           ;incstack = 0
   531                           ;Display_ExibeCaractere@Caractere stored from wreg
   532  0010F2  6E01               	movwf	Display_ExibeCaractere@Caractere,c
   533                           
   534                           ;Display de Leds.c: 81: LATB = Caractere;
   535  0010F4  C001  FF8A         	movff	Display_ExibeCaractere@Caractere,3978	;volatile
   536  0010F8  0012               	return		;funcret
   537  0010FA                     __end_of_Display_ExibeCaractere:
   538                           	opt stack 0
   539                           tblptru	equ	0xFF8
   540                           tblptrh	equ	0xFF7
   541                           tblptrl	equ	0xFF6
   542                           tablat	equ	0xFF5
   543                           prodh	equ	0xFF4
   544                           prodl	equ	0xFF3
   545                           status	equ	0xFD8
   546                           
   547 ;; *************** function _Atrasos_1ms *****************
   548 ;; Defined at:
   549 ;;		line 26 in file "app.c"
   550 ;; Parameters:    Size  Location     Type
   551 ;;  Tempo           2    0[COMRAM] unsigned int 
   552 ;; Auto vars:     Size  Location     Type
   553 ;;		None
   554 ;; Return value:  Size  Location     Type
   555 ;;                  1    wreg      void 
   556 ;; Registers used:
   557 ;;		wreg, status,2, status,0
   558 ;; Tracked objects:
   559 ;;		On entry : 0/0
   560 ;;		On exit  : 0/0
   561 ;;		Unchanged: 0/0
   562 ;; Data sizes:     COMRAM   BANK0   BANK1   BANK2   BANK3   BANK4   BANK5   BANK6   BANK7   BANK8   BANK9  BANK10  BANK1
      +1  BANK12  BANK13  BANK14  BANK15
   563 ;;      Params:         2       0       0       0       0       0       0       0       0       0       0       0       
      +0       0       0       0       0
   564 ;;      Locals:         0       0       0       0       0       0       0       0       0       0       0       0       
      +0       0       0       0       0
   565 ;;      Temps:          1       0       0       0       0       0       0       0       0       0       0       0       
      +0       0       0       0       0
   566 ;;      Totals:         3       0       0       0       0       0       0       0       0       0       0       0       
      +0       0       0       0       0
   567 ;;Total ram usage:        3 bytes
   568 ;; Hardware stack levels used:    1
   569 ;; This function calls:
   570 ;;		Nothing
   571 ;; This function is called by:
   572 ;;		_main
   573 ;; This function uses a non-reentrant model
   574 ;;
   575                           
   576                           	psect	text5
   577  001094                     __ptext5:
   578                           	opt stack 0
   579  001094                     _Atrasos_1ms:
   580                           	opt stack 30
   581                           
   582                           ;app.c: 28: while (Tempo-- > 0)
   583                           
   584                           ;incstack = 0
   585  001094  D008               	goto	l772
   586  001096                     l770:
   587                           
   588                           ;app.c: 29: {
   589                           ;app.c: 30: _delay((unsigned long)((1)*((8000000 * 4)/4000.0)));
   590  001096  0E0B               	movlw	11
   591  001098  6E03               	movwf	??_Atrasos_1ms& (0+255),c
   592  00109A  0E62               	movlw	98
   593  00109C                     u97:
   594  00109C  2EE8               	decfsz	wreg,f,c
   595  00109E  D7FE               	bra	u97
   596  0010A0  2E03               	decfsz	??_Atrasos_1ms& (0+255),f,c
   597  0010A2  D7FC               	bra	u97
   598  0010A4  D000               	nop2	
   599  0010A6                     l772:
   600  0010A6  0601               	decf	Atrasos_1ms@Tempo,f,c
   601  0010A8  A0D8               	btfss	status,0,c
   602  0010AA  0602               	decf	Atrasos_1ms@Tempo+1,f,c
   603  0010AC  2801               	incf	Atrasos_1ms@Tempo,w,c
   604  0010AE  E1F3               	bnz	l770
   605  0010B0  2802               	incf	Atrasos_1ms@Tempo+1,w,c
   606  0010B2  B4D8               	btfsc	status,2,c
   607  0010B4  0012               	return	
   608  0010B6  D7EF               	goto	l770
   609  0010B8                     __end_of_Atrasos_1ms:
   610                           	opt stack 0
   611                           tblptru	equ	0xFF8
   612                           tblptrh	equ	0xFF7
   613                           tblptrl	equ	0xFF6
   614                           tablat	equ	0xFF5
   615                           prodh	equ	0xFF4
   616                           prodl	equ	0xFF3
   617                           wreg	equ	0xFE8
   618                           status	equ	0xFD8
   619                           tblptru	equ	0xFF8
   620                           tblptrh	equ	0xFF7
   621                           tblptrl	equ	0xFF6
   622                           tablat	equ	0xFF5
   623                           prodh	equ	0xFF4
   624                           prodl	equ	0xFF3
   625                           wreg	equ	0xFE8
   626                           status	equ	0xFD8
   627                           
   628                           	psect	rparam
   629  0000                     tblptru	equ	0xFF8
   630                           tblptrh	equ	0xFF7
   631                           tblptrl	equ	0xFF6
   632                           tablat	equ	0xFF5
   633                           prodh	equ	0xFF4
   634                           prodl	equ	0xFF3
   635                           wreg	equ	0xFE8
   636                           status	equ	0xFD8


Data Sizes:
    Strings     0
    Constant    10
    Data        0
    BSS         2
    Persistent  0
    Stack       0

Auto Spaces:
    Space          Size  Autos    Used
    COMRAM           95      3       5
    BANK0           160      0       0
    BANK1           256      0       0
    BANK2           256      0       0
    BANK3           256      0       0
    BANK4           256      0       0
    BANK5           256      0       0
    BANK6           256      0       0
    BANK7           256      0       0
    BANK8           256      0       0
    BANK9           256      0       0
    BANK10          256      0       0
    BANK11          256      0       0
    BANK12          256      0       0
    BANK13          256      0       0
    BANK14          256      0       0
    BANK15           56      0       0

Pointer List with Targets:

    None.

Critical Paths under _main in COMRAM

    _main->_Atrasos_1ms
    _Display_Inicializacao->_Display_LigaDigito

Critical Paths under _main in BANK0

    None.

Critical Paths under _main in BANK1

    None.

Critical Paths under _main in BANK2

    None.

Critical Paths under _main in BANK3

    None.

Critical Paths under _main in BANK4

    None.

Critical Paths under _main in BANK5

    None.

Critical Paths under _main in BANK6

    None.

Critical Paths under _main in BANK7

    None.

Critical Paths under _main in BANK8

    None.

Critical Paths under _main in BANK9

    None.

Critical Paths under _main in BANK10

    None.

Critical Paths under _main in BANK11

    None.

Critical Paths under _main in BANK12

    None.

Critical Paths under _main in BANK13

    None.

Critical Paths under _main in BANK14

    None.

Critical Paths under _main in BANK15

    None.

Call Graph Tables:

 ---------------------------------------------------------------------------------
 (Depth) Function   	        Calls       Base Space   Used Autos Params    Refs
 ---------------------------------------------------------------------------------
 (0) _main                                                 0     0      0     505
                        _Atrasos_1ms
             _Display_ExibeCaractere
              _Display_Inicializacao
                 _Display_LigaDigito
            _Oscilador_Inicializacao
 ---------------------------------------------------------------------------------
 (1) _Oscilador_Inicializacao                              0     0      0       0
 ---------------------------------------------------------------------------------
 (1) _Display_Inicializacao                                0     0      0     196
                 _Display_LigaDigito
 ---------------------------------------------------------------------------------
 (1) _Display_LigaDigito                                   2     1      1     196
                                              0 COMRAM     2     1      1
 ---------------------------------------------------------------------------------
 (1) _Display_ExibeCaractere                               1     1      0      15
                                              0 COMRAM     1     1      0
 ---------------------------------------------------------------------------------
 (1) _Atrasos_1ms                                          3     1      2      98
                                              0 COMRAM     3     1      2
 ---------------------------------------------------------------------------------
 Estimated maximum stack depth 1
 ---------------------------------------------------------------------------------

 Call Graph Graphs:

 _main (ROOT)
   _Atrasos_1ms
   _Display_ExibeCaractere
   _Display_Inicializacao
     _Display_LigaDigito
   _Display_LigaDigito
   _Oscilador_Inicializacao

 Address spaces:
Name               Size   Autos  Total    Cost      Usage
BIGRAM             F37      0       0      37        0.0%
EEDATA             400      0       0       0        0.0%
BITBANK14          100      0       0      33        0.0%
BANK14             100      0       0      34        0.0%
BITBANK13          100      0       0      31        0.0%
BANK13             100      0       0      32        0.0%
BITBANK12          100      0       0      29        0.0%
BANK12             100      0       0      30        0.0%
BITBANK11          100      0       0      27        0.0%
BANK11             100      0       0      28        0.0%
BITBANK10          100      0       0      25        0.0%
BANK10             100      0       0      26        0.0%
BITBANK9           100      0       0      23        0.0%
BANK9              100      0       0      24        0.0%
BITBANK8           100      0       0      21        0.0%
BANK8              100      0       0      22        0.0%
BITBANK7           100      0       0      19        0.0%
BANK7              100      0       0      20        0.0%
BITBANK6           100      0       0      17        0.0%
BANK6              100      0       0      18        0.0%
BITBANK5           100      0       0      15        0.0%
BANK5              100      0       0      16        0.0%
BITBANK4           100      0       0      13        0.0%
BANK4              100      0       0      14        0.0%
BITBANK3           100      0       0      10        0.0%
BANK3              100      0       0      11        0.0%
BITBANK2           100      0       0       8        0.0%
BANK2              100      0       0       9        0.0%
BITBANK1           100      0       0       6        0.0%
BANK1              100      0       0       7        0.0%
BITBANK0            A0      0       0       4        0.0%
BANK0               A0      0       0       5        0.0%
BITCOMRAM           5F      0       0       0        0.0%
COMRAM              5F      3       5       1        5.3%
BITBANK15           38      0       0      35        0.0%
BANK15              38      0       0      36        0.0%
BITSFR_1             0      0       0     200        0.0%
SFR_1                0      0       0     200        0.0%
BITSFR               0      0       0     200        0.0%
SFR                  0      0       0     200        0.0%
STACK                0      0       0       2        0.0%
NULL                 0      0       0       0        0.0%
ABS                  0      0       5      12        0.0%
DATA                 0      0       5       3        0.0%
CODE                 0      0       0       0        0.0%


Microchip Technology PIC18 Macro Assembler V1.42 build -159332390 
Symbol Table                                                                                   Sun Sep 17 16:19:45 2017

                              u97 109C                     ??_Atrasos_1ms 0003  
                             l770 1096                               l772 10A6  
                             l780 1024                               l792 105C  
                             l796 1064                               wreg 000FE8  
                            _LATB 000F8A                              _main 100C  
                            prodh 000FF4                              prodl 000FF3  
                            start 0000                     __CFG_IESO$OFF 000000  
                    ___param_bank 000000                             ?_main 0001  
                           _TRISB 000F93                    __CFG_FCMEN$OFF 000000  
             __end_of_Atrasos_1ms 10B8                             tablat 000FF5  
                           status 000FD8          ?_Oscilador_Inicializacao 0001  
                 __initialization 10D0                      __end_of_main 106A  
                          ??_main 0004                     __activetblptr 000001  
                          _ANSELB 000F39       __size_of_Display_LigaDigito 0018  
  __size_of_Display_Inicializacao 002A     __end_of_Display_Inicializacao 1094  
                Atrasos_1ms@Tempo 0001                       _Atrasos_1ms 1094  
                    __mediumconst 0000                            tblptrh 000FF7  
                          tblptrl 000FF6                            tblptru 000FF8  
         ?_Display_ExibeCaractere 0001                        __accesstop 0060  
         __end_of__initialization 10D4   __end_of_Oscilador_Inicializacao 10F2  
                   ___rparam_used 000001                    __pcstackCOMRAM 0001  
  __end_of_Display_ExibeCaractere 10FA                           __Hparam 0000  
                         __Lparam 0000                      __psmallconst 1000  
                         __pcinit 10D0                           __ramtop 1000  
                         __ptext0 100C                           __ptext1 10E2  
                         __ptext2 106A                           __ptext3 10B8  
                         __ptext4 10F2                           __ptext5 1094  
__size_of_Oscilador_Inicializacao 0010              end_of_initialization 10D4  
Display_LigaDigito@CodigoDoDigito 0002                      ?_Atrasos_1ms 0001  
                       _TRISDbits 000F95        __end_of_Display_LigaDigito 10D0  
           _Display_Inicializacao 106A               start_initialization 10D0  
         _Oscilador_Inicializacao 10E2                       __pbssCOMRAM 0004  
          ?_Display_Inicializacao 0001                  _Codigo7segmentos 1001  
                     __smallconst 1000              __size_of_Atrasos_1ms 0024  
     Display_LigaDigito@Caractere 0001                 _SentidoDaContagem 0004  
                        _LATDbits 000F8C          ??_Display_ExibeCaractere 0001  
       ??_Oscilador_Inicializacao 0001   Display_ExibeCaractere@Caractere 0001  
                        _Contador 0005                _Display_LigaDigito 10B8  
                        __Hrparam 0000                          __Lrparam 0000  
                    __Lsmallconst 1000               ?_Display_LigaDigito 0001  
                      _ANSELDbits 000F3B              ??_Display_LigaDigito 0002  
                   __size_of_main 005E   __size_of_Display_ExibeCaractere 0008  
                     _OSCTUNEbits 000F9B           ??_Display_Inicializacao 0003  
        __end_of_Codigo7segmentos 100B                        _OSCCONbits 000FD3  
          _Display_ExibeCaractere 10F2                 __CFG_FOSC$INTIO67 000000  
